2018/07/13 12:09:52, 40.60, 40.68, 33.30, 33.52, 33.38, 33.90
2018/07/13 12:09:53, 40.55, 40.61, 33.29, 33.52, 33.39, 33.80
2018/07/13 12:09:54, 40.51, 40.56, 33.30, 33.53, 33.39, 33.90
2018/07/13 12:09:55, 40.49, 40.52, 33.30, 33.52, 33.41, 33.60
2018/07/13 12:09:56, 40.46, 40.46, 33.30, 33.55, 33.38, 33.70
2018/07/13 12:09:57, 40.43, 40.41, 33.28, 33.53, 33.40, 33.80
2018/07/13 12:09:58, 40.39, 40.37, 33.28, 33.56, 33.39, 33.60
2018/07/13 12:09:59, 40.38, 40.35, 33.30, 33.53, 33.37, 33.80
2018/07/13 12:10:00, 40.36, 40.34, 33.30, 33.54, 33.39, 33.80
2018/07/13 12:10:01, 40.33, 40.31, 33.31, 33.56, 33.39, 33.80
2018/07/13 12:10:02, 40.31, 40.26, 33.31, 33.53, 33.39, 33.60
2018/07/13 12:10:03, 40.27, 40.23, 33.31, 33.56, 33.39, 33.70
2018/07/13 12:10:04, 40.24, 40.23, 33.31, 33.55, 33.38, 33.60
2018/07/13 12:10:05, 40.22, 40.20, 33.33, 33.56, 33.38, 33.50
2018/07/13 12:10:06, 40.20, 40.17, 33.33, 33.55, 33.39, 33.60
2018/07/13 12:10:07, 40.17, 40.16, 33.33, 33.55, 33.37, 33.70
2018/07/13 12:10:08, 40.17, 40.15, 33.33, 33.55, 33.38, 33.50
2018/07/13 12:10:09, 40.14, 40.11, 33.32, 33.56, 33.39, 33.50
2018/07/13 12:10:10, 40.12, 40.90, 33.32, 33.56, 33.37, 33.70
2018/07/13 12:10:11, 40.11, 40.70, 33.34, 33.55, 33.37, 33.40
2018/07/13 12:10:12, 40.80, 40.50, 33.33, 33.57, 33.39, 33.50
2018/07/13 12:10:13, 40.60, 40.60, 33.32, 33.55, 33.39, 33.50
2018/07/13 12:10:14, 40.40, 40.20, 33.33, 33.55, 33.38, 33.60
2018/07/13 12:10:15, 40.30, 40.00, 33.32, 33.55, 33.40, 33.50
2018/07/13 12:10:16, 39.99, 39.97, 33.35, 33.56, 33.36, 33.50
2018/07/13 12:10:17, 40.00, 39.97, 33.34, 33.57, 33.36, 33.50
2018/07/13 12:10:18, 39.97, 39.95, 33.33, 33.57, 33.36, 33.40
2018/07/13 12:10:19, 39.94, 39.94, 33.34, 33.55, 33.36, 33.40
2018/07/13 12:10:20, 39.93, 39.93, 33.34, 33.56, 33.38, 33.50
2018/07/13 12:10:21, 39.94, 39.94, 33.33, 33.55, 33.37, 33.30
2018/07/13 12:10:22, 39.94, 39.93, 33.33, 33.56, 33.38, 33.40
2018/07/13 12:10:23, 40.90, 39.92, 33.33, 33.54, 33.37, 33.50
2018/07/13 12:10:24, 39.85, 39.93, 33.34, 33.56, 33.37, 33.50
2018/07/13 12:10:25, 39.78, 39.84, 33.37, 33.55, 33.35, 33.50
2018/07/13 12:10:26, 39.82, 39.90, 33.34, 33.57, 33.37, 33.50
2018/07/13 12:10:27, 39.86, 39.87, 33.35, 33.59, 33.36, 33.40
2018/07/13 12:10:28, 39.83, 39.82, 33.35, 33.55, 33.35, 33.50
2018/07/13 12:10:29, 39.80, 39.81, 33.34, 33.58, 33.35, 33.50
2018/07/13 12:10:30, 39.78, 39.80, 33.34, 33.58, 33.35, 33.50
2018/07/13 12:10:31, 39.78, 39.73, 33.34, 33.56, 33.36, 33.60
2018/07/13 12:10:32, 39.77, 39.69, 33.34, 33.57, 33.34, 33.40
2018/07/13 12:10:33, 39.77, 39.66, 33.34, 33.57, 33.35, 33.40
2018/07/13 12:10:34, 39.77, 39.64, 33.35, 33.57, 33.34, 33.50
2018/07/13 12:10:35, 39.76, 39.60, 33.35, 33.59, 33.33, 33.40
2018/07/13 12:10:36, 39.77, 39.57, 33.35, 33.58, 33.35, 33.50
2018/07/13 12:10:37, 39.76, 39.58, 33.37, 33.58, 33.35, 33.30
2018/07/13 12:10:38, 39.71, 39.60, 33.37, 33.56, 33.35, 33.40
2018/07/13 12:10:39, 39.69, 39.54, 33.37, 33.56, 33.34, 33.10
2018/07/13 12:10:40, 39.65, 39.53, 33.37, 33.58, 33.35, 33.50
2018/07/13 12:10:41, 39.65, 39.53, 33.36, 33.57, 33.34, 33.50
2018/07/13 12:10:42, 39.64, 39.51, 33.37, 33.57, 33.33, 33.40
2018/07/13 12:10:43, 39.60, 39.49, 33.35, 33.57, 33.35, 33.40
2018/07/13 12:10:44, 73.85, 39.43, 33.39, 33.54, 33.33, 33.40
2018/07/13 12:10:45, 39.60, 39.44, 33.38, 33.58, 33.33, 33.30
2018/07/13 12:10:46, 39.62, 39.40, 33.36, 33.56, 33.32, 33.50
2018/07/13 12:10:47, 39.62, 39.39, 33.37, 33.58, 33.33, 33.50
2018/07/13 12:10:48, 39.61, 39.37, 33.39, 33.57, 33.36, 33.40
2018/07/13 12:10:49, 39.58, 39.30, 33.38, 33.57, 33.32, 33.50
2018/07/13 12:10:50, 39.62, 39.31, 33.38, 33.58, 33.35, 33.40
2018/07/13 12:10:51, 39.55, 39.23, 33.38, 33.58, 33.33, 33.40
2018/07/13 12:10:52, 39.57, 39.28, 33.38, 33.57, 33.33, 33.30
2018/07/13 12:10:53, 39.56, 39.22, 33.37, 33.57, 33.33, 33.40
2018/07/13 12:10:54, 39.55, 39.23, 33.36, 33.56, 33.32, 33.50
2018/07/13 12:10:55, 39.52, 39.21, 33.36, 33.55, 33.32, 33.60
2018/07/13 12:10:56, 39.53, 39.16, 33.36, 33.59, 33.34, 33.40
2018/07/13 12:10:57, 39.50, 39.19, 33.39, 33.57, 33.35, 33.50
2018/07/13 12:10:58, 39.51, 39.15, 33.37, 33.57, 33.32, 33.30
2018/07/13 12:10:59, 39.55, 39.13, 33.37, 33.56, 33.32, 33.70
2018/07/13 12:11:00, 39.54, 39.15, 33.38, 33.57, 33.32, 33.70
2018/07/13 12:11:01, 39.50, 39.12, 33.35, 33.58, 33.34, 33.60
2018/07/13 12:11:02, 39.44, 39.70, 33.37, 33.57, 33.31, 33.60
2018/07/13 12:11:03, 39.47, 39.90, 33.36, 33.58, 33.32, 33.50
2018/07/13 12:11:04, 39.52, 39.60, 33.37, 33.58, 33.32, 33.70
2018/07/13 12:11:05, 39.48, 39.60, 33.37, 33.58, 33.33, 33.70
2018/07/13 12:11:06, 39.47, 39.40, 33.37, 33.58, 33.31, 33.50
2018/07/13 12:11:07, 39.46, 39.20, 33.37, 33.60, 33.32, 33.50
2018/07/13 12:11:08, 39.46, 39.30, 33.35, 33.60, 33.33, 33.70
2018/07/13 12:11:09, 39.46, 39.30, 33.37, 33.60, 33.33, 33.50
2018/07/13 12:11:10, 39.44, 39.20, 33.37, 33.61, 33.31, 33.70
2018/07/13 12:11:11, 39.45, 39.30, 33.36, 33.60, 33.32, 33.70
2018/07/13 12:11:12, 39.43, 39.20, 33.38, 33.60, 33.33, 33.50
2018/07/13 12:11:13, 39.43, 39.20, 33.36, 33.61, 33.33, 33.60
2018/07/13 12:11:14, 39.43, 38.99, 33.38, 33.61, 33.33, 33.70
2018/07/13 12:11:15, 39.41, 38.99, 33.41, 33.62, 33.33, 33.60
2018/07/13 12:11:16, 39.42, 38.96, 33.37, 33.60, 33.33, 33.80
2018/07/13 12:11:17, 39.43, 38.97, 33.39, 33.63, 33.32, 33.60
2018/07/13 12:11:18, 39.44, 38.95, 33.37, 33.62, 33.33, 33.60
2018/07/13 12:11:19, 39.40, 38.95, 33.37, 33.62, 33.33, 33.50
2018/07/13 12:11:20, 39.40, 38.95, 33.39, 33.62, 33.33, 33.50
2018/07/13 12:11:21, 39.40, 38.94, 33.39, 33.62, 33.33, 33.60
2018/07/13 12:11:22, 39.40, 38.96, 33.37, 33.63, 33.33, 33.70
2018/07/13 12:11:23, 39.39, 38.96, 33.38, 33.64, 33.33, 33.80
2018/07/13 12:11:24, 39.39, 38.94, 33.39, 33.62, 33.32, 33.50
2018/07/13 12:11:25, 39.37, 38.95, 33.39, 33.64, 33.31, 33.80
2018/07/13 12:11:26, 39.38, 38.97, 33.40, 33.62, 33.34, 33.80
2018/07/13 12:11:27, 39.39, 38.95, 33.39, 33.62, 33.34, 33.70
2018/07/13 12:11:28, 39.36, 38.93, 33.39, 33.64, 33.34, 33.70
2018/07/13 12:11:29, 39.35, 38.94, 33.40, 33.64, 33.31, 33.70
2018/07/13 12:11:30, 39.33, 38.93, 33.38, 33.62, 33.33, 33.60
2018/07/13 12:11:31, 39.35, 38.93, 33.39, 33.63, 33.34, 33.70
2018/07/13 12:11:32, 39.34, 38.91, 33.41, 33.62, 33.34, 33.70
2018/07/13 12:11:33, 39.34, 38.92, 33.41, 33.64, 33.33, 33.80
2018/07/13 12:11:34, 39.33, 38.92, 33.41, 33.64, 33.33, 33.80
2018/07/13 12:11:35, 39.32, 38.90, 33.41, 33.65, 33.33, 33.80
2018/07/13 12:11:36, 39.32, 38.90, 33.40, 33.65, 33.33, 33.80
2018/07/13 12:11:37, 39.33, 38.92, 33.40, 33.65, 33.33, 33.80
2018/07/13 12:11:38, 39.31, 38.89, 33.40, 33.64, 33.33, 33.80
2018/07/13 12:11:39, 39.32, 38.90, 33.41, 33.64, 33.34, 33.80
2018/07/13 12:11:40, 39.31, 38.90, 33.43, 33.65, 33.33, 33.90
2018/07/13 12:11:41, 39.31, 38.90, 33.41, 33.63, 33.33, 33.80
2018/07/13 12:11:42, 39.31, 38.87, 33.43, 33.63, 33.35, 33.10
2018/07/13 12:11:43, 39.31, 38.87, 33.42, 33.64, 33.33, 33.80
2018/07/13 12:11:44, 39.29, 38.88, 33.42, 33.64, 33.33, 33.10
2018/07/13 12:11:45, 39.30, 38.89, 33.43, 33.64, 33.35, 33.90
2018/07/13 12:11:46, 39.31, 38.88, 33.43, 33.65, 33.34, 33.80
2018/07/13 12:11:47, 39.29, 38.88, 33.44, 33.64, 33.34, 33.10
2018/07/13 12:11:48, 39.30, 38.87, 33.42, 33.66, 33.36, 33.70
2018/07/13 12:11:49, 39.28, 38.87, 33.46, 33.64, 33.34, 33.10
2018/07/13 12:11:50, 39.28, 38.88, 33.43, 33.65, 33.34, 33.10
2018/07/13 12:11:51, 39.29, 38.89, 33.47, 33.64, 33.34, 33.10
2018/07/13 12:11:52, 39.29, 38.87, 33.44, 33.63, 33.35, 33.10
2018/07/13 12:11:53, 39.30, 38.85, 33.44, 33.64, 33.37, 33.11
2018/07/13 12:11:54, 39.30, 38.85, 33.44, 33.66, 33.37, 33.90
2018/07/13 12:11:55, 39.30, 38.85, 33.44, 33.66, 33.35, 33.11
2018/07/13 12:11:56, 39.29, 38.85, 33.46, 33.67, 33.34, 33.11
2018/07/13 12:11:57, 39.30, 38.87, 33.43, 33.66, 33.33, 33.11
2018/07/13 12:11:58, 39.30, 38.84, 33.46, 33.67, 33.33, 33.10
2018/07/13 12:11:59, 39.30, 38.85, 33.46, 33.66, 33.33, 33.12
2018/07/13 12:12:00, 39.29, 38.83, 33.45, 33.69, 33.37, 33.12
2018/07/13 12:12:01, 39.29, 38.85, 33.46, 33.70, 33.35, 33.12
2018/07/13 12:12:02, 39.31, 38.83, 33.48, 33.71, 33.35, 33.12
2018/07/13 12:12:03, 39.30, 38.83, 33.46, 33.69, 33.36, 33.11
2018/07/13 12:12:04, 39.29, 38.83, 33.49, 33.70, 33.35, 33.13
2018/07/13 12:12:05, 39.29, 38.83, 33.49, 33.70, 33.33, 33.13
2018/07/13 12:12:06, 39.28, 38.84, 33.48, 33.70, 33.35, 33.14
2018/07/13 12:12:07, 39.28, 38.84, 33.51, 33.69, 33.35, 33.13
2018/07/13 12:12:08, 39.30, 38.83, 33.49, 33.71, 33.34, 33.13
2018/07/13 12:12:09, 39.28, 38.84, 33.51, 33.71, 33.35, 33.12
2018/07/13 12:12:10, 39.28, 38.83, 33.50, 33.71, 33.36, 33.13
2018/07/13 12:12:11, 39.28, 38.85, 33.51, 33.73, 33.35, 33.14
2018/07/13 12:12:12, 39.29, 38.82, 33.52, 33.75, 33.36, 33.15
2018/07/13 12:12:13, 39.28, 38.83, 33.50, 33.75, 33.34, 33.13
2018/07/13 12:12:14, 39.27, 38.82, 33.53, 33.76, 33.36, 33.14
2018/07/13 12:12:15, 39.26, 38.83, 33.50, 33.75, 33.35, 33.16
2018/07/13 12:12:16, 39.28, 38.83, 33.53, 33.75, 33.34, 33.16
2018/07/13 12:12:17, 39.28, 38.84, 33.52, 33.77, 33.35, 33.15
2018/07/13 12:12:18, 39.26, 38.82, 33.53, 33.75, 33.36, 33.14
2018/07/13 12:12:19, 39.26, 38.81, 33.55, 33.76, 33.35, 33.15
2018/07/13 12:12:20, 39.25, 38.81, 33.55, 33.77, 33.37, 33.16
2018/07/13 12:12:21, 39.25, 38.79, 33.55, 33.78, 33.36, 33.15
2018/07/13 12:12:22, 39.25, 38.79, 33.56, 33.79, 33.36, 33.14
2018/07/13 12:12:23, 39.23, 38.79, 33.56, 33.78, 33.38, 33.14
2018/07/13 12:12:24, 39.26, 38.80, 33.55, 33.80, 33.37, 33.14
2018/07/13 12:12:25, 39.23, 38.81, 33.57, 33.80, 33.36, 33.15
2018/07/13 12:12:26, 39.24, 38.82, 33.58, 33.80, 33.38, 33.16
2018/07/13 12:12:27, 39.23, 38.78, 33.58, 33.80, 33.37, 33.16
2018/07/13 12:12:28, 39.23, 38.78, 33.60, 33.81, 33.37, 33.16
2018/07/13 12:12:29, 39.21, 38.78, 33.62, 33.81, 33.38, 33.17
2018/07/13 12:12:30, 39.21, 38.78, 33.62, 33.82, 33.38, 33.15
2018/07/13 12:12:31, 39.23, 38.78, 33.60, 33.82, 33.34, 33.17
2018/07/13 12:12:32, 39.23, 38.76, 33.62, 33.81, 33.37, 33.16
2018/07/13 12:12:33, 39.23, 38.77, 33.62, 33.82, 33.38, 33.16
2018/07/13 12:12:34, 39.23, 38.79, 33.61, 33.82, 33.38, 33.15
2018/07/13 12:12:35, 39.24, 38.78, 33.65, 33.85, 33.39, 33.16
2018/07/13 12:12:36, 39.20, 38.77, 33.65, 33.84, 33.37, 33.16
2018/07/13 12:12:37, 39.22, 38.80, 33.64, 33.82, 33.37, 33.18
2018/07/13 12:12:38, 39.21, 38.80, 33.66, 33.85, 33.37, 33.17
2018/07/13 12:12:39, 39.25, 38.79, 33.65, 33.84, 33.38, 33.16
2018/07/13 12:12:40, 39.23, 38.80, 33.67, 33.83, 33.38, 33.16
2018/07/13 12:12:41, 39.22, 38.79, 33.65, 33.84, 33.39, 33.16
2018/07/13 12:12:42, 39.22, 38.79, 33.66, 33.85, 33.41, 33.16
2018/07/13 12:12:43, 39.24, 38.79, 33.67, 33.84, 33.37, 33.17
2018/07/13 12:12:44, 39.22, 38.78, 33.69, 33.86, 33.39, 33.15
2018/07/13 12:12:45, 39.24, 38.77, 33.67, 33.85, 33.37, 33.19
2018/07/13 12:12:46, 39.22, 38.79, 33.69, 33.83, 33.39, 33.16
2018/07/13 12:12:47, 39.22, 38.79, 33.67, 33.85, 33.38, 33.18
2018/07/13 12:12:48, 39.21, 38.78, 33.69, 33.85, 33.38, 33.16
2018/07/13 12:12:49, 39.21, 38.79, 33.69, 33.86, 33.40, 33.17
2018/07/13 12:12:50, 39.21, 38.79, 33.71, 33.87, 33.38, 33.19
2018/07/13 12:12:51, 39.22, 38.78, 33.71, 33.85, 33.39, 33.18
2018/07/13 12:12:52, 39.22, 38.80, 33.73, 33.85, 33.38, 33.19
2018/07/13 12:12:53, 39.23, 38.77, 33.71, 33.86, 33.41, 33.17
2018/07/13 12:12:54, 39.22, 38.80, 33.71, 33.87, 33.39, 33.18
2018/07/13 12:12:55, 39.23, 38.79, 33.72, 33.86, 33.38, 33.18
2018/07/13 12:12:56, 39.21, 38.78, 33.72, 33.85, 33.39, 33.19
2018/07/13 12:12:57, 39.21, 38.77, 33.73, 33.88, 33.38, 33.17
2018/07/13 12:12:58, 39.21, 38.76, 33.73, 33.87, 33.39, 33.18
2018/07/13 12:12:59, 39.20, 38.75, 33.75, 33.85, 33.39, 33.17
2018/07/13 12:13:00, 39.22, 38.76, 33.72, 33.87, 33.39, 33.18
2018/07/13 12:13:01, 39.21, 38.75, 33.74, 33.87, 33.39, 33.18
2018/07/13 12:13:02, 39.21, 38.75, 33.73, 33.88, 33.39, 33.19
2018/07/13 12:13:03, 39.23, 38.75, 33.74, 33.87, 33.39, 33.20
2018/07/13 12:13:04, 39.23, 38.78, 33.76, 33.87, 33.41, 33.17
2018/07/13 12:13:05, 39.22, 38.77, 33.75, 33.87, 33.38, 33.17
2018/07/13 12:13:06, 39.21, 38.77, 33.77, 33.88, 33.37, 33.17
2018/07/13 12:13:07, 39.21, 38.76, 33.75, 33.89, 33.38, 33.16
2018/07/13 12:13:08, 39.22, 38.76, 33.75, 33.88, 33.39, 33.21
2018/07/13 12:13:09, 39.23, 38.77, 33.77, 33.87, 33.38, 33.18
2018/07/13 12:13:10, 39.23, 38.76, 33.75, 33.88, 33.39, 33.18
2018/07/13 12:13:11, 39.24, 38.74, 33.78, 33.86, 33.37, 33.20
2018/07/13 12:13:12, 39.24, 38.76, 33.77, 33.88, 33.39, 33.19
2018/07/13 12:13:13, 39.22, 38.76, 33.76, 33.89, 33.37, 33.19
2018/07/13 12:13:14, 39.22, 38.77, 33.78, 33.89, 33.38, 33.19
2018/07/13 12:13:15, 39.21, 38.74, 33.80, 33.88, 33.38, 33.19
2018/07/13 12:13:16, 39.22, 38.77, 33.78, 33.89, 33.38, 33.19
2018/07/13 12:13:17, 39.21, 38.76, 33.79, 33.91, 33.37, 33.18
2018/07/13 12:13:18, 39.20, 38.77, 33.78, 33.91, 33.38, 33.20
2018/07/13 12:13:19, 39.21, 38.78, 33.79, 33.90, 33.39, 33.21
2018/07/13 12:13:20, 39.21, 38.76, 33.78, 33.91, 33.39, 33.20
2018/07/13 12:13:21, 39.22, 38.76, 33.79, 33.91, 33.40, 33.17
2018/07/13 12:13:22, 39.20, 38.76, 33.78, 33.91, 33.39, 33.19
2018/07/13 12:13:23, 39.19, 38.76, 33.79, 33.88, 33.38, 33.21
2018/07/13 12:13:24, 39.17, 38.76, 33.79, 33.92, 33.39, 33.20
2018/07/13 12:13:25, 39.18, 38.76, 33.78, 33.92, 33.37, 33.18
2018/07/13 12:13:26, 39.18, 38.77, 33.79, 33.92, 33.38, 33.19
2018/07/13 12:13:27, 39.20, 38.78, 33.80, 33.91, 33.39, 33.19
2018/07/13 12:13:28, 39.17, 38.76, 33.82, 33.90, 33.37, 33.19
2018/07/13 12:13:29, 39.18, 38.76, 33.80, 33.93, 33.38, 33.17
2018/07/13 12:13:30, 39.17, 38.74, 33.80, 33.93, 33.39, 33.18
2018/07/13 12:13:31, 39.20, 38.76, 33.80, 33.93, 33.37, 33.17
2018/07/13 12:13:32, 39.20, 38.77, 33.79, 33.92, 33.39, 33.16
2018/07/13 12:13:33, 39.18, 38.76, 33.79, 33.93, 33.37, 33.18
2018/07/13 12:13:34, 39.19, 38.76, 33.80, 33.93, 33.37, 33.16
2018/07/13 12:13:35, 39.19, 38.77, 33.82, 33.93, 33.37, 33.18
2018/07/13 12:13:36, 39.20, 38.77, 33.78, 33.93, 33.38, 33.17
2018/07/13 12:13:37, 39.19, 38.77, 33.79, 33.93, 33.35, 33.15
2018/07/13 12:13:38, 39.98, 38.74, 33.80, 33.94, 33.35, 33.17
2018/07/13 12:13:39, 39.19, 38.77, 33.80, 33.93, 33.34, 33.17
2018/07/13 12:13:40, 39.19, 38.75, 33.80, 33.92, 33.35, 33.15
2018/07/13 12:13:41, 39.18, 38.77, 33.79, 33.92, 33.34, 33.15
2018/07/13 12:13:42, 39.17, 38.74, 33.82, 33.94, 33.36, 33.15
2018/07/13 12:13:43, 39.19, 38.76, 33.79, 33.94, 33.35, 33.17
2018/07/13 12:13:44, 39.17, 38.76, 33.80, 33.93, 33.35, 33.14
2018/07/13 12:13:45, 39.17, 38.77, 33.80, 33.93, 33.35, 33.15
2018/07/13 12:13:46, 39.17, 38.79, 33.81, 33.92, 33.37, 33.15
2018/07/13 12:13:47, 39.15, 38.76, 33.80, 33.94, 33.33, 33.17
2018/07/13 12:13:48, 39.19, 38.78, 33.80, 33.94, 33.34, 33.14
2018/07/13 12:13:49, 39.17, 38.76, 33.81, 33.94, 33.35, 33.14
2018/07/13 12:13:50, 39.19, 38.76, 33.80, 33.94, 33.34, 33.14
2018/07/13 12:13:51, 39.17, 38.76, 33.80, 33.94, 33.32, 33.14
2018/07/13 12:13:52, 39.16, 38.75, 33.81, 33.94, 33.34, 33.13
2018/07/13 12:13:53, 100.30, 38.77, 33.78, 33.93, 33.33, 33.15
2018/07/13 12:13:54, 39.17, 38.77, 33.78, 33.94, 33.32, 33.14
2018/07/13 12:13:55, 39.15, 38.76, 33.80, 33.92, 33.34, 33.13
2018/07/13 12:13:56, 39.17, 38.76, 33.79, 33.91, 33.33, 33.14
2018/07/13 12:13:57, 39.17, 38.77, 33.80, 33.92, 33.33, 33.14
2018/07/13 12:13:58, 39.16, 38.78, 33.78, 33.92, 33.33, 33.11
2018/07/13 12:13:59, 39.14, 38.78, 33.78, 33.92, 33.34, 33.14
2018/07/13 12:14:00, 39.16, 38.80, 33.79, 33.93, 33.32, 33.12
2018/07/13 12:14:01, 39.15, 38.78, 33.79, 33.91, 33.32, 33.13
2018/07/13 12:14:02, 39.15, 38.79, 33.78, 33.91, 33.32, 33.11
2018/07/13 12:14:03, 39.16, 38.79, 33.78, 33.91, 33.31, 33.11
2018/07/13 12:14:04, 39.17, 38.79, 33.79, 33.90, 33.32, 33.11
2018/07/13 12:14:05, 39.16, 38.79, 33.79, 33.92, 33.32, 33.11
2018/07/13 12:14:06, 39.15, 38.80, 33.80, 33.91, 33.32, 33.10
2018/07/13 12:14:07, 39.17, 38.79, 33.77, 33.89, 33.30, 33.80
2018/07/13 12:14:08, 39.15, 38.79, 33.78, 33.91, 33.31, 33.90
2018/07/13 12:14:09, 39.16, 38.81, 33.79, 33.90, 33.31, 33.90
2018/07/13 12:14:10, 39.14, 38.80, 33.78, 33.89, 33.30, 33.11
2018/07/13 12:14:11, 39.15, 38.81, 33.78, 33.89, 33.32, 33.10
2018/07/13 12:14:12, 39.16, 38.80, 33.76, 33.90, 33.30, 33.90
2018/07/13 12:14:13, 39.16, 38.79, 33.76, 33.89, 33.31, 33.80
2018/07/13 12:14:14, 39.14, 38.82, 33.76, 33.89, 33.30, 33.80
2018/07/13 12:14:15, 39.13, 38.80, 33.78, 33.89, 33.30, 33.80
2018/07/13 12:14:16, 39.16, 38.80, 33.76, 33.88, 33.31, 33.80
2018/07/13 12:14:17, 39.16, 38.80, 33.77, 33.87, 33.30, 33.80
2018/07/13 12:14:18, 39.14, 38.81, 33.75, 33.87, 33.29, 33.80
2018/07/13 12:14:19, 39.15, 38.81, 33.76, 33.87, 33.32, 33.50
2018/07/13 12:14:20, 39.14, 38.81, 33.77, 33.85, 33.31, 33.60
2018/07/13 12:14:21, 39.13, 38.82, 33.75, 33.86, 33.31, 33.80
2018/07/13 12:14:22, 39.14, 38.81, 33.74, 33.86, 33.30, 33.70
2018/07/13 12:14:23, 39.16, 38.81, 33.74, 33.85, 33.30, 33.70
2018/07/13 12:14:24, 39.14, 38.81, 33.75, 33.84, 33.30, 33.50
2018/07/13 12:14:25, 39.13, 38.81, 33.73, 33.83, 33.29, 33.50
2018/07/13 12:14:26, 39.14, 38.79, 33.75, 33.85, 33.30, 33.50
2018/07/13 12:14:27, 39.13, 38.79, 33.73, 33.83, 33.27, 33.50
2018/07/13 12:14:28, 39.87, 38.80, 33.73, 33.83, 33.30, 33.30
2018/07/13 12:14:29, 39.13, 38.80, 33.75, 33.85, 33.30, 33.70
2018/07/13 12:14:30, 39.16, 38.79, 33.73, 33.84, 33.28, 33.60
2018/07/13 12:14:31, 39.13, 38.78, 33.71, 33.83, 33.30, 33.50
2018/07/13 12:14:32, 39.14, 38.79, 33.71, 33.83, 33.28, 33.40
2018/07/13 12:14:33, 39.13, 38.79, 33.72, 33.82, 33.29, 33.50
2018/07/13 12:14:34, 39.13, 38.79, 33.72, 33.82, 33.28, 33.50
2018/07/13 12:14:35, 39.14, 38.79, 33.70, 33.81, 33.31, 33.40
2018/07/13 12:14:36, 39.14, 38.81, 33.70, 33.81, 33.28, 33.30
2018/07/13 12:14:37, 39.12, 38.82, 33.70, 33.80, 33.28, 33.40
2018/07/13 12:14:38, 39.15, 38.80, 33.71, 33.83, 33.26, 33.30
2018/07/13 12:14:39, 39.14, 38.80, 33.71, 33.81, 33.27, 33.30
2018/07/13 12:14:40, 39.12, 38.81, 33.71, 33.79, 33.28, 33.20
2018/07/13 12:14:41, 39.14, 38.82, 33.69, 33.80, 33.28, 33.40
2018/07/13 12:14:42, 39.11, 38.81, 33.70, 33.78, 33.27, 33.10
2018/07/13 12:14:43, 39.13, 38.81, 33.69, 33.79, 33.26, 33.20
2018/07/13 12:14:44, 39.13, 38.82, 33.68, 33.78, 33.26, 33.00
2018/07/13 12:14:45, 39.90, 38.83, 33.69, 33.78, 33.27, 33.30
2018/07/13 12:14:46, 39.14, 38.82, 33.68, 33.76, 33.25, 33.20
2018/07/13 12:14:47, 39.12, 38.83, 33.67, 33.77, 33.28, 33.00
2018/07/13 12:14:48, 39.10, 38.82, 33.68, 33.75, 33.27, 33.10
2018/07/13 12:14:49, 39.13, 38.82, 33.69, 33.77, 33.28, 33.10
2018/07/13 12:14:50, 39.11, 38.80, 33.67, 33.75, 33.27, 33.00
2018/07/13 12:14:51, 39.12, 38.82, 33.69, 33.75, 33.26, 33.10
2018/07/13 12:14:52, 39.12, 38.83, 33.69, 33.75, 33.23, 33.10
2018/07/13 12:14:53, 39.13, 38.83, 33.69, 33.73, 33.24, 33.00
2018/07/13 12:14:54, 39.12, 38.83, 33.67, 33.73, 33.27, 33.10
2018/07/13 12:14:55, 39.11, 38.83, 33.66, 33.74, 33.27, 33.10
2018/07/13 12:14:56, 39.11, 38.84, 33.66, 33.73, 33.25, 33.00
2018/07/13 12:14:57, 39.12, 38.82, 33.65, 33.72, 33.26, 32.99
2018/07/13 12:14:58, 39.11, 38.83, 33.66, 33.73, 33.26, 33.00
2018/07/13 12:14:59, 39.13, 38.83, 33.67, 33.71, 33.25, 32.98
2018/07/13 12:15:00, 39.12, 38.83, 33.64, 33.73, 33.24, 33.00
2018/07/13 12:15:01, 39.11, 38.81, 33.64, 33.69, 33.24, 32.98
2018/07/13 12:15:02, 39.10, 38.81, 33.65, 33.71, 33.25, 33.00
2018/07/13 12:15:03, 39.80, 38.81, 33.65, 33.71, 33.24, 32.99
2018/07/13 12:15:04, 39.10, 38.80, 33.64, 33.69, 33.24, 32.99
2018/07/13 12:15:05, 39.10, 38.82, 33.64, 33.71, 33.23, 32.98
2018/07/13 12:15:06, 39.90, 38.82, 33.64, 33.69, 33.23, 32.98
2018/07/13 12:15:07, 39.10, 38.80, 33.64, 33.69, 33.23, 32.98
2018/07/13 12:15:08, 39.10, 38.80, 33.64, 33.68, 33.25, 32.98
2018/07/13 12:15:09, 39.10, 38.80, 33.64, 33.68, 33.22, 32.99
2018/07/13 12:15:10, 39.11, 38.80, 33.64, 33.68, 33.23, 32.98
2018/07/13 12:15:11, 39.10, 38.81, 33.64, 33.68, 33.24, 32.96
2018/07/13 12:15:12, 39.90, 38.83, 33.62, 33.67, 33.23, 32.98
2018/07/13 12:15:13, 39.90, 38.82, 33.64, 33.66, 33.22, 32.98
2018/07/13 12:15:14, 39.90, 38.82, 33.61, 33.66, 33.23, 32.96
2018/07/13 12:15:15, 39.80, 38.82, 33.62, 33.65, 33.25, 32.97
2018/07/13 12:15:16, 39.10, 38.83, 33.62, 33.66, 33.21, 32.96
2018/07/13 12:15:17, 39.10, 38.82, 33.61, 33.66, 33.19, 32.97
2018/07/13 12:15:18, 39.10, 38.81, 33.61, 33.64, 33.23, 32.95
2018/07/13 12:15:19, 39.80, 38.82, 33.60, 33.64, 33.22, 32.96
2018/07/13 12:15:20, 39.80, 38.82, 33.61, 33.64, 33.23, 32.97
2018/07/13 12:15:21, 39.80, 38.81, 33.60, 33.64, 33.23, 32.94
2018/07/13 12:15:22, 39.50, 38.82, 33.61, 33.62, 33.23, 32.94
2018/07/13 12:15:23, 39.80, 38.81, 33.60, 33.62, 33.21, 32.95
2018/07/13 12:15:24, 39.80, 38.82, 33.60, 33.62, 33.23, 32.96
2018/07/13 12:15:25, 39.60, 38.82, 33.60, 33.61, 33.22, 32.94
2018/07/13 12:15:26, 39.60, 38.81, 33.59, 33.60, 33.20, 32.96
2018/07/13 12:15:27, 39.80, 38.82, 33.59, 33.61, 33.22, 32.94
2018/07/13 12:15:28, 39.70, 120.80, 33.58, 33.60, 33.21, 32.96
2018/07/13 12:15:29, 39.70, 38.81, 33.59, 33.60, 33.21, 32.93
2018/07/13 12:15:30, 39.60, 38.80, 33.59, 33.60, 33.20, 32.94
2018/07/13 12:15:31, 39.80, 38.81, 33.57, 33.60, 33.19, 32.94
2018/07/13 12:15:32, 39.80, 38.80, 33.58, 33.61, 33.20, 32.95
2018/07/13 12:15:33, 39.60, 38.81, 33.56, 33.59, 33.20, 32.94
2018/07/13 12:15:34, 39.80, 38.81, 33.56, 33.60, 33.21, 32.95
2018/07/13 12:15:35, 39.70, 38.81, 33.56, 33.58, 33.20, 32.93
2018/07/13 12:15:36, 39.90, 38.82, 33.56, 33.58, 33.20, 32.94
2018/07/13 12:15:37, 39.80, 38.81, 33.55, 33.59, 33.19, 32.92
2018/07/13 12:15:38, 39.90, 38.80, 33.56, 33.58, 33.19, 32.92
2018/07/13 12:15:39, 39.90, 38.81, 33.56, 33.57, 33.19, 32.93
2018/07/13 12:15:40, 39.90, 38.81, 33.57, 33.57, 33.20, 32.92
2018/07/13 12:15:41, 39.70, 38.82, 33.55, 33.58, 33.20, 32.94
2018/07/13 12:15:42, 39.10, 38.80, 33.55, 33.56, 33.21, 32.92
2018/07/13 12:15:43, 39.10, 38.81, 33.55, 33.57, 33.19, 32.93
2018/07/13 12:15:44, 39.90, 38.82, 33.55, 33.56, 33.19, 32.92
2018/07/13 12:15:45, 39.60, 38.79, 33.54, 33.57, 33.19, 32.93
2018/07/13 12:15:46, 39.80, 38.81, 33.54, 33.57, 33.20, 32.92
2018/07/13 12:15:47, 39.60, 38.80, 33.54, 33.54, 33.19, 32.92
2018/07/13 12:15:48, 39.80, 38.80, 33.55, 33.56, 33.19, 32.92
2018/07/13 12:15:49, 39.90, 38.81, 33.53, 33.55, 33.17, 32.92
2018/07/13 12:15:50, 39.80, 38.82, 33.53, 33.55, 33.19, 32.92
2018/07/13 12:15:51, 39.80, 38.83, 33.52, 33.55, 33.17, 32.92
2018/07/13 12:15:52, 39.90, 38.82, 33.52, 33.56, 33.18, 32.92
2018/07/13 12:15:53, 39.80, 38.82, 33.52, 33.55, 33.19, 32.91
2018/07/13 12:15:54, 39.80, 38.82, 33.51, 33.52, 33.18, 32.91
2018/07/13 12:15:55, 39.80, 38.82, 33.52, 33.54, 33.17, 32.91
2018/07/13 12:15:56, 39.80, 38.82, 33.51, 33.55, 33.17, 32.91
2018/07/13 12:15:57, 39.70, 38.83, 33.51, 33.53, 33.19, 32.92
2018/07/13 12:15:58, 39.70, 38.82, 33.50, 33.53, 33.17, 32.92
2018/07/13 12:15:59, 39.70, 38.83, 33.48, 33.53, 33.16, 32.91
2018/07/13 12:16:00, 39.80, 38.84, 33.50, 33.51, 33.17, 32.92
2018/07/13 12:16:01, 39.70, 38.82, 33.50, 33.52, 33.17, 32.91
2018/07/13 12:16:02, 39.80, 38.84, 33.48, 33.52, 33.16, 32.92
2018/07/13 12:16:03, 39.70, 38.82, 33.51, 33.51, 33.17, 32.90
2018/07/13 12:16:04, 39.40, 38.82, 33.50, 33.52, 33.16, 32.89
2018/07/13 12:16:05, 39.70, 38.83, 33.50, 33.50, 33.16, 32.90
2018/07/13 12:16:06, 39.90, 38.84, 33.49, 33.50, 33.17, 32.90
2018/07/13 12:16:07, 39.60, 38.85, 33.49, 33.49, 33.17, 32.89
2018/07/13 12:16:08, 39.70, 38.84, 33.48, 33.49, 33.16, 32.93
2018/07/13 12:16:09, 39.70, 38.83, 33.47, 33.50, 33.17, 32.89
2018/07/13 12:16:10, 39.90, 38.83, 33.48, 33.49, 33.15, 32.88
2018/07/13 12:16:11, 39.70, 38.83, 33.48, 33.48, 33.14, 32.90
2018/07/13 12:16:12, 39.90, 38.84, 33.46, 33.47, 33.16, 32.91
2018/07/13 12:16:13, 39.80, 38.83, 33.47, 33.46, 33.16, 32.90
2018/07/13 12:16:14, 39.80, 38.84, 33.46, 33.47, 33.16, 32.89
2018/07/13 12:16:15, 39.80, 38.85, 33.46, 33.46, 33.16, 32.90
2018/07/13 12:16:16, 39.60, 38.85, 33.45, 33.46, 33.14, 32.90
2018/07/13 12:16:17, 39.50, 38.86, 33.46, 33.47, 33.16, 32.90
2018/07/13 12:16:18, 39.50, 38.85, 33.46, 33.46, 33.15, 32.89
2018/07/13 12:16:19, 39.60, 38.83, 33.45, 33.46, 33.17, 32.91
2018/07/13 12:16:20, 39.70, 38.85, 33.44, 33.46, 33.16, 32.89
2018/07/13 12:16:21, 39.60, 38.84, 33.44, 33.46, 33.15, 32.89
2018/07/13 12:16:22, 39.60, 38.84, 33.45, 33.47, 33.15, 32.89
2018/07/13 12:16:23, 39.40, 38.83, 33.44, 33.45, 33.15, 32.90
2018/07/13 12:16:24, 39.70, 38.84, 33.44, 33.43, 33.13, 32.90
2018/07/13 12:16:25, 39.70, 38.84, 33.44, 33.42, 33.16, 32.89
2018/07/13 12:16:26, 39.40, 38.84, 33.45, 33.44, 33.15, 32.89
2018/07/13 12:16:27, 39.60, 38.82, 33.42, 33.44, 33.14, 32.88
2018/07/13 12:16:28, 39.40, 38.83, 33.43, 33.44, 33.13, 32.90
2018/07/13 12:16:29, 39.80, 38.84, 33.44, 33.39, 33.14, 32.89
2018/07/13 12:16:30, 39.50, 38.83, 33.43, 33.42, 33.16, 32.87
2018/07/13 12:16:31, 39.50, 38.82, 33.44, 33.43, 33.14, 32.89
2018/07/13 12:16:32, 39.60, 38.84, 33.42, 33.42, 33.12, 32.88
2018/07/13 12:16:33, 39.50, 38.83, 33.42, 33.41, 33.12, 32.89
2018/07/13 12:16:34, 39.40, 38.83, 33.42, 33.39, 33.13, 32.89
2018/07/13 12:16:35, 39.50, 38.84, 33.43, 33.40, 33.11, 32.89
2018/07/13 12:16:36, 39.40, 38.83, 33.43, 33.40, 33.13, 32.90
2018/07/13 12:16:37, 39.70, 38.84, 33.42, 33.41, 33.14, 32.88
2018/07/13 12:16:38, 39.70, 38.80, 33.41, 33.39, 33.14, 32.91
2018/07/13 12:16:39, 39.70, 38.83, 33.41, 33.39, 33.14, 32.89
2018/07/13 12:16:40, 39.90, 38.81, 33.41, 33.38, 33.16, 32.89
2018/07/13 12:16:41, 39.40, 38.82, 33.40, 33.38, 33.14, 32.86
2018/07/13 12:16:42, 39.60, 38.82, 33.38, 33.38, 33.14, 32.87
2018/07/13 12:16:43, 39.70, 38.82, 33.42, 33.39, 33.14, 32.87
2018/07/13 12:16:44, 39.50, 38.83, 33.41, 33.38, 33.16, 32.89
2018/07/13 12:16:45, 39.70, 38.82, 33.39, 33.39, 33.14, 32.89
2018/07/13 12:16:46, 39.50, 38.82, 33.38, 33.37, 33.13, 32.88
2018/07/13 12:16:47, 39.30, 38.83, 33.39, 33.37, 33.12, 32.87
2018/07/13 12:16:48, 39.50, 38.83, 33.39, 33.36, 33.14, 32.88
2018/07/13 12:16:49, 39.60, 38.82, 33.38, 33.35, 33.14, 32.87
2018/07/13 12:16:50, 39.60, 38.83, 33.41, 33.36, 33.12, 32.86
2018/07/13 12:16:51, 39.50, 38.82, 33.39, 33.35, 33.13, 32.89
2018/07/13 12:16:52, 39.60, 38.83, 33.38, 33.35, 33.14, 32.88
2018/07/13 12:16:53, 39.50, 38.84, 33.39, 33.34, 33.14, 32.88
2018/07/13 12:16:54, 39.50, 38.83, 33.39, 33.33, 33.14, 32.88
2018/07/13 12:16:55, 39.60, 38.85, 33.39, 33.34, 33.14, 32.87
2018/07/13 12:16:56, 39.30, 38.85, 33.39, 33.31, 33.10, 32.87
2018/07/13 12:16:57, 39.40, 38.84, 33.39, 33.32, 33.13, 32.87
2018/07/13 12:16:58, 39.40, 38.85, 33.39, 33.33, 33.12, 32.87
2018/07/13 12:16:59, 39.50, 38.85, 33.39, 33.31, 33.12, 32.88
2018/07/13 12:17:00, 39.30, 38.83, 33.36, 33.31, 33.13, 32.87
2018/07/13 12:17:01, 39.40, 38.84, 33.38, 33.32, 33.13, 32.88
2018/07/13 12:17:02, 39.50, 38.82, 33.38, 33.32, 33.10, 32.87
2018/07/13 12:17:03, 39.50, 38.83, 33.37, 33.30, 33.12, 32.89
2018/07/13 12:17:04, 39.30, 38.82, 33.36, 33.29, 33.10, 32.86
2018/07/13 12:17:05, 39.50, 38.83, 33.36, 33.31, 33.11, 32.86
2018/07/13 12:17:06, 39.40, 38.84, 33.37, 33.30, 33.12, 32.87
2018/07/13 12:17:07, 39.50, 38.84, 33.37, 33.28, 33.10, 32.85
2018/07/13 12:17:08, 39.70, 38.81, 33.38, 33.28, 33.12, 32.86
2018/07/13 12:17:09, 39.50, 38.82, 33.37, 33.27, 33.13, 32.87
2018/07/13 12:17:10, 39.60, 38.82, 33.37, 33.28, 33.12, 32.85
2018/07/13 12:17:11, 39.60, 38.83, 33.36, 33.27, 33.13, 32.88
2018/07/13 12:17:12, 39.70, 38.84, 33.37, 33.26, 33.13, 32.87
2018/07/13 12:17:13, 39.40, 38.85, 33.36, 33.26, 33.12, 32.85
2018/07/13 12:17:14, 39.10, 38.85, 33.37, 33.26, 33.13, 32.86
2018/07/13 12:17:15, 39.40, 38.84, 33.35, 33.25, 33.11, 32.87
2018/07/13 12:17:16, 39.50, 38.80, 33.34, 33.26, 33.12, 32.87
2018/07/13 12:17:17, 39.40, 38.83, 33.36, 33.24, 33.11, 32.87
2018/07/13 12:17:18, 39.50, 38.81, 33.37, 33.24, 33.11, 32.87
2018/07/13 12:17:19, 39.60, 38.82, 33.35, 33.25, 33.11, 32.86
2018/07/13 12:17:20, 39.50, 38.83, 33.33, 33.23, 33.11, 32.86
2018/07/13 12:17:21, 39.40, 38.79, 33.34, 33.26, 33.12, 32.84
2018/07/13 12:17:22, 39.50, 38.81, 33.34, 33.22, 33.10, 32.87
2018/07/13 12:17:23, 39.50, 38.82, 33.35, 33.22, 33.12, 32.85
2018/07/13 12:17:24, 39.40, 38.82, 33.33, 33.22, 33.12, 32.87
2018/07/13 12:17:25, 39.50, 38.81, 33.33, 33.21, 33.12, 32.87
2018/07/13 12:17:26, 39.40, 38.83, 33.34, 33.23, 33.12, 32.86
2018/07/13 12:17:27, 39.50, 38.82, 33.35, 33.22, 33.11, 32.84
2018/07/13 12:17:28, 39.50, 38.80, 33.34, 33.21, 33.12, 32.85
2018/07/13 12:17:29, 39.40, 38.82, 33.32, 33.20, 33.80, 32.87
2018/07/13 12:17:30, 39.60, 38.83, 33.32, 33.21, 33.12, 32.85
2018/07/13 12:17:31, 39.40, 38.82, 33.31, 33.19, 33.11, 32.87
2018/07/13 12:17:32, 39.50, 38.80, 33.33, 33.18, 33.11, 32.86
2018/07/13 12:17:33, 39.40, 38.80, 33.32, 33.19, 33.90, 32.87
2018/07/13 12:17:34, 39.50, 38.82, 33.32, 33.21, 33.10, 32.84
2018/07/13 12:17:35, 39.30, 38.81, 33.31, 33.19, 33.11, 32.84
2018/07/13 12:17:36, 39.50, 38.81, 33.32, 33.19, 33.12, 32.87
2018/07/13 12:17:37, 39.50, 38.81, 33.32, 33.17, 33.11, 32.87
2018/07/13 12:17:38, 39.50, 38.81, 33.32, 33.18, 33.10, 32.87
2018/07/13 12:17:39, 39.40, 38.83, 33.31, 33.19, 33.12, 32.85
2018/07/13 12:17:40, 39.60, 38.83, 33.32, 33.17, 33.10, 32.85
2018/07/13 12:17:41, 39.50, 38.82, 33.28, 33.16, 33.11, 32.87
2018/07/13 12:17:42, 39.40, 38.81, 33.32, 33.17, 33.10, 32.85
2018/07/13 12:17:43, 39.80, 38.82, 33.30, 33.17, 33.10, 32.86
2018/07/13 12:17:44, 39.60, 38.82, 33.30, 33.16, 33.11, 32.86
2018/07/13 12:17:45, 39.40, 38.82, 33.31, 33.17, 33.10, 32.86
2018/07/13 12:17:46, 39.70, 38.83, 33.30, 33.16, 33.10, 32.85
2018/07/13 12:17:47, 39.60, 38.80, 33.31, 33.16, 33.10, 32.84
2018/07/13 12:17:48, 39.80, 38.82, 33.28, 33.14, 33.12, 32.85
2018/07/13 12:17:49, 39.40, 38.83, 33.30, 33.13, 33.11, 32.87
2018/07/13 12:17:50, 39.60, 38.85, 33.28, 33.14, 33.12, 32.87
2018/07/13 12:17:51, 39.60, 38.84, 33.29, 33.13, 33.10, 32.85
2018/07/13 12:17:52, 39.50, 38.85, 33.29, 33.14, 33.11, 32.85
2018/07/13 12:17:53, 39.60, 38.83, 33.28, 33.14, 33.10, 32.85
2018/07/13 12:17:54, 39.60, 38.84, 33.26, 33.14, 33.10, 32.85
2018/07/13 12:17:55, 39.40, 38.81, 33.27, 33.12, 33.90, 32.85
2018/07/13 12:17:56, 39.40, 38.83, 33.26, 33.14, 33.10, 32.85
2018/07/13 12:17:57, 39.60, 38.81, 33.28, 33.14, 33.80, 32.85
2018/07/13 12:17:58, 39.40, 38.82, 33.27, 33.11, 33.10, 32.85
2018/07/13 12:17:59, 39.50, 38.81, 33.25, 33.10, 33.10, 32.85
2018/07/13 12:18:00, 39.50, 38.80, 33.28, 33.90, 33.11, 32.87
2018/07/13 12:18:01, 39.60, 38.81, 33.26, 33.10, 33.11, 32.85
2018/07/13 12:18:02, 39.40, 38.83, 33.26, 33.10, 33.10, 32.85
2018/07/13 12:18:03, 39.50, 38.83, 33.27, 33.80, 33.90, 32.84
2018/07/13 12:18:04, 39.40, 38.80, 33.25, 33.80, 33.90, 32.84
2018/07/13 12:18:05, 39.50, 38.81, 33.25, 33.10, 33.80, 32.86
2018/07/13 12:18:06, 39.50, 38.83, 33.26, 33.80, 33.80, 32.86
2018/07/13 12:18:07, 39.50, 38.83, 33.25, 33.10, 33.11, 32.85
2018/07/13 12:18:08, 39.50, 38.82, 33.25, 33.80, 33.10, 32.85
2018/07/13 12:18:09, 39.40, 38.83, 33.23, 33.90, 33.10, 32.87
2018/07/13 12:18:10, 39.40, 38.83, 33.23, 33.70, 33.80, 32.85
2018/07/13 12:18:11, 39.40, 38.81, 33.24, 33.70, 33.10, 32.86
2018/07/13 12:18:12, 39.60, 38.82, 33.24, 33.80, 33.10, 32.85
2018/07/13 12:18:13, 39.50, 38.83, 33.25, 33.80, 33.80, 32.85
2018/07/13 12:18:14, 39.50, 38.84, 33.22, 33.70, 33.90, 32.87
2018/07/13 12:18:15, 39.60, 38.83, 33.24, 33.60, 33.11, 32.87
2018/07/13 12:18:16, 39.60, 38.85, 33.24, 33.70, 33.90, 32.87
2018/07/13 12:18:17, 39.70, 38.84, 33.23, 33.50, 33.80, 32.86
2018/07/13 12:18:18, 39.50, 38.85, 33.23, 33.60, 33.90, 32.87
2018/07/13 12:18:19, 39.90, 38.84, 33.20, 33.60, 33.10, 32.85
2018/07/13 12:18:20, 39.60, 38.83, 33.21, 33.70, 33.90, 32.87
2018/07/13 12:18:21, 39.70, 38.82, 33.21, 33.50, 33.10, 32.86
2018/07/13 12:18:22, 39.50, 38.81, 33.20, 33.50, 33.70, 32.87
2018/07/13 12:18:23, 39.60, 38.82, 33.19, 33.50, 33.80, 32.84
2018/07/13 12:18:24, 39.50, 38.81, 33.20, 33.50, 33.80, 32.87
2018/07/13 12:18:25, 39.80, 38.82, 33.19, 33.50, 33.80, 32.85
2018/07/13 12:18:26, 39.80, 38.82, 33.20, 33.30, 33.90, 32.85
2018/07/13 12:18:27, 39.80, 38.82, 33.19, 33.40, 33.90, 32.86
2018/07/13 12:18:28, 39.80, 38.82, 33.17, 33.30, 33.90, 32.86
2018/07/13 12:18:29, 121.20, 38.83, 33.19, 33.40, 33.90, 32.85
2018/07/13 12:18:30, 39.70, 38.82, 33.19, 33.20, 33.10, 32.87
2018/07/13 12:18:31, 39.80, 38.80, 33.17, 33.10, 33.11, 32.87
2018/07/13 12:18:32, 39.90, 38.83, 33.18, 33.00, 33.10, 32.86
2018/07/13 12:18:33, 39.70, 38.81, 33.17, 33.00, 33.10, 32.86
2018/07/13 12:18:34, 39.80, 119.86, 33.16, 33.00, 33.90, 32.86
2018/07/13 12:18:35, 39.70, 38.82, 33.16, 33.00, 33.10, 32.87
2018/07/13 12:18:36, 39.70, 38.83, 33.17, 33.00, 33.10, 32.87
2018/07/13 12:18:37, 39.11, 38.82, 33.15, 33.10, 33.90, 32.87
2018/07/13 12:18:38, 39.80, 38.82, 33.16, 32.99, 33.90, 32.86
2018/07/13 12:18:39, 39.80, 38.81, 33.15, 32.98, 33.80, 32.87
2018/07/13 12:18:40, 39.90, 38.84, 33.16, 33.00, 33.90, 32.87
2018/07/13 12:18:41, 39.90, 38.83, 33.14, 33.00, 33.80, 32.86
2018/07/13 12:18:42, 39.80, 38.84, 33.14, 32.98, 33.10, 32.87
2018/07/13 12:18:43, 39.80, 38.85, 33.14, 32.99, 33.80, 32.87
2018/07/13 12:18:44, 39.80, 38.85, 33.14, 32.99, 33.11, 32.87
2018/07/13 12:18:45, 39.70, 38.84, 33.14, 32.97, 33.90, 32.87
2018/07/13 12:18:46, 39.80, 38.84, 33.11, 32.98, 33.11, 32.86
2018/07/13 12:18:47, 39.60, 38.85, 33.14, 32.97, 33.10, 32.85
2018/07/13 12:18:48, 39.80, 38.84, 33.12, 32.96, 33.11, 32.86
2018/07/13 12:18:49, 39.80, 38.82, 33.13, 32.96, 33.10, 32.88
2018/07/13 12:18:50, 39.80, 38.83, 33.13, 32.95, 33.11, 32.87
2018/07/13 12:18:51, 39.80, 38.80, 33.12, 32.96, 33.10, 32.86
2018/07/13 12:18:52, 39.70, 38.83, 33.12, 32.96, 33.90, 32.86
2018/07/13 12:18:53, 39.11, 38.82, 33.11, 32.94, 33.10, 32.88
2018/07/13 12:18:54, 39.10, 38.82, 33.10, 32.96, 33.10, 32.86
2018/07/13 12:18:55, 39.90, 38.82, 33.10, 32.95, 33.90, 32.87
2018/07/13 12:18:56, 39.80, 38.83, 33.12, 32.94, 33.10, 32.85
2018/07/13 12:18:57, 39.90, 38.83, 33.11, 32.95, 33.10, 32.88
2018/07/13 12:18:58, 39.80, 38.83, 33.90, 32.93, 33.11, 32.87
2018/07/13 12:18:59, 39.90, 38.83, 33.10, 32.92, 33.10, 32.88
2018/07/13 12:19:00, 39.10, 38.83, 33.90, 32.92, 33.10, 32.89
2018/07/13 12:19:01, 39.10, 38.81, 33.80, 32.92, 33.12, 32.89
2018/07/13 12:19:02, 39.10, 38.84, 33.90, 32.93, 33.11, 32.87
2018/07/13 12:19:03, 39.90, 38.84, 33.80, 32.93, 33.10, 32.86
2018/07/13 12:19:04, 39.90, 38.85, 33.90, 32.91, 33.11, 32.89
2018/07/13 12:19:05, 39.90, 38.84, 33.80, 32.92, 33.11, 32.89
2018/07/13 12:19:06, 39.11, 38.85, 33.80, 32.91, 33.10, 32.88
2018/07/13 12:19:07, 39.90, 38.84, 33.60, 32.93, 33.11, 32.89
2018/07/13 12:19:08, 39.12, 38.84, 33.70, 32.91, 33.12, 32.89
2018/07/13 12:19:09, 39.11, 38.83, 33.60, 32.91, 33.10, 32.87
2018/07/13 12:19:10, 39.11, 38.86, 33.70, 32.92, 33.10, 32.89
2018/07/13 12:19:11, 39.12, 38.84, 33.70, 32.90, 33.10, 32.89
2018/07/13 12:19:12, 39.12, 38.87, 33.40, 32.91, 33.10, 32.89
2018/07/13 12:19:13, 39.11, 38.86, 33.50, 32.92, 33.11, 32.89
2018/07/13 12:19:14, 39.12, 38.85, 33.50, 32.90, 33.12, 32.89
2018/07/13 12:19:15, 39.12, 38.84, 33.50, 32.91, 33.12, 32.89
2018/07/13 12:19:16, 39.11, 38.85, 33.60, 32.89, 33.12, 32.90
2018/07/13 12:19:17, 39.10, 38.85, 33.40, 32.89, 33.12, 32.89
2018/07/13 12:19:18, 39.12, 38.85, 33.40, 32.89, 33.12, 32.88
2018/07/13 12:19:19, 39.12, 38.87, 33.50, 32.88, 33.14, 32.90
2018/07/13 12:19:20, 39.12, 38.86, 33.40, 32.89, 33.14, 32.89
2018/07/13 12:19:21, 39.14, 38.85, 33.30, 32.89, 33.12, 32.88
2018/07/13 12:19:22, 39.12, 38.85, 33.20, 32.89, 33.11, 32.90
2018/07/13 12:19:23, 39.14, 38.86, 33.20, 32.89, 33.13, 32.90
2018/07/13 12:19:24, 39.14, 38.85, 33.30, 32.86, 33.12, 32.91
2018/07/13 12:19:25, 39.13, 38.87, 33.10, 32.86, 33.12, 32.91
2018/07/13 12:19:26, 39.12, 38.84, 33.20, 32.87, 33.15, 32.89
2018/07/13 12:19:27, 39.14, 38.84, 33.20, 32.86, 33.12, 32.91
2018/07/13 12:19:28, 39.14, 38.85, 33.10, 32.89, 33.14, 32.91
2018/07/13 12:19:29, 39.13, 38.87, 33.00, 32.85, 33.13, 32.92
2018/07/13 12:19:30, 39.14, 38.85, 33.00, 32.86, 33.14, 32.92
2018/07/13 12:19:31, 39.15, 38.84, 33.00, 32.85, 33.13, 32.91
2018/07/13 12:19:32, 39.14, 38.85, 33.10, 32.85, 33.15, 32.91
2018/07/13 12:19:33, 39.15, 38.84, 33.00, 32.84, 33.15, 32.91
2018/07/13 12:19:34, 39.14, 38.87, 33.00, 32.84, 33.12, 32.90
2018/07/13 12:19:35, 39.13, 38.87, 32.99, 32.83, 33.15, 32.91
2018/07/13 12:19:36, 39.12, 38.86, 33.00, 32.85, 33.14, 32.90
2018/07/13 12:19:37, 39.14, 38.86, 32.99, 32.82, 33.15, 32.91
2018/07/13 12:19:38, 39.15, 38.85, 33.00, 32.82, 33.14, 32.92
2018/07/13 12:19:39, 39.16, 38.84, 32.98, 32.85, 33.16, 32.90
2018/07/13 12:19:40, 39.11, 38.85, 32.98, 32.84, 33.14, 32.92
2018/07/13 12:19:41, 39.12, 38.85, 32.99, 32.81, 33.15, 32.92
2018/07/13 12:19:42, 39.15, 38.86, 32.97, 32.82, 33.14, 32.92
2018/07/13 12:19:43, 39.14, 38.86, 32.98, 32.83, 33.16, 32.91
2018/07/13 12:19:44, 39.14, 38.86, 32.96, 32.83, 33.19, 32.92
2018/07/13 12:19:45, 39.12, 38.86, 32.96, 32.82, 33.15, 32.92
2018/07/13 12:19:46, 39.17, 38.87, 32.97, 32.79, 33.17, 32.91
2018/07/13 12:19:47, 39.14, 38.87, 32.96, 32.81, 33.15, 32.92
2018/07/13 12:19:48, 39.15, 38.89, 32.94, 32.81, 33.17, 32.92
2018/07/13 12:19:49, 39.12, 38.86, 32.96, 32.81, 33.16, 32.94
2018/07/13 12:19:50, 39.15, 38.86, 32.94, 32.82, 33.16, 32.94
2018/07/13 12:19:51, 39.15, 38.86, 32.95, 32.81, 33.16, 32.94
2018/07/13 12:19:52, 39.15, 38.87, 32.94, 32.81, 33.17, 32.93
2018/07/13 12:19:53, 39.15, 38.84, 32.94, 32.81, 33.18, 32.93
2018/07/13 12:19:54, 39.14, 38.87, 32.93, 32.81, 33.17, 32.94
2018/07/13 12:19:55, 39.14, 38.86, 32.96, 32.80, 33.20, 32.94
2018/07/13 12:19:56, 39.14, 38.87, 32.91, 32.79, 33.19, 32.93
2018/07/13 12:19:57, 39.14, 38.86, 32.92, 32.79, 33.17, 32.95
2018/07/13 12:19:58, 39.15, 38.86, 32.94, 32.80, 33.18, 32.94
2018/07/13 12:19:59, 39.15, 38.87, 32.93, 32.79, 33.17, 32.95
2018/07/13 12:20:00, 39.15, 38.87, 32.92, 32.79, 33.20, 32.96
2018/07/13 12:20:01, 39.13, 38.89, 32.90, 32.79, 33.17, 32.94
2018/07/13 12:20:02, 39.15, 38.88, 32.91, 32.78, 33.17, 32.95
2018/07/13 12:20:03, 39.15, 38.88, 32.92, 32.77, 33.19, 32.94
2018/07/13 12:20:04, 39.15, 38.88, 32.92, 32.78, 33.20, 32.97
2018/07/13 12:20:05, 39.15, 38.88, 32.92, 32.78, 33.22, 32.95
2018/07/13 12:20:06, 39.15, 38.88, 32.91, 32.76, 33.20, 32.97
2018/07/13 12:20:07, 39.14, 38.87, 32.91, 32.76, 33.19, 32.96
2018/07/13 12:20:08, 39.15, 38.88, 32.92, 32.77, 33.20, 32.95
2018/07/13 12:20:09, 39.15, 38.89, 32.90, 32.77, 33.19, 32.95
2018/07/13 12:20:10, 39.14, 38.86, 32.91, 32.76, 33.21, 32.97
2018/07/13 12:20:11, 39.13, 38.88, 32.90, 32.74, 33.21, 32.97
2018/07/13 12:20:12, 39.15, 38.88, 32.91, 32.76, 33.23, 32.96
2018/07/13 12:20:13, 39.15, 38.88, 32.90, 32.75, 33.21, 32.98
2018/07/13 12:20:14, 39.14, 38.89, 32.90, 32.76, 33.21, 32.95
2018/07/13 12:20:15, 39.15, 38.88, 32.91, 32.75, 33.21, 32.97
2018/07/13 12:20:16, 39.15, 38.88, 32.89, 32.73, 33.21, 32.98
2018/07/13 12:20:17, 39.13, 38.88, 32.88, 32.74, 33.21, 32.98
2018/07/13 12:20:18, 39.64, 38.90, 32.88, 32.72, 33.23, 32.96
2018/07/13 12:20:19, 39.14, 38.88, 32.87, 32.73, 33.24, 32.98
2018/07/13 12:20:20, 39.15, 38.88, 32.89, 32.72, 33.21, 32.98
2018/07/13 12:20:21, 39.16, 38.88, 32.89, 32.73, 33.23, 32.98
2018/07/13 12:20:22, 39.17, 38.88, 32.88, 32.71, 33.25, 33.00
2018/07/13 12:20:23, 39.15, 38.87, 32.88, 32.71, 33.25, 32.97
2018/07/13 12:20:24, 39.16, 38.88, 32.89, 32.71, 33.25, 33.00
2018/07/13 12:20:25, 39.16, 38.84, 32.89, 32.71, 33.25, 32.98
2018/07/13 12:20:26, 39.15, 38.87, 32.87, 32.71, 33.24, 32.98
2018/07/13 12:20:27, 39.15, 38.84, 32.88, 32.72, 33.25, 32.99
2018/07/13 12:20:28, 39.15, 38.89, 32.87, 32.72, 33.25, 32.99
2018/07/13 12:20:29, 39.16, 38.86, 32.85, 32.71, 33.26, 32.99
2018/07/13 12:20:30, 39.13, 38.87, 32.86, 32.72, 33.25, 33.10
2018/07/13 12:20:31, 39.15, 38.88, 32.86, 32.71, 33.28, 33.00
2018/07/13 12:20:32, 39.15, 38.90, 32.86, 32.68, 33.28, 33.00
2018/07/13 12:20:33, 39.15, 38.89, 32.85, 32.71, 33.26, 33.30
2018/07/13 12:20:34, 39.15, 38.85, 32.85, 32.69, 33.26, 33.20
2018/07/13 12:20:35, 39.16, 38.88, 32.84, 32.69, 33.29, 33.20
2018/07/13 12:20:36, 39.15, 38.87, 32.86, 32.69, 33.28, 33.00
2018/07/13 12:20:37, 39.16, 38.86, 32.85, 32.69, 33.28, 33.10
2018/07/13 12:20:38, 39.14, 38.87, 32.83, 32.71, 33.26, 33.10
2018/07/13 12:20:39, 39.15, 38.85, 32.82, 32.68, 33.28, 33.20
2018/07/13 12:20:40, 39.15, 38.84, 32.83, 32.69, 33.29, 33.00
2018/07/13 12:20:41, 39.15, 38.84, 32.82, 32.69, 33.29, 33.10
2018/07/13 12:20:42, 39.16, 38.86, 32.83, 32.68, 33.31, 33.10
2018/07/13 12:20:43, 39.16, 38.88, 32.82, 32.68, 33.30, 33.20
2018/07/13 12:20:44, 39.15, 38.88, 32.82, 32.69, 33.29, 33.30
2018/07/13 12:20:45, 39.16, 38.88, 32.82, 32.69, 33.30, 33.30
2018/07/13 12:20:46, 39.17, 38.87, 32.80, 32.68, 33.31, 33.30
2018/07/13 12:20:47, 39.17, 38.86, 32.80, 32.66, 33.31, 33.30
2018/07/13 12:20:48, 39.18, 38.86, 32.80, 32.68, 33.30, 33.40
2018/07/13 12:20:49, 39.18, 38.87, 32.80, 32.67, 33.32, 33.40
2018/07/13 12:20:50, 39.20, 38.89, 32.81, 32.67, 33.33, 33.40
2018/07/13 12:20:51, 39.18, 38.87, 32.79, 32.67, 33.32, 33.50
2018/07/13 12:20:52, 39.19, 38.87, 32.80, 32.67, 33.32, 33.50
2018/07/13 12:20:53, 39.19, 38.88, 32.80, 32.67, 33.32, 33.30
2018/07/13 12:20:54, 39.18, 38.88, 32.79, 32.68, 33.35, 33.60
2018/07/13 12:20:55, 39.19, 38.87, 32.78, 32.65, 33.35, 33.60
2018/07/13 12:20:56, 39.20, 38.87, 32.79, 32.67, 33.34, 33.40
2018/07/13 12:20:57, 39.18, 38.89, 32.78, 32.66, 33.34, 33.70
2018/07/13 12:20:58, 39.18, 38.89, 32.77, 32.66, 33.35, 33.50
2018/07/13 12:20:59, 39.19, 38.89, 32.76, 32.66, 33.37, 33.70
2018/07/13 12:21:00, 39.18, 38.89, 32.79, 32.66, 33.36, 33.70
2018/07/13 12:21:01, 39.18, 38.88, 32.77, 32.64, 33.35, 33.50
2018/07/13 12:21:02, 39.19, 38.88, 32.75, 32.65, 33.36, 33.70
2018/07/13 12:21:03, 39.18, 38.89, 32.76, 32.64, 33.36, 33.80
2018/07/13 12:21:04, 39.18, 38.89, 32.76, 32.64, 33.38, 33.80
2018/07/13 12:21:05, 39.19, 38.89, 32.75, 32.66, 33.38, 33.90
2018/07/13 12:21:06, 39.18, 38.88, 32.75, 32.63, 33.37, 33.80
2018/07/13 12:21:07, 39.17, 38.91, 32.75, 32.65, 33.37, 33.90
2018/07/13 12:21:08, 39.20, 38.90, 32.73, 32.63, 33.39, 33.10
2018/07/13 12:21:09, 39.19, 38.90, 32.73, 32.64, 33.38, 33.80
2018/07/13 12:21:10, 39.18, 38.92, 32.73, 32.62, 33.38, 33.90
2018/07/13 12:21:11, 39.17, 38.90, 32.75, 32.63, 33.39, 33.90
2018/07/13 12:21:12, 39.19, 38.90, 32.73, 32.62, 33.40, 33.90
2018/07/13 12:21:13, 39.19, 38.89, 32.71, 32.61, 33.40, 33.10
2018/07/13 12:21:14, 39.19, 38.91, 32.71, 32.61, 33.40, 33.13
2018/07/13 12:21:15, 39.19, 38.89, 32.71, 32.63, 33.40, 33.12
2018/07/13 12:21:16, 39.19, 38.91, 32.72, 32.63, 33.42, 33.10
2018/07/13 12:21:17, 39.18, 38.91, 32.71, 32.63, 33.44, 33.12
2018/07/13 12:21:18, 39.19, 38.91, 32.70, 32.61, 33.43, 33.12
2018/07/13 12:21:19, 39.18, 38.90, 32.71, 32.61, 33.43, 33.12
2018/07/13 12:21:20, 39.19, 38.89, 32.69, 32.62, 33.44, 33.11
2018/07/13 12:21:21, 39.20, 38.91, 32.69, 32.60, 33.44, 33.11
2018/07/13 12:21:22, 39.18, 38.91, 32.69, 32.61, 33.44, 33.13
2018/07/13 12:21:23, 39.19, 38.91, 32.68, 32.61, 33.43, 33.12
2018/07/13 12:21:24, 39.19, 38.92, 32.66, 32.59, 33.44, 33.13
2018/07/13 12:21:25, 39.20, 38.90, 32.66, 32.58, 33.42, 33.12
2018/07/13 12:21:26, 39.18, 38.92, 32.67, 32.58, 33.43, 33.14
2018/07/13 12:21:27, 39.20, 38.92, 32.68, 32.57, 33.45, 33.15
2018/07/13 12:21:28, 39.21, 38.88, 32.67, 32.57, 33.46, 33.14
2018/07/13 12:21:29, 39.22, 38.92, 32.66, 32.58, 33.46, 33.14
2018/07/13 12:21:30, 39.20, 38.91, 32.68, 32.57, 33.47, 33.15
2018/07/13 12:21:31, 39.22, 38.94, 32.67, 32.57, 33.46, 33.16
2018/07/13 12:21:32, 39.24, 38.93, 32.66, 32.56, 33.46, 33.17
2018/07/13 12:21:33, 39.23, 38.94, 32.67, 32.55, 33.48, 33.17
2018/07/13 12:21:34, 39.23, 38.91, 32.66, 32.56, 33.48, 33.16
2018/07/13 12:21:35, 39.22, 38.92, 32.65, 32.57, 33.48, 33.17
2018/07/13 12:21:36, 39.25, 38.95, 32.67, 32.56, 33.48, 33.16
2018/07/13 12:21:37, 39.26, 38.93, 32.67, 32.55, 33.48, 33.17
2018/07/13 12:21:38, 39.23, 38.93, 32.66, 32.55, 33.49, 33.18
2018/07/13 12:21:39, 39.25, 38.94, 32.64, 32.53, 33.49, 33.18
2018/07/13 12:21:40, 39.25, 38.94, 32.64, 32.54, 33.51, 33.19
2018/07/13 12:21:41, 39.26, 38.95, 32.66, 32.54, 33.52, 33.17
2018/07/13 12:21:42, 39.29, 38.93, 32.64, 32.53, 33.50, 33.20
2018/07/13 12:21:43, 39.25, 38.97, 32.65, 32.51, 33.52, 33.21
2018/07/13 12:21:44, 39.27, 38.93, 32.64, 32.53, 33.51, 33.20
2018/07/13 12:21:45, 39.27, 38.94, 32.64, 32.51, 33.52, 33.20
2018/07/13 12:21:46, 39.29, 38.95, 32.64, 32.51, 33.52, 33.20
2018/07/13 12:21:47, 39.26, 38.93, 32.66, 32.51, 33.54, 33.21
2018/07/13 12:21:48, 39.29, 38.95, 32.62, 32.51, 33.53, 33.19
2018/07/13 12:21:49, 39.31, 38.95, 32.64, 32.49, 33.54, 33.21
2018/07/13 12:21:50, 39.31, 38.94, 32.62, 32.50, 33.55, 33.23
2018/07/13 12:21:51, 39.33, 38.94, 32.63, 32.49, 33.55, 33.23
2018/07/13 12:21:52, 39.33, 38.93, 32.64, 32.47, 33.55, 33.23
2018/07/13 12:21:53, 39.34, 38.97, 32.66, 32.48, 33.56, 33.24
2018/07/13 12:21:54, 39.33, 38.94, 32.64, 32.48, 33.55, 33.23
2018/07/13 12:21:55, 39.34, 38.94, 32.62, 32.48, 33.57, 33.25
2018/07/13 12:21:56, 39.36, 38.94, 32.64, 32.45, 33.58, 33.25
2018/07/13 12:21:57, 39.36, 38.92, 32.64, 32.46, 33.57, 33.27
2018/07/13 12:21:58, 39.36, 38.94, 32.63, 32.46, 33.58, 33.25
2018/07/13 12:21:59, 39.36, 38.92, 32.59, 32.45, 33.57, 33.26
2018/07/13 12:22:00, 39.36, 38.93, 32.60, 32.44, 33.58, 33.27
2018/07/13 12:22:01, 39.38, 38.93, 32.60, 32.44, 33.60, 33.26
2018/07/13 12:22:02, 39.37, 38.94, 32.60, 32.45, 33.60, 33.28
2018/07/13 12:22:03, 39.39, 38.93, 32.61, 32.46, 33.60, 33.29
2018/07/13 12:22:04, 39.36, 38.94, 32.62, 32.43, 33.61, 33.30
2018/07/13 12:22:05, 39.37, 38.95, 32.60, 32.43, 33.60, 33.30
2018/07/13 12:22:06, 39.40, 38.93, 32.59, 32.44, 33.62, 33.30
2018/07/13 12:22:07, 39.41, 38.95, 32.61, 32.46, 33.63, 33.31
2018/07/13 12:22:08, 39.38, 38.92, 32.60, 32.43, 33.60, 33.31
2018/07/13 12:22:09, 39.40, 38.93, 32.59, 32.44, 33.64, 33.32
2018/07/13 12:22:10, 39.41, 38.93, 32.60, 32.44, 33.63, 33.33
2018/07/13 12:22:11, 39.42, 38.96, 32.60, 32.44, 33.63, 33.31
2018/07/13 12:22:12, 39.42, 38.95, 32.58, 32.42, 33.67, 33.32
2018/07/13 12:22:13, 39.41, 38.94, 32.59, 32.45, 33.65, 33.35
2018/07/13 12:22:14, 39.42, 38.95, 32.58, 32.44, 33.64, 33.35
2018/07/13 12:22:15, 39.41, 38.94, 32.58, 32.42, 33.65, 33.36
2018/07/13 12:22:16, 39.40, 38.95, 32.58, 32.44, 33.66, 33.35
2018/07/13 12:22:17, 39.40, 38.96, 32.58, 32.42, 33.66, 33.36
2018/07/13 12:22:18, 39.43, 38.96, 32.57, 32.43, 33.68, 33.36
2018/07/13 12:22:19, 39.42, 38.95, 32.58, 32.43, 33.67, 33.38
2018/07/13 12:22:20, 39.40, 38.95, 32.57, 32.43, 33.67, 33.38
2018/07/13 12:22:21, 39.41, 38.94, 32.59, 32.42, 33.69, 33.38
2018/07/13 12:22:22, 39.42, 38.94, 32.55, 32.43, 33.67, 33.39
2018/07/13 12:22:23, 39.43, 38.95, 32.57, 32.40, 33.69, 33.40
2018/07/13 12:22:24, 39.43, 38.95, 32.57, 32.41, 33.70, 33.39
2018/07/13 12:22:25, 39.39, 38.96, 32.58, 32.39, 33.71, 33.40
2018/07/13 12:22:26, 39.42, 38.96, 32.57, 32.41, 33.73, 33.40
2018/07/13 12:22:27, 39.41, 38.99, 32.57, 32.41, 33.73, 33.40
2018/07/13 12:22:28, 39.40, 38.96, 32.57, 32.42, 33.73, 33.42
2018/07/13 12:22:29, 39.42, 38.95, 32.58, 32.40, 33.71, 33.42
2018/07/13 12:22:30, 39.41, 38.96, 32.58, 32.40, 33.75, 33.42
2018/07/13 12:22:31, 39.43, 38.94, 32.57, 32.41, 33.73, 33.42
2018/07/13 12:22:32, 39.41, 38.93, 32.57, 32.39, 33.75, 33.43
2018/07/13 12:22:33, 39.41, 38.94, 32.58, 32.39, 33.74, 33.44
2018/07/13 12:22:34, 39.41, 38.93, 32.57, 32.39, 33.76, 33.44
2018/07/13 12:22:35, 39.38, 38.96, 32.56, 32.39, 33.76, 33.45
2018/07/13 12:22:36, 39.40, 38.94, 32.57, 32.39, 33.76, 33.47
2018/07/13 12:22:37, 39.40, 38.96, 32.60, 32.36, 33.78, 33.47
2018/07/13 12:22:38, 39.42, 38.96, 32.58, 32.38, 33.76, 33.49
2018/07/13 12:22:39, 39.42, 38.97, 32.57, 32.37, 33.80, 33.47
2018/07/13 12:22:40, 39.41, 38.97, 32.57, 32.37, 33.78, 33.48
2018/07/13 12:22:41, 39.40, 38.96, 32.57, 32.39, 33.78, 33.48
2018/07/13 12:22:42, 39.40, 38.95, 32.54, 32.39, 33.80, 33.49
2018/07/13 12:22:43, 39.41, 38.97, 32.57, 32.38, 33.80, 33.50
2018/07/13 12:22:44, 39.40, 38.94, 32.56, 32.39, 33.81, 33.51
2018/07/13 12:22:45, 39.41, 38.98, 32.56, 32.36, 33.81, 33.50
2018/07/13 12:22:46, 39.41, 38.96, 32.55, 32.37, 33.83, 33.52
2018/07/13 12:22:47, 39.40, 38.99, 32.57, 32.37, 33.83, 33.50
2018/07/13 12:22:48, 39.40, 38.96, 32.55, 32.38, 33.83, 33.52
2018/07/13 12:22:49, 39.40, 38.97, 32.57, 32.38, 33.82, 33.53
2018/07/13 12:22:50, 39.41, 38.97, 32.55, 32.39, 33.84, 33.52
2018/07/13 12:22:51, 39.42, 38.99, 32.57, 32.37, 33.83, 33.54
2018/07/13 12:22:52, 39.41, 38.99, 32.55, 32.38, 33.86, 33.54
