2018/07/13 10:50:18, 39.48, 38.48, 33.35, 33.45, 32.20, 32.20
2018/07/13 10:50:19, 39.53, 38.54, 33.34, 33.45, 32.20, 32.50
2018/07/13 10:50:20, 39.48, 38.51, 33.35, 33.46, 32.10, 32.30
2018/07/13 10:50:21, 39.49, 38.49, 33.33, 33.46, 32.00, 32.50
2018/07/13 10:50:22, 39.47, 38.46, 33.35, 33.46, 32.10, 32.40
2018/07/13 10:50:23, 39.52, 38.45, 33.34, 33.48, 32.10, 32.40
2018/07/13 10:50:24, 39.45, 38.47, 33.36, 33.47, 32.30, 32.70
2018/07/13 10:50:25, 39.40, 38.38, 33.35, 33.48, 32.20, 32.60
2018/07/13 10:50:26, 39.41, 38.36, 33.34, 33.48, 32.30, 32.40
2018/07/13 10:50:27, 39.42, 38.37, 33.37, 33.49, 32.00, 32.40
2018/07/13 10:50:28, 39.46, 38.38, 33.38, 33.49, 32.30, 32.50
2018/07/13 10:50:29, 39.48, 38.44, 33.36, 33.48, 32.10, 32.40
2018/07/13 10:50:30, 39.47, 38.47, 33.36, 33.52, 32.20, 32.70
2018/07/13 10:50:31, 39.49, 38.52, 33.36, 33.50, 32.10, 32.50
2018/07/13 10:50:32, 39.50, 38.54, 33.37, 33.51, 32.20, 32.60
2018/07/13 10:50:33, 39.52, 38.52, 33.37, 33.51, 32.30, 32.70
2018/07/13 10:50:34, 39.48, 38.52, 33.38, 33.51, 32.30, 32.70
2018/07/13 10:50:35, 39.49, 38.54, 33.37, 33.50, 32.40, 32.50
2018/07/13 10:50:36, 39.52, 38.54, 33.39, 33.52, 32.20, 32.50
2018/07/13 10:50:37, 39.54, 38.56, 33.39, 33.51, 32.30, 32.60
2018/07/13 10:50:38, 39.52, 38.54, 33.40, 33.53, 32.30, 32.60
2018/07/13 10:50:39, 39.52, 38.54, 33.41, 33.50, 32.40, 32.60
2018/07/13 10:50:40, 39.51, 38.55, 33.40, 33.53, 32.40, 32.70
2018/07/13 10:50:41, 39.52, 38.56, 33.40, 33.53, 32.30, 32.70
2018/07/13 10:50:42, 39.50, 38.54, 33.40, 33.52, 32.50, 32.70
2018/07/13 10:50:43, 39.52, 38.52, 33.40, 33.51, 32.20, 32.50
2018/07/13 10:50:44, 39.47, 38.51, 33.42, 33.53, 32.40, 32.70
2018/07/13 10:50:45, 39.46, 38.51, 33.42, 33.53, 32.30, 32.60
2018/07/13 10:50:46, 39.46, 38.47, 33.41, 33.55, 32.50, 32.70
2018/07/13 10:50:47, 39.43, 38.44, 33.42, 33.55, 32.50, 32.10
2018/07/13 10:50:48, 39.42, 38.43, 33.43, 33.54, 32.50, 32.70
2018/07/13 10:50:49, 39.40, 38.49, 33.44, 33.56, 32.50, 32.60
2018/07/13 10:50:50, 39.38, 38.51, 33.43, 33.55, 32.50, 32.80
2018/07/13 10:50:51, 39.35, 38.48, 33.42, 33.56, 32.50, 32.10
2018/07/13 10:50:52, 39.36, 38.48, 33.45, 33.58, 32.60, 32.80
2018/07/13 10:50:53, 39.36, 38.47, 33.42, 33.58, 32.50, 32.80
2018/07/13 10:50:54, 39.37, 38.49, 33.42, 33.58, 32.50, 32.10
2018/07/13 10:50:55, 39.38, 38.46, 33.42, 33.58, 32.50, 32.90
2018/07/13 10:50:56, 39.40, 38.47, 33.42, 33.59, 32.50, 32.10
2018/07/13 10:50:57, 39.38, 38.49, 33.41, 33.58, 32.80, 32.80
2018/07/13 10:50:58, 39.38, 38.51, 33.43, 33.60, 32.60, 32.90
2018/07/13 10:50:59, 39.78, 38.49, 33.42, 33.62, 32.50, 32.80
2018/07/13 10:51:00, 39.74, 38.46, 33.44, 33.57, 32.50, 32.10
2018/07/13 10:51:01, 39.62, 38.48, 33.45, 33.61, 32.50, 32.80
2018/07/13 10:51:02, 39.60, 38.51, 33.43, 33.60, 32.50, 32.80
2018/07/13 10:51:03, 39.56, 38.50, 33.44, 33.60, 32.50, 32.90
2018/07/13 10:51:04, 39.56, 38.47, 33.43, 33.61, 32.50, 32.10
2018/07/13 10:50:52, 39.57, 38.46, 33.43, 33.62, 32.50, 32.90
2018/07/13 10:50:57, 39.52, 38.49, 33.44, 33.61, 32.40, 32.10
2018/07/13 10:50:58, 39.51, 38.50, 33.44, 33.62, 32.50, 32.90
2018/07/13 10:50:59, 39.53, 38.50, 33.44, 33.62, 32.50, 32.80
2018/07/13 10:51:00, 39.54, 38.51, 33.43, 33.63, 32.50, 32.90
2018/07/13 10:51:01, 39.52, 38.51, 33.43, 33.61, 32.60, 32.10
2018/07/13 10:51:02, 39.53, 38.53, 33.43, 33.63, 32.60, 32.10
2018/07/13 10:51:03, 39.53, 38.53, 33.44, 33.62, 32.40, 32.12
2018/07/13 10:51:04, 39.51, 38.51, 33.44, 33.62, 32.50, 32.10
2018/07/13 10:51:05, 39.51, 38.49, 33.44, 33.63, 32.40, 32.70
2018/07/13 10:51:06, 39.50, 38.47, 33.42, 33.63, 32.40, 32.80
2018/07/13 10:51:07, 39.49, 38.47, 33.45, 33.63, 32.50, 32.11
2018/07/13 10:51:08, 39.50, 38.48, 33.46, 33.62, 32.50, 32.10
2018/07/13 10:51:09, 39.48, 38.47, 33.44, 33.64, 32.60, 32.11
2018/07/13 10:51:10, 39.49, 38.46, 33.48, 33.65, 32.40, 32.11
2018/07/13 10:51:11, 39.49, 38.47, 33.47, 33.62, 32.60, 32.11
2018/07/13 10:51:12, 39.47, 38.50, 33.48, 33.66, 32.50, 32.80
2018/07/13 10:51:13, 39.48, 38.49, 33.47, 33.65, 32.70, 32.90
2018/07/13 10:51:14, 39.49, 38.52, 33.48, 33.66, 32.50, 32.10
2018/07/13 10:51:15, 39.49, 38.68, 33.50, 33.64, 32.70, 32.11
2018/07/13 10:51:16, 39.53, 38.94, 33.49, 33.64, 32.60, 32.10
2018/07/13 10:51:17, 39.52, 39.90, 33.49, 33.66, 32.40, 32.10
2018/07/13 10:51:18, 39.51, 38.88, 33.50, 33.65, 32.60, 32.10
2018/07/13 10:51:19, 39.49, 38.77, 33.49, 33.64, 32.50, 32.11
2018/07/13 10:51:20, 39.56, 38.72, 33.48, 33.65, 32.60, 32.80
2018/07/13 10:51:21, 41.64, 39.26, 33.48, 33.65, 32.50, 32.10
2018/07/13 10:51:22, 41.61, 39.42, 33.51, 33.67, 32.50, 32.90
2018/07/13 10:51:23, 41.11, 38.92, 33.50, 33.65, 32.70, 32.10
2018/07/13 10:51:24, 41.80, 38.83, 33.49, 33.66, 32.70, 32.10
2018/07/13 10:51:25, 40.60, 38.80, 33.49, 33.67, 32.50, 32.10
2018/07/13 10:51:26, 40.27, 38.87, 33.51, 33.66, 32.70, 32.10
2018/07/13 10:51:27, 40.38, 39.17, 33.50, 33.67, 32.80, 32.10
2018/07/13 10:51:28, 40.26, 39.40, 33.53, 33.67, 32.50, 32.10
2018/07/13 10:51:29, 40.23, 39.50, 33.52, 33.67, 32.70, 32.10
2018/07/13 10:51:30, 40.15, 39.10, 33.54, 33.67, 32.70, 32.11
2018/07/13 10:51:31, 40.13, 38.98, 33.53, 33.66, 32.70, 32.90
2018/07/13 10:51:32, 40.80, 38.95, 33.53, 33.68, 32.70, 32.90
2018/07/13 10:51:33, 40.10, 38.94, 33.55, 33.69, 32.70, 32.10
2018/07/13 10:51:34, 40.90, 38.94, 33.55, 33.70, 32.80, 32.12
2018/07/13 10:51:35, 40.30, 38.89, 33.55, 33.71, 32.80, 32.10
2018/07/13 10:51:36, 40.20, 38.90, 33.54, 33.71, 32.70, 32.10
2018/07/13 10:51:37, 40.30, 38.89, 33.56, 33.71, 32.60, 32.12
2018/07/13 10:51:38, 40.60, 38.88, 33.53, 33.71, 32.80, 32.12
2018/07/13 10:51:39, 40.60, 38.85, 33.55, 33.71, 32.50, 32.10
2018/07/13 10:51:40, 40.50, 38.86, 33.56, 33.73, 32.80, 32.14
2018/07/13 10:51:41, 40.20, 38.90, 33.56, 33.72, 32.80, 32.10
2018/07/13 10:51:42, 40.10, 38.87, 33.56, 33.73, 32.60, 32.11
2018/07/13 10:51:43, 40.20, 38.85, 33.56, 33.73, 32.10, 32.13
2018/07/13 10:51:44, 40.20, 38.90, 33.56, 33.73, 32.80, 32.13
2018/07/13 10:51:45, 40.10, 38.89, 33.56, 33.75, 32.80, 32.12
2018/07/13 10:51:46, 40.10, 38.88, 33.55, 33.71, 32.80, 32.13
2018/07/13 10:51:47, 40.00, 38.88, 33.55, 33.74, 32.80, 32.14
2018/07/13 10:51:48, 39.99, 38.88, 33.56, 33.73, 32.70, 32.12
2018/07/13 10:51:49, 39.99, 38.89, 33.56, 33.74, 32.70, 32.14
2018/07/13 10:51:50, 40.00, 38.89, 33.56, 33.73, 32.10, 32.13
2018/07/13 10:51:51, 39.98, 38.87, 33.57, 33.73, 32.90, 32.14
2018/07/13 10:51:52, 39.97, 38.87, 33.57, 33.73, 32.10, 32.13
2018/07/13 10:51:53, 39.97, 38.85, 33.58, 33.75, 32.10, 32.16
2018/07/13 10:51:54, 39.94, 38.85, 33.57, 33.74, 32.80, 32.14
2018/07/13 10:51:55, 39.93, 38.87, 33.57, 33.75, 32.80, 32.14
2018/07/13 10:51:56, 39.94, 38.87, 33.58, 33.77, 32.10, 32.16
2018/07/13 10:51:57, 39.94, 38.86, 33.59, 33.76, 32.10, 32.16
2018/07/13 10:51:58, 39.92, 38.84, 33.60, 33.75, 32.12, 32.15
2018/07/13 10:51:59, 39.93, 38.84, 33.60, 33.75, 32.12, 32.15
2018/07/13 10:52:00, 39.93, 38.88, 33.60, 33.77, 32.11, 32.16
2018/07/13 10:52:01, 39.93, 38.88, 33.60, 33.78, 32.10, 32.15
2018/07/13 10:52:02, 39.93, 38.84, 33.58, 33.76, 32.10, 32.17
2018/07/13 10:52:03, 39.92, 38.84, 33.59, 33.78, 32.90, 32.16
2018/07/13 10:52:04, 39.92, 38.87, 33.59, 33.79, 32.10, 32.15
2018/07/13 10:52:05, 39.95, 38.86, 33.60, 33.78, 32.10, 32.14
2018/07/13 10:52:06, 39.93, 38.85, 33.60, 33.78, 32.11, 32.16
2018/07/13 10:52:07, 39.92, 38.82, 33.60, 33.80, 32.10, 32.16
2018/07/13 10:52:08, 39.93, 38.81, 33.60, 33.79, 32.10, 32.16
2018/07/13 10:52:09, 39.89, 38.81, 33.61, 33.80, 32.10, 32.16
2018/07/13 10:52:10, 39.90, 38.82, 33.60, 33.78, 32.11, 32.15
2018/07/13 10:52:11, 39.93, 38.86, 33.59, 33.80, 32.10, 32.19
2018/07/13 10:52:12, 39.90, 38.84, 33.61, 33.80, 32.90, 32.16
2018/07/13 10:52:13, 39.86, 38.80, 33.60, 33.80, 32.10, 32.17
2018/07/13 10:52:14, 39.81, 38.79, 33.61, 33.81, 32.90, 32.16
2018/07/13 10:52:15, 39.83, 38.74, 33.60, 33.82, 32.11, 32.17
2018/07/13 10:52:16, 39.81, 38.75, 33.59, 33.81, 32.80, 32.15
2018/07/13 10:52:17, 39.80, 38.75, 33.59, 33.79, 32.12, 32.17
2018/07/13 10:52:18, 39.78, 38.74, 33.59, 33.80, 32.10, 32.16
2018/07/13 10:52:19, 39.79, 38.76, 33.60, 33.81, 32.10, 32.17
2018/07/13 10:52:20, 39.80, 38.78, 33.58, 33.80, 32.90, 32.17
2018/07/13 10:52:21, 39.78, 38.77, 33.59, 33.80, 32.80, 32.19
2018/07/13 10:52:22, 39.81, 38.76, 33.59, 33.80, 32.10, 32.17
2018/07/13 10:52:23, 39.80, 38.73, 33.60, 33.81, 32.90, 32.18
2018/07/13 10:52:24, 39.81, 38.74, 33.59, 33.79, 32.90, 32.19
2018/07/13 10:52:25, 39.82, 38.74, 33.60, 33.81, 32.11, 32.20
2018/07/13 10:52:26, 39.82, 38.75, 33.58, 33.80, 32.90, 32.17
2018/07/13 10:52:27, 39.82, 38.75, 33.58, 33.79, 32.90, 32.19
2018/07/13 10:52:28, 39.79, 38.75, 33.58, 33.80, 32.10, 32.19
2018/07/13 10:52:29, 39.82, 38.74, 33.57, 33.80, 32.10, 32.19
2018/07/13 10:52:30, 39.78, 38.71, 33.60, 33.80, 32.10, 32.17
2018/07/13 10:52:31, 39.79, 38.73, 33.57, 33.81, 32.90, 32.20
2018/07/13 10:52:32, 39.79, 38.74, 33.56, 33.78, 32.11, 32.19
2018/07/13 10:52:33, 39.77, 38.72, 33.56, 33.80, 32.90, 32.21
2018/07/13 10:52:34, 39.80, 38.70, 33.57, 33.81, 32.10, 32.19
2018/07/13 10:52:35, 39.80, 38.69, 33.57, 33.81, 32.90, 32.19
2018/07/13 10:52:36, 39.81, 38.74, 33.58, 33.80, 32.90, 32.20
2018/07/13 10:52:37, 39.79, 38.72, 33.56, 33.80, 32.10, 32.19
2018/07/13 10:52:38, 39.85, 38.74, 33.56, 33.80, 32.70, 32.21
2018/07/13 10:52:39, 39.84, 38.76, 33.56, 33.81, 32.90, 32.19
2018/07/13 10:52:40, 39.77, 38.73, 33.56, 33.81, 32.80, 32.20
2018/07/13 10:52:41, 39.77, 38.75, 33.56, 33.81, 32.70, 32.20
2018/07/13 10:52:42, 39.77, 38.74, 33.56, 33.82, 32.80, 32.20
2018/07/13 10:52:43, 39.77, 38.77, 33.57, 33.82, 32.90, 32.20
2018/07/13 10:52:44, 39.74, 38.73, 33.58, 33.81, 32.80, 32.21
2018/07/13 10:52:45, 39.74, 38.76, 33.59, 33.83, 32.80, 32.20
2018/07/13 10:52:46, 39.76, 38.75, 33.57, 33.80, 32.70, 32.20
2018/07/13 10:52:47, 39.76, 38.73, 33.58, 33.81, 32.80, 32.20
2018/07/13 10:52:48, 39.74, 38.75, 33.60, 33.83, 32.80, 32.20
2018/07/13 10:52:49, 39.75, 38.73, 33.61, 33.83, 32.70, 32.23
2018/07/13 10:52:50, 39.72, 38.76, 33.61, 33.82, 32.80, 32.22
2018/07/13 10:52:51, 39.73, 38.75, 33.62, 33.82, 32.80, 32.22
2018/07/13 10:52:52, 39.75, 38.75, 33.62, 33.82, 32.80, 32.20
2018/07/13 10:52:53, 39.76, 38.76, 33.62, 33.83, 32.70, 32.21
2018/07/13 10:52:54, 39.75, 38.75, 33.62, 33.84, 32.60, 32.22
2018/07/13 10:52:55, 39.74, 38.75, 33.62, 33.84, 32.70, 32.24
2018/07/13 10:52:56, 39.75, 38.76, 33.63, 33.85, 32.70, 32.20
2018/07/13 10:52:57, 39.76, 38.70, 33.64, 33.84, 32.80, 32.21
2018/07/13 10:52:58, 39.76, 38.69, 33.66, 33.84, 32.80, 32.21
2018/07/13 10:52:59, 39.74, 38.69, 33.66, 33.86, 32.90, 32.23
2018/07/13 10:53:00, 39.74, 38.67, 33.64, 33.85, 32.10, 32.22
2018/07/13 10:53:01, 39.77, 38.72, 33.65, 33.86, 32.70, 32.20
2018/07/13 10:53:02, 39.74, 38.72, 33.66, 33.87, 32.90, 32.22
2018/07/13 10:53:03, 39.73, 38.69, 33.67, 33.86, 32.80, 32.21
2018/07/13 10:53:04, 39.75, 38.73, 33.67, 33.87, 32.80, 32.21
2018/07/13 10:53:05, 39.76, 38.72, 33.65, 33.88, 32.90, 32.23
2018/07/13 10:53:06, 39.78, 38.72, 33.67, 33.87, 32.11, 32.24
2018/07/13 10:53:07, 39.75, 38.70, 33.68, 33.87, 32.10, 32.23
2018/07/13 10:53:08, 39.74, 38.70, 33.69, 33.86, 32.10, 32.22
2018/07/13 10:53:09, 39.74, 38.74, 33.69, 33.88, 32.10, 32.24
2018/07/13 10:53:10, 39.72, 38.75, 33.67, 33.87, 32.10, 32.24
2018/07/13 10:53:11, 39.75, 38.74, 33.67, 33.88, 32.10, 32.21
2018/07/13 10:53:12, 39.70, 38.70, 33.69, 33.88, 32.10, 32.21
2018/07/13 10:53:13, 39.68, 38.64, 33.69, 33.91, 32.10, 32.23
2018/07/13 10:53:14, 39.70, 38.61, 33.69, 33.91, 32.10, 32.22
2018/07/13 10:53:15, 39.72, 38.61, 33.69, 33.91, 32.10, 32.21
2018/07/13 10:53:16, 39.74, 38.63, 33.67, 33.89, 32.10, 32.22
2018/07/13 10:53:17, 39.75, 38.68, 33.70, 33.90, 32.10, 32.23
2018/07/13 10:53:18, 39.77, 38.73, 33.68, 33.90, 32.90, 32.20
2018/07/13 10:53:19, 39.72, 38.76, 33.69, 33.91, 32.10, 32.22
2018/07/13 10:53:20, 39.76, 38.72, 33.68, 33.91, 32.11, 32.21
2018/07/13 10:53:21, 39.73, 38.71, 33.69, 33.91, 32.12, 32.22
2018/07/13 10:53:22, 39.74, 38.68, 33.68, 33.91, 32.11, 32.21
2018/07/13 10:53:23, 39.70, 38.68, 33.68, 33.91, 32.10, 32.20
2018/07/13 10:53:24, 39.71, 38.70, 33.69, 33.89, 32.10, 32.22
2018/07/13 10:53:25, 39.75, 38.72, 33.69, 33.91, 32.11, 32.21
2018/07/13 10:53:26, 39.73, 38.72, 33.68, 33.89, 32.10, 32.22
2018/07/13 10:53:27, 39.72, 38.72, 33.67, 33.90, 32.90, 32.21
2018/07/13 10:53:28, 39.72, 38.70, 33.68, 33.89, 32.10, 32.21
2018/07/13 10:53:29, 39.69, 38.71, 33.68, 33.90, 32.90, 32.21
2018/07/13 10:53:30, 39.71, 38.70, 33.69, 33.92, 32.10, 32.23
2018/07/13 10:53:31, 39.72, 38.69, 33.68, 33.89, 32.80, 32.19
2018/07/13 10:53:32, 39.75, 38.69, 33.68, 33.91, 32.80, 32.20
2018/07/13 10:53:33, 39.71, 38.71, 33.65, 33.89, 32.11, 32.21
2018/07/13 10:53:34, 39.68, 38.74, 33.66, 33.91, 32.10, 32.20
2018/07/13 10:53:35, 39.70, 38.70, 33.67, 33.90, 32.10, 32.22
2018/07/13 10:53:36, 39.69, 38.70, 33.66, 33.91, 32.10, 32.19
2018/07/13 10:53:37, 39.67, 38.71, 33.67, 33.90, 32.11, 32.19
2018/07/13 10:53:38, 39.67, 38.69, 33.66, 33.91, 32.12, 32.20
2018/07/13 10:53:39, 39.65, 38.70, 33.66, 33.91, 32.10, 32.21
2018/07/13 10:53:40, 39.65, 38.71, 33.66, 33.91, 32.11, 32.22
2018/07/13 10:53:41, 39.64, 38.72, 33.65, 33.93, 32.11, 32.21
2018/07/13 10:53:42, 39.58, 38.70, 33.66, 33.91, 32.10, 32.20
2018/07/13 10:53:43, 39.60, 38.71, 33.66, 33.92, 32.11, 32.20
2018/07/13 10:53:44, 39.62, 38.71, 33.66, 33.89, 32.12, 32.20
2018/07/13 10:53:45, 39.54, 38.68, 33.66, 33.92, 32.10, 32.20
2018/07/13 10:53:46, 39.56, 38.65, 33.65, 33.90, 32.13, 32.21
2018/07/13 10:53:47, 39.58, 38.66, 33.67, 33.89, 32.12, 32.21
2018/07/13 10:53:48, 39.58, 38.66, 33.63, 33.88, 32.12, 32.21
2018/07/13 10:53:49, 39.60, 38.64, 33.64, 33.90, 32.14, 32.21
2018/07/13 10:53:50, 39.59, 38.64, 33.65, 33.89, 32.13, 32.21
2018/07/13 10:53:51, 39.60, 38.62, 33.65, 33.89, 32.12, 32.22
2018/07/13 10:53:52, 39.59, 38.60, 33.66, 33.90, 32.14, 32.22
2018/07/13 10:53:53, 39.58, 38.61, 33.65, 33.90, 32.12, 32.21
2018/07/13 10:53:54, 39.57, 38.60, 33.65, 33.89, 32.12, 32.19
2018/07/13 10:53:55, 39.56, 38.61, 33.65, 33.90, 32.12, 32.21
2018/07/13 10:53:56, 39.54, 38.62, 33.66, 33.91, 32.12, 32.21
2018/07/13 10:53:57, 39.55, 38.65, 33.67, 33.90, 32.12, 32.22
2018/07/13 10:53:58, 39.53, 38.65, 33.66, 33.92, 32.11, 32.20
2018/07/13 10:53:59, 39.54, 38.66, 33.66, 33.90, 32.11, 32.21
2018/07/13 10:54:00, 39.54, 38.61, 33.65, 33.91, 32.12, 32.21
2018/07/13 10:54:01, 39.55, 38.58, 33.66, 33.91, 32.13, 32.21
2018/07/13 10:54:02, 39.53, 38.60, 33.67, 33.91, 32.12, 32.21
2018/07/13 10:54:03, 39.52, 38.61, 33.66, 33.90, 32.12, 32.21
2018/07/13 10:54:04, 39.51, 38.61, 33.67, 33.91, 32.12, 32.20
2018/07/13 10:54:05, 39.52, 38.63, 33.67, 33.90, 32.13, 32.20
2018/07/13 10:54:06, 39.54, 38.60, 33.67, 33.90, 32.12, 32.22
2018/07/13 10:54:07, 39.53, 38.60, 33.66, 33.90, 32.14, 32.20
2018/07/13 10:54:08, 39.54, 38.59, 33.66, 33.89, 32.12, 32.19
2018/07/13 10:54:09, 39.53, 38.59, 33.67, 33.91, 32.13, 32.21
2018/07/13 10:54:10, 39.47, 38.60, 33.66, 33.92, 32.14, 32.22
2018/07/13 10:54:11, 39.46, 38.59, 33.66, 33.91, 32.14, 32.20
2018/07/13 10:54:12, 39.46, 38.61, 33.67, 33.93, 32.14, 32.21
2018/07/13 10:54:13, 39.47, 38.63, 33.67, 33.91, 32.14, 32.20
2018/07/13 10:54:14, 39.44, 38.66, 33.65, 33.91, 32.14, 32.20
2018/07/13 10:54:15, 39.46, 38.63, 33.66, 33.91, 32.14, 32.21
2018/07/13 10:54:16, 39.48, 38.61, 33.66, 33.91, 32.14, 32.20
2018/07/13 10:54:17, 39.46, 38.60, 33.65, 33.90, 32.14, 32.20
2018/07/13 10:54:18, 39.47, 38.59, 33.66, 33.91, 32.15, 32.21
2018/07/13 10:54:19, 39.47, 38.58, 33.64, 33.91, 32.16, 32.20
2018/07/13 10:54:20, 39.45, 38.58, 33.66, 33.90, 32.15, 32.21
2018/07/13 10:54:21, 39.45, 38.59, 33.66, 33.89, 32.17, 32.21
2018/07/13 10:54:22, 39.44, 38.57, 33.65, 33.91, 32.17, 32.18
2018/07/13 10:54:23, 39.45, 38.56, 33.62, 33.91, 32.17, 32.18
2018/07/13 10:54:24, 39.45, 38.57, 33.64, 33.89, 32.17, 32.19
2018/07/13 10:54:25, 39.44, 38.57, 33.64, 33.91, 32.17, 32.19
2018/07/13 10:54:26, 39.43, 38.55, 33.64, 33.90, 32.18, 32.19
2018/07/13 10:54:27, 39.44, 38.54, 33.64, 33.91, 32.20, 32.20
2018/07/13 10:54:28, 39.44, 38.54, 33.65, 33.90, 32.21, 32.19
2018/07/13 10:54:29, 39.41, 38.54, 33.65, 33.91, 32.18, 32.19
2018/07/13 10:54:30, 39.43, 38.57, 33.66, 33.90, 32.19, 32.20
2018/07/13 10:54:31, 39.44, 38.54, 33.64, 33.91, 32.21, 32.19
2018/07/13 10:54:32, 39.42, 38.53, 33.65, 33.90, 32.20, 32.20
2018/07/13 10:54:33, 39.44, 38.52, 33.63, 33.92, 32.20, 32.21
2018/07/13 10:54:34, 39.42, 38.51, 33.62, 33.92, 32.22, 32.19
2018/07/13 10:54:35, 39.44, 38.51, 33.65, 33.90, 32.23, 32.19
2018/07/13 10:54:36, 39.42, 38.51, 33.64, 33.91, 32.22, 32.20
2018/07/13 10:54:37, 39.42, 38.51, 33.63, 33.92, 32.22, 32.19
2018/07/13 10:54:38, 39.43, 38.54, 33.63, 33.91, 32.23, 32.19
2018/07/13 10:54:39, 39.43, 38.53, 33.65, 33.92, 32.22, 32.19
2018/07/13 10:54:40, 39.43, 38.52, 33.65, 33.91, 32.24, 32.19
2018/07/13 10:54:41, 39.41, 38.53, 33.65, 33.92, 32.23, 32.20
2018/07/13 10:54:42, 39.41, 38.52, 33.64, 33.91, 32.25, 32.20
2018/07/13 10:54:43, 39.42, 38.53, 33.63, 33.93, 32.25, 32.21
2018/07/13 10:54:44, 39.44, 38.52, 33.61, 33.92, 32.24, 32.19
2018/07/13 10:54:45, 39.42, 38.51, 33.64, 33.94, 32.25, 32.18
2018/07/13 10:54:46, 39.39, 38.52, 33.61, 33.91, 32.25, 32.20
2018/07/13 10:54:47, 39.41, 38.54, 33.64, 33.93, 32.28, 32.20
2018/07/13 10:54:48, 39.38, 38.54, 33.63, 33.92, 32.28, 32.19
2018/07/13 10:54:49, 39.40, 38.53, 33.63, 33.94, 32.26, 32.19
2018/07/13 10:54:50, 39.38, 38.51, 33.62, 33.92, 32.29, 32.19
2018/07/13 10:54:51, 39.36, 38.53, 33.63, 33.95, 32.28, 32.20
2018/07/13 10:54:52, 39.36, 38.54, 33.62, 33.94, 32.27, 32.18
2018/07/13 10:54:53, 39.37, 38.53, 33.62, 33.94, 32.28, 32.20
2018/07/13 10:54:54, 39.36, 38.54, 33.61, 33.96, 32.29, 32.20
2018/07/13 10:54:55, 39.35, 38.54, 33.60, 33.94, 32.29, 32.19
2018/07/13 10:54:56, 39.32, 38.53, 33.60, 33.94, 32.28, 32.19
2018/07/13 10:54:57, 39.35, 38.55, 33.60, 33.94, 32.28, 32.21
2018/07/13 10:54:58, 39.35, 38.54, 33.60, 33.94, 32.29, 32.18
2018/07/13 10:54:59, 39.33, 38.54, 33.57, 33.94, 32.28, 32.17
2018/07/13 10:55:00, 39.36, 38.55, 33.58, 33.93, 32.28, 32.19
2018/07/13 10:55:01, 39.34, 38.53, 33.58, 33.94, 32.29, 32.19
2018/07/13 10:55:02, 39.36, 38.53, 33.57, 33.94, 32.28, 32.20
2018/07/13 10:55:03, 39.38, 38.54, 33.57, 33.96, 32.28, 32.19
2018/07/13 10:55:04, 39.38, 38.54, 33.58, 33.95, 32.28, 32.20
2018/07/13 10:55:05, 39.38, 38.55, 33.57, 33.94, 32.29, 32.20
2018/07/13 10:55:06, 39.39, 38.56, 33.56, 33.95, 32.29, 32.19
2018/07/13 10:55:07, 39.37, 38.55, 33.56, 33.94, 32.29, 32.18
2018/07/13 10:55:08, 39.37, 38.55, 33.58, 33.95, 32.28, 32.19
2018/07/13 10:55:09, 39.39, 38.55, 33.57, 33.95, 32.29, 32.19
2018/07/13 10:55:10, 39.38, 38.56, 33.56, 33.97, 32.30, 32.20
2018/07/13 10:55:11, 39.41, 38.56, 33.56, 33.97, 32.30, 32.21
2018/07/13 10:55:12, 39.38, 38.60, 33.57, 33.95, 32.30, 32.23
2018/07/13 10:55:13, 39.40, 38.57, 33.56, 33.97, 32.31, 32.21
2018/07/13 10:55:14, 39.39, 38.55, 33.55, 33.96, 32.30, 32.21
2018/07/13 10:55:15, 39.40, 38.55, 33.56, 33.96, 32.29, 32.20
2018/07/13 10:55:16, 39.36, 38.56, 33.55, 33.98, 32.32, 32.22
2018/07/13 10:55:17, 39.38, 38.57, 33.55, 33.98, 32.30, 32.22
2018/07/13 10:55:18, 39.41, 38.56, 33.57, 33.98, 32.31, 32.21
2018/07/13 10:55:19, 39.43, 38.58, 33.55, 33.97, 32.30, 32.21
2018/07/13 10:55:20, 39.41, 38.56, 33.56, 33.98, 32.31, 32.23
2018/07/13 10:55:21, 39.40, 38.58, 33.58, 33.98, 32.30, 32.21
2018/07/13 10:55:22, 39.39, 38.57, 33.56, 34.00, 32.30, 32.23
2018/07/13 10:55:23, 39.37, 38.56, 33.55, 33.99, 32.32, 32.23
2018/07/13 10:55:24, 39.37, 38.58, 33.56, 33.98, 32.28, 32.23
2018/07/13 10:55:25, 39.37, 38.56, 33.56, 33.99, 32.30, 32.23
2018/07/13 10:55:26, 39.35, 38.56, 33.55, 33.98, 32.32, 32.24
2018/07/13 10:55:27, 39.35, 38.57, 33.55, 33.98, 32.28, 32.23
2018/07/13 10:55:28, 39.40, 38.59, 33.53, 33.97, 32.30, 32.25
2018/07/13 10:55:29, 39.35, 38.61, 33.53, 34.00, 32.30, 32.25
2018/07/13 10:55:30, 39.39, 38.57, 33.54, 33.98, 32.30, 32.24
2018/07/13 10:55:31, 39.39, 38.57, 33.53, 33.98, 32.29, 32.23
2018/07/13 10:55:32, 39.35, 38.61, 33.53, 33.97, 32.31, 32.26
2018/07/13 10:55:33, 39.36, 38.63, 33.53, 33.98, 32.30, 32.26
2018/07/13 10:55:34, 39.32, 38.62, 33.53, 33.96, 32.30, 32.25
2018/07/13 10:55:35, 39.31, 38.61, 33.53, 33.97, 32.30, 32.26
2018/07/13 10:55:36, 39.34, 38.60, 33.52, 33.97, 32.30, 32.27
2018/07/13 10:55:37, 39.30, 38.61, 33.53, 33.98, 32.30, 32.26
2018/07/13 10:55:38, 39.30, 38.61, 33.54, 33.96, 32.31, 32.26
2018/07/13 10:55:39, 39.29, 38.65, 33.51, 33.96, 32.30, 32.26
2018/07/13 10:55:40, 39.30, 38.67, 33.53, 33.96, 32.30, 32.28
2018/07/13 10:55:41, 39.31, 38.67, 33.50, 33.94, 32.29, 32.28
2018/07/13 10:55:42, 39.12, 38.65, 33.51, 33.97, 32.29, 32.28
2018/07/13 10:55:43, 39.28, 38.65, 33.51, 33.94, 32.30, 32.29
2018/07/13 10:55:44, 39.28, 38.67, 33.51, 33.94, 32.29, 32.28
2018/07/13 10:55:45, 39.26, 38.65, 33.51, 33.95, 32.29, 32.31
2018/07/13 10:55:46, 39.29, 38.66, 33.51, 33.93, 32.28, 32.30
2018/07/13 10:55:47, 39.29, 38.63, 33.50, 33.93, 32.30, 32.30
2018/07/13 10:55:48, 39.22, 38.58, 33.50, 33.95, 32.28, 32.31
2018/07/13 10:55:49, 39.19, 38.53, 33.49, 33.96, 32.28, 32.31
2018/07/13 10:55:50, 39.21, 38.52, 33.50, 33.94, 32.30, 32.32
2018/07/13 10:55:51, 39.17, 38.50, 33.50, 33.94, 32.29, 32.32
2018/07/13 10:55:52, 39.25, 38.55, 33.50, 33.93, 32.28, 32.32
2018/07/13 10:55:53, 39.22, 38.56, 33.49, 33.96, 32.27, 32.31
2018/07/13 10:55:54, 39.20, 38.56, 33.51, 33.94, 32.29, 32.31
2018/07/13 10:55:55, 39.20, 38.55, 33.48, 33.93, 32.28, 32.32
2018/07/13 10:55:56, 39.21, 38.55, 33.50, 33.94, 32.29, 32.32
2018/07/13 10:55:57, 39.20, 38.59, 33.50, 33.93, 32.30, 32.33
2018/07/13 10:55:58, 39.19, 38.59, 33.51, 33.94, 32.29, 32.34
2018/07/13 10:55:59, 39.19, 38.59, 33.50, 33.95, 32.27, 32.35
2018/07/13 10:56:00, 39.16, 38.57, 33.50, 33.93, 32.28, 32.33
2018/07/13 10:56:01, 39.14, 38.58, 33.51, 33.95, 32.30, 32.35
2018/07/13 10:56:02, 39.20, 38.57, 33.51, 33.93, 32.29, 32.33
2018/07/13 10:56:03, 39.18, 38.57, 33.50, 33.95, 32.29, 32.34
2018/07/13 10:56:04, 39.17, 38.57, 33.51, 33.95, 32.29, 32.34
2018/07/13 10:56:05, 39.16, 38.55, 33.53, 33.96, 32.28, 32.35
2018/07/13 10:56:06, 39.15, 38.54, 33.54, 33.95, 32.29, 32.37
2018/07/13 10:56:07, 39.16, 38.56, 33.51, 33.95, 32.30, 32.36
2018/07/13 10:56:08, 39.14, 38.54, 33.53, 33.95, 32.29, 32.35
2018/07/13 10:56:09, 39.12, 38.53, 33.52, 33.95, 32.30, 32.36
2018/07/13 10:56:10, 39.12, 38.53, 33.52, 33.96, 32.31, 32.37
2018/07/13 10:56:11, 39.11, 38.54, 33.53, 33.95, 32.31, 32.38
2018/07/13 10:56:12, 39.11, 38.54, 33.52, 33.94, 32.30, 32.35
2018/07/13 10:56:13, 39.80, 38.54, 33.53, 33.94, 32.28, 32.37
2018/07/13 10:56:14, 39.70, 38.52, 33.53, 33.96, 32.28, 32.38
2018/07/13 10:56:15, 39.60, 38.51, 33.54, 33.96, 32.31, 32.38
2018/07/13 10:56:16, 39.80, 38.50, 33.53, 33.97, 32.30, 32.39
2018/07/13 10:56:17, 39.60, 38.48, 33.53, 33.96, 32.30, 32.39
2018/07/13 10:56:18, 39.50, 38.49, 33.54, 33.96, 32.28, 32.37
2018/07/13 10:56:19, 39.20, 38.47, 33.53, 33.97, 32.30, 32.39
2018/07/13 10:56:20, 39.30, 38.47, 33.54, 33.98, 32.29, 32.40
2018/07/13 10:56:21, 39.30, 38.45, 33.53, 33.98, 32.29, 32.38
2018/07/13 10:56:22, 39.10, 38.46, 33.53, 33.99, 32.30, 32.39
2018/07/13 10:56:23, 39.20, 38.46, 33.53, 33.99, 32.30, 32.40
2018/07/13 10:56:24, 39.00, 38.46, 33.53, 33.99, 32.32, 32.40
2018/07/13 10:56:25, 39.00, 38.45, 33.55, 33.98, 32.30, 32.41
2018/07/13 10:56:26, 39.10, 38.45, 33.53, 33.99, 32.28, 32.41
2018/07/13 10:56:27, 38.98, 38.45, 33.53, 34.10, 32.29, 32.39
2018/07/13 10:56:28, 38.98, 38.46, 33.54, 34.00, 32.28, 32.40
2018/07/13 10:56:29, 38.98, 38.44, 33.54, 34.00, 32.30, 32.40
2018/07/13 10:56:30, 38.95, 38.45, 33.53, 33.99, 32.31, 32.42
2018/07/13 10:56:31, 38.96, 38.46, 33.53, 34.00, 32.31, 32.41
2018/07/13 10:56:32, 38.97, 38.45, 33.53, 34.20, 32.30, 32.41
2018/07/13 10:56:33, 38.96, 38.44, 33.51, 34.10, 32.33, 32.44
2018/07/13 10:56:34, 38.96, 38.44, 33.50, 34.10, 32.30, 32.41
2018/07/13 10:56:35, 38.96, 38.45, 33.53, 34.30, 32.32, 32.41
2018/07/13 10:56:36, 38.93, 38.43, 33.52, 34.30, 32.32, 32.42
2018/07/13 10:56:37, 38.93, 38.41, 33.51, 34.00, 32.31, 32.43
2018/07/13 10:56:38, 38.92, 38.41, 33.52, 34.20, 32.32, 32.44
2018/07/13 10:56:39, 38.91, 38.43, 33.51, 34.20, 32.32, 32.43
2018/07/13 10:56:40, 38.94, 38.42, 33.51, 34.20, 32.31, 32.43
2018/07/13 10:56:41, 38.90, 38.40, 33.51, 34.00, 32.33, 32.43
2018/07/13 10:56:42, 38.89, 38.43, 33.51, 34.10, 32.33, 32.42
2018/07/13 10:56:43, 38.89, 38.42, 33.53, 34.20, 32.34, 32.43
2018/07/13 10:56:44, 38.90, 38.42, 33.51, 34.20, 32.33, 32.43
2018/07/13 10:56:45, 38.90, 38.43, 33.52, 34.30, 32.33, 32.44
2018/07/13 10:56:46, 38.90, 38.42, 33.53, 34.30, 32.33, 32.46
2018/07/13 10:56:47, 38.92, 38.42, 33.51, 34.30, 32.33, 32.45
2018/07/13 10:56:48, 38.89, 38.41, 33.53, 34.20, 32.32, 32.44
2018/07/13 10:56:49, 38.89, 38.42, 33.53, 34.30, 32.33, 32.45
2018/07/13 10:56:50, 38.87, 38.43, 33.51, 34.50, 32.32, 32.45
2018/07/13 10:56:51, 38.89, 38.41, 33.51, 34.30, 32.35, 32.46
2018/07/13 10:56:52, 38.86, 38.39, 33.52, 34.40, 32.33, 32.48
2018/07/13 10:56:53, 38.88, 38.40, 33.53, 34.30, 32.34, 32.47
2018/07/13 10:56:54, 39.00, 38.47, 33.53, 34.50, 32.31, 32.46
2018/07/13 10:56:55, 39.20, 38.52, 33.51, 34.40, 32.33, 32.47
2018/07/13 10:56:56, 39.39, 38.54, 33.52, 34.30, 32.33, 32.46
2018/07/13 10:56:57, 39.56, 38.55, 33.52, 34.50, 32.30, 32.47
2018/07/13 10:56:58, 39.15, 38.53, 33.52, 34.50, 32.33, 32.47
2018/07/13 10:56:59, 39.44, 38.53, 33.50, 34.50, 32.31, 32.48
2018/07/13 10:57:00, 39.22, 38.54, 33.52, 34.50, 32.33, 32.47
2018/07/13 10:57:01, 39.20, 38.56, 33.51, 34.50, 32.32, 32.46
2018/07/13 10:57:02, 39.17, 38.55, 33.51, 34.30, 32.32, 32.48
2018/07/13 10:57:03, 39.11, 38.53, 33.53, 34.50, 32.31, 32.48
2018/07/13 10:57:04, 39.13, 38.52, 33.53, 34.50, 32.32, 32.48
2018/07/13 10:57:05, 39.10, 38.50, 33.53, 34.60, 32.32, 32.48
2018/07/13 10:57:06, 39.10, 38.49, 33.51, 34.60, 32.32, 32.47
2018/07/13 10:57:07, 39.80, 38.50, 33.52, 34.50, 32.33, 32.47
2018/07/13 10:57:08, 39.80, 38.49, 33.53, 34.50, 32.33, 32.48
2018/07/13 10:57:09, 39.80, 38.50, 33.51, 34.40, 32.33, 32.47
2018/07/13 10:57:10, 39.80, 38.48, 33.52, 34.50, 32.33, 32.48
2018/07/13 10:57:11, 39.60, 38.49, 33.53, 34.50, 32.33, 32.48
2018/07/13 10:57:12, 39.40, 38.50, 33.53, 34.50, 32.32, 32.48
2018/07/13 10:57:13, 39.50, 38.50, 33.53, 34.50, 32.34, 32.48
2018/07/13 10:57:14, 40.10, 38.49, 33.52, 34.70, 32.32, 32.48
2018/07/13 10:57:15, 39.40, 38.48, 33.52, 34.60, 32.34, 32.47
2018/07/13 10:57:16, 39.30, 38.49, 33.52, 34.60, 32.34, 32.48
2018/07/13 10:57:17, 39.40, 38.49, 33.51, 34.70, 32.33, 32.48
2018/07/13 10:57:18, 39.30, 38.49, 33.53, 34.60, 32.35, 32.49
2018/07/13 10:57:19, 40.60, 38.49, 33.53, 34.70, 32.33, 32.50
2018/07/13 10:57:20, 39.20, 38.52, 33.53, 34.80, 32.33, 32.50
2018/07/13 10:57:21, 39.00, 38.48, 33.53, 34.70, 32.33, 32.51
2018/07/13 10:57:22, 39.10, 38.52, 33.52, 34.70, 32.33, 32.48
2018/07/13 10:57:23, 39.10, 38.50, 33.52, 34.80, 32.34, 32.49
2018/07/13 10:57:24, 39.20, 38.48, 33.52, 34.80, 32.33, 32.49
2018/07/13 10:57:25, 39.00, 38.49, 33.53, 34.80, 32.33, 32.51
2018/07/13 10:57:26, 39.00, 38.49, 33.50, 34.80, 32.33, 32.50
2018/07/13 10:57:27, 38.99, 38.50, 33.50, 34.90, 32.34, 32.49
2018/07/13 10:57:28, 39.00, 38.49, 33.50, 34.70, 32.32, 32.48
2018/07/13 10:57:29, 38.98, 38.47, 33.50, 34.70, 32.33, 32.50
2018/07/13 10:57:30, 38.99, 38.49, 33.52, 34.70, 32.32, 32.49
2018/07/13 10:57:31, 40.36, 38.47, 33.51, 34.70, 32.32, 32.51
2018/07/13 10:57:32, 38.97, 38.48, 33.51, 34.70, 32.33, 32.50
2018/07/13 10:57:33, 38.96, 38.45, 33.51, 34.60, 32.32, 32.49
2018/07/13 10:57:34, 38.97, 38.46, 33.50, 34.80, 32.34, 32.50
2018/07/13 10:57:35, 38.98, 38.46, 33.48, 34.80, 32.34, 32.49
2018/07/13 10:57:36, 38.97, 38.48, 33.50, 34.80, 32.35, 32.51
2018/07/13 10:57:37, 38.95, 38.48, 33.49, 34.80, 32.33, 32.49
2018/07/13 10:57:38, 38.94, 38.46, 33.48, 34.60, 32.33, 32.50
2018/07/13 10:57:39, 38.93, 38.47, 33.50, 34.10, 32.34, 32.50
2018/07/13 10:57:40, 38.96, 38.47, 33.50, 34.80, 32.35, 32.49
2018/07/13 10:57:41, 38.97, 38.49, 33.49, 34.70, 32.33, 32.53
2018/07/13 10:57:42, 38.95, 38.46, 33.50, 34.80, 32.33, 32.50
2018/07/13 10:57:43, 38.96, 38.45, 33.49, 34.90, 32.34, 32.52
2018/07/13 10:57:44, 38.93, 38.46, 33.49, 34.80, 32.35, 32.51
2018/07/13 10:57:45, 38.94, 38.46, 33.49, 34.80, 32.34, 32.49
2018/07/13 10:57:46, 38.93, 38.46, 33.49, 34.90, 32.35, 32.51
2018/07/13 10:57:47, 38.93, 38.48, 33.49, 34.10, 32.36, 32.51
2018/07/13 10:57:48, 38.93, 38.48, 33.47, 34.90, 32.34, 32.51
2018/07/13 10:57:49, 38.91, 38.49, 33.48, 34.10, 32.36, 32.51
2018/07/13 10:57:50, 38.93, 38.47, 33.48, 34.11, 32.35, 32.50
2018/07/13 10:57:51, 38.91, 38.48, 33.48, 34.80, 32.34, 32.51
2018/07/13 10:57:52, 38.96, 38.47, 33.49, 34.10, 32.34, 32.52
2018/07/13 10:57:53, 38.91, 38.45, 33.48, 34.10, 32.34, 32.51
2018/07/13 10:57:54, 38.91, 38.44, 33.49, 34.12, 32.34, 32.50
2018/07/13 10:57:55, 38.92, 38.46, 33.48, 34.11, 32.35, 32.51
2018/07/13 10:57:56, 38.92, 38.45, 33.48, 34.10, 32.34, 32.51
2018/07/13 10:57:57, 38.93, 38.47, 33.48, 34.12, 32.36, 32.53
2018/07/13 10:57:58, 38.94, 38.49, 33.47, 34.11, 32.34, 32.50
2018/07/13 10:57:59, 38.93, 38.48, 33.47, 34.12, 32.35, 32.52
2018/07/13 10:58:00, 38.93, 38.47, 33.47, 34.10, 32.35, 32.53
2018/07/13 10:58:01, 38.93, 38.50, 33.48, 34.12, 32.35, 32.51
2018/07/13 10:58:02, 38.94, 38.50, 33.45, 34.12, 32.35, 32.53
2018/07/13 10:58:03, 38.93, 38.47, 33.48, 34.14, 32.33, 32.52
2018/07/13 10:58:04, 38.93, 38.47, 33.44, 34.12, 32.34, 32.53
2018/07/13 10:58:05, 38.94, 38.48, 33.45, 34.13, 32.35, 32.51
2018/07/13 10:58:06, 38.94, 38.47, 33.46, 34.12, 32.35, 32.53
2018/07/13 10:58:07, 38.90, 38.48, 33.47, 34.14, 32.35, 32.53
2018/07/13 10:58:08, 38.91, 38.48, 33.48, 34.14, 32.34, 32.53
2018/07/13 10:58:09, 38.93, 38.47, 33.48, 34.15, 32.35, 32.53
2018/07/13 10:58:10, 38.92, 38.50, 33.48, 34.14, 32.34, 32.51
2018/07/13 10:58:11, 38.94, 38.50, 33.48, 34.14, 32.36, 32.53
2018/07/13 10:58:12, 38.92, 38.47, 33.45, 34.14, 32.35, 32.53
2018/07/13 10:58:13, 38.89, 38.45, 33.47, 34.15, 32.36, 32.53
2018/07/13 10:58:14, 38.89, 38.47, 33.46, 34.14, 32.34, 32.51
2018/07/13 10:58:15, 38.91, 38.44, 33.47, 34.14, 32.36, 32.53
2018/07/13 10:58:16, 38.89, 38.43, 33.48, 34.15, 32.37, 32.52
2018/07/13 10:58:17, 38.95, 38.46, 33.46, 34.16, 32.35, 32.52
2018/07/13 10:58:18, 38.93, 38.48, 33.47, 34.17, 32.36, 32.53
2018/07/13 10:58:19, 39.88, 38.48, 33.49, 34.17, 32.37, 32.51
2018/07/13 10:58:20, 38.92, 38.48, 33.48, 34.17, 32.37, 32.52
2018/07/13 10:58:21, 38.93, 38.50, 33.46, 34.18, 32.36, 32.52
2018/07/13 10:58:22, 38.94, 38.47, 33.48, 34.17, 32.37, 32.52
2018/07/13 10:58:23, 38.89, 38.45, 33.48, 34.17, 32.38, 32.54
2018/07/13 10:58:24, 38.94, 38.49, 33.48, 34.18, 32.37, 32.52
2018/07/13 10:58:25, 38.89, 38.46, 33.48, 34.18, 32.37, 32.53
2018/07/13 10:58:26, 38.88, 38.45, 33.48, 34.17, 32.35, 32.53
2018/07/13 10:58:27, 38.89, 38.45, 33.50, 34.20, 32.39, 32.53
2018/07/13 10:58:28, 38.91, 38.45, 33.49, 34.19, 32.38, 32.53
2018/07/13 10:58:29, 38.90, 38.44, 33.50, 34.19, 32.39, 32.54
2018/07/13 10:58:30, 38.91, 38.47, 33.48, 34.21, 32.36, 32.52
2018/07/13 10:58:31, 38.92, 38.47, 33.49, 34.22, 32.37, 32.52
2018/07/13 10:58:32, 38.89, 38.47, 33.48, 34.21, 32.37, 32.53
2018/07/13 10:58:33, 38.91, 38.48, 33.47, 34.22, 32.40, 32.52
2018/07/13 10:58:34, 38.90, 38.47, 33.48, 34.22, 32.40, 32.53
2018/07/13 10:58:35, 38.90, 38.47, 33.50, 34.22, 32.39, 32.53
2018/07/13 10:58:36, 38.94, 38.49, 33.49, 34.20, 32.39, 32.55
2018/07/13 10:58:37, 38.91, 38.47, 33.48, 34.21, 32.39, 32.53
2018/07/13 10:58:38, 38.92, 38.48, 33.49, 34.21, 32.38, 32.53
2018/07/13 10:58:39, 38.91, 38.49, 33.48, 34.24, 32.41, 32.53
2018/07/13 10:58:40, 38.92, 38.50, 33.48, 34.25, 32.39, 32.53
2018/07/13 10:58:41, 38.90, 38.50, 33.48, 34.24, 32.41, 32.53
2018/07/13 10:58:42, 38.90, 38.49, 33.50, 34.23, 32.39, 32.54
2018/07/13 10:58:43, 38.91, 38.52, 33.48, 34.23, 32.38, 32.55
2018/07/13 10:58:44, 38.90, 38.52, 33.47, 34.23, 32.37, 32.54
2018/07/13 10:58:45, 38.91, 38.51, 33.47, 34.25, 32.39, 32.53
2018/07/13 10:58:46, 38.91, 38.53, 33.49, 34.24, 32.39, 32.55
2018/07/13 10:58:47, 38.90, 38.53, 33.48, 34.23, 32.39, 32.55
2018/07/13 10:58:48, 38.90, 38.51, 33.49, 34.23, 32.39, 32.55
2018/07/13 10:58:49, 38.89, 38.52, 33.48, 34.25, 32.39, 32.55
2018/07/13 10:58:50, 38.89, 38.52, 33.46, 34.24, 32.38, 32.55
2018/07/13 10:58:51, 38.87, 38.52, 33.48, 34.26, 32.39, 32.55
2018/07/13 10:58:52, 38.89, 38.51, 33.48, 34.26, 32.40, 32.56
2018/07/13 10:58:53, 38.92, 38.50, 33.48, 34.25, 32.40, 32.55
2018/07/13 10:58:54, 38.88, 38.52, 33.48, 34.23, 32.41, 32.57
2018/07/13 10:58:55, 38.90, 38.50, 33.49, 34.26, 32.41, 32.55
2018/07/13 10:58:56, 38.90, 38.51, 33.48, 34.25, 32.41, 32.57
2018/07/13 10:58:57, 38.89, 38.52, 33.48, 34.26, 32.40, 32.57
2018/07/13 10:58:58, 38.89, 38.53, 33.48, 34.25, 32.41, 32.56
2018/07/13 10:58:59, 38.89, 38.54, 33.48, 34.25, 32.42, 32.57
2018/07/13 10:59:00, 38.89, 38.53, 33.48, 34.25, 32.42, 32.57
2018/07/13 10:59:01, 38.90, 38.53, 33.50, 34.25, 32.42, 32.58
2018/07/13 10:59:02, 38.90, 38.51, 33.47, 34.26, 32.42, 32.57
2018/07/13 10:59:03, 38.87, 38.52, 33.48, 34.24, 32.41, 32.58
2018/07/13 10:59:04, 38.87, 38.54, 33.49, 34.26, 32.41, 32.57
2018/07/13 10:59:05, 38.89, 38.54, 33.48, 34.24, 32.42, 32.59
2018/07/13 10:59:06, 38.89, 38.53, 33.50, 34.26, 32.43, 32.57
2018/07/13 10:59:07, 38.87, 38.52, 33.46, 34.26, 32.41, 32.58
2018/07/13 10:59:08, 38.91, 38.52, 33.48, 34.24, 32.42, 32.60
2018/07/13 10:59:09, 38.88, 38.52, 33.48, 34.26, 32.43, 32.58
2018/07/13 10:59:10, 38.88, 38.53, 33.45, 34.24, 32.42, 32.58
2018/07/13 10:59:11, 38.87, 38.50, 33.47, 34.27, 32.45, 32.59
2018/07/13 10:59:12, 38.89, 38.50, 33.46, 34.26, 32.43, 32.60
2018/07/13 10:59:13, 38.88, 38.50, 33.47, 34.25, 32.42, 32.57
2018/07/13 10:59:14, 40.12, 38.49, 33.48, 34.25, 32.45, 32.60
2018/07/13 10:59:15, 38.89, 38.49, 33.46, 34.26, 32.44, 32.60
2018/07/13 10:59:16, 38.85, 38.49, 33.47, 34.25, 32.44, 32.58
2018/07/13 10:59:17, 38.86, 38.48, 33.48, 34.26, 32.44, 32.58
2018/07/13 10:59:18, 38.87, 38.49, 33.47, 34.27, 32.43, 32.61
2018/07/13 10:59:19, 38.89, 38.50, 33.48, 34.26, 32.45, 32.60
2018/07/13 10:59:20, 38.86, 38.50, 33.46, 34.25, 32.43, 32.60
2018/07/13 10:59:21, 38.84, 38.49, 33.46, 34.24, 32.45, 32.60
2018/07/13 10:59:22, 38.84, 38.49, 33.45, 34.26, 32.45, 32.61
2018/07/13 10:59:23, 38.84, 38.48, 33.47, 34.25, 32.45, 32.62
2018/07/13 10:59:24, 38.85, 38.49, 33.45, 34.25, 32.45, 32.59
2018/07/13 10:59:25, 38.84, 38.48, 33.46, 34.26, 32.46, 32.60
2018/07/13 10:59:26, 38.84, 38.48, 33.46, 34.27, 32.45, 32.62
2018/07/13 10:59:27, 38.83, 38.48, 33.46, 34.26, 32.45, 32.61
2018/07/13 10:59:28, 38.84, 38.50, 33.47, 34.26, 32.46, 32.60
2018/07/13 10:59:29, 38.85, 38.47, 33.45, 34.26, 32.46, 32.61
2018/07/13 10:59:30, 38.83, 38.49, 33.45, 34.25, 32.48, 32.61
2018/07/13 10:59:31, 38.85, 38.47, 33.46, 34.27, 32.47, 32.61
2018/07/13 10:59:32, 38.85, 38.49, 33.46, 34.26, 32.47, 32.62
2018/07/13 10:59:33, 38.84, 38.47, 33.45, 34.24, 32.46, 32.60
2018/07/13 10:59:34, 38.85, 38.47, 33.45, 34.27, 32.48, 32.62
2018/07/13 10:59:35, 38.84, 38.49, 33.46, 34.24, 32.48, 32.62
2018/07/13 10:59:36, 38.81, 38.48, 33.47, 34.26, 32.47, 32.61
2018/07/13 10:59:37, 38.79, 38.47, 33.46, 34.26, 32.48, 32.62
2018/07/13 10:59:38, 38.82, 38.47, 33.45, 34.26, 32.47, 32.62
2018/07/13 10:59:39, 38.81, 38.47, 33.46, 34.26, 32.48, 32.61
2018/07/13 10:59:40, 38.78, 38.45, 33.46, 34.25, 32.47, 32.63
2018/07/13 10:59:41, 38.80, 38.45, 33.45, 34.25, 32.47, 32.62
2018/07/13 10:59:42, 38.81, 38.46, 33.45, 34.26, 32.46, 32.63
2018/07/13 10:59:43, 38.82, 38.47, 33.44, 34.25, 32.45, 32.64
2018/07/13 10:59:44, 38.84, 38.47, 33.45, 34.24, 32.47, 32.62
2018/07/13 10:59:45, 38.83, 38.47, 33.45, 34.25, 32.46, 32.61
2018/07/13 10:59:46, 38.83, 38.48, 33.42, 34.26, 32.45, 32.61
2018/07/13 10:59:47, 38.79, 38.45, 33.42, 34.25, 32.45, 32.60
2018/07/13 10:59:48, 38.77, 38.45, 33.44, 34.24, 32.43, 32.62
2018/07/13 10:59:49, 38.79, 38.41, 33.44, 34.24, 32.44, 32.63
2018/07/13 10:59:50, 38.79, 38.43, 33.45, 34.26, 32.45, 32.61
2018/07/13 10:59:51, 38.79, 38.46, 33.43, 34.24, 32.44, 32.59
2018/07/13 10:59:52, 38.80, 38.46, 33.42, 34.25, 32.44, 32.61
2018/07/13 10:59:53, 38.80, 38.46, 33.44, 34.24, 32.43, 32.61
2018/07/13 10:59:54, 38.81, 38.44, 33.44, 34.26, 32.45, 32.60
2018/07/13 10:59:55, 38.80, 38.47, 33.45, 34.24, 32.43, 32.62
2018/07/13 10:59:56, 38.79, 38.46, 33.43, 34.23, 32.43, 32.60
2018/07/13 10:59:57, 38.82, 38.48, 33.43, 34.25, 32.42, 32.62
2018/07/13 10:59:58, 38.81, 38.47, 33.44, 34.25, 32.44, 32.61
2018/07/13 10:59:59, 38.79, 38.49, 33.45, 34.25, 32.43, 32.60
2018/07/13 11:00:00, 38.79, 38.47, 33.43, 34.23, 32.42, 32.60
2018/07/13 11:00:01, 38.83, 38.48, 33.44, 34.25, 32.43, 32.60
2018/07/13 11:00:02, 38.80, 38.48, 33.42, 34.25, 32.43, 32.60
2018/07/13 11:00:03, 38.84, 38.49, 33.42, 34.24, 32.42, 32.59
2018/07/13 11:00:04, 38.80, 38.46, 33.41, 34.25, 32.42, 32.59
2018/07/13 11:00:05, 38.79, 38.46, 33.41, 34.23, 32.41, 32.61
2018/07/13 11:00:06, 38.79, 38.45, 33.39, 34.23, 32.42, 32.60
2018/07/13 11:00:07, 38.77, 38.44, 33.41, 34.22, 32.41, 32.60
2018/07/13 11:00:08, 38.80, 38.46, 33.39, 34.21, 32.42, 32.60
2018/07/13 11:00:09, 38.81, 38.47, 33.39, 34.21, 32.40, 32.59
2018/07/13 11:00:10, 38.78, 38.48, 33.39, 34.22, 32.41, 32.60
2018/07/13 11:00:11, 38.79, 38.47, 33.38, 34.22, 32.40, 32.59
2018/07/13 11:00:12, 38.80, 38.47, 33.38, 34.22, 32.42, 32.58
2018/07/13 11:00:13, 38.79, 38.45, 33.39, 34.21, 32.41, 32.58
2018/07/13 11:00:14, 38.80, 38.43, 33.36, 34.19, 32.40, 32.58
2018/07/13 11:00:15, 38.81, 38.45, 33.36, 34.20, 32.39, 32.58
2018/07/13 11:00:16, 38.79, 38.45, 33.34, 34.19, 32.39, 32.59
2018/07/13 11:00:17, 38.78, 38.44, 33.37, 34.19, 32.40, 32.59
2018/07/13 11:00:18, 38.78, 38.46, 33.35, 34.18, 32.40, 32.58
2018/07/13 11:00:19, 38.82, 38.47, 33.33, 34.18, 32.42, 32.57
2018/07/13 11:00:20, 38.80, 38.45, 33.35, 34.17, 32.41, 32.57
2018/07/13 11:00:21, 38.82, 38.46, 33.32, 34.17, 32.41, 32.56
2018/07/13 11:00:22, 38.80, 38.49, 33.32, 34.17, 32.40, 32.57
2018/07/13 11:00:23, 38.78, 38.48, 33.32, 34.17, 32.39, 32.58
2018/07/13 11:00:24, 38.81, 38.49, 33.31, 34.17, 32.40, 32.56
2018/07/13 11:00:25, 38.80, 38.47, 33.31, 34.18, 32.39, 32.57
2018/07/13 11:00:26, 38.80, 38.48, 33.31, 34.17, 32.40, 32.56
2018/07/13 11:00:27, 38.78, 38.52, 33.30, 34.18, 32.37, 32.57
2018/07/13 11:00:28, 38.81, 38.49, 33.31, 34.18, 32.39, 32.54
2018/07/13 11:00:29, 38.82, 38.50, 33.31, 34.16, 32.37, 32.58
2018/07/13 11:00:30, 38.82, 38.50, 33.33, 34.17, 32.38, 32.58
2018/07/13 11:00:31, 38.81, 38.51, 33.32, 34.16, 32.37, 32.57
2018/07/13 11:00:32, 38.80, 38.51, 33.31, 34.16, 32.36, 32.55
2018/07/13 11:00:33, 38.80, 38.51, 33.32, 34.17, 32.40, 32.56
2018/07/13 11:00:34, 38.80, 38.51, 33.31, 34.15, 32.38, 32.57
2018/07/13 11:00:35, 38.80, 38.48, 33.30, 34.16, 32.37, 32.56
2018/07/13 11:00:36, 38.81, 38.50, 33.31, 34.17, 32.38, 32.56
2018/07/13 11:00:37, 38.83, 38.50, 33.32, 34.16, 32.37, 32.56
2018/07/13 11:00:38, 38.81, 38.50, 33.29, 34.16, 32.38, 32.56
2018/07/13 11:00:39, 38.82, 38.50, 33.30, 34.14, 32.37, 32.56
2018/07/13 11:00:40, 38.81, 38.50, 33.31, 34.14, 32.37, 32.56
2018/07/13 11:00:41, 38.82, 38.50, 33.28, 34.16, 32.37, 32.56
2018/07/13 11:00:42, 38.82, 38.50, 33.29, 34.14, 32.37, 32.56
2018/07/13 11:00:43, 38.79, 38.48, 33.28, 34.16, 32.38, 32.56
2018/07/13 11:00:44, 38.78, 38.48, 33.30, 34.14, 32.37, 32.54
2018/07/13 11:00:45, 38.81, 38.50, 33.28, 34.14, 32.37, 32.56
2018/07/13 11:00:46, 38.78, 38.47, 33.28, 34.13, 32.36, 32.55
2018/07/13 11:00:47, 38.79, 38.45, 33.28, 34.14, 32.36, 32.55
2018/07/13 11:00:48, 38.77, 38.46, 33.28, 34.15, 32.35, 32.56
2018/07/13 11:00:49, 38.77, 38.45, 33.30, 34.13, 32.37, 32.56
2018/07/13 11:00:50, 38.77, 38.43, 33.29, 34.14, 32.35, 32.55
2018/07/13 11:00:51, 38.80, 38.45, 33.29, 34.14, 32.35, 32.55
2018/07/13 11:00:52, 38.77, 38.47, 33.26, 34.13, 32.36, 32.56
2018/07/13 11:00:53, 38.78, 38.47, 33.29, 34.14, 32.36, 32.55
2018/07/13 11:00:54, 38.77, 38.44, 33.27, 34.13, 32.33, 32.54
2018/07/13 11:00:55, 38.79, 38.45, 33.27, 34.14, 32.35, 32.54
2018/07/13 11:00:56, 38.78, 38.46, 33.28, 34.13, 32.34, 32.55
2018/07/13 11:00:57, 38.81, 38.45, 33.27, 34.14, 32.35, 32.53
2018/07/13 11:00:58, 38.78, 38.45, 33.33, 34.15, 32.35, 32.54
2018/07/13 11:00:59, 38.78, 38.46, 33.26, 34.14, 32.33, 32.55
2018/07/13 11:01:00, 38.79, 38.48, 33.26, 34.14, 32.35, 32.53
2018/07/13 11:01:01, 38.78, 38.45, 33.26, 34.14, 32.33, 32.53
2018/07/13 11:01:02, 38.77, 38.45, 33.27, 34.15, 32.34, 32.55
2018/07/13 11:01:03, 38.78, 38.45, 33.26, 34.13, 32.35, 32.54
2018/07/13 11:01:04, 38.77, 38.44, 33.27, 34.12, 32.34, 32.53
2018/07/13 11:01:05, 38.80, 38.45, 33.25, 34.14, 32.34, 32.51
2018/07/13 11:01:06, 38.77, 38.42, 33.26, 34.14, 32.33, 32.53
2018/07/13 11:01:07, 38.76, 38.42, 33.26, 34.12, 32.33, 32.53
2018/07/13 11:01:08, 38.78, 38.43, 33.29, 34.14, 32.32, 32.53
2018/07/13 11:01:09, 38.80, 38.44, 33.25, 34.13, 32.33, 32.51
2018/07/13 11:01:10, 38.79, 38.41, 33.26, 34.11, 32.33, 32.53
2018/07/13 11:01:11, 38.78, 38.43, 33.27, 34.12, 32.33, 32.51
2018/07/13 11:01:12, 38.80, 38.44, 33.28, 34.12, 32.32, 32.52
2018/07/13 11:01:13, 38.78, 38.44, 33.24, 34.12, 32.32, 32.51
2018/07/13 11:01:14, 38.77, 38.45, 33.26, 34.13, 32.33, 32.52
2018/07/13 11:01:15, 38.78, 38.42, 33.25, 34.12, 32.30, 32.52
2018/07/13 11:01:16, 38.75, 38.42, 33.25, 34.13, 32.33, 32.51
2018/07/13 11:01:17, 38.76, 38.46, 33.26, 34.13, 32.32, 32.53
2018/07/13 11:01:18, 38.77, 38.45, 33.27, 34.12, 32.31, 32.50
2018/07/13 11:01:19, 38.76, 38.44, 33.24, 34.12, 32.30, 32.51
2018/07/13 11:01:20, 38.78, 38.46, 33.26, 34.14, 32.32, 32.51
2018/07/13 11:01:21, 38.76, 38.45, 33.28, 34.13, 32.30, 32.51
2018/07/13 11:01:22, 38.76, 38.44, 33.26, 34.12, 32.30, 32.50
2018/07/13 11:01:23, 38.75, 38.43, 33.25, 34.10, 32.30, 32.51
2018/07/13 11:01:24, 38.76, 38.43, 33.26, 34.12, 32.32, 32.51
2018/07/13 11:01:25, 38.77, 38.43, 33.25, 34.14, 32.31, 32.52
2018/07/13 11:01:26, 38.75, 38.43, 33.26, 34.12, 32.28, 32.51
2018/07/13 11:01:27, 38.75, 38.44, 33.25, 34.11, 32.30, 32.50
2018/07/13 11:01:28, 38.76, 38.43, 33.26, 34.14, 32.29, 32.50
2018/07/13 11:01:29, 38.76, 38.45, 33.26, 34.11, 32.29, 32.50
2018/07/13 11:01:30, 38.76, 38.45, 33.25, 34.15, 32.30, 32.50
2018/07/13 11:01:31, 38.77, 38.45, 33.26, 34.14, 32.28, 32.51
2018/07/13 11:01:32, 38.76, 38.46, 33.27, 34.14, 32.28, 32.50
2018/07/13 11:01:33, 38.75, 38.43, 33.26, 34.15, 32.29, 32.48
2018/07/13 11:01:34, 38.75, 38.43, 33.30, 34.14, 32.29, 32.51
2018/07/13 11:01:35, 38.76, 38.44, 33.30, 34.15, 32.29, 32.50
2018/07/13 11:01:36, 38.76, 38.45, 33.30, 34.15, 32.29, 32.50
2018/07/13 11:01:37, 38.77, 38.47, 33.31, 34.16, 32.28, 32.50
2018/07/13 11:01:38, 38.75, 38.45, 33.30, 34.15, 32.28, 32.51
2018/07/13 11:01:39, 38.76, 38.45, 33.32, 34.16, 32.30, 32.49
2018/07/13 11:01:40, 38.77, 38.46, 33.30, 34.19, 32.30, 32.48
2018/07/13 11:01:41, 38.75, 38.45, 33.31, 34.17, 32.28, 32.50
2018/07/13 11:01:42, 38.77, 38.48, 33.31, 34.17, 32.28, 32.50
2018/07/13 11:01:43, 38.75, 38.45, 33.30, 34.17, 32.28, 32.49
2018/07/13 11:01:44, 38.75, 38.48, 33.33, 34.18, 32.26, 32.47
2018/07/13 11:01:45, 38.74, 38.44, 33.30, 34.17, 32.28, 32.49
2018/07/13 11:01:46, 38.75, 38.45, 33.34, 34.20, 32.27, 32.49
2018/07/13 11:01:47, 38.74, 38.45, 33.33, 34.20, 32.27, 32.49
2018/07/13 11:01:48, 38.75, 38.45, 33.33, 34.18, 32.27, 32.48
2018/07/13 11:01:49, 38.76, 38.45, 33.35, 34.20, 32.28, 32.46
2018/07/13 11:01:50, 38.74, 38.45, 33.33, 34.20, 32.26, 32.48
2018/07/13 11:01:51, 38.75, 38.45, 33.33, 34.19, 32.27, 32.48
2018/07/13 11:01:52, 38.75, 38.45, 33.35, 34.21, 32.27, 32.47
2018/07/13 11:01:53, 38.74, 38.45, 33.35, 34.21, 32.27, 32.47
2018/07/13 11:01:54, 38.73, 38.45, 33.36, 34.21, 32.26, 32.48
2018/07/13 11:01:55, 38.73, 38.45, 33.35, 34.20, 32.27, 32.47
2018/07/13 11:01:56, 38.73, 38.43, 33.34, 34.21, 32.26, 32.48
2018/07/13 11:01:57, 38.72, 38.43, 33.36, 34.21, 32.25, 32.46
2018/07/13 11:01:58, 38.75, 38.45, 33.37, 34.22, 32.26, 32.47
2018/07/13 11:01:59, 38.74, 38.47, 33.36, 34.21, 32.25, 32.47
2018/07/13 11:02:00, 38.76, 38.46, 33.36, 34.21, 32.25, 32.47
2018/07/13 11:02:01, 38.76, 38.46, 33.37, 34.22, 32.27, 32.46
2018/07/13 11:02:02, 38.75, 38.46, 33.35, 34.22, 32.26, 32.48
2018/07/13 11:02:03, 38.74, 38.46, 33.36, 34.22, 32.27, 32.47
2018/07/13 11:02:04, 38.73, 38.45, 33.36, 34.24, 32.26, 32.46
2018/07/13 11:02:05, 38.71, 38.45, 33.37, 34.21, 32.26, 32.46
2018/07/13 11:02:06, 38.70, 38.44, 33.38, 34.23, 32.26, 32.46
2018/07/13 11:02:07, 38.74, 38.44, 33.38, 34.20, 32.26, 32.46
2018/07/13 11:02:08, 38.74, 38.44, 33.37, 34.25, 32.25, 32.46
2018/07/13 11:02:09, 38.72, 38.46, 33.38, 34.22, 32.27, 32.45
2018/07/13 11:02:10, 38.74, 38.45, 33.38, 34.22, 32.26, 32.45
2018/07/13 11:02:11, 38.73, 38.44, 33.37, 34.23, 32.25, 32.46
2018/07/13 11:02:12, 38.73, 38.47, 33.35, 34.23, 32.25, 32.44
2018/07/13 11:02:13, 38.72, 38.46, 33.37, 34.22, 32.25, 32.44
2018/07/13 11:02:14, 38.73, 38.47, 33.36, 34.23, 32.25, 32.45
2018/07/13 11:02:15, 38.75, 38.46, 33.39, 34.22, 32.25, 32.45
2018/07/13 11:02:16, 38.73, 38.48, 33.37, 34.22, 32.24, 32.43
2018/07/13 11:02:17, 38.75, 38.48, 33.36, 34.21, 32.24, 32.44
2018/07/13 11:02:18, 38.76, 38.47, 33.39, 34.22, 32.26, 32.44
2018/07/13 11:02:19, 38.76, 38.48, 33.37, 34.20, 32.26, 32.44
2018/07/13 11:02:20, 38.76, 38.48, 33.37, 34.23, 32.26, 32.44
2018/07/13 11:02:21, 38.73, 38.46, 33.41, 34.23, 32.25, 32.45
2018/07/13 11:02:22, 38.75, 38.46, 33.37, 34.25, 32.26, 32.45
2018/07/13 11:02:23, 38.74, 38.46, 33.38, 34.22, 32.25, 32.44
2018/07/13 11:02:24, 38.72, 38.45, 33.40, 34.22, 32.25, 32.44
2018/07/13 11:02:25, 38.77, 38.46, 33.41, 34.21, 32.24, 32.44
2018/07/13 11:02:26, 38.77, 38.47, 33.39, 34.21, 32.26, 32.44
2018/07/13 11:02:27, 38.78, 38.44, 33.40, 34.23, 32.26, 32.44
2018/07/13 11:02:28, 38.78, 38.46, 33.39, 34.21, 32.25, 32.44
2018/07/13 11:02:29, 38.77, 38.46, 33.40, 34.22, 32.25, 32.45
2018/07/13 11:02:30, 38.74, 38.43, 33.40, 34.21, 32.26, 32.43
2018/07/13 11:02:31, 38.73, 38.44, 33.39, 34.21, 32.25, 32.45
2018/07/13 11:02:32, 38.77, 38.44, 33.39, 34.21, 32.24, 32.44
2018/07/13 11:02:33, 38.76, 38.45, 33.38, 34.22, 32.26, 32.43
2018/07/13 11:02:34, 38.76, 38.46, 33.39, 34.20, 32.25, 32.44
2018/07/13 11:02:35, 38.79, 38.48, 33.41, 34.19, 32.26, 32.42
2018/07/13 11:02:36, 38.77, 38.48, 33.41, 34.20, 32.25, 32.44
2018/07/13 11:02:37, 38.78, 38.49, 33.41, 34.22, 32.25, 32.42
2018/07/13 11:02:38, 38.77, 38.50, 33.38, 34.21, 32.26, 32.42
2018/07/13 11:02:39, 38.77, 38.46, 33.39, 34.21, 32.26, 32.44
2018/07/13 11:02:40, 38.76, 38.47, 33.38, 34.21, 32.27, 32.43
2018/07/13 11:02:41, 38.78, 38.47, 33.40, 34.21, 32.25, 32.43
2018/07/13 11:02:42, 38.79, 38.49, 33.41, 34.23, 32.24, 32.44
2018/07/13 11:02:43, 38.79, 38.49, 33.41, 34.21, 32.25, 32.42
2018/07/13 11:02:44, 38.79, 38.50, 33.41, 34.21, 32.25, 32.43
2018/07/13 11:02:45, 38.80, 38.48, 33.42, 34.21, 32.26, 32.41
2018/07/13 11:02:46, 38.79, 38.47, 33.41, 34.22, 32.25, 32.41
2018/07/13 11:02:47, 38.78, 38.47, 33.41, 34.20, 32.25, 32.42
2018/07/13 11:02:48, 38.77, 38.47, 33.40, 34.20, 32.25, 32.43
2018/07/13 11:02:49, 38.77, 38.48, 33.39, 34.20, 32.25, 32.43
2018/07/13 11:02:50, 38.78, 38.49, 33.42, 34.21, 32.23, 32.44
2018/07/13 11:02:51, 38.78, 38.49, 33.41, 34.20, 32.24, 32.42
2018/07/13 11:02:52, 38.79, 38.52, 33.40, 34.20, 32.25, 32.41
2018/07/13 11:02:53, 38.81, 38.53, 33.41, 34.20, 32.25, 32.41
2018/07/13 11:02:54, 38.79, 38.51, 33.42, 34.20, 32.23, 32.42
2018/07/13 11:02:55, 38.80, 38.52, 33.42, 34.18, 32.26, 32.41
2018/07/13 11:02:56, 38.80, 38.54, 33.44, 34.19, 32.26, 32.43
2018/07/13 11:02:57, 38.78, 38.52, 33.40, 34.21, 32.25, 32.42
2018/07/13 11:02:58, 38.79, 38.53, 33.42, 34.18, 32.24, 32.41
2018/07/13 11:02:59, 38.77, 38.50, 33.41, 34.18, 32.25, 32.42
2018/07/13 11:03:00, 38.78, 38.49, 33.42, 34.17, 32.25, 32.42
2018/07/13 11:03:01, 38.77, 38.50, 33.42, 34.17, 32.25, 32.42
2018/07/13 11:03:02, 38.76, 38.49, 33.41, 34.17, 32.26, 32.40
2018/07/13 11:03:03, 38.79, 38.50, 33.43, 34.19, 32.23, 32.42
2018/07/13 11:03:04, 38.80, 38.48, 33.42, 34.18, 32.25, 32.40
2018/07/13 11:03:05, 38.78, 38.48, 33.41, 34.18, 32.23, 32.40
2018/07/13 11:03:06, 38.78, 38.50, 33.42, 34.17, 32.25, 32.43
2018/07/13 11:03:07, 38.77, 38.51, 33.41, 34.18, 32.25, 32.41
2018/07/13 11:03:08, 38.78, 38.52, 33.41, 34.17, 32.25, 32.42
2018/07/13 11:03:09, 38.80, 38.50, 33.42, 34.18, 32.22, 32.40
2018/07/13 11:03:10, 38.78, 38.52, 33.41, 34.17, 32.25, 32.41
2018/07/13 11:03:11, 38.77, 38.50, 33.42, 34.16, 32.25, 32.43
2018/07/13 11:03:12, 38.76, 38.51, 33.41, 34.17, 32.23, 32.40
2018/07/13 11:03:13, 38.77, 38.51, 33.41, 34.17, 32.24, 32.39
2018/07/13 11:03:14, 38.76, 38.52, 33.41, 34.16, 32.24, 32.40
2018/07/13 11:03:15, 38.75, 38.53, 33.42, 34.16, 32.24, 32.41
2018/07/13 11:03:16, 38.75, 38.53, 33.43, 34.15, 32.25, 32.41
2018/07/13 11:03:17, 38.76, 38.52, 33.44, 34.16, 32.23, 32.41
2018/07/13 11:03:18, 38.77, 38.54, 33.42, 34.14, 32.24, 32.39
2018/07/13 11:03:19, 38.74, 38.52, 33.43, 34.15, 32.25, 32.39
2018/07/13 11:03:20, 38.74, 38.50, 33.41, 34.14, 32.24, 32.42
2018/07/13 11:03:21, 38.75, 38.49, 33.40, 34.15, 32.24, 32.39
2018/07/13 11:03:22, 38.74, 38.49, 33.42, 34.13, 32.24, 32.39
2018/07/13 11:03:23, 38.77, 38.50, 33.41, 34.16, 32.23, 32.40
2018/07/13 11:03:24, 38.77, 38.53, 33.41, 34.16, 32.25, 32.39
2018/07/13 11:03:25, 39.47, 38.51, 33.40, 34.15, 32.22, 32.41
2018/07/13 11:03:26, 38.76, 38.50, 33.42, 34.14, 32.25, 32.39
2018/07/13 11:03:27, 38.76, 38.50, 33.41, 34.15, 32.23, 32.41
2018/07/13 11:03:28, 38.76, 38.50, 33.42, 34.12, 32.25, 32.39
2018/07/13 11:03:29, 38.76, 38.52, 33.41, 34.14, 32.25, 32.39
2018/07/13 11:03:30, 38.76, 38.53, 33.43, 34.12, 32.23, 32.39
2018/07/13 11:03:31, 38.76, 38.51, 33.42, 34.13, 32.26, 32.40
2018/07/13 11:03:32, 38.79, 38.51, 33.41, 34.11, 32.24, 32.41
2018/07/13 11:03:33, 38.79, 38.53, 33.40, 34.12, 32.25, 32.41
2018/07/13 11:03:34, 38.77, 38.54, 33.41, 34.12, 32.24, 32.40
2018/07/13 11:03:35, 38.78, 38.55, 33.41, 34.10, 32.25, 32.40
2018/07/13 11:03:36, 38.77, 38.53, 33.40, 34.11, 32.25, 32.39
2018/07/13 11:03:37, 38.78, 38.54, 33.43, 34.11, 32.24, 32.40
2018/07/13 11:03:38, 38.78, 38.53, 33.41, 34.10, 32.24, 32.40
2018/07/13 11:03:39, 38.77, 38.53, 33.41, 34.10, 32.25, 32.40
2018/07/13 11:03:40, 38.76, 38.54, 33.41, 34.90, 32.23, 32.39
2018/07/13 11:03:41, 38.75, 38.52, 33.40, 34.90, 32.24, 32.38
2018/07/13 11:03:42, 38.77, 38.51, 33.42, 34.90, 32.24, 32.39
2018/07/13 11:03:43, 38.74, 38.53, 33.41, 34.80, 32.25, 32.37
2018/07/13 11:03:44, 38.76, 38.54, 33.40, 34.60, 32.25, 32.39
2018/07/13 11:03:45, 38.76, 38.55, 33.39, 34.70, 32.24, 32.39
2018/07/13 11:03:46, 38.75, 38.56, 33.39, 34.80, 32.24, 32.39
2018/07/13 11:03:47, 38.74, 38.54, 33.38, 34.70, 32.25, 32.38
2018/07/13 11:03:48, 38.77, 38.54, 33.39, 34.60, 32.25, 32.37
2018/07/13 11:03:49, 38.77, 38.54, 33.39, 34.60, 32.25, 32.39
2018/07/13 11:03:50, 38.78, 38.54, 33.38, 34.50, 32.25, 32.41
2018/07/13 11:03:51, 38.78, 38.53, 33.39, 34.60, 32.23, 32.39
2018/07/13 11:03:52, 38.79, 38.54, 33.38, 34.50, 32.24, 32.37
2018/07/13 11:03:53, 38.79, 38.54, 33.37, 34.50, 32.24, 32.38
2018/07/13 11:03:54, 38.78, 38.54, 33.35, 34.20, 32.25, 32.38
2018/07/13 11:03:55, 38.78, 38.54, 33.36, 34.30, 32.24, 32.37
2018/07/13 11:03:56, 38.80, 38.53, 33.37, 34.30, 32.25, 32.38
2018/07/13 11:03:57, 38.80, 38.55, 33.35, 34.30, 32.23, 32.38
2018/07/13 11:03:58, 39.47, 38.53, 33.39, 34.20, 32.23, 32.39
2018/07/13 11:03:59, 38.79, 38.54, 33.37, 34.00, 32.22, 32.37
2018/07/13 11:04:00, 38.78, 38.53, 33.36, 34.10, 32.23, 32.39
2018/07/13 11:04:01, 38.79, 38.54, 33.37, 34.10, 32.23, 32.38
2018/07/13 11:04:02, 38.78, 38.54, 33.35, 34.10, 32.23, 32.37
2018/07/13 11:04:03, 38.79, 38.54, 33.36, 34.00, 32.24, 32.38
2018/07/13 11:04:04, 38.80, 38.54, 33.37, 34.00, 32.24, 32.37
2018/07/13 11:04:05, 38.79, 38.53, 33.38, 33.99, 32.24, 32.37
2018/07/13 11:04:06, 38.80, 38.53, 33.36, 34.00, 32.25, 32.38
2018/07/13 11:04:07, 38.79, 38.55, 33.38, 34.10, 32.26, 32.40
2018/07/13 11:04:08, 39.83, 38.55, 33.34, 33.99, 32.24, 32.37
2018/07/13 11:04:09, 38.80, 38.54, 33.36, 34.00, 32.22, 32.36
2018/07/13 11:04:10, 38.79, 38.54, 33.36, 33.99, 32.24, 32.39
2018/07/13 11:04:11, 38.78, 38.55, 33.37, 33.99, 32.24, 32.39
2018/07/13 11:04:12, 38.78, 38.54, 33.35, 33.99, 32.24, 32.37
2018/07/13 11:04:13, 38.77, 38.54, 33.36, 34.00, 32.25, 32.38
2018/07/13 11:04:14, 38.79, 38.54, 33.36, 34.00, 32.23, 32.39
2018/07/13 11:04:15, 38.78, 38.53, 33.37, 33.98, 32.23, 32.38
2018/07/13 11:04:16, 38.77, 38.56, 33.39, 33.98, 32.24, 32.38
2018/07/13 11:04:17, 38.77, 38.55, 33.36, 33.98, 32.23, 32.36
2018/07/13 11:04:18, 38.77, 38.53, 33.35, 33.98, 32.25, 32.38
2018/07/13 11:04:19, 38.79, 38.52, 33.36, 33.97, 32.22, 32.37
2018/07/13 11:04:20, 38.77, 38.53, 33.35, 33.96, 32.23, 32.37
2018/07/13 11:04:21, 38.76, 38.53, 33.35, 33.97, 32.23, 32.39
2018/07/13 11:04:22, 38.75, 38.53, 33.34, 33.96, 32.24, 32.38
2018/07/13 11:04:23, 38.76, 38.53, 33.34, 33.97, 32.25, 32.37
2018/07/13 11:04:24, 38.77, 38.54, 33.34, 33.96, 32.24, 32.38
2018/07/13 11:04:25, 38.75, 38.52, 33.36, 33.94, 32.23, 32.39
2018/07/13 11:04:26, 38.76, 38.53, 33.34, 33.94, 32.23, 32.38
2018/07/13 11:04:27, 38.78, 38.53, 33.35, 33.94, 32.24, 32.38
2018/07/13 11:04:28, 38.75, 38.52, 33.33, 33.93, 32.23, 32.37
2018/07/13 11:04:29, 38.78, 38.52, 33.37, 33.93, 32.24, 32.36
2018/07/13 11:04:30, 38.76, 38.52, 33.32, 33.92, 32.23, 32.39
2018/07/13 11:04:31, 38.78, 38.52, 33.35, 33.91, 32.25, 32.37
2018/07/13 11:04:32, 38.77, 38.53, 33.32, 33.87, 32.24, 32.37
2018/07/13 11:04:33, 38.75, 38.52, 33.33, 33.89, 32.26, 32.39
2018/07/13 11:04:34, 38.75, 38.49, 33.33, 33.92, 32.23, 32.37
2018/07/13 11:04:35, 38.74, 38.54, 33.35, 33.91, 32.23, 32.37
2018/07/13 11:04:36, 38.76, 38.55, 33.32, 33.91, 32.23, 32.37
2018/07/13 11:04:37, 38.75, 38.54, 33.32, 33.89, 32.23, 32.38
2018/07/13 11:04:38, 38.75, 38.53, 33.31, 33.87, 32.24, 32.37
2018/07/13 11:04:39, 38.74, 38.54, 33.33, 33.89, 32.25, 32.39
2018/07/13 11:04:40, 30.99, 38.51, 33.33, 33.89, 32.22, 32.37
2018/07/13 11:04:41, 38.74, 38.52, 33.34, 33.89, 32.23, 32.37
2018/07/13 11:04:42, 38.76, 38.53, 33.32, 33.87, 32.25, 32.36
2018/07/13 11:04:43, 38.75, 38.54, 33.34, 33.91, 32.22, 32.38
2018/07/13 11:04:44, 38.75, 38.54, 33.34, 33.89, 32.23, 32.37
2018/07/13 11:04:45, 38.76, 38.56, 33.33, 33.89, 32.24, 32.37
2018/07/13 11:04:46, 38.75, 38.56, 33.33, 33.89, 32.24, 32.38
2018/07/13 11:04:47, 38.73, 38.52, 33.33, 33.88, 32.25, 32.37
2018/07/13 11:04:48, 38.72, 38.53, 33.35, 33.88, 32.23, 32.38
2018/07/13 11:04:49, 38.76, 38.53, 33.33, 33.90, 32.25, 32.37
2018/07/13 11:04:50, 38.75, 38.54, 33.37, 33.89, 32.25, 32.37
2018/07/13 11:04:51, 38.75, 38.55, 33.35, 33.88, 32.25, 32.37
2018/07/13 11:04:52, 38.75, 38.56, 33.37, 33.88, 32.25, 32.37
2018/07/13 11:04:53, 38.73, 38.56, 33.35, 33.91, 32.25, 32.34
2018/07/13 11:04:54, 38.73, 38.55, 33.35, 33.90, 32.25, 32.39
2018/07/13 11:04:55, 38.74, 38.53, 33.37, 33.90, 32.23, 32.37
2018/07/13 11:04:56, 38.72, 38.56, 33.35, 33.90, 32.25, 32.37
2018/07/13 11:04:57, 38.73, 38.53, 33.35, 33.90, 32.25, 32.36
2018/07/13 11:04:58, 38.72, 38.53, 33.35, 33.91, 32.24, 32.38
2018/07/13 11:04:59, 38.74, 38.53, 33.35, 33.90, 32.25, 32.35
2018/07/13 11:05:00, 38.70, 38.53, 33.35, 33.92, 32.25, 32.38
2018/07/13 11:05:01, 38.70, 38.50, 33.37, 33.92, 32.25, 32.37
2018/07/13 11:05:02, 38.70, 38.50, 33.36, 33.92, 32.24, 32.37
2018/07/13 11:05:03, 38.70, 38.49, 33.36, 33.91, 32.24, 32.36
2018/07/13 11:05:04, 38.69, 38.50, 33.35, 33.92, 32.24, 32.38
2018/07/13 11:05:05, 38.70, 38.48, 33.33, 33.90, 32.25, 32.37
2018/07/13 11:05:06, 38.69, 38.49, 33.37, 33.91, 32.27, 32.36
2018/07/13 11:05:07, 38.72, 38.48, 33.34, 33.91, 32.25, 32.38
2018/07/13 11:05:08, 38.73, 38.49, 33.35, 33.92, 32.26, 32.36
2018/07/13 11:05:09, 38.71, 38.52, 33.37, 33.91, 32.25, 32.38
2018/07/13 11:05:10, 38.73, 38.53, 33.37, 33.89, 32.25, 32.35
2018/07/13 11:05:11, 38.71, 38.52, 33.35, 33.91, 32.28, 32.38
2018/07/13 11:05:12, 38.71, 38.53, 33.35, 33.89, 32.26, 32.37
2018/07/13 11:05:13, 38.71, 38.53, 33.36, 33.87, 32.26, 32.37
2018/07/13 11:05:14, 38.71, 38.51, 33.36, 33.91, 32.25, 32.36
2018/07/13 11:05:15, 38.72, 38.51, 33.37, 33.90, 32.26, 32.35
2018/07/13 11:05:16, 38.73, 38.50, 33.37, 33.91, 32.27, 32.38
2018/07/13 11:05:17, 38.75, 38.50, 33.37, 33.90, 32.28, 32.39
2018/07/13 11:05:18, 38.73, 38.52, 33.35, 33.90, 32.28, 32.37
2018/07/13 11:05:19, 38.73, 38.51, 33.36, 33.91, 32.27, 32.36
2018/07/13 11:05:20, 38.72, 38.51, 33.36, 33.89, 32.28, 32.38
2018/07/13 11:05:21, 38.73, 38.52, 33.35, 33.91, 32.28, 32.37
2018/07/13 11:05:22, 38.74, 38.51, 33.34, 33.91, 32.27, 32.38
2018/07/13 11:05:23, 38.74, 38.53, 33.37, 33.91, 32.29, 32.39
2018/07/13 11:05:24, 38.76, 38.53, 33.36, 33.90, 32.28, 32.38
2018/07/13 11:05:25, 38.75, 38.54, 33.33, 33.92, 32.27, 32.36
2018/07/13 11:05:26, 38.75, 38.53, 33.37, 33.91, 32.28, 32.38
2018/07/13 11:05:27, 38.75, 38.54, 33.35, 33.92, 32.28, 32.37
2018/07/13 11:05:28, 38.75, 38.52, 33.35, 33.92, 32.28, 32.38
2018/07/13 11:05:29, 38.75, 38.54, 33.34, 33.91, 32.28, 32.39
2018/07/13 11:05:30, 38.76, 38.54, 33.37, 33.93, 32.27, 32.37
2018/07/13 11:05:31, 38.73, 38.52, 33.36, 33.91, 32.30, 32.38
2018/07/13 11:05:32, 38.75, 38.55, 33.35, 33.92, 32.30, 32.39
2018/07/13 11:05:33, 38.75, 38.54, 33.36, 33.92, 32.29, 32.38
2018/07/13 11:05:34, 38.74, 38.56, 33.35, 33.93, 32.30, 32.35
2018/07/13 11:05:35, 38.76, 38.54, 33.37, 33.94, 32.30, 32.39
2018/07/13 11:05:36, 38.77, 38.56, 33.35, 33.91, 32.29, 32.38
2018/07/13 11:05:37, 38.75, 38.56, 33.33, 33.93, 32.29, 32.37
2018/07/13 11:05:38, 38.71, 38.53, 33.37, 33.93, 32.30, 32.38
2018/07/13 11:05:39, 38.76, 38.50, 33.36, 33.93, 32.28, 32.37
2018/07/13 11:05:40, 38.73, 38.49, 33.34, 33.93, 32.31, 32.39
2018/07/13 11:05:41, 38.73, 38.48, 33.36, 33.92, 32.28, 32.37
2018/07/13 11:05:42, 38.74, 38.48, 33.35, 33.92, 32.30, 32.39
2018/07/13 11:05:43, 38.73, 38.46, 33.34, 33.94, 32.30, 32.37
2018/07/13 11:05:44, 38.76, 38.47, 33.36, 33.93, 32.31, 32.36
2018/07/13 11:05:45, 38.73, 38.46, 33.35, 33.94, 32.30, 32.37
2018/07/13 11:05:46, 38.74, 38.48, 33.36, 33.92, 32.30, 32.38
2018/07/13 11:05:47, 38.72, 38.45, 33.35, 33.92, 32.30, 32.38
2018/07/13 11:05:48, 38.71, 38.45, 33.37, 33.93, 32.32, 32.36
2018/07/13 11:05:49, 38.73, 38.48, 33.36, 33.92, 32.31, 32.38
2018/07/13 11:05:50, 38.71, 38.48, 33.34, 33.94, 32.33, 32.39
2018/07/13 11:05:51, 38.72, 38.48, 33.36, 33.94, 32.30, 32.39
2018/07/13 11:05:52, 38.72, 38.51, 33.37, 33.93, 32.32, 32.39
2018/07/13 11:05:53, 38.72, 38.47, 33.37, 33.92, 32.30, 32.40
2018/07/13 11:05:54, 38.72, 38.46, 33.36, 33.91, 32.34, 32.40
2018/07/13 11:05:55, 38.72, 38.46, 33.37, 33.92, 32.32, 32.39
2018/07/13 11:05:56, 38.74, 38.49, 33.36, 33.91, 32.31, 32.39
2018/07/13 11:05:57, 38.73, 38.46, 33.35, 33.92, 32.33, 32.39
2018/07/13 11:05:58, 38.74, 38.47, 33.36, 33.92, 32.33, 32.39
2018/07/13 11:05:59, 38.75, 38.46, 33.37, 33.92, 32.33, 32.40
2018/07/13 11:06:00, 38.73, 38.46, 33.35, 33.92, 32.34, 32.41
2018/07/13 11:06:01, 38.73, 38.45, 33.35, 33.93, 32.34, 32.38
2018/07/13 11:06:02, 38.72, 38.47, 33.35, 33.92, 32.34, 32.40
2018/07/13 11:06:03, 38.73, 38.44, 33.38, 33.91, 32.34, 32.40
2018/07/13 11:06:04, 38.72, 38.45, 33.34, 33.91, 32.33, 32.38
2018/07/13 11:06:05, 38.73, 38.42, 33.35, 33.91, 32.35, 32.39
2018/07/13 11:06:06, 38.74, 38.44, 33.36, 33.92, 32.34, 32.41
2018/07/13 11:06:07, 38.75, 38.45, 33.37, 33.90, 32.36, 32.41
2018/07/13 11:06:08, 38.74, 38.49, 33.37, 33.92, 32.35, 32.41
2018/07/13 11:06:09, 38.73, 38.48, 33.35, 33.90, 32.36, 32.40
2018/07/13 11:06:10, 38.72, 38.46, 33.35, 33.91, 32.37, 32.42
2018/07/13 11:06:11, 38.72, 38.45, 33.35, 33.91, 32.35, 32.41
2018/07/13 11:06:12, 38.75, 38.44, 33.37, 33.91, 32.36, 32.43
2018/07/13 11:06:13, 38.77, 38.46, 33.34, 33.92, 32.37, 32.42
2018/07/13 11:06:14, 38.75, 38.47, 33.35, 33.90, 32.36, 32.41
2018/07/13 11:06:15, 38.75, 38.47, 33.33, 33.91, 32.37, 32.41
2018/07/13 11:06:16, 38.76, 38.48, 33.35, 33.90, 32.38, 32.43
2018/07/13 11:06:17, 38.76, 38.47, 33.36, 33.91, 32.36, 32.42
2018/07/13 11:06:18, 38.74, 38.48, 33.37, 33.90, 32.37, 32.42
2018/07/13 11:06:19, 38.73, 38.46, 33.37, 33.89, 32.37, 32.44
2018/07/13 11:06:20, 38.75, 38.45, 33.35, 33.90, 32.39, 32.43
2018/07/13 11:06:21, 38.76, 38.47, 33.34, 33.91, 32.38, 32.42
2018/07/13 11:06:22, 38.76, 38.48, 33.37, 33.89, 32.38, 32.42
2018/07/13 11:06:23, 38.76, 38.47, 33.34, 33.91, 32.39, 32.44
2018/07/13 11:06:24, 38.75, 38.46, 33.34, 33.90, 32.41, 32.44
2018/07/13 11:06:25, 38.76, 38.45, 33.35, 33.90, 32.39, 32.44
2018/07/13 11:06:26, 38.77, 38.46, 33.32, 33.90, 32.41, 32.44
2018/07/13 11:06:27, 38.78, 38.47, 33.32, 33.89, 32.41, 32.44
2018/07/13 11:06:28, 38.77, 38.47, 33.33, 33.88, 32.41, 32.43
2018/07/13 11:06:29, 38.78, 38.46, 33.34, 33.89, 32.41, 32.44
2018/07/13 11:06:30, 38.79, 38.46, 33.33, 33.89, 32.41, 32.46
2018/07/13 11:06:31, 38.79, 38.50, 33.35, 33.88, 32.41, 32.45
2018/07/13 11:06:32, 38.79, 38.49, 33.32, 33.87, 32.41, 32.47
2018/07/13 11:06:33, 38.79, 38.49, 33.31, 33.89, 32.42, 32.46
2018/07/13 11:06:34, 38.78, 38.49, 33.32, 33.89, 32.42, 32.47
2018/07/13 11:06:35, 38.77, 38.48, 33.32, 33.87, 32.43, 32.47
2018/07/13 11:06:36, 38.76, 38.48, 33.32, 33.89, 32.43, 32.49
2018/07/13 11:06:37, 38.77, 38.46, 33.33, 33.86, 32.43, 32.49
2018/07/13 11:06:38, 38.75, 38.46, 33.30, 33.87, 32.42, 32.48
2018/07/13 11:06:39, 38.76, 38.44, 33.33, 33.86, 32.44, 32.50
2018/07/13 11:06:40, 38.76, 38.42, 33.32, 33.88, 32.43, 32.50
2018/07/13 11:06:41, 38.78, 38.42, 33.31, 33.86, 32.43, 32.50
2018/07/13 11:06:42, 38.76, 38.42, 33.29, 33.88, 32.45, 32.51
2018/07/13 11:06:43, 38.75, 38.41, 33.33, 33.85, 32.44, 32.51
2018/07/13 11:06:44, 38.76, 38.39, 33.32, 33.87, 32.46, 32.52
2018/07/13 11:06:45, 38.76, 38.40, 33.29, 33.87, 32.46, 32.51
2018/07/13 11:06:46, 38.77, 38.40, 33.30, 33.87, 32.46, 32.51
2018/07/13 11:06:47, 38.75, 38.41, 33.29, 33.87, 32.46, 32.52
2018/07/13 11:06:48, 38.76, 38.41, 33.30, 33.89, 32.48, 32.51
2018/07/13 11:06:49, 38.75, 38.40, 33.28, 33.85, 32.48, 32.52
2018/07/13 11:06:50, 38.75, 38.40, 33.28, 33.87, 32.48, 32.52
2018/07/13 11:06:51, 38.78, 38.42, 33.29, 33.87, 32.49, 32.54
2018/07/13 11:06:52, 38.76, 38.45, 33.27, 33.87, 32.48, 32.53
2018/07/13 11:06:53, 38.76, 38.43, 33.28, 33.86, 32.48, 32.54
2018/07/13 11:06:54, 38.77, 38.43, 33.30, 33.85, 32.50, 32.54
2018/07/13 11:06:55, 38.73, 38.44, 33.28, 33.87, 32.51, 32.55
2018/07/13 11:06:56, 38.76, 38.43, 33.25, 33.85, 32.50, 32.55
2018/07/13 11:06:57, 38.74, 38.43, 33.27, 33.84, 32.51, 32.55
2018/07/13 11:06:58, 38.75, 38.45, 33.28, 33.84, 32.50, 32.56
2018/07/13 11:06:59, 38.75, 38.43, 33.26, 33.83, 32.51, 32.57
2018/07/13 11:07:00, 38.74, 38.44, 33.26, 33.83, 32.51, 32.57
2018/07/13 11:07:01, 38.76, 38.46, 33.24, 33.83, 32.51, 32.58
2018/07/13 11:07:02, 38.76, 38.49, 33.24, 33.84, 32.51, 32.59
2018/07/13 11:07:03, 38.74, 38.47, 33.26, 33.84, 32.52, 32.58
2018/07/13 11:07:04, 38.75, 38.47, 33.24, 33.86, 32.53, 32.58
2018/07/13 11:07:05, 38.79, 38.47, 33.25, 33.84, 32.55, 32.58
2018/07/13 11:07:06, 38.77, 38.46, 33.24, 33.84, 32.54, 32.59
2018/07/13 11:07:07, 38.76, 38.48, 33.21, 33.83, 32.54, 32.59
2018/07/13 11:07:08, 38.76, 38.47, 33.24, 33.83, 32.53, 32.61
2018/07/13 11:07:09, 38.78, 38.47, 33.22, 33.81, 32.55, 32.59
2018/07/13 11:07:10, 38.78, 38.47, 33.25, 33.82, 32.56, 32.62
2018/07/13 11:07:11, 38.75, 38.47, 33.22, 33.81, 32.55, 32.62
2018/07/13 11:07:12, 38.77, 38.47, 33.21, 33.79, 32.57, 32.62
2018/07/13 11:07:13, 38.77, 38.45, 33.23, 33.80, 32.55, 32.64
2018/07/13 11:07:14, 38.80, 38.48, 33.21, 33.80, 32.56, 32.63
2018/07/13 11:07:15, 38.79, 38.49, 33.21, 33.82, 32.56, 32.64
2018/07/13 11:07:16, 38.79, 38.48, 33.20, 33.80, 32.57, 32.65
2018/07/13 11:07:17, 38.81, 38.48, 33.21, 33.80, 32.57, 32.64
2018/07/13 11:07:18, 38.80, 38.47, 33.19, 33.80, 32.58, 32.65
2018/07/13 11:07:19, 38.79, 38.48, 33.20, 33.78, 32.60, 32.65
2018/07/13 11:07:20, 38.82, 38.48, 33.19, 33.77, 32.58, 32.67
2018/07/13 11:07:21, 38.82, 38.51, 33.20, 33.78, 32.61, 32.66
2018/07/13 11:07:22, 38.81, 38.52, 33.18, 33.78, 32.60, 32.67
2018/07/13 11:07:23, 38.80, 38.51, 33.17, 33.79, 32.60, 32.69
2018/07/13 11:07:24, 38.80, 38.51, 33.18, 33.76, 32.61, 32.67
2018/07/13 11:07:25, 38.79, 38.49, 33.19, 33.77, 32.62, 32.67
2018/07/13 11:07:26, 38.80, 38.49, 33.15, 33.76, 32.61, 32.69
2018/07/13 11:07:27, 38.80, 38.48, 33.15, 33.76, 32.62, 32.71
2018/07/13 11:07:28, 38.79, 38.47, 33.16, 33.75, 32.63, 32.71
2018/07/13 11:07:29, 38.80, 38.49, 33.17, 33.77, 32.63, 32.71
2018/07/13 11:07:30, 38.80, 38.47, 33.18, 33.75, 32.65, 32.73
2018/07/13 11:07:31, 38.79, 38.47, 33.18, 33.73, 32.65, 32.72
2018/07/13 11:07:32, 38.79, 38.47, 33.17, 33.74, 32.65, 32.71
2018/07/13 11:07:33, 38.77, 38.48, 33.15, 33.74, 32.65, 32.73
2018/07/13 11:07:34, 121.30, 38.50, 33.15, 33.75, 32.64, 32.74
2018/07/13 11:07:35, 38.79, 38.49, 33.16, 33.75, 32.66, 32.76
2018/07/13 11:07:36, 38.78, 38.49, 33.14, 33.74, 32.66, 32.75
2018/07/13 11:07:37, 38.77, 38.48, 33.10, 33.74, 32.67, 32.75
2018/07/13 11:07:38, 38.78, 38.48, 33.14, 33.74, 32.67, 32.75
2018/07/13 11:07:39, 38.79, 38.49, 33.14, 33.73, 32.69, 32.76
2018/07/13 11:07:40, 38.79, 38.51, 33.12, 33.74, 32.67, 32.77
2018/07/13 11:07:41, 38.80, 38.49, 33.11, 33.73, 32.69, 32.77
2018/07/13 11:07:42, 38.81, 38.50, 33.12, 33.74, 32.70, 32.78
2018/07/13 11:07:43, 38.80, 38.50, 33.11, 33.73, 32.71, 32.78
2018/07/13 11:07:44, 38.80, 38.52, 33.11, 33.73, 32.71, 32.80
2018/07/13 11:07:45, 38.79, 38.51, 33.11, 33.73, 32.70, 32.80
2018/07/13 11:07:46, 38.80, 38.51, 33.10, 33.74, 32.71, 32.79
2018/07/13 11:07:47, 38.80, 38.53, 33.12, 33.75, 32.72, 32.80
2018/07/13 11:07:48, 38.79, 38.52, 33.10, 33.71, 32.72, 32.80
2018/07/13 11:07:49, 38.83, 38.54, 33.80, 33.74, 32.75, 32.81
2018/07/13 11:07:50, 120.44, 38.53, 33.80, 33.74, 32.75, 32.82
2018/07/13 11:07:51, 38.79, 38.54, 33.90, 33.71, 32.75, 32.82
2018/07/13 11:07:52, 38.79, 38.54, 33.11, 33.72, 32.74, 32.83
2018/07/13 11:07:53, 38.80, 38.55, 33.80, 33.71, 32.73, 32.83
2018/07/13 11:07:54, 38.82, 38.53, 33.80, 33.71, 32.74, 32.83
2018/07/13 11:07:55, 38.80, 38.55, 33.70, 33.71, 32.75, 32.84
2018/07/13 11:07:56, 38.80, 38.53, 33.50, 33.71, 32.76, 32.83
2018/07/13 11:07:57, 38.80, 38.51, 33.60, 33.71, 32.78, 32.87
2018/07/13 11:07:58, 38.78, 38.53, 33.60, 33.71, 32.79, 32.87
2018/07/13 11:07:59, 38.79, 38.53, 33.60, 33.69, 32.76, 32.87
2018/07/13 11:08:00, 38.82, 38.55, 33.60, 33.70, 32.78, 32.87
2018/07/13 11:08:01, 38.81, 38.53, 33.60, 33.69, 32.78, 32.88
2018/07/13 11:08:02, 38.80, 38.53, 33.50, 33.68, 32.79, 32.86
2018/07/13 11:08:03, 38.82, 38.56, 33.40, 33.69, 32.78, 32.89
2018/07/13 11:08:04, 38.81, 38.56, 33.50, 33.67, 32.80, 32.88
2018/07/13 11:08:05, 38.82, 38.55, 33.50, 33.69, 32.81, 32.90
2018/07/13 11:08:06, 38.81, 38.55, 33.40, 33.69, 32.82, 32.91
2018/07/13 11:08:07, 38.82, 38.55, 33.40, 33.68, 32.81, 32.90
2018/07/13 11:08:08, 38.81, 38.58, 33.20, 33.68, 32.83, 32.92
2018/07/13 11:08:09, 38.80, 38.58, 33.40, 33.67, 32.81, 32.91
2018/07/13 11:08:10, 38.80, 38.57, 33.20, 33.69, 32.83, 32.94
2018/07/13 11:08:11, 38.83, 38.58, 33.10, 33.67, 32.85, 32.92
2018/07/13 11:08:12, 38.81, 38.58, 33.10, 33.67, 32.84, 32.94
2018/07/13 11:08:13, 38.81, 38.57, 33.30, 33.67, 32.86, 32.94
2018/07/13 11:08:14, 38.81, 38.58, 33.30, 33.66, 32.87, 32.95
2018/07/13 11:08:15, 38.82, 38.58, 33.00, 33.66, 32.86, 32.96
2018/07/13 11:08:16, 38.82, 38.58, 33.10, 33.66, 32.86, 32.94
2018/07/13 11:08:17, 38.83, 38.59, 32.99, 33.67, 32.87, 32.97
2018/07/13 11:08:18, 38.84, 38.58, 33.00, 33.66, 32.87, 32.98
2018/07/13 11:08:19, 38.80, 38.57, 32.97, 33.67, 32.89, 32.96
2018/07/13 11:08:20, 38.83, 38.57, 32.98, 33.65, 32.89, 32.97
2018/07/13 11:08:21, 38.82, 38.57, 33.10, 33.65, 32.89, 32.99
2018/07/13 11:08:22, 38.82, 38.57, 32.97, 33.66, 32.89, 32.98
2018/07/13 11:08:23, 38.82, 38.57, 32.96, 33.66, 32.91, 33.00
2018/07/13 11:08:24, 38.82, 38.59, 32.97, 33.66, 32.91, 33.10
2018/07/13 11:08:25, 38.82, 38.59, 32.97, 33.66, 32.91, 33.00
2018/07/13 11:08:26, 38.84, 38.62, 32.96, 33.67, 32.92, 33.10
2018/07/13 11:08:27, 38.83, 38.61, 32.93, 33.65, 32.93, 33.20
2018/07/13 11:08:28, 38.83, 38.61, 32.97, 33.66, 32.94, 33.30
2018/07/13 11:08:29, 38.82, 38.61, 32.96, 33.66, 32.92, 33.20
2018/07/13 11:08:30, 38.82, 38.61, 32.94, 33.65, 32.93, 33.40
2018/07/13 11:08:31, 38.82, 38.60, 32.97, 33.67, 32.94, 33.40
2018/07/13 11:08:32, 38.83, 38.60, 32.96, 33.66, 32.95, 33.30
2018/07/13 11:08:33, 38.83, 38.62, 32.96, 33.66, 32.95, 33.60
2018/07/13 11:08:34, 38.81, 38.61, 32.94, 33.65, 32.95, 33.70
2018/07/13 11:08:35, 38.83, 38.61, 32.94, 33.67, 32.97, 33.70
2018/07/13 11:08:36, 38.79, 38.59, 32.94, 33.66, 32.97, 33.60
2018/07/13 11:08:37, 38.81, 38.62, 32.94, 33.65, 32.97, 33.70
2018/07/13 11:08:38, 38.81, 38.62, 32.94, 33.66, 32.98, 33.60
2018/07/13 11:08:39, 38.81, 38.63, 32.92, 33.66, 32.99, 33.80
2018/07/13 11:08:40, 38.80, 38.61, 32.92, 33.66, 33.00, 33.10
2018/07/13 11:08:41, 38.81, 38.60, 32.92, 33.65, 32.98, 33.90
2018/07/13 11:08:42, 38.81, 38.61, 32.92, 33.66, 33.10, 33.10
2018/07/13 11:08:43, 38.82, 38.62, 32.93, 33.65, 33.10, 33.10
2018/07/13 11:08:44, 38.79, 38.61, 32.91, 33.64, 33.10, 33.10
2018/07/13 11:08:45, 38.82, 38.62, 32.91, 33.64, 33.10, 33.12
2018/07/13 11:08:46, 38.79, 38.63, 32.89, 33.64, 33.30, 33.11
2018/07/13 11:08:47, 38.80, 38.62, 32.90, 33.64, 33.10, 33.13
2018/07/13 11:08:48, 38.82, 38.61, 32.89, 33.65, 33.30, 33.14
2018/07/13 11:08:49, 38.83, 38.62, 32.92, 33.65, 33.00, 33.15
2018/07/13 11:08:50, 38.82, 38.61, 32.89, 33.64, 33.30, 33.14
2018/07/13 11:08:51, 38.83, 38.61, 32.87, 33.65, 33.40, 33.14
2018/07/13 11:08:52, 38.84, 38.62, 32.90, 33.66, 33.40, 33.14
2018/07/13 11:08:53, 38.81, 38.61, 32.87, 33.65, 33.50, 33.16
2018/07/13 11:08:54, 38.82, 38.64, 32.87, 33.64, 33.50, 33.17
2018/07/13 11:08:55, 38.83, 38.64, 32.89, 33.66, 33.70, 33.17
2018/07/13 11:08:56, 38.85, 38.64, 32.86, 33.65, 33.70, 33.16
2018/07/13 11:08:57, 38.84, 38.63, 32.86, 33.65, 33.80, 33.17
2018/07/13 11:08:58, 38.83, 38.65, 32.87, 33.66, 33.70, 33.19
2018/07/13 11:08:59, 38.84, 38.60, 32.87, 33.66, 33.80, 33.21
2018/07/13 11:09:00, 38.83, 38.65, 32.83, 33.63, 33.11, 33.19
2018/07/13 11:09:01, 38.84, 38.63, 32.86, 33.64, 33.90, 33.21
2018/07/13 11:09:02, 38.83, 38.61, 32.85, 33.63, 33.10, 33.20
2018/07/13 11:09:03, 38.84, 38.62, 32.87, 33.65, 33.12, 33.21
2018/07/13 11:09:04, 38.83, 38.63, 32.84, 33.64, 33.10, 33.22
2018/07/13 11:09:05, 38.84, 38.62, 32.85, 33.64, 33.11, 33.20
2018/07/13 11:09:06, 38.83, 38.63, 32.84, 33.64, 33.12, 33.23
2018/07/13 11:09:07, 38.84, 38.63, 32.86, 33.63, 33.13, 33.23
2018/07/13 11:09:08, 38.86, 38.65, 32.82, 33.64, 33.12, 33.25
2018/07/13 11:09:09, 38.86, 38.66, 32.84, 33.63, 33.14, 33.23
2018/07/13 11:09:10, 38.85, 38.66, 32.83, 33.64, 33.14, 33.25
2018/07/13 11:09:11, 38.85, 38.67, 32.82, 33.63, 33.13, 33.25
2018/07/13 11:09:12, 38.86, 38.63, 32.81, 33.63, 33.16, 33.25
2018/07/13 11:09:13, 38.84, 38.66, 32.83, 33.62, 33.16, 33.24
2018/07/13 11:09:14, 38.84, 38.66, 32.83, 33.62, 33.16, 33.26
2018/07/13 11:09:15, 38.84, 38.67, 32.81, 33.61, 33.16, 33.28
2018/07/13 11:09:16, 38.83, 38.68, 32.80, 33.61, 33.17, 33.27
2018/07/13 11:09:17, 38.85, 38.67, 32.79, 33.61, 33.18, 33.28
2018/07/13 11:09:18, 38.86, 38.67, 32.81, 33.61, 33.17, 33.30
2018/07/13 11:09:19, 38.86, 38.69, 32.80, 33.62, 33.18, 33.29
2018/07/13 11:09:20, 38.87, 38.65, 32.81, 33.61, 33.18, 33.30
2018/07/13 11:09:21, 38.87, 38.68, 32.80, 33.61, 33.20, 33.30
2018/07/13 11:09:22, 38.86, 38.66, 32.81, 33.62, 33.19, 33.30
2018/07/13 11:09:23, 38.86, 38.68, 32.79, 33.60, 33.20, 33.31
2018/07/13 11:09:24, 38.86, 38.66, 32.80, 33.58, 33.20, 33.32
2018/07/13 11:09:25, 38.88, 38.66, 32.80, 33.58, 33.18, 33.30
2018/07/13 11:09:26, 38.87, 38.66, 32.78, 33.58, 33.22, 33.32
2018/07/13 11:09:27, 38.87, 38.66, 32.77, 33.58, 33.22, 33.32
2018/07/13 11:09:28, 38.87, 38.67, 32.78, 33.60, 33.23, 33.32
2018/07/13 11:09:29, 38.87, 38.66, 32.78, 33.58, 33.21, 33.34
2018/07/13 11:09:30, 38.87, 38.66, 32.76, 33.58, 33.23, 33.33
2018/07/13 11:09:31, 38.86, 38.67, 32.77, 33.58, 33.25, 33.35
2018/07/13 11:09:32, 38.90, 38.66, 32.77, 33.56, 33.25, 33.35
2018/07/13 11:09:33, 38.87, 38.67, 32.77, 33.57, 33.24, 33.36
2018/07/13 11:09:34, 38.90, 38.67, 32.77, 33.56, 33.24, 33.36
2018/07/13 11:09:35, 38.89, 38.69, 32.76, 33.57, 33.26, 33.36
2018/07/13 11:09:36, 38.89, 38.67, 32.75, 33.55, 33.24, 33.38
2018/07/13 11:09:37, 38.89, 38.69, 32.77, 33.56, 33.25, 33.37
2018/07/13 11:09:38, 38.87, 38.68, 32.77, 33.55, 33.27, 33.39
2018/07/13 11:09:39, 38.91, 38.69, 32.75, 33.56, 33.26, 33.38
2018/07/13 11:09:40, 38.88, 38.69, 32.76, 33.56, 33.26, 33.38
2018/07/13 11:09:41, 38.90, 38.69, 32.76, 33.55, 33.27, 33.39
2018/07/13 11:09:42, 38.90, 38.70, 32.74, 33.53, 33.30, 33.39
2018/07/13 11:09:43, 38.90, 38.70, 32.75, 33.53, 33.28, 0.00
2018/07/13 11:09:44, 38.88, 38.68, 0.00, 0.00, 0.00, 0.00
2018/07/13 11:09:45, 38.93, 38.70, 0.00, 0.00, 0.00, 0.00
2018/07/13 11:09:46, 38.89, 38.69, 0.00, 0.00, 0.00, 0.00
2018/07/13 11:09:47, 38.90, 38.69, 0.00, 0.00, 0.00, 0.00
2018/07/13 11:09:48, 38.90, 38.68, 0.00, 0.00, 0.00, 0.00
2018/07/13 11:09:49, 38.87, 38.66, 0.00, 0.00, 0.00, 0.00
2018/07/13 11:09:50, 38.89, 38.67, 0.00, 0.00, 0.00, 0.00
2018/07/13 11:09:51, 38.89, 38.67, 0.00, 0.00, 0.00, 0.00
2018/07/13 11:09:52, 38.94, 38.69, 0.00, 0.00, 0.00, 0.00
2018/07/13 11:09:53, 38.93, 38.71, 0.00, 0.00, 0.00, 0.00
2018/07/13 11:09:54, 38.94, 38.72, 0.00, 0.00, 0.00, 0.00
2018/07/13 11:09:55, 38.94, 38.71, 0.00, 0.00, 0.00, 0.00
2018/07/13 11:09:56, 38.92, 38.74, 0.00, 0.00, 0.00, 0.00
2018/07/13 11:09:57, 38.94, 38.74, 0.00, 0.00, 0.00, 0.00
2018/07/13 11:09:58, 38.94, 38.74, 0.00, 0.00, 0.00, 0.00
2018/07/13 11:09:59, 38.93, 38.75, 0.00, 0.00, 0.00, 0.00
2018/07/13 11:10:00, 38.94, 38.74, 0.00, 0.00, 0.00, 0.00
2018/07/13 11:10:01, 38.94, 38.74, 0.00, 0.00, 0.00, 0.00
2018/07/13 11:10:02, 38.97, 38.75, 0.00, 0.00, 0.00, 0.00
2018/07/13 11:10:03, 38.94, 38.74, 0.00, 0.00, 0.00, 0.00
2018/07/13 11:10:04, 38.94, 38.74, 0.00, 0.00, 0.00, 0.00
2018/07/13 11:10:05, 38.97, 38.74, 0.00, 0.00, 0.00, 0.00
2018/07/13 11:10:06, 38.97, 38.74, 0.00, 0.00, 0.00, 0.00
2018/07/13 11:10:07, 38.95, 38.75, 0.00, 0.00, 0.00, 0.00
2018/07/13 11:10:08, 38.96, 38.75, 0.00, 0.00, 0.00, 0.00
2018/07/13 11:10:09, 38.95, 38.75, 0.00, 0.00, 0.00, 0.00
2018/07/13 11:10:10, 38.96, 38.74, 0.00, 0.00, 0.00, 0.00
2018/07/13 11:10:11, 38.98, 38.74, 0.00, 0.00, 0.00, 0.00
2018/07/13 11:10:12, 38.98, 38.76, 0.00, 0.00, 0.00, 0.00
2018/07/13 11:10:13, 39.10, 38.78, 0.00, 0.00, 0.00, 0.00
2018/07/13 11:10:14, 38.99, 38.77, 0.00, 0.00, 0.00, 0.00
2018/07/13 11:10:15, 38.99, 38.80, 0.00, 0.00, 0.00, 0.00
2018/07/13 11:10:16, 39.00, 38.79, 0.00, 0.00, 0.00, 0.00
2018/07/13 11:10:17, 38.99, 38.79, 0.00, 0.00, 0.00, 0.00
2018/07/13 11:10:18, 39.00, 38.79, 0.00, 0.00, 0.00, 0.00
2018/07/13 11:10:19, 39.00, 38.78, 0.00, 0.00, 0.00, 0.00
2018/07/13 11:10:20, 39.20, 38.77, 0.00, 0.00, 0.00, 0.00
2018/07/13 11:10:21, 39.00, 38.77, 0.00, 0.00, 0.00, 0.00
2018/07/13 11:10:22, 39.30, 38.79, 0.00, 0.00, 0.00, 0.00
2018/07/13 11:10:23, 39.20, 38.78, 0.00, 0.00, 0.00, 0.00
2018/07/13 11:10:24, 39.40, 38.79, 0.00, 0.00, 0.00, 0.00
2018/07/13 11:10:25, 39.20, 38.79, 0.00, 0.00, 0.00, 0.00
2018/07/13 11:10:26, 39.30, 38.80, 0.00, 0.00, 0.00, 0.00
2018/07/13 11:10:27, 39.60, 38.80, 0.00, 0.00, 0.00, 0.00
2018/07/13 11:10:28, 39.30, 38.81, 0.00, 0.00, 0.00, 0.00
2018/07/13 11:10:29, 39.60, 38.82, 0.00, 0.00, 0.00, 0.00
2018/07/13 11:10:30, 39.60, 38.82, 0.00, 0.00, 0.00, 0.00
2018/07/13 11:10:31, 39.50, 38.82, 0.00, 0.00, 0.00, 0.00
2018/07/13 11:10:32, 39.60, 38.81, 0.00, 0.00, 0.00, 0.00
2018/07/13 11:10:33, 39.70, 38.83, 0.00, 0.00, 0.00, 0.00
2018/07/13 11:10:34, 39.50, 38.81, 0.00, 0.00, 0.00, 0.00
2018/07/13 11:10:35, 39.10, 38.82, 0.00, 0.00, 0.00, 0.00
2018/07/13 11:10:36, 39.80, 38.83, 0.00, 0.00, 0.00, 0.00
2018/07/13 11:10:37, 39.10, 38.83, 0.00, 0.00, 0.00, 0.00
2018/07/13 11:10:38, 39.10, 38.84, 0.00, 0.00, 0.00, 0.00
2018/07/13 11:10:39, 39.80, 38.84, 0.00, 0.00, 0.00, 0.00
2018/07/13 11:10:40, 39.90, 38.85, 0.00, 0.00, 0.00, 0.00
2018/07/13 11:10:41, 39.70, 38.83, 0.00, 0.00, 0.00, 0.00
2018/07/13 11:10:42, 39.10, 38.83, 0.00, 0.00, 0.00, 0.00
2018/07/13 11:10:43, 39.90, 38.84, 0.00, 0.00, 0.00, 0.00
2018/07/13 11:10:44, 39.10, 38.84, 0.00, 0.00, 0.00, 0.00
2018/07/13 11:10:45, 39.12, 38.82, 0.00, 0.00, 0.00, 0.00
2018/07/13 11:10:46, 39.11, 38.81, 0.00, 0.00, 0.00, 0.00
2018/07/13 11:10:47, 39.10, 38.82, 0.00, 0.00, 0.00, 0.00
2018/07/13 11:10:48, 39.12, 38.82, 0.00, 0.00, 0.00, 0.00
2018/07/13 11:10:49, 39.10, 38.83, 0.00, 0.00, 0.00, 0.00
2018/07/13 11:10:50, 39.11, 38.84, 0.00, 0.00, 0.00, 0.00
2018/07/13 11:10:51, 39.15, 38.85, 0.00, 0.00, 0.00, 0.00
2018/07/13 11:10:52, 39.10, 38.83, 0.00, 0.00, 0.00, 0.00
2018/07/13 11:10:53, 39.12, 38.85, 0.00, 0.00, 0.00, 0.00
2018/07/13 11:10:54, 39.11, 38.84, 0.00, 0.00, 0.00, 0.00
2018/07/13 11:10:55, 39.13, 38.84, 0.00, 0.00, 0.00, 0.00
2018/07/13 11:10:56, 39.14, 38.84, 0.00, 0.00, 0.00, 0.00
2018/07/13 11:10:57, 39.13, 38.83, 0.00, 0.00, 0.00, 0.00
2018/07/13 11:10:58, 39.11, 38.82, 0.00, 0.00, 0.00, 0.00
2018/07/13 11:10:59, 39.14, 38.84, 0.00, 0.00, 0.00, 0.00
2018/07/13 11:11:00, 39.12, 38.84, 0.00, 0.00, 0.00, 0.00
2018/07/13 11:11:01, 39.12, 38.84, 0.00, 0.00, 0.00, 0.00
2018/07/13 11:11:02, 39.11, 38.85, 0.00, 0.00, 0.00, 0.00
2018/07/13 11:11:03, 39.12, 38.88, 0.00, 0.00, 0.00, 0.00
2018/07/13 11:11:04, 39.13, 38.86, 0.00, 0.00, 0.00, 0.00
2018/07/13 11:11:05, 39.13, 38.86, 0.00, 0.00, 0.00, 0.00
2018/07/13 11:11:06, 39.13, 38.88, 0.00, 0.00, 0.00, 0.00
2018/07/13 11:11:07, 39.13, 38.87, 0.00, 0.00, 0.00, 0.00
2018/07/13 11:11:08, 39.13, 38.88, 0.00, 0.00, 0.00, 0.00
2018/07/13 11:11:09, 39.15, 38.88, 0.00, 0.00, 0.00, 0.00
2018/07/13 11:11:10, 39.15, 38.88, 0.00, 0.00, 0.00, 0.00
2018/07/13 11:11:11, 39.15, 38.89, 0.00, 0.00, 0.00, 0.00
2018/07/13 11:11:12, 39.14, 38.89, 0.00, 0.00, 0.00, 0.00
2018/07/13 11:11:13, 39.15, 38.87, 0.00, 0.00, 0.00, 0.00
2018/07/13 11:11:14, 39.17, 38.88, 0.00, 0.00, 0.00, 0.00
2018/07/13 11:11:15, 39.14, 38.88, 0.00, 0.00, 0.00, 0.00
2018/07/13 11:11:16, 39.12, 38.89, 0.00, 0.00, 0.00, 0.00
2018/07/13 11:11:17, 39.14, 38.88, 0.00, 0.00, 0.00, 0.00
2018/07/13 11:11:18, 39.16, 38.89, 0.00, 0.00, 0.00, 0.00
2018/07/13 11:11:19, 39.16, 38.88, 0.00, 0.00, 0.00, 0.00
2018/07/13 11:11:20, 39.16, 38.88, 0.00, 0.00, 0.00, 0.00
2018/07/13 11:11:21, 39.16, 38.91, 0.00, 0.00, 0.00, 0.00
2018/07/13 11:11:22, 39.16, 38.92, 0.00, 0.00, 0.00, 0.00
2018/07/13 11:11:23, 39.16, 38.91, 0.00, 0.00, 0.00, 0.00
2018/07/13 11:11:24, 39.17, 38.91, 0.00, 0.00, 0.00, 0.00
2018/07/13 11:11:25, 39.17, 38.93, 0.00, 0.00, 0.00, 0.00
2018/07/13 11:11:26, 39.17, 38.90, 0.00, 0.00, 0.00, 0.00
2018/07/13 11:11:27, 39.16, 38.92, 0.00, 0.00, 0.00, 0.00
2018/07/13 11:11:28, 39.17, 38.93, 0.00, 0.00, 0.00, 0.00
2018/07/13 11:11:29, 39.16, 38.92, 0.00, 0.00, 0.00, 0.00
2018/07/13 11:11:30, 39.17, 38.92, 0.00, 0.00, 0.00, 0.00
2018/07/13 11:11:31, 39.17, 38.91, 0.00, 0.00, 0.00, 0.00
2018/07/13 11:11:32, 39.18, 38.93, 0.00, 0.00, 0.00, 0.00
2018/07/13 11:11:33, 39.18, 38.94, 0.00, 0.00, 0.00, 0.00
2018/07/13 11:11:34, 39.18, 38.94, 0.00, 0.00, 0.00, 0.00
2018/07/13 11:11:35, 39.21, 38.95, 0.00, 0.00, 0.00, 0.00
2018/07/13 11:11:36, 39.17, 38.95, 0.00, 0.00, 0.00, 0.00
2018/07/13 11:11:37, 39.20, 38.95, 0.00, 0.00, 0.00, 0.00
2018/07/13 11:11:38, 39.19, 38.93, 0.00, 0.00, 0.00, 0.00
2018/07/13 11:11:39, 39.17, 38.92, 0.00, 0.00, 0.00, 0.00
2018/07/13 11:11:40, 39.17, 38.93, 0.00, 0.00, 0.00, 0.00
2018/07/13 11:11:41, 39.18, 38.94, 0.00, 0.00, 0.00, 0.00
2018/07/13 11:11:42, 39.16, 38.93, 0.00, 0.00, 0.00, 0.00
2018/07/13 11:11:43, 39.18, 38.97, 0.00, 0.00, 0.00, 0.00
2018/07/13 11:11:44, 39.17, 38.96, 0.00, 0.00, 0.00, 0.00
2018/07/13 11:11:45, 39.19, 38.96, 0.00, 0.00, 0.00, 0.00
2018/07/13 11:11:46, 39.18, 38.97, 0.00, 0.00, 0.00, 0.00
2018/07/13 11:11:47, 39.19, 38.98, 0.00, 0.00, 0.00, 0.00
2018/07/13 11:11:48, 39.19, 38.96, 0.00, 0.00, 0.00, 0.00
2018/07/13 11:11:49, 39.16, 38.96, 0.00, 0.00, 0.00, 0.00
2018/07/13 11:11:50, 39.18, 38.94, 0.00, 0.00, 0.00, 0.00
2018/07/13 11:11:51, 39.18, 38.96, 0.00, 0.00, 0.00, 0.00
2018/07/13 11:11:52, 39.19, 38.97, 0.00, 0.00, 0.00, 0.00
2018/07/13 11:11:53, 39.18, 38.97, 0.00, 0.00, 0.00, 0.00
2018/07/13 11:11:54, 39.17, 38.96, 0.00, 0.00, 0.00, 0.00
2018/07/13 11:11:55, 39.19, 38.97, 0.00, 0.00, 0.00, 0.00
2018/07/13 11:11:56, 39.18, 38.98, 0.00, 0.00, 0.00, 0.00
2018/07/13 11:11:57, 39.18, 38.98, 0.00, 0.00, 0.00, 0.00
2018/07/13 11:11:58, 39.18, 38.97, 0.00, 0.00, 0.00, 0.00
2018/07/13 11:11:59, 39.19, 38.98, 0.00, 0.00, 0.00, 0.00
2018/07/13 11:12:00, 39.98, 38.98, 0.00, 0.00, 0.00, 0.00
2018/07/13 11:12:01, 39.18, 38.99, 0.00, 0.00, 0.00, 0.00
2018/07/13 11:12:02, 39.18, 38.99, 0.00, 0.00, 0.00, 0.00
2018/07/13 11:12:03, 39.17, 38.99, 0.00, 0.00, 0.00, 0.00
2018/07/13 11:12:04, 39.16, 38.99, 0.00, 0.00, 0.00, 0.00
2018/07/13 11:12:05, 39.20, 38.99, 0.00, 0.00, 0.00, 0.00
2018/07/13 11:12:06, 39.17, 38.99, 0.00, 0.00, 0.00, 0.00
2018/07/13 11:12:07, 39.19, 38.98, 0.00, 0.00, 0.00, 0.00
2018/07/13 11:12:08, 39.17, 38.98, 0.00, 0.00, 0.00, 0.00
2018/07/13 11:12:09, 39.19, 38.98, 0.00, 0.00, 0.00, 0.00
2018/07/13 11:12:10, 39.17, 38.98, 0.00, 0.00, 0.00, 0.00
2018/07/13 11:12:11, 39.17, 38.98, 0.00, 0.00, 0.00, 0.00
2018/07/13 11:12:12, 39.16, 39.00, 0.00, 0.00, 0.00, 0.00
2018/07/13 11:12:13, 39.16, 38.98, 0.00, 0.00, 0.00, 0.00
2018/07/13 11:12:14, 39.17, 38.99, 0.00, 0.00, 0.00, 0.00
2018/07/13 11:12:15, 39.19, 39.00, 0.00, 0.00, 0.00, 0.00
2018/07/13 11:12:16, 39.18, 38.99, 0.00, 0.00, 0.00, 0.00
2018/07/13 11:12:17, 39.19, 39.20, 0.00, 0.00, 0.00, 0.00
2018/07/13 11:12:18, 39.18, 39.20, 0.00, 0.00, 0.00, 0.00
2018/07/13 11:12:19, 39.17, 38.99, 0.00, 0.00, 0.00, 0.00
2018/07/13 11:12:20, 39.19, 39.00, 0.00, 0.00, 0.00, 0.00
2018/07/13 11:12:21, 39.55, 38.99, 0.00, 0.00, 0.00, 0.00
2018/07/13 11:12:22, 39.16, 39.20, 0.00, 0.00, 0.00, 0.00
2018/07/13 11:12:23, 39.17, 39.10, 0.00, 0.00, 0.00, 0.00
2018/07/13 11:12:24, 39.19, 39.20, 0.00, 0.00, 0.00, 0.00
2018/07/13 11:12:25, 39.16, 39.20, 0.00, 0.00, 0.00, 0.00
2018/07/13 11:12:26, 39.16, 39.20, 0.00, 0.00, 0.00, 0.00
2018/07/13 11:12:27, 39.17, 39.50, 0.00, 0.00, 0.00, 0.00
2018/07/13 11:12:28, 39.15, 39.10, 0.00, 0.00, 0.00, 0.00
2018/07/13 11:12:29, 39.20, 39.50, 0.00, 0.00, 0.00, 0.00
2018/07/13 11:12:30, 39.17, 39.30, 0.00, 0.00, 0.00, 0.00
2018/07/13 11:12:31, 39.20, 39.60, 0.00, 0.00, 0.00, 0.00
2018/07/13 11:12:32, 39.16, 39.60, 0.00, 0.00, 0.00, 0.00
2018/07/13 11:12:33, 39.13, 39.40, 0.00, 0.00, 0.00, 0.00
2018/07/13 11:12:34, 39.20, 39.50, 0.00, 0.00, 0.00, 0.00
2018/07/13 11:12:35, 39.17, 39.40, 0.00, 0.00, 0.00, 0.00
2018/07/13 11:12:36, 39.14, 39.20, 0.00, 0.00, 0.00, 0.00
2018/07/13 11:12:37, 39.14, 39.30, 0.00, 0.00, 0.00, 0.00
2018/07/13 11:12:38, 39.15, 39.10, 0.00, 0.00, 0.00, 0.00
2018/07/13 11:12:39, 39.16, 39.20, 0.00, 0.00, 0.00, 0.00
2018/07/13 11:12:40, 39.15, 39.40, 0.00, 0.00, 0.00, 0.00
2018/07/13 11:12:41, 39.18, 39.30, 0.00, 0.00, 0.00, 0.00
2018/07/13 11:12:42, 39.16, 39.30, 0.00, 0.00, 0.00, 0.00
2018/07/13 11:12:43, 39.17, 39.50, 0.00, 0.00, 0.00, 0.00
2018/07/13 11:12:44, 39.17, 39.50, 0.00, 0.00, 0.00, 0.00
2018/07/13 11:12:45, 39.18, 39.50, 0.00, 0.00, 0.00, 0.00
2018/07/13 11:12:46, 39.19, 39.70, 0.00, 0.00, 0.00, 0.00
2018/07/13 11:12:47, 39.17, 39.70, 0.00, 0.00, 0.00, 0.00
2018/07/13 11:12:48, 39.19, 39.90, 0.00, 0.00, 0.00, 0.00
2018/07/13 11:12:49, 39.18, 39.80, 0.00, 0.00, 0.00, 0.00
2018/07/13 11:12:50, 39.20, 39.14, 0.00, 0.00, 0.00, 0.00
2018/07/13 11:12:51, 39.20, 39.13, 0.00, 0.00, 0.00, 0.00
2018/07/13 11:12:52, 39.18, 39.12, 0.00, 0.00, 0.00, 0.00
2018/07/13 11:12:53, 39.19, 39.14, 0.00, 0.00, 0.00, 0.00
2018/07/13 11:12:54, 39.18, 39.14, 0.00, 0.00, 0.00, 0.00
2018/07/13 11:12:55, 39.19, 39.14, 0.00, 0.00, 0.00, 0.00
2018/07/13 11:12:56, 39.20, 39.13, 0.00, 0.00, 0.00, 0.00
2018/07/13 11:12:57, 39.21, 39.14, 0.00, 0.00, 0.00, 0.00
2018/07/13 11:12:58, 39.21, 39.15, 0.00, 0.00, 0.00, 0.00
2018/07/13 11:12:59, 39.21, 39.16, 0.00, 0.00, 0.00, 0.00
2018/07/13 11:13:00, 39.21, 39.15, 0.00, 0.00, 0.00, 0.00
2018/07/13 11:13:01, 39.20, 39.15, 0.00, 0.00, 0.00, 0.00
2018/07/13 11:13:02, 39.19, 39.16, 0.00, 0.00, 0.00, 0.00
2018/07/13 11:13:03, 39.21, 39.16, 0.00, 0.00, 0.00, 0.00
2018/07/13 11:13:04, 39.20, 39.17, 0.00, 0.00, 0.00, 0.00
2018/07/13 11:13:05, 39.19, 39.16, 0.00, 0.00, 0.00, 0.00
2018/07/13 11:13:06, 39.19, 39.17, 0.00, 0.00, 0.00, 0.00
2018/07/13 11:13:07, 39.23, 39.16, 0.00, 0.00, 0.00, 0.00
2018/07/13 11:13:08, 39.19, 39.17, 0.00, 0.00, 0.00, 0.00
2018/07/13 11:13:09, 39.21, 39.18, 0.00, 0.00, 0.00, 0.00
2018/07/13 11:13:10, 39.22, 39.17, 0.00, 0.00, 0.00, 0.00
2018/07/13 11:13:11, 39.21, 39.19, 0.00, 0.00, 0.00, 0.00
2018/07/13 11:13:12, 39.19, 39.16, 0.00, 0.00, 0.00, 0.00
2018/07/13 11:13:13, 39.22, 39.18, 0.00, 0.00, 0.00, 0.00
2018/07/13 11:13:14, 39.20, 39.17, 0.00, 0.00, 0.00, 0.00
2018/07/13 11:13:15, 39.19, 39.18, 0.00, 0.00, 0.00, 0.00
2018/07/13 11:13:16, 39.21, 39.16, 0.00, 0.00, 0.00, 0.00
2018/07/13 11:13:17, 39.20, 39.17, 0.00, 0.00, 0.00, 0.00
2018/07/13 11:13:18, 39.20, 39.15, 0.00, 0.00, 0.00, 0.00
2018/07/13 11:13:19, 39.20, 39.17, 0.00, 0.00, 0.00, 0.00
2018/07/13 11:13:20, 39.23, 39.18, 0.00, 0.00, 0.00, 0.00
2018/07/13 11:13:21, 39.23, 39.19, 0.00, 0.00, 0.00, 0.00
2018/07/13 11:13:22, 39.21, 39.19, 0.00, 0.00, 0.00, 0.00
2018/07/13 11:13:23, 39.21, 39.19, 0.00, 0.00, 0.00, 0.00
2018/07/13 11:13:24, 39.20, 39.20, 0.00, 0.00, 0.00, 0.00
2018/07/13 11:13:25, 39.21, 39.19, 0.00, 0.00, 0.00, 0.00
2018/07/13 11:13:26, 39.20, 39.22, 0.00, 0.00, 0.00, 0.00
2018/07/13 11:13:27, 39.18, 39.21, 0.00, 0.00, 0.00, 0.00
2018/07/13 11:13:28, 39.20, 39.20, 0.00, 0.00, 0.00, 0.00
