2018/07/11 13:28:08, 38.49, 38.60, 33.47, 33.78, 31.41, 31.50
2018/07/11 13:28:09, 38.48, 38.61, 33.48, 33.78, 31.41, 31.60
2018/07/11 13:28:10, 38.48, 38.60, 33.47, 33.80, 31.40, 31.69
2018/07/11 13:28:11, 38.47, 38.62, 33.47, 33.79, 31.40, 31.75
2018/07/11 13:28:12, 38.47, 38.61, 33.48, 33.79, 31.41, 31.81
2018/07/11 13:28:13, 38.49, 38.60, 33.47, 33.79, 31.41, 31.83
2018/07/11 13:28:14, 38.51, 38.59, 33.46, 33.80, 31.42, 31.90
2018/07/11 13:28:15, 38.49, 38.62, 33.48, 33.80, 31.42, 31.95
2018/07/11 13:28:16, 38.50, 38.63, 33.46, 33.80, 31.41, 31.97
2018/07/11 13:28:17, 38.50, 38.61, 33.46, 33.79, 31.40, 31.91
2018/07/11 13:28:18, 38.51, 38.61, 33.47, 33.82, 31.42, 31.89
2018/07/11 13:28:19, 38.49, 38.63, 33.48, 33.81, 31.43, 31.84
2018/07/11 13:28:20, 38.52, 38.63, 33.47, 33.81, 31.42, 31.83
2018/07/11 13:28:21, 38.49, 38.61, 33.46, 33.79, 31.41, 31.86
2018/07/11 13:28:22, 38.50, 38.60, 33.47, 33.80, 31.43, 31.89
2018/07/11 13:28:23, 38.49, 38.63, 33.46, 33.82, 31.42, 31.90
2018/07/11 13:28:24, 38.47, 38.64, 33.46, 33.81, 31.43, 31.92
2018/07/11 13:28:25, 38.50, 38.64, 33.47, 33.81, 31.41, 31.94
2018/07/11 13:28:26, 38.49, 38.64, 33.48, 33.80, 31.43, 31.98
2018/07/11 13:28:24, 38.51, 38.63, 33.46, 33.83, 31.42, 31.98
2018/07/11 13:28:25, 38.49, 38.61, 33.46, 33.82, 31.44, 31.98
2018/07/11 13:28:29, 38.49, 38.63, 33.46, 33.81, 31.43, 32.00
2018/07/11 13:28:30, 38.51, 38.61, 33.44, 33.82, 31.43, 31.98
2018/07/11 13:28:31, 38.50, 38.63, 33.46, 33.82, 31.42, 31.88
2018/07/11 13:28:32, 38.49, 38.62, 33.46, 33.82, 31.43, 31.77
2018/07/11 13:28:33, 38.50, 38.61, 33.45, 33.82, 31.43, 31.73
2018/07/11 13:28:34, 38.50, 38.61, 33.45, 33.82, 31.44, 31.69
2018/07/11 13:28:35, 38.50, 38.61, 33.46, 33.81, 31.43, 31.68
2018/07/11 13:28:36, 38.49, 38.61, 33.48, 33.84, 31.43, 31.66
2018/07/11 13:28:37, 38.48, 38.64, 33.48, 33.83, 31.42, 31.63
2018/07/11 13:28:38, 38.50, 38.62, 33.48, 33.84, 31.43, 31.62
2018/07/11 13:28:39, 38.51, 38.62, 33.48, 33.83, 31.42, 31.59
2018/07/11 13:28:40, 38.49, 38.61, 33.47, 33.82, 31.44, 31.57
2018/07/11 13:28:41, 38.49, 38.64, 33.46, 33.80, 31.44, 31.57
2018/07/11 13:28:42, 38.49, 38.62, 33.47, 33.85, 31.43, 31.56
2018/07/11 13:28:43, 38.52, 38.62, 33.47, 33.85, 31.43, 31.57
2018/07/11 13:28:44, 38.51, 38.63, 33.48, 33.85, 31.45, 31.54
2018/07/11 13:28:45, 38.49, 38.65, 33.47, 33.85, 31.42, 31.56
2018/07/11 13:28:46, 38.50, 38.65, 33.47, 33.86, 31.43, 31.57
2018/07/11 13:28:47, 38.48, 38.63, 33.48, 33.85, 31.45, 31.61
2018/07/11 13:28:48, 38.50, 38.64, 33.47, 33.85, 31.44, 31.64
2018/07/11 13:28:49, 38.50, 38.63, 33.47, 33.87, 31.44, 31.72
2018/07/11 13:28:50, 38.50, 38.62, 33.45, 33.87, 31.44, 31.66
2018/07/11 13:28:51, 38.49, 38.63, 33.47, 33.89, 31.43, 31.60
2018/07/11 13:28:52, 38.50, 38.62, 33.47, 33.88, 31.44, 31.57
2018/07/11 13:28:53, 38.52, 38.62, 33.49, 33.89, 31.44, 31.55
2018/07/11 13:28:54, 38.50, 38.64, 33.48, 33.87, 31.45, 31.54
2018/07/11 13:28:55, 38.51, 38.63, 33.48, 33.86, 31.45, 31.54
2018/07/11 13:28:56, 38.50, 38.63, 33.48, 33.88, 31.44, 31.55
2018/07/11 13:28:57, 38.50, 38.62, 33.48, 33.89, 31.46, 31.55
2018/07/11 13:28:58, 38.51, 38.63, 33.46, 33.90, 31.45, 31.57
2018/07/11 13:28:59, 38.50, 38.63, 33.51, 33.90, 31.46, 31.66
2018/07/11 13:29:00, 38.51, 38.63, 33.47, 33.90, 31.44, 31.71
2018/07/11 13:29:01, 38.52, 38.64, 33.49, 33.89, 31.45, 31.67
2018/07/11 13:29:02, 38.52, 38.63, 33.46, 33.89, 31.45, 31.69
2018/07/11 13:29:03, 38.51, 38.66, 33.48, 33.91, 31.45, 31.70
2018/07/11 13:29:04, 38.52, 38.66, 33.48, 33.90, 31.46, 31.74
2018/07/11 13:29:05, 38.51, 38.66, 33.51, 33.90, 31.47, 31.76
2018/07/11 13:29:06, 38.53, 38.66, 33.49, 33.91, 31.46, 31.87
2018/07/11 13:29:07, 38.51, 38.66, 33.49, 33.91, 31.45, 31.90
2018/07/11 13:29:08, 38.51, 38.66, 33.49, 33.92, 31.47, 31.92
2018/07/11 13:29:09, 38.50, 38.63, 33.48, 33.92, 31.46, 31.94
2018/07/11 13:29:10, 38.52, 38.63, 33.49, 33.92, 31.45, 31.91
2018/07/11 13:29:11, 38.50, 38.61, 33.49, 33.92, 31.45, 31.96
2018/07/11 13:29:12, 38.50, 38.64, 33.48, 33.93, 31.47, 31.99
2018/07/11 13:29:13, 38.50, 38.64, 33.48, 33.92, 31.45, 32.60
2018/07/11 13:29:14, 38.53, 38.61, 33.48, 33.94, 31.47, 32.12
2018/07/11 13:29:15, 38.51, 38.62, 33.47, 33.94, 31.46, 32.14
2018/07/11 13:29:16, 38.53, 38.62, 33.50, 33.93, 31.45, 32.19
2018/07/11 13:29:17, 38.52, 38.63, 33.49, 33.93, 31.47, 32.16
2018/07/11 13:29:18, 38.53, 38.65, 33.50, 33.95, 31.46, 32.21
2018/07/11 13:29:19, 38.51, 38.64, 33.49, 33.94, 31.46, 32.26
2018/07/11 13:29:20, 38.52, 38.64, 33.49, 33.94, 31.46, 32.37
2018/07/11 13:29:21, 38.51, 38.64, 33.48, 33.96, 31.45, 32.30
2018/07/11 13:29:22, 38.53, 38.64, 33.50, 33.95, 31.47, 32.24
2018/07/11 13:29:23, 38.51, 38.64, 33.48, 33.96, 31.46, 32.25
2018/07/11 13:29:24, 38.51, 38.64, 33.48, 33.97, 31.47, 32.35
2018/07/11 13:29:25, 38.51, 38.65, 33.50, 33.97, 31.47, 32.33
2018/07/11 13:29:26, 38.52, 38.62, 33.50, 33.96, 31.46, 32.26
2018/07/11 13:29:27, 38.53, 38.61, 33.49, 33.96, 31.49, 32.38
2018/07/11 13:29:28, 38.52, 38.63, 33.49, 33.98, 31.47, 32.37
2018/07/11 13:29:29, 38.50, 38.64, 33.48, 33.99, 31.47, 32.19
2018/07/11 13:29:30, 38.53, 38.65, 33.47, 33.98, 31.48, 32.11
2018/07/11 13:29:31, 38.52, 38.64, 33.49, 33.99, 31.48, 32.30
2018/07/11 13:29:32, 38.53, 38.65, 33.49, 34.00, 31.49, 31.99
2018/07/11 13:29:33, 38.51, 38.65, 33.46, 33.98, 31.48, 31.94
2018/07/11 13:29:34, 38.53, 38.66, 33.50, 34.00, 31.48, 31.91
2018/07/11 13:29:35, 38.51, 38.66, 33.48, 34.00, 31.48, 31.87
2018/07/11 13:29:36, 38.50, 38.68, 33.49, 33.98, 31.48, 31.86
2018/07/11 13:29:37, 38.52, 38.67, 33.48, 34.10, 31.49, 31.82
2018/07/11 13:29:38, 38.50, 38.65, 33.47, 33.99, 31.45, 31.80
2018/07/11 13:29:39, 38.52, 38.66, 33.49, 34.00, 31.48, 31.81
2018/07/11 13:29:40, 38.50, 38.65, 33.47, 34.10, 31.50, 31.78
2018/07/11 13:29:41, 38.53, 38.65, 33.48, 34.10, 31.47, 31.77
2018/07/11 13:29:42, 38.53, 38.65, 33.48, 34.10, 31.48, 31.76
2018/07/11 13:29:43, 38.52, 38.66, 33.49, 34.00, 31.47, 31.73
2018/07/11 13:29:44, 38.53, 38.65, 33.51, 34.00, 31.47, 31.73
2018/07/11 13:29:45, 38.52, 38.66, 33.48, 34.00, 31.48, 31.72
2018/07/11 13:29:46, 38.52, 38.66, 33.48, 34.00, 31.47, 31.74
2018/07/11 13:29:47, 38.52, 38.65, 33.48, 34.20, 31.48, 31.76
2018/07/11 13:29:48, 38.52, 38.66, 33.49, 34.00, 31.49, 31.83
2018/07/11 13:29:49, 38.52, 38.68, 33.48, 34.20, 31.47, 31.87
2018/07/11 13:29:50, 38.51, 38.64, 33.49, 34.10, 31.48, 31.94
2018/07/11 13:29:51, 38.53, 38.65, 33.49, 34.10, 31.47, 32.40
2018/07/11 13:29:52, 38.51, 38.65, 33.49, 34.10, 31.48, 32.80
2018/07/11 13:29:53, 38.51, 38.64, 33.47, 34.20, 31.47, 32.11
2018/07/11 13:29:54, 38.52, 38.64, 33.47, 34.00, 31.50, 32.18
2018/07/11 13:29:55, 38.52, 38.64, 33.47, 34.20, 31.48, 32.11
2018/07/11 13:29:56, 38.51, 38.65, 33.48, 34.10, 31.47, 32.10
2018/07/11 13:29:57, 38.52, 38.65, 33.49, 34.30, 31.49, 31.93
2018/07/11 13:29:58, 38.54, 38.67, 33.48, 34.10, 31.48, 31.89
2018/07/11 13:29:59, 38.53, 38.64, 33.46, 34.30, 31.47, 31.86
2018/07/11 13:30:00, 38.54, 38.64, 33.50, 34.20, 31.48, 31.88
2018/07/11 13:30:01, 38.52, 38.65, 33.49, 34.20, 31.48, 31.90
2018/07/11 13:30:02, 38.51, 38.66, 33.48, 34.30, 31.48, 31.90
2018/07/11 13:30:03, 38.50, 38.65, 33.48, 34.20, 31.48, 31.95
2018/07/11 13:30:04, 38.52, 38.67, 33.48, 34.30, 31.48, 32.00
2018/07/11 13:30:05, 38.52, 38.65, 33.49, 34.30, 31.48, 32.10
2018/07/11 13:30:06, 38.51, 38.64, 33.50, 34.30, 31.50, 31.98
2018/07/11 13:30:07, 38.51, 38.65, 33.49, 34.50, 31.49, 31.99
2018/07/11 13:30:08, 38.54, 38.65, 33.49, 34.40, 31.48, 31.93
2018/07/11 13:30:09, 38.51, 38.64, 33.46, 34.50, 31.49, 31.93
2018/07/11 13:30:10, 38.52, 38.65, 33.48, 34.40, 31.49, 32.00
2018/07/11 13:30:11, 38.52, 38.65, 33.48, 34.50, 31.50, 31.97
2018/07/11 13:30:12, 38.52, 38.64, 33.48, 34.40, 31.50, 32.40
2018/07/11 13:30:13, 38.51, 38.64, 33.48, 34.30, 31.49, 31.98
2018/07/11 13:30:14, 38.51, 38.65, 33.48, 34.40, 31.49, 31.95
2018/07/11 13:30:15, 38.53, 38.67, 33.48, 34.50, 31.49, 31.97
2018/07/11 13:30:16, 38.53, 38.66, 33.49, 34.40, 31.49, 31.95
2018/07/11 13:30:17, 38.52, 38.66, 33.48, 34.20, 31.48, 31.93
2018/07/11 13:30:18, 38.51, 38.65, 33.48, 34.50, 31.48, 31.91
2018/07/11 13:30:19, 38.53, 38.67, 33.48, 34.50, 31.50, 31.88
2018/07/11 13:30:20, 38.52, 38.67, 33.47, 34.30, 31.47, 31.91
2018/07/11 13:30:21, 38.53, 38.65, 33.49, 34.60, 31.49, 31.95
2018/07/11 13:30:22, 38.53, 38.67, 33.48, 34.40, 31.50, 31.98
2018/07/11 13:30:23, 38.53, 38.64, 33.48, 34.50, 31.50, 32.00
2018/07/11 13:30:24, 38.51, 38.64, 33.47, 34.50, 31.51, 32.70
2018/07/11 13:30:25, 38.51, 38.64, 33.48, 34.50, 31.49, 32.70
2018/07/11 13:30:26, 38.52, 38.67, 33.49, 34.50, 31.50, 32.80
2018/07/11 13:30:27, 38.51, 38.66, 33.48, 34.50, 31.49, 32.70
2018/07/11 13:30:28, 38.51, 38.67, 33.48, 34.50, 31.49, 32.50
2018/07/11 13:30:29, 38.53, 38.66, 33.49, 34.50, 31.51, 32.50
2018/07/11 13:30:30, 38.53, 38.69, 33.48, 34.50, 31.50, 32.60
2018/07/11 13:30:31, 38.52, 38.68, 33.49, 34.40, 31.50, 32.70
2018/07/11 13:30:32, 38.53, 38.67, 33.48, 34.60, 31.48, 32.40
2018/07/11 13:30:33, 38.52, 38.67, 33.48, 34.70, 31.50, 32.30
2018/07/11 13:30:34, 38.51, 38.67, 33.51, 34.70, 31.49, 31.98
2018/07/11 13:30:35, 38.52, 38.65, 33.49, 34.50, 31.49, 31.92
2018/07/11 13:30:36, 38.53, 38.65, 33.48, 34.50, 31.50, 31.90
2018/07/11 13:30:37, 38.53, 38.65, 33.48, 34.60, 31.51, 31.92
2018/07/11 13:30:38, 38.52, 38.65, 33.50, 34.60, 31.50, 31.91
2018/07/11 13:30:39, 38.53, 38.65, 33.48, 34.50, 31.50, 32.00
2018/07/11 13:30:40, 38.51, 38.65, 33.49, 34.50, 31.51, 32.10
2018/07/11 13:30:41, 38.52, 38.66, 33.50, 34.60, 31.48, 31.98
2018/07/11 13:30:42, 38.52, 38.66, 33.49, 34.60, 31.50, 31.92
2018/07/11 13:30:43, 38.53, 38.66, 33.47, 34.70, 31.50, 31.90
2018/07/11 13:30:44, 38.53, 38.65, 33.48, 34.50, 31.50, 31.88
2018/07/11 13:30:45, 38.51, 38.65, 33.49, 34.80, 31.51, 31.86
2018/07/11 13:30:46, 38.53, 38.64, 33.48, 34.60, 31.51, 31.95
2018/07/11 13:30:47, 38.53, 38.65, 33.50, 34.50, 31.50, 32.00
2018/07/11 13:30:48, 38.54, 38.66, 33.49, 34.40, 31.50, 32.20
2018/07/11 13:30:49, 38.52, 38.68, 33.50, 34.70, 31.51, 32.00
2018/07/11 13:30:50, 38.52, 38.68, 33.50, 34.50, 31.51, 31.96
2018/07/11 13:30:51, 38.53, 38.66, 33.51, 34.80, 31.50, 31.92
2018/07/11 13:30:52, 38.53, 38.64, 33.50, 34.70, 31.49, 31.91
2018/07/11 13:30:53, 38.52, 38.66, 33.47, 34.60, 31.51, 31.87
2018/07/11 13:30:54, 38.50, 38.67, 33.50, 34.50, 31.50, 31.87
2018/07/11 13:30:55, 38.55, 38.65, 33.50, 34.50, 31.53, 31.85
2018/07/11 13:30:56, 38.54, 38.67, 33.50, 34.70, 31.51, 31.85
2018/07/11 13:30:57, 38.54, 38.68, 33.49, 34.50, 31.52, 31.85
2018/07/11 13:30:58, 38.53, 38.67, 33.49, 34.70, 31.53, 31.85
2018/07/11 13:30:59, 38.54, 38.68, 33.50, 34.60, 31.53, 31.84
2018/07/11 13:31:00, 38.52, 38.67, 33.52, 34.50, 31.52, 31.86
2018/07/11 13:31:01, 38.54, 38.67, 33.50, 34.50, 31.53, 31.89
2018/07/11 13:31:02, 38.54, 38.69, 33.50, 34.70, 31.51, 31.89
2018/07/11 13:31:03, 38.55, 38.69, 33.51, 34.70, 31.53, 31.87
2018/07/11 13:31:04, 38.54, 38.69, 33.50, 34.50, 31.50, 31.85
2018/07/11 13:31:05, 38.53, 38.68, 33.50, 34.60, 31.53, 31.83
2018/07/11 13:31:06, 38.54, 38.69, 33.52, 34.50, 31.52, 31.82
2018/07/11 13:31:07, 38.52, 38.67, 33.52, 34.70, 31.51, 31.79
2018/07/11 13:31:08, 38.52, 38.67, 33.50, 34.70, 31.52, 31.80
2018/07/11 13:31:09, 38.54, 38.68, 33.50, 34.70, 31.52, 31.79
2018/07/11 13:31:10, 38.55, 38.67, 33.52, 34.70, 31.51, 31.75
2018/07/11 13:31:11, 38.55, 38.68, 33.49, 34.60, 31.52, 31.75
2018/07/11 13:31:12, 38.54, 38.69, 33.51, 34.60, 31.53, 31.75
2018/07/11 13:31:13, 38.52, 38.70, 33.51, 34.50, 31.52, 31.73
2018/07/11 13:31:14, 38.55, 38.70, 33.48, 34.50, 31.54, 31.76
2018/07/11 13:31:15, 38.55, 38.69, 33.51, 34.80, 31.51, 31.74
2018/07/11 13:31:16, 38.55, 38.70, 33.52, 34.80, 31.55, 31.72
2018/07/11 13:31:17, 38.53, 38.68, 33.51, 34.50, 31.51, 31.70
2018/07/11 13:31:18, 38.54, 38.69, 33.50, 34.50, 31.52, 31.71
2018/07/11 13:31:19, 38.54, 38.67, 33.51, 34.60, 31.52, 31.69
2018/07/11 13:31:20, 38.54, 38.67, 33.50, 34.70, 31.53, 31.72
2018/07/11 13:31:21, 38.55, 38.68, 33.51, 34.60, 31.51, 31.70
2018/07/11 13:31:22, 38.52, 38.70, 33.51, 34.60, 31.53, 31.69
2018/07/11 13:31:23, 38.54, 38.68, 33.50, 34.70, 31.51, 31.69
2018/07/11 13:31:24, 38.54, 38.67, 33.52, 34.50, 31.54, 31.67
2018/07/11 13:31:25, 38.53, 38.65, 33.52, 34.70, 31.53, 31.69
2018/07/11 13:31:26, 38.54, 38.68, 33.52, 34.70, 31.52, 31.68
2018/07/11 13:31:27, 38.55, 38.66, 33.53, 34.60, 31.53, 31.69
2018/07/11 13:31:28, 38.54, 38.67, 33.53, 34.50, 31.53, 31.67
2018/07/11 13:31:29, 38.55, 38.67, 33.53, 34.80, 31.53, 31.67
2018/07/11 13:31:30, 38.55, 38.67, 33.53, 34.70, 31.51, 31.65
2018/07/11 13:31:31, 38.55, 38.68, 33.53, 34.80, 31.52, 31.66
2018/07/11 13:31:32, 38.54, 38.68, 33.53, 34.80, 31.53, 31.64
2018/07/11 13:31:33, 38.55, 38.67, 33.53, 34.70, 31.51, 31.64
2018/07/11 13:31:34, 38.55, 38.68, 33.52, 34.70, 31.52, 31.66
2018/07/11 13:31:35, 38.56, 38.68, 33.56, 34.70, 31.54, 31.64
2018/07/11 13:31:36, 38.55, 38.69, 33.54, 34.60, 31.52, 31.64
2018/07/11 13:31:37, 38.56, 38.69, 33.55, 34.70, 31.53, 31.66
2018/07/11 13:31:38, 38.56, 38.70, 33.53, 34.80, 31.54, 31.67
2018/07/11 13:31:39, 38.71, 38.67, 33.53, 34.70, 31.54, 31.67
2018/07/11 13:31:40, 38.54, 38.69, 33.53, 34.80, 31.53, 31.66
2018/07/11 13:31:41, 38.54, 38.69, 33.53, 34.70, 31.54, 31.69
2018/07/11 13:31:42, 38.55, 38.71, 33.52, 34.80, 31.54, 31.69
2018/07/11 13:31:43, 38.54, 38.71, 33.53, 34.70, 31.52, 31.69
2018/07/11 13:31:44, 38.55, 38.68, 33.54, 34.80, 31.53, 31.69
2018/07/11 13:31:45, 38.55, 38.71, 33.53, 34.90, 31.55, 31.73
2018/07/11 13:31:46, 38.56, 38.70, 33.53, 34.90, 31.54, 31.77
2018/07/11 13:31:47, 38.55, 38.70, 33.52, 34.80, 31.54, 31.82
2018/07/11 13:31:48, 38.54, 38.71, 33.53, 34.10, 31.54, 31.86
2018/07/11 13:31:49, 38.54, 38.70, 33.53, 34.80, 31.53, 31.80
2018/07/11 13:31:50, 38.53, 38.70, 33.54, 34.80, 31.54, 31.77
2018/07/11 13:31:51, 38.56, 38.70, 33.53, 34.70, 31.53, 31.74
2018/07/11 13:31:52, 38.55, 38.68, 33.53, 34.10, 31.53, 31.72
2018/07/11 13:31:53, 38.55, 38.69, 33.50, 34.80, 31.53, 31.74
2018/07/11 13:31:54, 38.55, 38.69, 33.54, 34.80, 31.53, 31.72
2018/07/11 13:31:55, 38.54, 38.69, 33.53, 34.90, 31.55, 31.71
2018/07/11 13:31:56, 38.53, 38.67, 33.55, 34.70, 31.55, 31.69
2018/07/11 13:31:57, 38.56, 38.69, 33.53, 34.60, 31.52, 31.70
2018/07/11 13:31:58, 38.54, 38.71, 33.53, 34.90, 31.52, 31.73
2018/07/11 13:31:59, 38.54, 38.71, 33.53, 34.80, 31.55, 31.69
2018/07/11 13:32:00, 38.55, 38.70, 33.51, 34.70, 31.54, 31.68
2018/07/11 13:32:01, 38.56, 38.72, 33.50, 34.70, 31.53, 31.66
2018/07/11 13:32:02, 38.55, 38.69, 33.55, 34.50, 31.55, 31.67
2018/07/11 13:32:03, 38.55, 38.71, 33.52, 34.70, 31.56, 31.66
2018/07/11 13:32:04, 38.56, 38.71, 33.50, 34.70, 31.54, 31.66
2018/07/11 13:32:05, 38.55, 38.72, 33.51, 34.60, 31.54, 31.66
2018/07/11 13:32:06, 38.57, 38.69, 33.52, 34.50, 31.55, 31.64
2018/07/11 13:32:07, 38.57, 38.69, 33.50, 34.70, 31.57, 31.66
2018/07/11 13:32:08, 38.55, 38.69, 33.52, 34.50, 31.55, 31.64
2018/07/11 13:32:09, 38.55, 38.69, 33.49, 34.30, 31.56, 31.62
2018/07/11 13:32:10, 38.56, 38.69, 33.52, 34.40, 31.57, 31.64
2018/07/11 13:32:11, 38.56, 38.70, 33.52, 34.40, 31.54, 31.64
2018/07/11 13:32:12, 38.54, 38.71, 33.49, 34.60, 31.55, 31.62
2018/07/11 13:32:13, 38.56, 38.69, 33.51, 34.60, 31.55, 31.61
2018/07/11 13:32:14, 38.55, 38.71, 33.49, 34.50, 31.56, 31.62
2018/07/11 13:32:15, 38.55, 38.70, 33.50, 34.30, 31.55, 31.62
2018/07/11 13:32:16, 38.56, 38.71, 33.49, 34.40, 31.54, 31.61
2018/07/11 13:32:17, 38.54, 38.69, 33.51, 34.50, 31.55, 31.62
2018/07/11 13:32:18, 38.54, 38.70, 33.49, 34.50, 31.56, 31.60
2018/07/11 13:32:19, 38.55, 38.71, 33.51, 34.50, 31.55, 31.62
2018/07/11 13:32:20, 38.54, 38.69, 33.50, 34.30, 31.55, 31.60
2018/07/11 13:32:21, 38.56, 38.70, 33.49, 34.30, 31.55, 31.59
2018/07/11 13:32:22, 38.55, 38.69, 33.50, 34.30, 31.57, 31.61
2018/07/11 13:32:23, 38.54, 38.70, 33.46, 34.30, 31.56, 31.60
2018/07/11 13:32:24, 38.56, 38.71, 33.50, 34.30, 31.57, 31.59
2018/07/11 13:32:25, 38.55, 38.70, 33.50, 34.20, 31.56, 31.59
2018/07/11 13:32:26, 38.55, 38.71, 33.48, 34.20, 31.57, 31.60
2018/07/11 13:32:27, 38.55, 38.71, 33.50, 34.20, 31.55, 31.60
2018/07/11 13:32:28, 38.54, 38.70, 33.50, 34.10, 31.55, 31.58
2018/07/11 13:32:29, 38.55, 38.69, 33.47, 34.30, 31.56, 31.59
2018/07/11 13:32:30, 38.56, 38.71, 33.46, 34.10, 31.55, 31.59
2018/07/11 13:32:31, 38.55, 38.71, 33.47, 34.30, 31.58, 31.59
2018/07/11 13:32:32, 38.55, 38.71, 33.50, 34.20, 31.57, 31.60
2018/07/11 13:32:33, 38.54, 38.69, 33.49, 34.10, 31.56, 31.58
2018/07/11 13:32:34, 38.55, 38.70, 33.50, 34.10, 31.56, 31.57
2018/07/11 13:32:35, 38.55, 38.69, 33.47, 34.20, 31.57, 31.58
2018/07/11 13:32:36, 38.54, 38.70, 33.48, 34.10, 31.58, 31.59
2018/07/11 13:32:37, 38.54, 38.70, 33.48, 33.99, 31.58, 31.59
2018/07/11 13:32:38, 38.53, 38.71, 33.48, 34.30, 31.57, 31.58
2018/07/11 13:32:39, 38.55, 38.71, 33.49, 33.99, 31.57, 31.58
2018/07/11 13:32:40, 38.54, 38.72, 33.46, 34.00, 31.57, 31.57
2018/07/11 13:32:41, 38.54, 38.72, 33.47, 33.99, 31.57, 31.57
2018/07/11 13:32:42, 38.54, 38.71, 33.48, 33.99, 31.57, 31.58
2018/07/11 13:32:43, 38.56, 38.72, 33.45, 34.10, 31.57, 31.57
2018/07/11 13:32:44, 38.54, 38.72, 33.48, 33.99, 31.58, 31.57
2018/07/11 13:32:45, 38.56, 38.71, 33.48, 33.99, 31.57, 31.57
2018/07/11 13:32:46, 38.54, 38.70, 33.46, 33.99, 31.58, 31.57
2018/07/11 13:32:47, 38.57, 38.69, 33.46, 33.98, 31.57, 31.56
2018/07/11 13:32:48, 38.55, 38.69, 33.45, 33.99, 31.58, 31.58
2018/07/11 13:32:49, 38.53, 38.71, 33.46, 33.97, 31.58, 31.57
2018/07/11 13:32:50, 38.55, 38.73, 33.47, 33.96, 31.57, 31.58
2018/07/11 13:32:51, 38.56, 38.71, 33.46, 33.98, 31.57, 31.57
2018/07/11 13:32:52, 38.55, 38.71, 33.46, 33.98, 31.58, 31.55
2018/07/11 13:32:53, 38.56, 38.72, 33.46, 33.98, 31.58, 31.58
2018/07/11 13:32:54, 38.55, 38.69, 33.47, 33.97, 31.58, 31.56
2018/07/11 13:32:55, 38.54, 38.70, 33.46, 33.95, 31.57, 31.57
2018/07/11 13:32:56, 38.54, 38.72, 33.46, 33.97, 31.59, 31.57
2018/07/11 13:32:57, 38.54, 38.73, 33.45, 33.96, 31.60, 31.56
2018/07/11 13:32:58, 38.56, 38.71, 33.46, 33.96, 31.60, 31.57
2018/07/11 13:32:59, 38.57, 38.71, 33.46, 33.94, 31.59, 31.58
2018/07/11 13:33:00, 38.56, 38.71, 33.45, 33.93, 31.58, 31.60
2018/07/11 13:33:01, 38.57, 38.69, 33.47, 33.95, 31.61, 31.60
2018/07/11 13:33:02, 38.56, 38.68, 33.45, 33.94, 31.57, 31.61
2018/07/11 13:33:03, 38.54, 38.69, 33.44, 33.96, 31.58, 31.62
2018/07/11 13:33:04, 38.56, 38.68, 33.42, 33.93, 31.60, 31.63
2018/07/11 13:33:05, 38.54, 38.70, 33.44, 33.96, 31.61, 31.74
2018/07/11 13:33:06, 38.54, 38.70, 33.46, 33.94, 31.60, 31.76
2018/07/11 13:33:07, 38.54, 38.71, 33.45, 33.95, 31.58, 31.72
2018/07/11 13:33:08, 38.56, 38.72, 33.43, 33.93, 31.59, 31.74
2018/07/11 13:33:09, 38.54, 38.71, 33.44, 33.95, 31.60, 31.76
2018/07/11 13:33:10, 38.53, 38.72, 33.46, 33.95, 31.61, 31.76
2018/07/11 13:33:11, 38.57, 38.71, 33.45, 33.94, 31.60, 31.76
2018/07/11 13:33:12, 38.57, 38.70, 33.41, 33.92, 31.60, 31.72
2018/07/11 13:33:13, 38.55, 38.71, 33.42, 33.92, 31.59, 31.72
2018/07/11 13:33:14, 38.55, 38.71, 33.43, 33.93, 31.61, 31.71
2018/07/11 13:33:15, 38.56, 38.70, 33.43, 33.94, 31.59, 31.73
2018/07/11 13:33:16, 38.54, 38.71, 33.43, 33.93, 31.60, 31.71
2018/07/11 13:33:17, 38.55, 38.72, 33.43, 33.92, 31.61, 31.70
2018/07/11 13:33:18, 38.56, 38.70, 33.42, 33.93, 31.60, 31.71
2018/07/11 13:33:19, 38.55, 38.70, 33.42, 33.92, 31.62, 31.68
2018/07/11 13:33:20, 38.56, 38.71, 33.44, 33.94, 31.59, 31.66
2018/07/11 13:33:21, 38.54, 38.69, 33.44, 33.91, 31.60, 31.66
2018/07/11 13:33:22, 38.55, 38.70, 33.42, 33.92, 31.60, 31.66
2018/07/11 13:33:23, 38.56, 38.71, 33.41, 33.92, 31.63, 31.67
2018/07/11 13:33:24, 38.58, 38.70, 33.41, 33.90, 31.61, 31.66
2018/07/11 13:33:25, 38.54, 38.70, 33.42, 33.91, 31.61, 31.65
2018/07/11 13:33:26, 38.57, 38.70, 33.42, 33.90, 31.61, 31.67
2018/07/11 13:33:27, 38.54, 38.72, 33.43, 33.91, 31.62, 31.65
2018/07/11 13:33:28, 38.53, 38.71, 33.41, 33.90, 31.60, 31.67
2018/07/11 13:33:29, 38.56, 38.73, 33.42, 33.91, 31.62, 31.68
2018/07/11 13:33:30, 38.54, 38.74, 33.44, 33.90, 31.62, 31.67
2018/07/11 13:33:31, 38.54, 38.71, 33.44, 33.90, 31.61, 31.65
2018/07/11 13:33:32, 38.55, 38.71, 33.40, 33.90, 31.62, 31.67
2018/07/11 13:33:33, 38.54, 38.71, 33.41, 33.89, 31.62, 31.62
2018/07/11 13:33:34, 38.53, 38.73, 33.41, 33.89, 31.62, 31.65
2018/07/11 13:33:35, 38.56, 38.72, 33.42, 33.89, 31.61, 31.62
2018/07/11 13:33:36, 38.56, 38.73, 33.43, 33.89, 31.62, 31.63
2018/07/11 13:33:37, 38.57, 38.73, 33.43, 33.87, 31.62, 31.63
2018/07/11 13:33:38, 38.56, 38.72, 33.41, 33.87, 31.62, 31.62
2018/07/11 13:33:39, 38.55, 38.72, 33.45, 33.87, 31.64, 31.62
2018/07/11 13:33:40, 38.56, 38.73, 33.43, 33.87, 31.61, 31.62
2018/07/11 13:33:41, 38.55, 38.72, 33.42, 33.87, 31.64, 31.63
2018/07/11 13:33:42, 38.55, 38.72, 33.41, 33.89, 31.62, 31.63
2018/07/11 13:33:43, 38.55, 38.73, 33.43, 33.87, 31.64, 31.63
2018/07/11 13:33:44, 38.55, 38.72, 33.41, 33.87, 31.63, 31.63
2018/07/11 13:33:45, 38.56, 38.70, 33.42, 33.87, 31.62, 31.62
2018/07/11 13:33:46, 38.56, 38.71, 33.41, 33.87, 31.64, 31.62
2018/07/11 13:33:47, 38.54, 38.71, 33.42, 33.86, 31.62, 31.60
2018/07/11 13:33:48, 38.56, 38.70, 33.40, 33.88, 31.62, 31.62
2018/07/11 13:33:49, 38.57, 38.70, 33.39, 33.87, 31.64, 31.60
2018/07/11 13:33:50, 38.55, 38.70, 33.40, 33.87, 31.64, 31.60
2018/07/11 13:33:51, 38.53, 38.70, 33.41, 33.86, 31.62, 31.60
2018/07/11 13:33:52, 38.55, 38.71, 33.41, 33.86, 31.64, 31.62
2018/07/11 13:33:53, 38.54, 38.72, 33.39, 33.86, 31.64, 31.59
2018/07/11 13:33:54, 38.55, 38.71, 33.41, 33.85, 31.64, 31.60
2018/07/11 13:33:55, 38.57, 38.71, 33.39, 33.85, 31.63, 31.61
2018/07/11 13:33:56, 38.55, 38.71, 33.39, 33.84, 31.63, 31.60
2018/07/11 13:33:57, 38.56, 38.70, 33.40, 33.85, 31.64, 31.61
2018/07/11 13:33:58, 38.57, 38.70, 33.39, 33.85, 31.62, 31.66
2018/07/11 13:33:59, 38.58, 38.72, 33.38, 33.85, 31.63, 31.69
2018/07/11 13:34:00, 38.57, 38.73, 33.39, 33.85, 31.64, 31.71
2018/07/11 13:34:01, 38.56, 38.73, 33.38, 33.84, 31.64, 31.70
2018/07/11 13:34:02, 38.56, 38.70, 33.41, 33.84, 31.64, 31.68
2018/07/11 13:34:03, 38.59, 38.73, 33.39, 33.83, 31.63, 31.69
2018/07/11 13:34:04, 38.56, 38.73, 33.40, 33.85, 31.63, 31.70
2018/07/11 13:34:05, 38.59, 38.72, 33.40, 33.83, 31.62, 31.67
2018/07/11 13:34:06, 38.58, 38.75, 33.39, 33.83, 31.64, 31.67
2018/07/11 13:34:07, 38.57, 38.72, 33.39, 33.83, 31.64, 31.67
2018/07/11 13:34:08, 38.55, 38.73, 33.39, 33.83, 31.64, 31.66
2018/07/11 13:34:09, 38.55, 38.72, 33.41, 33.82, 31.64, 31.64
2018/07/11 13:34:10, 38.58, 38.72, 33.37, 33.82, 31.64, 31.66
2018/07/11 13:34:11, 38.57, 38.72, 33.39, 33.82, 31.62, 31.65
2018/07/11 13:34:12, 38.57, 38.72, 33.37, 33.83, 31.62, 31.65
2018/07/11 13:34:13, 38.58, 38.72, 33.39, 33.80, 31.63, 31.64
2018/07/11 13:34:14, 38.56, 38.73, 33.40, 33.82, 31.66, 31.62
2018/07/11 13:34:15, 38.57, 38.74, 33.39, 33.84, 31.64, 31.64
2018/07/11 13:34:16, 38.57, 38.71, 33.40, 33.82, 31.64, 31.61
2018/07/11 13:34:17, 38.57, 38.70, 33.37, 33.83, 31.63, 31.64
2018/07/11 13:34:18, 38.56, 38.70, 33.36, 33.83, 31.64, 31.65
2018/07/11 13:34:19, 38.57, 38.72, 33.38, 33.80, 31.64, 31.62
2018/07/11 13:34:20, 38.57, 38.71, 33.37, 33.80, 31.64, 31.62
2018/07/11 13:34:21, 38.57, 38.72, 33.37, 33.82, 31.62, 31.60
2018/07/11 13:34:22, 38.58, 38.71, 33.36, 33.81, 31.64, 31.62
2018/07/11 13:34:23, 38.58, 38.71, 33.39, 33.81, 31.63, 31.60
2018/07/11 13:34:24, 38.57, 38.72, 33.35, 33.80, 31.64, 31.64
2018/07/11 13:34:25, 38.57, 38.71, 33.38, 33.80, 31.63, 31.62
2018/07/11 13:34:26, 38.57, 38.70, 33.35, 33.81, 31.62, 31.62
2018/07/11 13:34:27, 38.58, 38.70, 33.35, 33.80, 31.63, 31.62
2018/07/11 13:34:28, 38.58, 38.71, 33.35, 33.80, 31.63, 31.62
2018/07/11 13:34:29, 38.59, 38.72, 33.35, 33.81, 31.65, 31.59
2018/07/11 13:34:30, 38.58, 38.73, 33.35, 33.81, 31.62, 31.62
2018/07/11 13:34:31, 38.58, 38.73, 33.37, 33.80, 31.63, 31.60
2018/07/11 13:34:32, 38.57, 38.73, 33.34, 33.78, 31.63, 31.62
2018/07/11 13:34:33, 38.56, 38.75, 33.35, 33.78, 31.62, 31.60
2018/07/11 13:34:34, 38.56, 38.73, 33.35, 33.80, 31.63, 31.59
2018/07/11 13:34:35, 38.58, 38.72, 33.35, 33.78, 31.64, 31.58
2018/07/11 13:34:36, 38.58, 38.73, 33.33, 33.78, 31.64, 31.59
2018/07/11 13:34:37, 38.58, 38.72, 33.33, 33.79, 31.62, 31.60
2018/07/11 13:34:38, 38.57, 38.73, 33.35, 33.78, 31.63, 31.60
2018/07/11 13:34:39, 38.57, 38.73, 33.32, 33.77, 31.63, 31.59
2018/07/11 13:34:40, 38.56, 38.70, 33.35, 33.78, 31.64, 31.60
2018/07/11 13:34:41, 38.55, 38.71, 33.35, 33.78, 31.64, 31.59
2018/07/11 13:34:42, 38.57, 38.74, 33.33, 33.78, 31.63, 31.59
2018/07/11 13:34:43, 38.59, 38.73, 33.36, 33.77, 31.62, 31.58
2018/07/11 13:34:44, 38.56, 38.74, 33.34, 33.78, 31.63, 31.58
2018/07/11 13:34:45, 38.58, 38.73, 33.32, 33.77, 31.62, 31.58
2018/07/11 13:34:46, 38.58, 38.73, 33.34, 33.76, 31.63, 31.58
2018/07/11 13:34:47, 38.57, 38.74, 33.30, 33.78, 31.64, 31.62
2018/07/11 13:34:48, 38.57, 38.73, 33.31, 33.77, 31.63, 31.62
2018/07/11 13:34:49, 38.58, 38.75, 33.33, 33.77, 31.62, 31.63
2018/07/11 13:34:50, 38.59, 38.72, 33.30, 33.76, 31.63, 31.66
2018/07/11 13:34:51, 38.57, 38.73, 33.33, 33.77, 31.62, 31.66
2018/07/11 13:34:52, 38.58, 38.72, 33.34, 33.76, 31.63, 31.69
2018/07/11 13:34:53, 38.57, 38.73, 33.31, 33.76, 31.64, 31.71
2018/07/11 13:34:54, 38.57, 38.73, 33.34, 33.77, 31.63, 31.74
2018/07/11 13:34:55, 38.57, 38.72, 33.33, 33.76, 31.64, 31.75
2018/07/11 13:34:56, 38.57, 38.74, 33.30, 33.76, 31.62, 31.82
2018/07/11 13:34:57, 38.57, 38.74, 33.33, 33.77, 31.64, 31.83
2018/07/11 13:34:58, 38.58, 38.72, 33.30, 33.76, 31.64, 31.82
2018/07/11 13:34:59, 38.58, 38.72, 33.31, 33.76, 31.64, 31.86
2018/07/11 13:35:00, 38.58, 38.74, 33.29, 33.76, 31.62, 31.86
2018/07/11 13:35:01, 38.60, 38.74, 33.31, 33.76, 31.64, 31.86
2018/07/11 13:35:02, 38.57, 38.75, 33.31, 33.78, 31.65, 31.80
2018/07/11 13:35:03, 38.56, 38.75, 33.30, 33.76, 31.63, 31.85
2018/07/11 13:35:04, 38.57, 38.75, 33.32, 33.76, 31.64, 31.90
2018/07/11 13:35:05, 38.58, 38.76, 33.29, 33.75, 31.62, 31.96
2018/07/11 13:35:06, 38.57, 38.74, 33.31, 33.75, 31.63, 32.30
2018/07/11 13:35:07, 38.58, 38.75, 33.31, 33.74, 31.63, 32.80
2018/07/11 13:35:08, 38.56, 38.75, 33.31, 33.75, 31.63, 31.98
2018/07/11 13:35:09, 38.58, 38.74, 33.30, 33.76, 31.64, 31.91
2018/07/11 13:35:10, 38.57, 38.75, 33.26, 33.75, 31.66, 31.87
2018/07/11 13:35:11, 38.57, 38.76, 33.28, 33.75, 31.64, 31.85
2018/07/11 13:35:12, 38.58, 38.75, 33.29, 33.74, 31.62, 31.88
2018/07/11 13:35:13, 38.58, 38.75, 33.30, 33.75, 31.62, 31.84
2018/07/11 13:35:14, 38.57, 38.75, 33.30, 33.75, 31.64, 31.88
2018/07/11 13:35:15, 38.56, 38.73, 33.29, 33.74, 31.61, 31.90
2018/07/11 13:35:16, 38.58, 38.72, 33.26, 33.75, 31.64, 31.91
2018/07/11 13:35:17, 38.55, 38.74, 33.27, 33.74, 31.64, 31.96
2018/07/11 13:35:18, 38.57, 38.74, 33.29, 33.74, 31.63, 32.00
2018/07/11 13:35:19, 38.56, 38.74, 33.28, 33.74, 31.64, 32.20
2018/07/11 13:35:20, 38.56, 38.74, 33.27, 33.74, 31.63, 32.40
2018/07/11 13:35:21, 38.58, 38.73, 33.30, 33.72, 31.63, 32.30
2018/07/11 13:35:22, 38.58, 38.74, 33.28, 33.74, 31.63, 32.30
2018/07/11 13:35:23, 38.57, 38.73, 33.27, 33.73, 31.63, 32.30
2018/07/11 13:35:24, 38.57, 38.75, 33.27, 33.72, 31.62, 32.00
2018/07/11 13:35:25, 38.55, 38.74, 33.27, 33.74, 31.63, 31.96
2018/07/11 13:35:26, 38.57, 38.74, 33.27, 33.73, 31.63, 31.91
2018/07/11 13:35:27, 38.56, 38.74, 33.28, 33.73, 31.63, 31.94
2018/07/11 13:35:28, 38.58, 38.74, 33.27, 33.72, 31.63, 31.94
2018/07/11 13:35:29, 38.57, 38.75, 33.28, 33.73, 31.63, 31.94
2018/07/11 13:35:30, 38.57, 38.74, 33.26, 33.73, 31.64, 31.92
2018/07/11 13:35:31, 38.56, 38.74, 33.26, 33.73, 31.64, 31.91
2018/07/11 13:35:32, 38.56, 38.73, 33.26, 33.72, 31.63, 31.88
2018/07/11 13:35:33, 38.56, 38.75, 33.23, 33.72, 31.62, 31.89
2018/07/11 13:35:34, 38.55, 38.74, 33.28, 33.73, 31.65, 31.85
2018/07/11 13:35:35, 38.56, 38.76, 33.26, 33.73, 31.62, 31.84
2018/07/11 13:35:36, 38.57, 38.76, 33.26, 33.72, 31.62, 31.83
2018/07/11 13:35:37, 38.55, 38.78, 33.26, 33.71, 31.62, 31.82
2018/07/11 13:35:38, 38.57, 38.75, 33.23, 33.73, 31.63, 31.82
2018/07/11 13:35:39, 38.56, 38.75, 33.27, 33.73, 31.63, 31.82
2018/07/11 13:35:40, 38.55, 38.74, 33.24, 33.71, 31.64, 31.79
2018/07/11 13:35:41, 38.55, 38.74, 33.23, 33.72, 31.63, 31.78
2018/07/11 13:35:42, 38.56, 38.74, 33.23, 33.71, 31.62, 31.76
2018/07/11 13:35:43, 38.56, 38.73, 33.24, 33.70, 31.62, 31.76
2018/07/11 13:35:44, 38.57, 38.73, 33.25, 33.72, 31.64, 31.75
2018/07/11 13:35:45, 38.57, 38.74, 33.25, 33.73, 31.63, 31.76
2018/07/11 13:35:46, 38.55, 38.73, 33.26, 33.69, 31.63, 31.74
2018/07/11 13:35:47, 38.55, 38.74, 33.25, 33.71, 31.65, 31.75
2018/07/11 13:35:48, 38.55, 38.73, 33.26, 33.72, 31.64, 31.75
2018/07/11 13:35:49, 38.56, 38.71, 33.25, 33.71, 31.63, 31.73
2018/07/11 13:35:50, 38.57, 38.72, 33.24, 33.70, 31.65, 31.73
2018/07/11 13:35:51, 38.55, 38.74, 33.24, 33.69, 31.64, 31.74
2018/07/11 13:35:52, 38.56, 38.74, 33.24, 33.71, 31.62, 31.71
2018/07/11 13:35:53, 38.56, 38.74, 33.22, 33.71, 31.63, 31.71
2018/07/11 13:35:54, 38.57, 38.71, 33.21, 33.71, 31.64, 31.73
2018/07/11 13:35:55, 38.57, 38.75, 33.23, 33.71, 31.63, 31.72
2018/07/11 13:35:56, 38.57, 38.75, 33.23, 33.69, 31.64, 31.72
2018/07/11 13:35:57, 38.57, 38.73, 33.21, 33.69, 31.63, 31.72
2018/07/11 13:35:58, 38.56, 38.74, 33.22, 33.69, 31.63, 31.71
2018/07/11 13:35:59, 38.57, 38.74, 33.23, 33.69, 31.64, 31.71
2018/07/11 13:36:00, 38.55, 38.72, 33.22, 33.69, 31.64, 31.72
2018/07/11 13:36:01, 38.56, 38.73, 33.22, 33.69, 31.64, 31.70
2018/07/11 13:36:02, 38.58, 38.71, 33.23, 33.69, 31.63, 31.68
2018/07/11 13:36:03, 38.55, 38.73, 33.21, 33.71, 31.66, 31.67
2018/07/11 13:36:04, 38.57, 38.73, 33.21, 33.69, 31.64, 31.67
2018/07/11 13:36:05, 38.57, 38.74, 33.24, 33.69, 31.64, 31.68
2018/07/11 13:36:06, 38.57, 38.71, 33.20, 33.71, 31.62, 31.67
2018/07/11 13:36:07, 38.57, 38.73, 33.23, 33.70, 31.64, 31.68
2018/07/11 13:36:08, 38.55, 38.73, 33.20, 33.69, 31.63, 31.66
2018/07/11 13:36:09, 38.56, 38.73, 33.20, 33.69, 31.64, 31.67
2018/07/11 13:36:10, 38.56, 38.71, 33.21, 33.67, 31.64, 31.66
2018/07/11 13:36:11, 38.55, 38.72, 33.21, 33.68, 31.64, 31.67
2018/07/11 13:36:12, 38.55, 38.73, 33.20, 33.71, 31.64, 31.66
2018/07/11 13:36:13, 38.56, 38.73, 33.20, 33.69, 31.64, 31.64
2018/07/11 13:36:14, 38.55, 38.71, 33.21, 33.67, 31.65, 31.66
2018/07/11 13:36:15, 38.55, 38.72, 33.20, 33.67, 31.64, 31.64
2018/07/11 13:36:16, 38.56, 38.71, 33.20, 33.67, 31.63, 31.65
2018/07/11 13:36:17, 38.57, 38.70, 33.21, 33.67, 31.63, 31.64
2018/07/11 13:36:18, 38.57, 38.73, 33.18, 33.68, 31.64, 31.62
2018/07/11 13:36:19, 38.57, 38.71, 33.19, 33.68, 31.63, 31.64
2018/07/11 13:36:20, 38.56, 38.72, 33.19, 33.68, 31.64, 31.64
2018/07/11 13:36:21, 38.57, 38.72, 33.20, 33.68, 31.63, 31.63
2018/07/11 13:36:22, 38.56, 38.72, 33.17, 33.66, 31.64, 31.63
2018/07/11 13:36:23, 38.55, 38.73, 33.20, 33.68, 31.64, 31.62
2018/07/11 13:36:24, 38.57, 38.74, 33.20, 33.67, 31.63, 31.63
2018/07/11 13:36:25, 38.56, 38.73, 33.17, 33.67, 31.63, 31.63
2018/07/11 13:36:26, 38.55, 38.72, 33.17, 33.67, 31.65, 31.62
2018/07/11 13:36:27, 38.55, 38.72, 33.20, 33.67, 31.64, 31.62
2018/07/11 13:36:28, 38.55, 38.74, 33.17, 33.67, 31.64, 31.62
2018/07/11 13:36:29, 38.58, 38.73, 33.17, 33.68, 31.63, 31.61
2018/07/11 13:36:30, 38.57, 38.75, 33.18, 33.66, 31.64, 31.61
2018/07/11 13:36:31, 38.56, 38.72, 33.19, 33.67, 31.64, 31.61
2018/07/11 13:36:32, 38.56, 38.71, 33.15, 33.66, 31.65, 31.60
2018/07/11 13:36:33, 38.57, 38.75, 33.19, 33.69, 31.63, 31.60
2018/07/11 13:36:34, 38.56, 38.73, 33.18, 33.68, 31.64, 31.61
2018/07/11 13:36:35, 38.57, 38.74, 33.18, 33.67, 31.65, 31.59
2018/07/11 13:36:36, 38.55, 38.74, 33.14, 33.65, 31.66, 31.60
2018/07/11 13:36:37, 38.56, 38.73, 33.16, 33.66, 31.64, 31.60
2018/07/11 13:36:38, 38.55, 38.70, 33.14, 33.66, 31.64, 31.60
2018/07/11 13:36:39, 38.55, 38.71, 33.14, 33.66, 31.64, 31.60
2018/07/11 13:36:40, 38.53, 38.72, 33.16, 33.67, 31.65, 31.60
2018/07/11 13:36:41, 38.53, 38.73, 33.16, 33.65, 31.65, 31.61
2018/07/11 13:36:42, 38.52, 38.72, 33.15, 33.67, 31.64, 31.60
2018/07/11 13:36:43, 38.56, 38.74, 33.15, 33.64, 31.64, 31.59
2018/07/11 13:36:44, 38.55, 38.74, 33.15, 33.65, 31.63, 31.58
2018/07/11 13:36:45, 38.54, 38.74, 33.13, 33.66, 31.63, 31.59
2018/07/11 13:36:46, 38.54, 38.72, 33.15, 33.66, 31.64, 31.59
2018/07/11 13:36:47, 38.55, 38.72, 33.14, 33.66, 31.65, 31.59
2018/07/11 13:36:48, 38.55, 38.70, 33.12, 33.64, 31.64, 31.59
2018/07/11 13:36:49, 38.53, 38.72, 33.16, 33.64, 31.64, 31.57
2018/07/11 13:36:50, 38.54, 38.72, 33.14, 33.64, 31.62, 31.60
2018/07/11 13:36:51, 38.56, 38.70, 33.13, 33.66, 31.63, 31.58
2018/07/11 13:36:52, 38.55, 38.72, 33.18, 33.63, 31.64, 31.65
2018/07/11 13:36:53, 38.55, 38.72, 33.11, 33.63, 31.63, 31.68
2018/07/11 13:36:54, 38.54, 38.71, 33.12, 33.64, 31.66, 31.68
2018/07/11 13:36:55, 38.52, 38.73, 33.12, 33.64, 31.65, 31.73
2018/07/11 13:36:56, 38.55, 38.72, 33.14, 33.63, 31.63, 31.71
2018/07/11 13:36:57, 38.55, 38.72, 33.12, 33.63, 31.64, 31.73
2018/07/11 13:36:58, 38.54, 38.73, 33.13, 33.64, 31.65, 31.71
2018/07/11 13:36:59, 38.54, 38.72, 33.12, 33.64, 31.63, 31.70
2018/07/11 13:37:00, 38.54, 38.72, 33.10, 33.63, 31.64, 31.70
2018/07/11 13:37:01, 38.55, 38.73, 33.11, 33.64, 31.64, 31.69
2018/07/11 13:37:02, 38.53, 38.73, 33.12, 33.63, 31.63, 31.69
2018/07/11 13:37:03, 38.54, 38.73, 33.13, 33.63, 31.64, 31.67
2018/07/11 13:37:04, 38.55, 38.72, 33.11, 33.64, 31.67, 31.69
2018/07/11 13:37:05, 38.54, 38.72, 33.10, 33.62, 31.64, 31.69
2018/07/11 13:37:06, 38.53, 38.71, 33.12, 33.62, 31.64, 31.66
2018/07/11 13:37:07, 38.55, 38.72, 33.16, 33.63, 31.65, 31.64
2018/07/11 13:37:08, 38.53, 38.71, 33.80, 33.64, 31.64, 31.65
2018/07/11 13:37:09, 38.55, 38.73, 33.90, 33.64, 31.63, 31.64
2018/07/11 13:37:10, 38.54, 38.72, 33.10, 33.62, 31.64, 31.62
2018/07/11 13:37:11, 38.53, 38.72, 33.11, 33.63, 31.64, 31.62
2018/07/11 13:37:12, 38.53, 38.73, 33.11, 33.62, 31.63, 31.63
2018/07/11 13:37:13, 38.57, 38.73, 33.80, 33.63, 31.66, 31.61
2018/07/11 13:37:14, 38.54, 38.74, 33.10, 33.64, 31.64, 31.60
2018/07/11 13:37:15, 38.53, 38.72, 33.70, 33.60, 31.64, 31.60
2018/07/11 13:37:16, 38.54, 38.72, 33.90, 33.62, 31.65, 31.60
2018/07/11 13:37:17, 38.56, 38.72, 33.80, 33.62, 31.64, 31.61
2018/07/11 13:37:18, 38.56, 38.71, 33.80, 33.61, 31.65, 31.61
2018/07/11 13:37:19, 38.53, 38.72, 33.70, 33.64, 31.65, 31.60
2018/07/11 13:37:20, 38.54, 38.72, 33.80, 33.61, 31.66, 31.60
2018/07/11 13:37:21, 38.54, 38.72, 33.80, 33.61, 31.65, 31.59
2018/07/11 13:37:22, 38.55, 38.73, 33.70, 33.62, 31.64, 31.60
2018/07/11 13:37:23, 38.52, 38.71, 33.90, 33.61, 31.64, 31.58
2018/07/11 13:37:24, 38.53, 38.71, 33.70, 33.60, 31.65, 31.60
2018/07/11 13:37:25, 38.54, 38.73, 33.80, 33.59, 31.64, 31.60
2018/07/11 13:37:26, 38.53, 38.74, 33.50, 33.60, 31.67, 31.60
2018/07/11 13:37:27, 38.54, 38.74, 33.70, 33.62, 31.65, 31.58
2018/07/11 13:37:28, 38.53, 38.75, 33.60, 33.60, 31.64, 31.60
2018/07/11 13:37:29, 38.55, 38.74, 33.50, 33.60, 31.64, 31.60
2018/07/11 13:37:30, 38.51, 38.73, 33.70, 33.59, 31.64, 31.59
2018/07/11 13:37:31, 38.53, 38.74, 33.70, 33.61, 31.66, 31.58
2018/07/11 13:37:32, 38.52, 38.73, 33.50, 33.60, 31.63, 31.58
2018/07/11 13:37:33, 38.53, 38.74, 33.70, 33.60, 31.66, 31.59
2018/07/11 13:37:34, 38.52, 38.74, 33.40, 33.58, 31.65, 31.59
2018/07/11 13:37:35, 38.52, 38.73, 33.60, 33.60, 31.63, 31.57
2018/07/11 13:37:36, 38.54, 38.74, 33.70, 33.60, 31.65, 31.57
2018/07/11 13:37:37, 38.53, 38.75, 33.60, 33.60, 31.65, 31.58
2018/07/11 13:37:38, 38.52, 38.73, 33.40, 33.59, 31.64, 31.58
2018/07/11 13:37:39, 38.54, 38.72, 33.50, 33.59, 31.67, 31.57
2018/07/11 13:37:40, 38.53, 38.73, 33.40, 33.58, 31.64, 31.58
2018/07/11 13:37:41, 38.53, 38.73, 33.50, 33.59, 31.66, 31.59
2018/07/11 13:37:42, 38.53, 38.74, 33.60, 33.59, 31.63, 31.58
2018/07/11 13:37:43, 38.53, 38.72, 33.70, 33.57, 31.65, 31.57
2018/07/11 13:37:44, 38.53, 38.72, 33.50, 33.58, 31.65, 31.56
2018/07/11 13:37:45, 38.52, 38.72, 33.50, 33.60, 31.65, 31.55
2018/07/11 13:37:46, 38.53, 38.72, 33.30, 33.58, 31.63, 31.57
2018/07/11 13:37:47, 38.53, 38.71, 33.50, 33.60, 31.65, 31.57
2018/07/11 13:37:48, 38.53, 38.73, 33.30, 33.58, 31.64, 31.57
2018/07/11 13:37:49, 38.52, 38.71, 33.30, 33.58, 31.65, 31.57
2018/07/11 13:37:50, 38.51, 38.73, 33.30, 33.58, 31.65, 31.57
2018/07/11 13:37:51, 38.51, 38.72, 33.40, 33.59, 31.64, 31.57
2018/07/11 13:37:52, 38.51, 38.72, 33.30, 33.57, 31.62, 31.55
2018/07/11 13:37:53, 38.52, 38.72, 33.10, 33.57, 31.65, 31.57
2018/07/11 13:37:54, 38.53, 38.71, 33.30, 33.57, 31.64, 31.55
2018/07/11 13:37:55, 38.53, 38.74, 33.30, 33.55, 31.66, 31.56
2018/07/11 13:37:56, 38.54, 38.71, 33.30, 33.59, 31.65, 31.55
2018/07/11 13:37:57, 38.52, 38.73, 33.30, 33.57, 31.65, 31.56
2018/07/11 13:37:58, 38.52, 38.72, 33.00, 33.55, 31.66, 31.56
2018/07/11 13:37:59, 38.53, 38.72, 33.30, 33.57, 31.66, 31.56
2018/07/11 13:38:00, 38.54, 38.73, 33.30, 33.56, 31.65, 31.56
2018/07/11 13:38:01, 38.50, 38.72, 33.10, 33.56, 31.65, 31.56
2018/07/11 13:38:02, 38.52, 38.70, 33.00, 33.56, 31.65, 31.56
2018/07/11 13:38:03, 38.50, 38.72, 33.20, 33.57, 31.65, 31.57
2018/07/11 13:38:04, 38.52, 38.73, 33.10, 33.56, 31.64, 31.55
2018/07/11 13:38:05, 38.52, 38.70, 32.99, 33.57, 31.64, 31.55
2018/07/11 13:38:06, 38.52, 38.70, 33.00, 33.55, 31.66, 31.55
2018/07/11 13:38:07, 38.51, 38.71, 33.00, 33.56, 31.66, 31.55
2018/07/11 13:38:08, 38.51, 38.70, 32.98, 33.54, 31.65, 31.56
2018/07/11 13:38:09, 38.51, 38.72, 32.98, 33.55, 31.64, 31.55
2018/07/11 13:38:10, 38.51, 38.72, 32.98, 33.57, 31.66, 31.56
2018/07/11 13:38:11, 38.51, 38.71, 33.00, 33.55, 31.66, 31.55
2018/07/11 13:38:12, 38.51, 38.72, 32.97, 33.56, 31.65, 31.54
2018/07/11 13:38:13, 38.51, 38.71, 32.99, 33.56, 31.64, 31.56
2018/07/11 13:38:14, 38.51, 38.72, 33.00, 33.55, 31.67, 31.55
2018/07/11 13:38:15, 38.50, 38.73, 32.99, 33.54, 31.65, 31.55
2018/07/11 13:38:16, 38.53, 38.73, 32.99, 33.55, 31.66, 31.56
2018/07/11 13:38:17, 38.52, 38.71, 32.98, 33.56, 31.65, 31.53
2018/07/11 13:38:18, 38.52, 38.72, 33.00, 33.54, 31.67, 31.55
2018/07/11 13:38:19, 38.50, 38.71, 33.00, 33.53, 31.64, 31.55
2018/07/11 13:38:20, 38.52, 38.70, 32.97, 33.55, 31.64, 31.55
2018/07/11 13:38:21, 38.51, 38.72, 32.96, 33.54, 31.64, 31.54
2018/07/11 13:38:22, 38.52, 38.72, 32.96, 33.53, 31.65, 31.54
2018/07/11 13:38:23, 38.53, 38.70, 32.98, 33.55, 31.64, 31.53
2018/07/11 13:38:24, 38.54, 38.70, 32.96, 33.55, 31.66, 31.54
2018/07/11 13:38:25, 38.53, 38.70, 32.98, 33.53, 31.65, 31.54
2018/07/11 13:38:26, 38.52, 38.71, 32.95, 33.53, 31.66, 31.56
2018/07/11 13:38:27, 38.54, 38.71, 32.95, 33.54, 31.65, 31.56
2018/07/11 13:38:28, 38.52, 38.70, 32.97, 33.53, 31.67, 31.54
2018/07/11 13:38:29, 38.52, 38.71, 32.97, 33.54, 31.65, 31.55
2018/07/11 13:38:30, 38.51, 38.70, 32.98, 33.53, 31.64, 31.55
2018/07/11 13:38:31, 38.52, 38.72, 32.97, 33.53, 31.66, 31.56
2018/07/11 13:38:32, 38.53, 38.70, 32.99, 33.55, 31.64, 31.56
2018/07/11 13:38:33, 38.54, 38.73, 32.95, 33.53, 31.64, 31.54
2018/07/11 13:38:34, 38.52, 38.71, 32.96, 33.54, 31.66, 31.56
2018/07/11 13:38:35, 38.50, 38.71, 32.94, 33.53, 31.66, 31.54
2018/07/11 13:38:36, 38.52, 38.71, 32.95, 33.52, 31.66, 31.55
2018/07/11 13:38:37, 38.50, 38.69, 32.94, 33.50, 31.65, 31.57
2018/07/11 13:38:38, 38.54, 38.71, 32.96, 33.52, 31.66, 31.55
2018/07/11 13:38:39, 38.53, 38.73, 32.96, 33.52, 31.67, 31.55
2018/07/11 13:38:40, 38.52, 38.70, 32.95, 33.51, 31.66, 31.57
2018/07/11 13:38:41, 38.53, 38.71, 32.93, 33.51, 31.66, 31.55
2018/07/11 13:38:42, 38.52, 38.69, 32.96, 33.51, 31.66, 31.53
2018/07/11 13:38:43, 38.52, 38.70, 32.94, 33.51, 31.66, 31.54
2018/07/11 13:38:44, 38.51, 38.69, 32.92, 33.52, 31.67, 31.55
2018/07/11 13:38:45, 38.52, 38.70, 32.92, 33.52, 31.67, 31.54
2018/07/11 13:38:46, 38.52, 38.69, 32.94, 33.52, 31.64, 31.54
2018/07/11 13:38:47, 38.52, 38.70, 32.93, 33.51, 31.68, 31.57
2018/07/11 13:38:48, 38.52, 38.72, 32.92, 33.51, 31.64, 31.53
2018/07/11 13:38:49, 38.51, 38.70, 32.93, 33.53, 31.66, 31.55
2018/07/11 13:38:50, 38.51, 38.72, 32.98, 33.52, 31.65, 31.55
2018/07/11 13:38:51, 38.50, 38.72, 32.94, 33.51, 31.65, 31.54
2018/07/11 13:38:52, 38.51, 38.72, 32.91, 33.50, 31.67, 31.54
2018/07/11 13:38:53, 38.51, 38.73, 32.94, 33.51, 31.67, 31.54
2018/07/11 13:38:54, 38.51, 38.72, 32.94, 33.52, 31.65, 31.54
2018/07/11 13:38:55, 38.51, 38.69, 32.92, 33.51, 31.67, 31.54
2018/07/11 13:38:56, 38.51, 38.70, 32.91, 33.51, 31.66, 31.55
2018/07/11 13:38:57, 38.51, 38.70, 32.91, 33.50, 31.66, 31.55
2018/07/11 13:38:58, 38.51, 38.71, 32.92, 33.50, 31.66, 31.56
2018/07/11 13:38:59, 38.51, 38.69, 32.93, 33.51, 31.65, 31.55
2018/07/11 13:39:00, 38.52, 38.72, 32.91, 33.48, 31.66, 31.55
2018/07/11 13:39:01, 38.51, 38.70, 32.91, 33.48, 31.65, 31.54
2018/07/11 13:39:02, 38.51, 38.69, 32.90, 33.49, 31.65, 31.55
2018/07/11 13:39:03, 38.50, 38.68, 32.90, 33.51, 31.67, 31.53
2018/07/11 13:39:04, 38.52, 38.68, 32.90, 33.50, 31.66, 31.54
2018/07/11 13:39:05, 38.51, 38.69, 32.91, 33.51, 31.66, 31.54
2018/07/11 13:39:06, 38.50, 38.70, 32.91, 33.49, 31.66, 31.55
2018/07/11 13:39:07, 38.51, 38.68, 32.90, 33.48, 31.67, 31.55
2018/07/11 13:39:08, 38.51, 38.67, 32.91, 33.51, 31.67, 31.56
2018/07/11 13:39:09, 38.49, 38.66, 32.90, 33.50, 31.66, 31.55
2018/07/11 13:39:10, 38.52, 38.68, 32.92, 33.48, 31.67, 31.54
2018/07/11 13:39:11, 38.51, 38.69, 32.88, 33.49, 31.66, 31.57
2018/07/11 13:39:12, 38.51, 38.69, 32.89, 33.50, 31.68, 31.55
2018/07/11 13:39:13, 38.51, 38.70, 32.87, 33.49, 31.66, 31.55
2018/07/11 13:39:14, 38.51, 38.70, 32.91, 33.50, 31.67, 31.56
2018/07/11 13:39:15, 38.50, 38.71, 32.89, 33.49, 31.67, 31.54
2018/07/11 13:39:16, 38.48, 38.71, 32.90, 33.48, 31.66, 31.55
2018/07/11 13:39:17, 38.50, 38.70, 32.88, 33.48, 31.67, 31.55
2018/07/11 13:39:18, 38.51, 38.71, 32.86, 33.49, 31.66, 31.55
2018/07/11 13:39:19, 38.50, 38.72, 32.91, 33.48, 31.66, 31.54
2018/07/11 13:39:20, 38.49, 38.71, 32.87, 33.48, 31.65, 31.54
2018/07/11 13:39:21, 38.49, 38.69, 32.89, 33.49, 31.67, 31.55
2018/07/11 13:39:22, 38.49, 38.71, 32.86, 33.46, 31.66, 31.54
2018/07/11 13:39:23, 38.51, 38.72, 32.90, 33.48, 31.66, 31.55
2018/07/11 13:39:24, 38.50, 38.70, 32.87, 33.48, 31.67, 31.54
2018/07/11 13:39:25, 38.49, 38.70, 32.87, 33.50, 31.66, 31.54
2018/07/11 13:39:26, 38.49, 38.71, 32.88, 33.46, 31.66, 31.56
2018/07/11 13:39:27, 38.49, 38.69, 32.88, 33.47, 31.66, 31.54
2018/07/11 13:39:28, 38.50, 38.68, 32.88, 33.48, 31.67, 31.55
2018/07/11 13:39:29, 38.49, 38.68, 32.86, 33.49, 31.66, 31.54
2018/07/11 13:39:30, 38.50, 38.69, 32.87, 33.48, 31.67, 31.55
2018/07/11 13:39:31, 38.50, 38.67, 32.87, 33.48, 31.66, 31.55
2018/07/11 13:39:32, 38.50, 38.69, 32.86, 33.46, 31.66, 31.55
2018/07/11 13:39:33, 38.49, 38.68, 32.86, 33.49, 31.67, 31.55
2018/07/11 13:39:34, 38.49, 38.68, 32.86, 33.47, 31.68, 31.54
2018/07/11 13:39:35, 38.49, 38.72, 32.86, 33.48, 31.67, 31.55
2018/07/11 13:39:36, 38.49, 38.71, 32.86, 33.47, 31.67, 31.53
2018/07/11 13:39:37, 38.50, 38.71, 32.89, 33.48, 31.68, 31.55
2018/07/11 13:39:38, 38.51, 38.72, 32.85, 33.48, 31.66, 31.55
2018/07/11 13:39:39, 38.48, 38.70, 32.86, 33.46, 31.66, 31.53
2018/07/11 13:39:40, 38.50, 38.68, 32.84, 33.47, 31.66, 31.55
2018/07/11 13:39:41, 38.51, 38.69, 32.83, 33.46, 31.66, 31.56
2018/07/11 13:39:42, 38.49, 38.68, 32.84, 33.45, 31.67, 31.56
2018/07/11 13:39:43, 38.51, 38.69, 32.85, 33.45, 31.67, 31.54
2018/07/11 13:39:44, 38.50, 38.68, 32.80, 33.45, 31.68, 31.54
2018/07/11 13:39:45, 38.50, 38.69, 32.83, 33.46, 31.67, 31.56
2018/07/11 13:39:46, 38.49, 38.71, 32.85, 33.46, 31.68, 31.54
2018/07/11 13:39:47, 38.51, 38.68, 32.83, 33.47, 31.66, 31.55
2018/07/11 13:39:48, 38.51, 38.68, 32.83, 33.45, 31.68, 31.55
2018/07/11 13:39:49, 38.50, 38.69, 32.85, 33.45, 31.66, 31.53
2018/07/11 13:39:50, 38.50, 38.69, 32.85, 33.45, 31.70, 31.56
2018/07/11 13:39:51, 38.51, 38.69, 32.82, 33.46, 31.67, 31.55
2018/07/11 13:39:52, 38.51, 38.69, 32.81, 33.45, 31.66, 31.56
2018/07/11 13:39:53, 38.50, 38.68, 32.82, 33.44, 31.67, 31.55
2018/07/11 13:39:54, 38.51, 38.69, 32.83, 33.44, 31.67, 31.55
2018/07/11 13:39:55, 38.50, 38.71, 32.79, 33.42, 31.65, 31.55
2018/07/11 13:39:56, 38.51, 38.68, 32.81, 33.45, 31.65, 31.54
2018/07/11 13:39:57, 38.50, 38.68, 32.83, 33.44, 31.67, 31.55
2018/07/11 13:39:58, 38.50, 38.67, 32.83, 33.46, 31.67, 31.57
2018/07/11 13:39:59, 38.50, 38.68, 32.83, 33.44, 31.66, 31.55
2018/07/11 13:40:00, 38.51, 38.69, 32.82, 33.43, 31.67, 31.56
2018/07/11 13:40:01, 38.52, 38.67, 32.82, 33.45, 31.66, 31.56
2018/07/11 13:40:02, 38.51, 38.69, 32.83, 33.45, 31.67, 31.56
2018/07/11 13:40:03, 38.50, 38.68, 32.81, 33.43, 31.67, 31.56
2018/07/11 13:40:04, 38.50, 38.67, 32.80, 33.44, 31.67, 31.57
2018/07/11 13:40:05, 38.50, 38.67, 32.81, 33.44, 31.66, 31.55
2018/07/11 13:40:06, 38.51, 38.66, 32.79, 33.44, 31.66, 31.56
2018/07/11 13:40:07, 38.51, 38.66, 32.78, 33.43, 31.66, 31.56
2018/07/11 13:40:08, 38.51, 38.67, 32.83, 33.41, 31.66, 31.55
2018/07/11 13:40:09, 38.49, 38.68, 32.79, 33.42, 31.65, 31.56
2018/07/11 13:40:10, 38.49, 38.70, 32.79, 33.42, 31.66, 31.55
2018/07/11 13:40:11, 38.50, 38.67, 32.79, 33.41, 31.67, 31.57
2018/07/11 13:40:12, 38.50, 38.67, 32.78, 33.41, 31.66, 31.58
2018/07/11 13:40:13, 38.49, 38.67, 32.78, 33.41, 31.68, 31.55
2018/07/11 13:40:14, 38.49, 38.65, 32.79, 33.41, 31.67, 31.55
2018/07/11 13:40:15, 38.51, 38.66, 32.78, 33.42, 31.66, 31.55
2018/07/11 13:40:16, 38.51, 38.69, 32.78, 33.41, 31.68, 31.55
2018/07/11 13:40:17, 38.52, 38.67, 32.80, 33.41, 31.67, 31.55
2018/07/11 13:40:18, 38.50, 38.67, 32.80, 33.42, 31.68, 31.55
2018/07/11 13:40:19, 38.51, 38.68, 32.76, 33.42, 31.66, 31.55
2018/07/11 13:40:20, 38.50, 38.66, 32.79, 33.42, 31.66, 31.57
2018/07/11 13:40:21, 38.51, 38.67, 32.79, 33.42, 31.68, 31.55
2018/07/11 13:40:22, 38.50, 38.67, 32.76, 33.41, 31.66, 31.55
2018/07/11 13:40:23, 38.49, 38.67, 32.75, 33.42, 31.69, 31.56
2018/07/11 13:40:24, 38.52, 38.67, 32.76, 33.41, 31.66, 31.56
2018/07/11 13:40:25, 38.51, 38.69, 32.75, 33.41, 31.67, 31.55
2018/07/11 13:40:26, 38.51, 38.67, 32.74, 33.39, 31.66, 31.57
2018/07/11 13:40:27, 38.50, 38.67, 32.74, 33.39, 31.65, 31.58
2018/07/11 13:40:28, 38.52, 38.66, 32.75, 33.39, 31.66, 31.55
2018/07/11 13:40:29, 38.51, 38.68, 32.75, 33.42, 31.68, 31.56
2018/07/11 13:40:30, 38.51, 38.67, 32.75, 33.40, 31.67, 31.56
2018/07/11 13:40:31, 38.52, 38.68, 32.78, 33.41, 31.67, 31.55
2018/07/11 13:40:32, 38.50, 38.69, 32.75, 33.39, 31.67, 31.56
2018/07/11 13:40:33, 38.53, 38.68, 32.73, 33.40, 31.66, 31.57
2018/07/11 13:40:34, 38.49, 38.66, 32.76, 33.39, 31.68, 31.56
2018/07/11 13:40:35, 38.49, 38.68, 32.73, 33.39, 31.66, 31.57
2018/07/11 13:40:36, 38.50, 38.67, 32.74, 33.38, 31.67, 31.56
2018/07/11 13:40:37, 38.50, 38.67, 32.73, 33.37, 31.67, 31.55
2018/07/11 13:40:38, 38.50, 38.67, 32.75, 33.39, 31.66, 31.54
2018/07/11 13:40:39, 38.48, 38.67, 32.73, 33.39, 31.66, 31.58
2018/07/11 13:40:40, 38.49, 38.70, 32.74, 33.38, 31.67, 31.55
2018/07/11 13:40:41, 38.48, 38.68, 32.73, 33.37, 31.66, 31.55
2018/07/11 13:40:42, 38.48, 38.67, 32.73, 33.38, 31.67, 31.57
2018/07/11 13:40:43, 38.49, 38.67, 32.73, 33.38, 31.67, 31.58
2018/07/11 13:40:44, 38.49, 38.65, 32.70, 33.38, 31.68, 31.58
2018/07/11 13:40:45, 38.50, 38.66, 32.75, 33.37, 31.67, 31.57
2018/07/11 13:40:46, 38.50, 38.65, 32.72, 33.37, 31.67, 31.56
2018/07/11 13:40:47, 38.49, 38.63, 32.70, 33.37, 31.67, 31.58
2018/07/11 13:40:48, 38.49, 38.63, 32.71, 33.37, 31.65, 31.56
2018/07/11 13:40:49, 38.49, 38.61, 32.73, 33.35, 31.66, 31.57
2018/07/11 13:40:50, 38.47, 38.63, 32.68, 33.37, 31.68, 31.56
2018/07/11 13:40:51, 38.48, 38.64, 32.71, 33.35, 31.68, 31.58
2018/07/11 13:40:52, 38.50, 38.61, 32.71, 33.35, 31.66, 31.57
2018/07/11 13:40:53, 38.50, 38.62, 32.71, 33.34, 31.66, 31.58
2018/07/11 13:40:54, 38.50, 38.61, 32.70, 33.36, 31.69, 31.57
2018/07/11 13:40:55, 38.49, 38.63, 32.69, 33.33, 31.66, 31.56
2018/07/11 13:40:56, 38.49, 38.61, 32.68, 33.35, 31.66, 31.56
2018/07/11 13:40:57, 38.50, 38.63, 32.69, 33.34, 31.66, 31.56
2018/07/11 13:40:58, 38.49, 38.62, 32.68, 33.33, 31.67, 31.55
2018/07/11 13:40:59, 38.48, 38.65, 32.68, 33.32, 31.67, 31.56
2018/07/11 13:41:00, 38.49, 38.62, 32.69, 33.33, 31.69, 31.56
2018/07/11 13:41:01, 38.48, 38.63, 32.69, 33.32, 31.67, 31.55
2018/07/11 13:41:02, 38.48, 38.62, 32.68, 33.33, 31.67, 31.58
2018/07/11 13:41:03, 38.49, 38.61, 32.66, 33.31, 31.65, 31.58
2018/07/11 13:41:04, 38.49, 38.63, 32.67, 33.32, 31.66, 31.58
2018/07/11 13:41:05, 38.51, 38.63, 32.67, 33.33, 31.67, 31.58
2018/07/11 13:41:06, 38.49, 38.63, 32.67, 33.31, 31.66, 31.57
2018/07/11 13:41:07, 38.52, 38.64, 32.69, 33.30, 31.68, 31.56
2018/07/11 13:41:08, 38.51, 38.63, 32.66, 33.30, 31.66, 31.58
2018/07/11 13:41:09, 38.49, 38.63, 32.66, 33.30, 31.68, 31.57
2018/07/11 13:41:10, 38.50, 38.63, 32.67, 33.29, 31.66, 31.59
2018/07/11 13:41:11, 38.49, 38.62, 32.66, 33.31, 31.69, 31.63
2018/07/11 13:41:12, 38.48, 38.63, 32.65, 33.28, 31.65, 31.62
2018/07/11 13:41:13, 38.48, 38.63, 32.68, 33.29, 31.67, 31.64
2018/07/11 13:41:14, 38.50, 38.62, 32.65, 33.29, 31.66, 31.65
2018/07/11 13:41:15, 38.49, 38.64, 32.62, 33.30, 31.67, 31.64
2018/07/11 13:41:16, 38.49, 38.62, 32.66, 33.29, 31.66, 31.64
2018/07/11 13:41:17, 38.49, 38.62, 32.64, 33.26, 31.68, 31.64
2018/07/11 13:41:18, 38.50, 38.63, 32.66, 33.28, 31.67, 31.63
2018/07/11 13:41:19, 38.50, 38.63, 32.64, 33.27, 31.66, 31.64
2018/07/11 13:41:20, 38.48, 38.62, 32.64, 33.26, 31.67, 31.65
2018/07/11 13:41:21, 38.50, 38.63, 32.62, 33.25, 31.67, 31.63
2018/07/11 13:41:22, 38.50, 38.65, 32.62, 33.26, 31.66, 31.67
2018/07/11 13:41:23, 38.49, 38.63, 32.64, 33.26, 31.67, 31.64
2018/07/11 13:41:24, 38.51, 38.64, 32.62, 33.25, 31.66, 31.63
2018/07/11 13:41:25, 38.52, 38.64, 32.65, 33.24, 31.66, 31.63
2018/07/11 13:41:26, 38.52, 38.64, 32.64, 33.25, 31.67, 31.63
2018/07/11 13:41:27, 38.49, 38.65, 32.63, 33.23, 31.68, 31.65
2018/07/11 13:41:28, 38.51, 38.65, 32.61, 33.24, 31.67, 31.63
2018/07/11 13:41:29, 38.50, 38.65, 32.64, 33.24, 31.66, 31.62
2018/07/11 13:41:30, 38.51, 38.64, 32.59, 33.21, 31.67, 31.63
2018/07/11 13:41:31, 38.51, 38.66, 32.60, 33.23, 31.67, 31.63
2018/07/11 13:41:32, 38.49, 38.65, 32.57, 33.22, 31.65, 31.62
2018/07/11 13:41:33, 38.49, 38.66, 32.61, 33.19, 31.67, 31.62
2018/07/11 13:41:34, 38.51, 38.64, 32.60, 33.21, 31.67, 31.62
2018/07/11 13:41:35, 38.47, 38.65, 32.62, 33.21, 31.67, 31.62
2018/07/11 13:41:36, 38.50, 38.65, 32.59, 33.20, 31.68, 31.62
2018/07/11 13:41:37, 38.50, 38.67, 32.58, 33.21, 31.66, 31.62
2018/07/11 13:41:38, 38.51, 38.65, 32.59, 33.19, 31.69, 31.64
2018/07/11 13:41:39, 38.51, 38.65, 32.57, 33.18, 31.66, 31.62
2018/07/11 13:41:40, 38.50, 38.64, 32.56, 33.18, 31.69, 31.64
2018/07/11 13:41:41, 38.51, 38.63, 32.57, 33.19, 31.68, 31.62
2018/07/11 13:41:42, 38.50, 38.63, 32.60, 33.18, 31.66, 31.65
2018/07/11 13:41:43, 38.51, 38.64, 32.57, 33.17, 31.68, 31.63
2018/07/11 13:41:44, 38.49, 38.65, 32.54, 33.17, 31.67, 31.62
2018/07/11 13:41:45, 38.50, 38.63, 32.55, 33.16, 31.67, 31.64
2018/07/11 13:41:46, 38.50, 38.64, 32.54, 33.18, 31.68, 31.61
2018/07/11 13:41:47, 38.51, 38.65, 32.56, 33.15, 31.69, 31.64
2018/07/11 13:41:48, 38.49, 38.63, 32.57, 33.16, 31.67, 31.64
2018/07/11 13:41:49, 38.51, 38.63, 32.55, 33.17, 31.69, 31.62
2018/07/11 13:41:50, 38.52, 38.64, 32.52, 33.16, 31.69, 31.62
2018/07/11 13:41:51, 38.51, 38.64, 32.53, 33.16, 31.69, 31.62
2018/07/11 13:41:52, 38.50, 38.63, 32.52, 33.14, 31.68, 31.65
2018/07/11 13:41:53, 38.50, 38.65, 32.54, 33.14, 31.69, 31.65
2018/07/11 13:41:54, 38.50, 38.66, 32.52, 33.14, 31.69, 31.63
2018/07/11 13:41:55, 38.50, 38.63, 32.54, 33.14, 31.68, 31.64
2018/07/11 13:41:56, 38.49, 38.63, 32.51, 33.14, 31.69, 31.65
2018/07/11 13:41:57, 38.50, 38.64, 32.52, 33.12, 31.67, 31.64
2018/07/11 13:41:58, 38.49, 38.65, 32.52, 33.13, 31.68, 31.65
2018/07/11 13:41:59, 38.50, 38.63, 32.53, 33.11, 31.66, 31.63
2018/07/11 13:42:00, 38.51, 38.64, 32.49, 33.11, 31.69, 31.66
2018/07/11 13:42:01, 38.51, 38.65, 32.49, 33.12, 31.68, 31.65
2018/07/11 13:42:02, 38.50, 38.65, 32.49, 33.11, 31.69, 31.66
2018/07/11 13:42:03, 38.50, 38.64, 32.50, 33.90, 31.66, 31.66
2018/07/11 13:42:04, 38.50, 38.65, 32.51, 33.11, 31.69, 31.63
2018/07/11 13:42:05, 38.49, 38.66, 32.49, 33.90, 31.68, 31.66
2018/07/11 13:42:06, 38.49, 38.66, 32.49, 33.90, 31.70, 31.66
2018/07/11 13:42:07, 38.48, 38.66, 32.47, 33.90, 31.69, 31.66
2018/07/11 13:42:08, 38.49, 38.65, 32.48, 33.70, 31.69, 31.64
2018/07/11 13:42:09, 38.49, 38.63, 32.48, 33.80, 31.69, 31.66
2018/07/11 13:42:10, 38.50, 38.65, 32.47, 33.60, 31.69, 31.67
2018/07/11 13:42:11, 38.49, 38.65, 32.51, 33.70, 31.69, 31.67
2018/07/11 13:42:12, 38.50, 38.66, 32.50, 33.80, 31.69, 31.67
2018/07/11 13:42:13, 38.52, 38.65, 32.46, 33.70, 31.68, 31.65
2018/07/11 13:42:14, 38.50, 38.67, 32.46, 33.70, 31.70, 31.66
2018/07/11 13:42:15, 38.50, 38.65, 32.46, 33.70, 31.68, 31.66
2018/07/11 13:42:16, 38.49, 38.66, 32.46, 33.70, 31.69, 31.69
2018/07/11 13:42:17, 38.50, 38.65, 32.47, 33.50, 31.71, 31.68
2018/07/11 13:42:18, 38.50, 38.65, 32.45, 33.50, 31.71, 31.68
2018/07/11 13:42:19, 38.50, 38.65, 32.47, 33.50, 31.70, 31.67
2018/07/11 13:42:20, 38.50, 38.63, 32.45, 33.30, 31.72, 31.69
2018/07/11 13:42:21, 38.49, 38.65, 32.46, 33.40, 31.70, 31.70
2018/07/11 13:42:22, 38.50, 38.64, 32.44, 33.30, 31.70, 31.69
2018/07/11 13:42:23, 38.50, 38.64, 32.44, 33.30, 31.71, 31.69
2018/07/11 13:42:24, 38.49, 38.64, 32.45, 33.40, 31.71, 31.71
2018/07/11 13:42:25, 38.53, 38.64, 32.42, 33.40, 31.71, 31.69
2018/07/11 13:42:26, 38.49, 38.65, 32.45, 33.30, 31.70, 31.69
2018/07/11 13:42:27, 38.50, 38.66, 32.44, 33.10, 31.71, 31.69
2018/07/11 13:42:28, 38.50, 38.64, 32.42, 33.20, 31.71, 31.70
2018/07/11 13:42:29, 38.51, 38.65, 32.42, 33.30, 31.72, 31.69
2018/07/11 13:42:30, 38.50, 38.67, 32.41, 33.10, 31.74, 31.71
2018/07/11 13:42:31, 38.50, 38.64, 32.41, 33.30, 31.71, 31.71
2018/07/11 13:42:32, 38.51, 38.67, 32.42, 33.20, 31.70, 31.72
2018/07/11 13:42:33, 38.49, 38.67, 32.41, 33.00, 31.75, 31.71
2018/07/11 13:42:34, 38.50, 38.65, 32.42, 33.10, 31.72, 31.71
2018/07/11 13:42:35, 38.51, 38.66, 32.40, 32.99, 31.75, 31.71
2018/07/11 13:42:36, 38.48, 38.66, 32.43, 33.10, 31.75, 31.68
2018/07/11 13:42:37, 38.48, 38.65, 32.42, 33.00, 31.74, 31.71
2018/07/11 13:42:38, 38.50, 38.66, 32.41, 32.99, 31.73, 31.73
2018/07/11 13:42:39, 38.51, 38.66, 32.39, 33.10, 31.75, 31.73
2018/07/11 13:42:40, 38.50, 38.66, 32.42, 32.98, 31.73, 31.73
2018/07/11 13:42:41, 38.48, 38.67, 32.39, 32.96, 31.75, 31.73
2018/07/11 13:42:42, 38.50, 38.66, 32.38, 32.97, 31.76, 31.73
2018/07/11 13:42:43, 38.50, 38.67, 32.40, 32.97, 31.75, 31.72
2018/07/11 13:42:44, 38.49, 38.67, 32.40, 32.97, 31.75, 31.73
2018/07/11 13:42:45, 38.49, 38.65, 32.38, 32.97, 31.78, 31.74
2018/07/11 13:42:46, 38.50, 38.67, 32.39, 32.97, 31.76, 31.75
2018/07/11 13:42:47, 38.49, 38.67, 32.36, 32.96, 31.75, 31.74
2018/07/11 13:42:48, 38.51, 38.66, 32.38, 32.97, 31.74, 31.73
2018/07/11 13:42:49, 38.48, 38.65, 32.36, 32.96, 31.75, 31.74
2018/07/11 13:42:50, 38.51, 38.65, 32.39, 32.96, 31.77, 31.76
2018/07/11 13:42:51, 38.49, 38.65, 32.37, 32.96, 31.76, 31.77
2018/07/11 13:42:52, 38.49, 38.66, 32.37, 32.95, 31.76, 31.77
2018/07/11 13:42:53, 38.50, 38.66, 32.37, 32.94, 31.76, 31.77
2018/07/11 13:42:54, 38.49, 38.66, 32.37, 32.94, 31.75, 31.76
2018/07/11 13:42:55, 38.48, 38.66, 32.35, 32.94, 31.76, 31.76
2018/07/11 13:42:56, 38.50, 38.64, 32.35, 32.93, 31.78, 31.76
2018/07/11 13:42:57, 38.47, 38.65, 32.35, 32.91, 31.80, 31.76
2018/07/11 13:42:58, 38.49, 38.64, 32.34, 32.93, 31.78, 31.78
2018/07/11 13:42:59, 38.49, 38.64, 32.34, 32.93, 31.80, 31.77
2018/07/11 13:43:00, 38.49, 38.66, 32.34, 32.92, 31.77, 31.76
2018/07/11 13:43:01, 38.49, 38.67, 32.31, 32.91, 31.79, 31.77
2018/07/11 13:43:02, 38.48, 38.65, 32.33, 32.91, 31.79, 31.77
2018/07/11 13:43:03, 38.49, 38.67, 32.35, 32.91, 31.78, 31.77
2018/07/11 13:43:04, 38.48, 38.66, 32.33, 32.91, 31.79, 31.79
2018/07/11 13:43:05, 38.48, 38.67, 32.30, 32.91, 31.79, 31.77
2018/07/11 13:43:06, 38.47, 38.65, 32.30, 32.89, 31.81, 31.79
2018/07/11 13:43:07, 38.47, 38.66, 32.29, 32.87, 31.82, 31.77
2018/07/11 13:43:08, 38.49, 38.65, 32.32, 32.91, 31.80, 31.79
2018/07/11 13:43:09, 38.47, 38.65, 32.32, 32.91, 31.83, 31.80
2018/07/11 13:43:10, 38.49, 38.66, 32.30, 32.88, 31.81, 31.80
2018/07/11 13:43:11, 38.81, 38.67, 32.29, 32.89, 31.80, 31.80
2018/07/11 13:43:12, 38.50, 38.69, 32.30, 32.88, 31.80, 31.78
2018/07/11 13:43:13, 38.81, 38.67, 32.31, 32.87, 31.81, 31.81
2018/07/11 13:43:14, 38.48, 38.66, 32.30, 32.87, 31.80, 31.80
2018/07/11 13:43:15, 38.48, 38.66, 32.29, 32.85, 31.82, 31.80
2018/07/11 13:43:16, 38.49, 38.67, 32.29, 32.85, 31.81, 31.80
2018/07/11 13:43:17, 38.48, 38.66, 32.30, 32.86, 31.80, 31.81
2018/07/11 13:43:18, 38.49, 38.63, 32.29, 32.85, 31.81, 31.80
2018/07/11 13:43:19, 38.49, 38.65, 32.30, 32.84, 31.82, 31.81
2018/07/11 13:43:20, 38.49, 38.65, 32.28, 32.84, 31.81, 31.81
2018/07/11 13:43:21, 38.50, 38.66, 32.29, 32.84, 31.80, 31.80
2018/07/11 13:43:22, 38.49, 38.67, 32.27, 32.83, 31.83, 31.82
2018/07/11 13:43:23, 38.49, 38.67, 32.28, 32.85, 31.83, 31.82
2018/07/11 13:43:24, 38.49, 38.65, 32.28, 32.83, 31.84, 31.82
2018/07/11 13:43:25, 38.48, 38.65, 32.25, 32.83, 31.83, 31.82
2018/07/11 13:43:26, 38.48, 38.65, 32.25, 32.82, 31.83, 31.82
2018/07/11 13:43:27, 38.50, 38.67, 32.25, 32.80, 31.84, 31.82
2018/07/11 13:43:28, 38.49, 38.67, 32.23, 32.81, 31.83, 31.82
2018/07/11 13:43:29, 38.49, 38.66, 32.26, 32.81, 31.85, 31.82
2018/07/11 13:43:30, 38.49, 38.66, 32.26, 32.81, 31.84, 31.82
2018/07/11 13:43:31, 38.48, 38.65, 32.25, 32.79, 31.83, 31.82
2018/07/11 13:43:32, 38.48, 38.67, 32.23, 32.80, 31.85, 31.82
2018/07/11 13:43:33, 38.48, 38.68, 32.22, 32.80, 31.84, 31.83
2018/07/11 13:43:34, 38.49, 38.67, 32.24, 32.80, 31.85, 0.00
2018/07/11 13:43:35, 38.48, 38.66, 0.00, 0.00, 0.00, 0.00
2018/07/11 13:43:36, 38.48, 38.66, 0.00, 0.00, 0.00, 0.00
2018/07/11 13:43:37, 38.49, 38.63, 0.00, 0.00, 0.00, 0.00
2018/07/11 13:43:38, 38.50, 38.65, 0.00, 0.00, 0.00, 0.00
2018/07/11 13:43:39, 38.48, 38.65, 0.00, 0.00, 0.00, 0.00
2018/07/11 13:43:40, 38.48, 38.63, 0.00, 0.00, 0.00, 0.00
2018/07/11 13:43:41, 38.48, 38.64, 0.00, 0.00, 0.00, 0.00
2018/07/11 13:43:42, 38.49, 38.65, 0.00, 0.00, 0.00, 0.00
2018/07/11 13:43:43, 38.49, 38.63, 0.00, 0.00, 0.00, 0.00
2018/07/11 13:43:44, 38.49, 38.66, 0.00, 0.00, 0.00, 0.00
2018/07/11 13:43:45, 38.48, 38.65, 0.00, 0.00, 0.00, 0.00
2018/07/11 13:43:46, 38.49, 38.65, 0.00, 0.00, 0.00, 0.00
2018/07/11 13:43:47, 38.49, 38.65, 0.00, 0.00, 0.00, 0.00
2018/07/11 13:43:48, 38.49, 38.65, 0.00, 0.00, 0.00, 0.00
2018/07/11 13:43:49, 38.49, 38.65, 0.00, 0.00, 0.00, 0.00
2018/07/11 13:43:50, 38.50, 38.67, 0.00, 0.00, 0.00, 0.00
2018/07/11 13:43:51, 38.50, 38.63, 0.00, 0.00, 0.00, 0.00
2018/07/11 13:43:52, 38.50, 38.65, 0.00, 0.00, 0.00, 0.00
2018/07/11 13:43:53, 38.51, 38.67, 0.00, 0.00, 0.00, 0.00
2018/07/11 13:43:54, 38.49, 38.66, 0.00, 0.00, 0.00, 0.00
2018/07/11 13:43:55, 38.50, 38.66, 0.00, 0.00, 0.00, 0.00
2018/07/11 13:43:56, 38.49, 38.66, 0.00, 0.00, 0.00, 0.00
2018/07/11 13:43:57, 38.50, 38.64, 0.00, 0.00, 0.00, 0.00
2018/07/11 13:43:58, 119.23, 38.64, 0.00, 0.00, 0.00, 0.00
2018/07/11 13:43:59, 38.49, 38.64, 0.00, 0.00, 0.00, 0.00
2018/07/11 13:44:00, 38.49, 38.64, 0.00, 0.00, 0.00, 0.00
2018/07/11 13:44:01, 38.49, 38.62, 0.00, 0.00, 0.00, 0.00
2018/07/11 13:44:02, 38.48, 38.63, 0.00, 0.00, 0.00, 0.00
2018/07/11 13:44:03, 38.52, 38.63, 0.00, 0.00, 0.00, 0.00
2018/07/11 13:44:04, 38.49, 38.64, 0.00, 0.00, 0.00, 0.00
2018/07/11 13:44:05, 38.53, 38.64, 0.00, 0.00, 0.00, 0.00
2018/07/11 13:44:06, 38.52, 38.64, 0.00, 0.00, 0.00, 0.00
2018/07/11 13:44:07, 38.51, 38.64, 0.00, 0.00, 0.00, 0.00
2018/07/11 13:44:08, 38.51, 38.65, 0.00, 0.00, 0.00, 0.00
2018/07/11 13:44:09, 38.51, 38.64, 0.00, 0.00, 0.00, 0.00
2018/07/11 13:44:10, 38.51, 38.63, 0.00, 0.00, 0.00, 0.00
2018/07/11 13:44:11, 38.51, 38.63, 0.00, 0.00, 0.00, 0.00
2018/07/11 13:44:12, 38.53, 38.65, 0.00, 0.00, 0.00, 0.00
2018/07/11 13:44:13, 38.52, 38.64, 0.00, 0.00, 0.00, 0.00
2018/07/11 13:44:14, 38.51, 38.63, 0.00, 0.00, 0.00, 0.00
2018/07/11 13:44:15, 38.51, 38.64, 0.00, 0.00, 0.00, 0.00
2018/07/11 13:44:16, 38.50, 38.62, 0.00, 0.00, 0.00, 0.00
2018/07/11 13:44:17, 38.50, 38.63, 0.00, 0.00, 0.00, 0.00
2018/07/11 13:44:18, 38.51, 38.63, 0.00, 0.00, 0.00, 0.00
2018/07/11 13:44:19, 38.50, 38.63, 0.00, 0.00, 0.00, 0.00
2018/07/11 13:44:20, 38.50, 38.66, 0.00, 0.00, 0.00, 0.00
2018/07/11 13:44:21, 38.51, 38.64, 0.00, 0.00, 0.00, 0.00
2018/07/11 13:44:22, 38.51, 38.64, 0.00, 0.00, 0.00, 0.00
2018/07/11 13:44:23, 38.52, 38.66, 0.00, 0.00, 0.00, 0.00
2018/07/11 13:44:24, 38.52, 38.65, 0.00, 0.00, 0.00, 0.00
2018/07/11 13:44:25, 38.51, 38.67, 0.00, 0.00, 0.00, 0.00
2018/07/11 13:44:26, 38.49, 38.65, 0.00, 0.00, 0.00, 0.00
2018/07/11 13:44:27, 38.50, 38.65, 0.00, 0.00, 0.00, 0.00
2018/07/11 13:44:28, 38.50, 38.66, 0.00, 0.00, 0.00, 0.00
2018/07/11 13:44:29, 38.49, 38.66, 0.00, 0.00, 0.00, 0.00
2018/07/11 13:44:30, 38.50, 38.66, 0.00, 0.00, 0.00, 0.00
2018/07/11 13:44:31, 38.49, 38.68, 0.00, 0.00, 0.00, 0.00
2018/07/11 13:44:32, 38.52, 38.67, 0.00, 0.00, 0.00, 0.00
2018/07/11 13:44:33, 38.49, 38.67, 0.00, 0.00, 0.00, 0.00
2018/07/11 13:44:34, 38.51, 38.67, 0.00, 0.00, 0.00, 0.00
2018/07/11 13:44:35, 38.51, 38.65, 0.00, 0.00, 0.00, 0.00
2018/07/11 13:44:36, 38.51, 38.64, 0.00, 0.00, 0.00, 0.00
2018/07/11 13:44:37, 38.51, 38.64, 0.00, 0.00, 0.00, 0.00
2018/07/11 13:44:38, 38.52, 38.65, 0.00, 0.00, 0.00, 0.00
2018/07/11 13:44:39, 38.53, 38.65, 0.00, 0.00, 0.00, 0.00
2018/07/11 13:44:40, 38.50, 38.65, 0.00, 0.00, 0.00, 0.00
2018/07/11 13:44:41, 38.52, 38.65, 0.00, 0.00, 0.00, 0.00
2018/07/11 13:44:42, 38.52, 38.65, 0.00, 0.00, 0.00, 0.00
2018/07/11 13:44:43, 38.53, 38.65, 0.00, 0.00, 0.00, 0.00
2018/07/11 13:44:44, 38.51, 38.64, 0.00, 0.00, 0.00, 0.00
2018/07/11 13:44:45, 38.51, 38.64, 0.00, 0.00, 0.00, 0.00
2018/07/11 13:44:46, 38.51, 38.66, 0.00, 0.00, 0.00, 0.00
2018/07/11 13:44:47, 38.53, 38.65, 0.00, 0.00, 0.00, 0.00
2018/07/11 13:44:48, 38.53, 38.66, 0.00, 0.00, 0.00, 0.00
2018/07/11 13:44:49, 38.52, 38.66, 0.00, 0.00, 0.00, 0.00
2018/07/11 13:44:50, 38.51, 38.66, 0.00, 0.00, 0.00, 0.00
2018/07/11 13:44:51, 38.53, 38.65, 0.00, 0.00, 0.00, 0.00
2018/07/11 13:44:52, 38.53, 38.65, 0.00, 0.00, 0.00, 0.00
2018/07/11 13:44:53, 38.52, 38.65, 0.00, 0.00, 0.00, 0.00
2018/07/11 13:44:54, 38.52, 38.66, 0.00, 0.00, 0.00, 0.00
2018/07/11 13:44:55, 38.51, 38.66, 0.00, 0.00, 0.00, 0.00
2018/07/11 13:44:56, 38.51, 38.65, 0.00, 0.00, 0.00, 0.00
2018/07/11 13:44:57, 38.50, 38.66, 0.00, 0.00, 0.00, 0.00
2018/07/11 13:44:58, 38.53, 38.68, 0.00, 0.00, 0.00, 0.00
2018/07/11 13:44:59, 38.50, 38.66, 0.00, 0.00, 0.00, 0.00
2018/07/11 13:45:00, 38.52, 38.67, 0.00, 0.00, 0.00, 0.00
2018/07/11 13:45:01, 38.53, 38.66, 0.00, 0.00, 0.00, 0.00
2018/07/11 13:45:02, 38.53, 38.68, 0.00, 0.00, 0.00, 0.00
2018/07/11 13:45:03, 38.55, 38.66, 0.00, 0.00, 0.00, 0.00
2018/07/11 13:45:04, 38.54, 38.67, 0.00, 0.00, 0.00, 0.00
2018/07/11 13:45:05, 38.52, 38.65, 0.00, 0.00, 0.00, 0.00
2018/07/11 13:45:06, 38.53, 38.66, 0.00, 0.00, 0.00, 0.00
2018/07/11 13:45:07, 38.53, 38.67, 0.00, 0.00, 0.00, 0.00
2018/07/11 13:45:08, 38.52, 38.68, 0.00, 0.00, 0.00, 0.00
2018/07/11 13:45:09, 38.53, 38.69, 0.00, 0.00, 0.00, 0.00
2018/07/11 13:45:10, 38.53, 38.69, 0.00, 0.00, 0.00, 0.00
2018/07/11 13:45:11, 38.52, 38.69, 0.00, 0.00, 0.00, 0.00
2018/07/11 13:45:12, 38.53, 38.67, 0.00, 0.00, 0.00, 0.00
2018/07/11 13:45:13, 38.53, 38.67, 0.00, 0.00, 0.00, 0.00
2018/07/11 13:45:14, 38.52, 38.69, 0.00, 0.00, 0.00, 0.00
2018/07/11 13:45:15, 38.53, 38.69, 0.00, 0.00, 0.00, 0.00
2018/07/11 13:45:16, 38.54, 38.68, 0.00, 0.00, 0.00, 0.00
2018/07/11 13:45:17, 38.54, 38.70, 0.00, 0.00, 0.00, 0.00
2018/07/11 13:45:18, 38.53, 38.70, 0.00, 0.00, 0.00, 0.00
2018/07/11 13:45:19, 38.55, 38.69, 0.00, 0.00, 0.00, 0.00
2018/07/11 13:45:20, 38.55, 38.69, 0.00, 0.00, 0.00, 0.00
2018/07/11 13:45:21, 38.55, 38.69, 0.00, 0.00, 0.00, 0.00
2018/07/11 13:45:22, 38.56, 38.70, 0.00, 0.00, 0.00, 0.00
2018/07/11 13:45:23, 38.54, 38.70, 0.00, 0.00, 0.00, 0.00
2018/07/11 13:45:24, 38.54, 38.70, 0.00, 0.00, 0.00, 0.00
2018/07/11 13:45:25, 38.54, 38.71, 0.00, 0.00, 0.00, 0.00
2018/07/11 13:45:26, 38.55, 38.72, 0.00, 0.00, 0.00, 0.00
2018/07/11 13:45:27, 38.52, 38.72, 0.00, 0.00, 0.00, 0.00
2018/07/11 13:45:28, 38.56, 38.70, 0.00, 0.00, 0.00, 0.00
2018/07/11 13:45:29, 38.54, 38.72, 0.00, 0.00, 0.00, 0.00
2018/07/11 13:45:30, 38.53, 38.72, 0.00, 0.00, 0.00, 0.00
2018/07/11 13:45:31, 38.53, 38.72, 0.00, 0.00, 0.00, 0.00
2018/07/11 13:45:32, 38.54, 38.72, 0.00, 0.00, 0.00, 0.00
2018/07/11 13:45:33, 38.54, 38.72, 0.00, 0.00, 0.00, 0.00
2018/07/11 13:45:34, 38.56, 38.73, 0.00, 0.00, 0.00, 0.00
2018/07/11 13:45:35, 38.56, 38.71, 0.00, 0.00, 0.00, 0.00
2018/07/11 13:45:36, 38.53, 38.71, 0.00, 0.00, 0.00, 0.00
2018/07/11 13:45:37, 38.55, 38.71, 0.00, 0.00, 0.00, 0.00
2018/07/11 13:45:38, 38.54, 38.74, 0.00, 0.00, 0.00, 0.00
2018/07/11 13:45:39, 38.56, 38.73, 0.00, 0.00, 0.00, 0.00
2018/07/11 13:45:40, 38.56, 38.73, 0.00, 0.00, 0.00, 0.00
2018/07/11 13:45:41, 38.55, 38.75, 0.00, 0.00, 0.00, 0.00
2018/07/11 13:45:42, 38.54, 38.75, 0.00, 0.00, 0.00, 0.00
2018/07/11 13:45:43, 38.56, 38.74, 0.00, 0.00, 0.00, 0.00
2018/07/11 13:45:44, 38.56, 38.74, 0.00, 0.00, 0.00, 0.00
2018/07/11 13:45:45, 38.56, 38.77, 0.00, 0.00, 0.00, 0.00
2018/07/11 13:45:46, 38.57, 38.75, 0.00, 0.00, 0.00, 0.00
2018/07/11 13:45:47, 38.57, 38.75, 0.00, 0.00, 0.00, 0.00
2018/07/11 13:45:48, 38.58, 38.76, 0.00, 0.00, 0.00, 0.00
2018/07/11 13:45:49, 38.56, 38.74, 0.00, 0.00, 0.00, 0.00
2018/07/11 13:45:50, 38.54, 38.74, 0.00, 0.00, 0.00, 0.00
2018/07/11 13:45:51, 38.58, 38.76, 0.00, 0.00, 0.00, 0.00
2018/07/11 13:45:52, 38.57, 38.74, 0.00, 0.00, 0.00, 0.00
2018/07/11 13:45:53, 38.56, 38.73, 0.00, 0.00, 0.00, 0.00
2018/07/11 13:45:54, 38.58, 38.75, 0.00, 0.00, 0.00, 0.00
2018/07/11 13:45:55, 38.60, 38.75, 0.00, 0.00, 0.00, 0.00
2018/07/11 13:45:56, 38.59, 38.77, 0.00, 0.00, 0.00, 0.00
2018/07/11 13:45:57, 38.61, 38.78, 0.00, 0.00, 0.00, 0.00
2018/07/11 13:45:58, 38.58, 38.78, 0.00, 0.00, 0.00, 0.00
2018/07/11 13:45:59, 38.59, 38.78, 0.00, 0.00, 0.00, 0.00
2018/07/11 13:46:00, 38.60, 38.76, 0.00, 0.00, 0.00, 0.00
2018/07/11 13:46:01, 38.59, 38.79, 0.00, 0.00, 0.00, 0.00
2018/07/11 13:46:02, 38.60, 38.75, 0.00, 0.00, 0.00, 0.00
2018/07/11 13:46:03, 38.60, 38.80, 0.00, 0.00, 0.00, 0.00
2018/07/11 13:46:04, 38.61, 38.81, 0.00, 0.00, 0.00, 0.00
2018/07/11 13:46:05, 38.58, 38.79, 0.00, 0.00, 0.00, 0.00
2018/07/11 13:46:06, 38.58, 38.78, 0.00, 0.00, 0.00, 0.00
2018/07/11 13:46:07, 38.60, 38.80, 0.00, 0.00, 0.00, 0.00
2018/07/11 13:46:08, 38.59, 38.78, 0.00, 0.00, 0.00, 0.00
2018/07/11 13:46:09, 38.60, 38.79, 0.00, 0.00, 0.00, 0.00
2018/07/11 13:46:10, 38.58, 38.81, 0.00, 0.00, 0.00, 0.00
2018/07/11 13:46:11, 38.60, 38.81, 0.00, 0.00, 0.00, 0.00
2018/07/11 13:46:12, 38.61, 38.81, 0.00, 0.00, 0.00, 0.00
2018/07/11 13:46:13, 38.60, 38.81, 0.00, 0.00, 0.00, 0.00
2018/07/11 13:46:14, 38.60, 38.80, 0.00, 0.00, 0.00, 0.00
2018/07/11 13:46:15, 38.60, 38.81, 0.00, 0.00, 0.00, 0.00
2018/07/11 13:46:16, 38.61, 38.82, 0.00, 0.00, 0.00, 0.00
2018/07/11 13:46:17, 38.62, 38.81, 0.00, 0.00, 0.00, 0.00
2018/07/11 13:46:18, 38.62, 38.81, 0.00, 0.00, 0.00, 0.00
2018/07/11 13:46:19, 38.61, 38.80, 0.00, 0.00, 0.00, 0.00
2018/07/11 13:46:20, 38.61, 38.82, 0.00, 0.00, 0.00, 0.00
2018/07/11 13:46:21, 38.62, 38.82, 0.00, 0.00, 0.00, 0.00
2018/07/11 13:46:22, 38.59, 38.82, 0.00, 0.00, 0.00, 0.00
2018/07/11 13:46:23, 38.60, 38.83, 0.00, 0.00, 0.00, 0.00
2018/07/11 13:46:24, 38.61, 38.83, 0.00, 0.00, 0.00, 0.00
2018/07/11 13:46:25, 38.62, 38.81, 0.00, 0.00, 0.00, 0.00
2018/07/11 13:46:26, 38.62, 38.83, 0.00, 0.00, 0.00, 0.00
2018/07/11 13:46:27, 38.61, 38.84, 0.00, 0.00, 0.00, 0.00
2018/07/11 13:46:28, 38.63, 38.85, 0.00, 0.00, 0.00, 0.00
2018/07/11 13:46:29, 38.62, 38.82, 0.00, 0.00, 0.00, 0.00
2018/07/11 13:46:30, 38.62, 38.83, 0.00, 0.00, 0.00, 0.00
2018/07/11 13:46:31, 38.63, 38.82, 0.00, 0.00, 0.00, 0.00
2018/07/11 13:46:32, 38.63, 38.84, 0.00, 0.00, 0.00, 0.00
2018/07/11 13:46:33, 38.62, 38.84, 0.00, 0.00, 0.00, 0.00
2018/07/11 13:46:34, 38.60, 38.83, 0.00, 0.00, 0.00, 0.00
2018/07/11 13:46:35, 38.65, 38.83, 0.00, 0.00, 0.00, 0.00
2018/07/11 13:46:36, 38.63, 38.81, 0.00, 0.00, 0.00, 0.00
2018/07/11 13:46:37, 38.64, 38.82, 0.00, 0.00, 0.00, 0.00
2018/07/11 13:46:38, 38.64, 38.83, 0.00, 0.00, 0.00, 0.00
2018/07/11 13:46:39, 38.65, 38.83, 0.00, 0.00, 0.00, 0.00
2018/07/11 13:46:40, 38.63, 38.86, 0.00, 0.00, 0.00, 0.00
2018/07/11 13:46:41, 38.64, 38.86, 0.00, 0.00, 0.00, 0.00
2018/07/11 13:46:42, 38.65, 38.85, 0.00, 0.00, 0.00, 0.00
2018/07/11 13:46:43, 38.63, 38.83, 0.00, 0.00, 0.00, 0.00
2018/07/11 13:46:44, 38.62, 38.85, 0.00, 0.00, 0.00, 0.00
2018/07/11 13:46:45, 38.64, 38.84, 0.00, 0.00, 0.00, 0.00
2018/07/11 13:46:46, 38.65, 38.85, 0.00, 0.00, 0.00, 0.00
2018/07/11 13:46:47, 38.65, 38.85, 0.00, 0.00, 0.00, 0.00
2018/07/11 13:46:48, 38.65, 38.86, 0.00, 0.00, 0.00, 0.00
2018/07/11 13:46:49, 38.65, 38.88, 0.00, 0.00, 0.00, 0.00
2018/07/11 13:46:50, 38.63, 38.84, 0.00, 0.00, 0.00, 0.00
2018/07/11 13:46:51, 38.65, 38.85, 0.00, 0.00, 0.00, 0.00
2018/07/11 13:46:52, 38.66, 38.86, 0.00, 0.00, 0.00, 0.00
2018/07/11 13:46:53, 38.65, 38.87, 0.00, 0.00, 0.00, 0.00
2018/07/11 13:46:54, 38.66, 38.86, 0.00, 0.00, 0.00, 0.00
2018/07/11 13:46:55, 38.66, 38.87, 0.00, 0.00, 0.00, 0.00
2018/07/11 13:46:56, 38.66, 38.87, 0.00, 0.00, 0.00, 0.00
2018/07/11 13:46:57, 38.65, 38.88, 0.00, 0.00, 0.00, 0.00
2018/07/11 13:46:58, 38.66, 38.87, 0.00, 0.00, 0.00, 0.00
2018/07/11 13:46:59, 38.67, 38.86, 0.00, 0.00, 0.00, 0.00
2018/07/11 13:47:00, 38.67, 38.87, 0.00, 0.00, 0.00, 0.00
2018/07/11 13:47:01, 38.66, 38.86, 0.00, 0.00, 0.00, 0.00
2018/07/11 13:47:02, 38.66, 38.87, 0.00, 0.00, 0.00, 0.00
2018/07/11 13:47:03, 38.67, 38.85, 0.00, 0.00, 0.00, 0.00
2018/07/11 13:47:04, 38.70, 38.88, 0.00, 0.00, 0.00, 0.00
2018/07/11 13:47:05, 38.69, 38.87, 0.00, 0.00, 0.00, 0.00
2018/07/11 13:47:06, 38.71, 38.86, 0.00, 0.00, 0.00, 0.00
2018/07/11 13:47:07, 38.69, 38.86, 0.00, 0.00, 0.00, 0.00
2018/07/11 13:47:08, 38.70, 38.89, 0.00, 0.00, 0.00, 0.00
2018/07/11 13:47:09, 38.69, 38.87, 0.00, 0.00, 0.00, 0.00
2018/07/11 13:47:10, 38.69, 38.90, 0.00, 0.00, 0.00, 0.00
2018/07/11 13:47:11, 38.71, 38.91, 0.00, 0.00, 0.00, 0.00
2018/07/11 13:47:12, 38.69, 38.91, 0.00, 0.00, 0.00, 0.00
2018/07/11 13:47:13, 38.70, 38.90, 0.00, 0.00, 0.00, 0.00
2018/07/11 13:47:14, 38.68, 38.90, 0.00, 0.00, 0.00, 0.00
2018/07/11 13:47:15, 38.68, 38.90, 0.00, 0.00, 0.00, 0.00
2018/07/11 13:47:16, 38.70, 38.92, 0.00, 0.00, 0.00, 0.00
2018/07/11 13:47:17, 38.69, 38.90, 0.00, 0.00, 0.00, 0.00
2018/07/11 13:47:18, 38.68, 38.90, 0.00, 0.00, 0.00, 0.00
2018/07/11 13:47:19, 38.68, 38.90, 0.00, 0.00, 0.00, 0.00
2018/07/11 13:47:20, 38.71, 38.89, 0.00, 0.00, 0.00, 0.00
2018/07/11 13:47:21, 38.69, 38.89, 0.00, 0.00, 0.00, 0.00
2018/07/11 13:47:22, 38.69, 38.89, 0.00, 0.00, 0.00, 0.00
2018/07/11 13:47:23, 38.71, 38.91, 0.00, 0.00, 0.00, 0.00
2018/07/11 13:47:24, 38.70, 38.91, 0.00, 0.00, 0.00, 0.00
2018/07/11 13:47:25, 38.70, 38.92, 0.00, 0.00, 0.00, 0.00
2018/07/11 13:47:26, 38.71, 38.93, 0.00, 0.00, 0.00, 0.00
2018/07/11 13:47:27, 38.70, 38.91, 0.00, 0.00, 0.00, 0.00
2018/07/11 13:47:28, 38.70, 38.93, 0.00, 0.00, 0.00, 0.00
2018/07/11 13:47:29, 38.71, 38.92, 0.00, 0.00, 0.00, 0.00
2018/07/11 13:47:30, 38.70, 38.94, 0.00, 0.00, 0.00, 0.00
2018/07/11 13:47:31, 38.69, 38.94, 0.00, 0.00, 0.00, 0.00
2018/07/11 13:47:32, 38.69, 38.92, 0.00, 0.00, 0.00, 0.00
2018/07/11 13:47:33, 38.69, 38.91, 0.00, 0.00, 0.00, 0.00
2018/07/11 13:47:34, 38.69, 38.92, 0.00, 0.00, 0.00, 0.00
2018/07/11 13:47:35, 38.70, 38.90, 0.00, 0.00, 0.00, 0.00
2018/07/11 13:47:36, 38.71, 38.92, 0.00, 0.00, 0.00, 0.00
2018/07/11 13:47:37, 38.70, 38.91, 0.00, 0.00, 0.00, 0.00
2018/07/11 13:47:38, 38.70, 38.94, 0.00, 0.00, 0.00, 0.00
2018/07/11 13:47:39, 38.70, 38.94, 0.00, 0.00, 0.00, 0.00
2018/07/11 13:47:40, 38.70, 38.93, 0.00, 0.00, 0.00, 0.00
2018/07/11 13:47:41, 38.70, 38.94, 0.00, 0.00, 0.00, 0.00
2018/07/11 13:47:42, 38.71, 38.96, 0.00, 0.00, 0.00, 0.00
2018/07/11 13:47:43, 38.73, 38.94, 0.00, 0.00, 0.00, 0.00
2018/07/11 13:47:44, 38.71, 38.92, 0.00, 0.00, 0.00, 0.00
2018/07/11 13:47:45, 38.69, 38.93, 0.00, 0.00, 0.00, 0.00
2018/07/11 13:47:46, 38.71, 38.95, 0.00, 0.00, 0.00, 0.00
2018/07/11 13:47:47, 38.71, 38.95, 0.00, 0.00, 0.00, 0.00
2018/07/11 13:47:48, 38.71, 38.93, 0.00, 0.00, 0.00, 0.00
2018/07/11 13:47:49, 38.69, 38.92, 0.00, 0.00, 0.00, 0.00
2018/07/11 13:47:50, 38.72, 38.95, 0.00, 0.00, 0.00, 0.00
2018/07/11 13:47:51, 38.71, 38.95, 0.00, 0.00, 0.00, 0.00
2018/07/11 13:47:52, 38.71, 38.94, 0.00, 0.00, 0.00, 0.00
2018/07/11 13:47:53, 38.71, 38.95, 0.00, 0.00, 0.00, 0.00
2018/07/11 13:47:54, 38.71, 38.94, 0.00, 0.00, 0.00, 0.00
2018/07/11 13:47:55, 38.69, 38.94, 0.00, 0.00, 0.00, 0.00
2018/07/11 13:47:56, 38.70, 38.94, 0.00, 0.00, 0.00, 0.00
2018/07/11 13:47:57, 38.71, 38.95, 0.00, 0.00, 0.00, 0.00
2018/07/11 13:47:58, 38.72, 38.96, 0.00, 0.00, 0.00, 0.00
2018/07/11 13:47:59, 38.70, 38.97, 0.00, 0.00, 0.00, 0.00
2018/07/11 13:48:00, 38.71, 38.96, 0.00, 0.00, 0.00, 0.00
2018/07/11 13:48:01, 38.73, 38.94, 0.00, 0.00, 0.00, 0.00
2018/07/11 13:48:02, 38.73, 38.96, 0.00, 0.00, 0.00, 0.00
2018/07/11 13:48:03, 38.73, 38.96, 0.00, 0.00, 0.00, 0.00
2018/07/11 13:48:04, 38.74, 38.96, 0.00, 0.00, 0.00, 0.00
2018/07/11 13:48:05, 38.76, 38.96, 0.00, 0.00, 0.00, 0.00
2018/07/11 13:48:06, 38.75, 38.96, 0.00, 0.00, 0.00, 0.00
2018/07/11 13:48:07, 38.74, 38.95, 0.00, 0.00, 0.00, 0.00
2018/07/11 13:48:08, 38.76, 38.95, 0.00, 0.00, 0.00, 0.00
2018/07/11 13:48:09, 38.77, 38.93, 0.00, 0.00, 0.00, 0.00
2018/07/11 13:48:10, 38.76, 38.95, 0.00, 0.00, 0.00, 0.00
2018/07/11 13:48:11, 38.76, 38.93, 0.00, 0.00, 0.00, 0.00
2018/07/11 13:48:12, 38.76, 38.95, 0.00, 0.00, 0.00, 0.00
2018/07/11 13:48:13, 38.76, 38.95, 0.00, 0.00, 0.00, 0.00
2018/07/11 13:48:14, 38.77, 38.96, 0.00, 0.00, 0.00, 0.00
2018/07/11 13:48:15, 38.77, 38.97, 0.00, 0.00, 0.00, 0.00
2018/07/11 13:48:16, 38.75, 38.99, 0.00, 0.00, 0.00, 0.00
2018/07/11 13:48:17, 38.75, 38.99, 0.00, 0.00, 0.00, 0.00
2018/07/11 13:48:18, 38.77, 38.97, 0.00, 0.00, 0.00, 0.00
2018/07/11 13:48:19, 38.77, 38.99, 0.00, 0.00, 0.00, 0.00
2018/07/11 13:48:20, 38.77, 39.00, 0.00, 0.00, 0.00, 0.00
2018/07/11 13:48:21, 38.76, 38.99, 0.00, 0.00, 0.00, 0.00
2018/07/11 13:48:22, 38.76, 38.99, 0.00, 0.00, 0.00, 0.00
2018/07/11 13:48:23, 38.77, 39.00, 0.00, 0.00, 0.00, 0.00
2018/07/11 13:48:24, 38.78, 38.99, 0.00, 0.00, 0.00, 0.00
2018/07/11 13:48:25, 38.77, 39.00, 0.00, 0.00, 0.00, 0.00
2018/07/11 13:48:26, 38.76, 38.99, 0.00, 0.00, 0.00, 0.00
2018/07/11 13:48:27, 38.77, 38.98, 0.00, 0.00, 0.00, 0.00
2018/07/11 13:48:28, 38.77, 38.99, 0.00, 0.00, 0.00, 0.00
2018/07/11 13:48:29, 38.77, 38.99, 0.00, 0.00, 0.00, 0.00
2018/07/11 13:48:30, 38.79, 39.00, 0.00, 0.00, 0.00, 0.00
2018/07/11 13:48:31, 38.77, 39.10, 0.00, 0.00, 0.00, 0.00
2018/07/11 13:48:32, 38.78, 39.10, 0.00, 0.00, 0.00, 0.00
2018/07/11 13:48:33, 38.78, 38.99, 0.00, 0.00, 0.00, 0.00
2018/07/11 13:48:34, 38.79, 39.20, 0.00, 0.00, 0.00, 0.00
2018/07/11 13:48:35, 38.78, 39.20, 0.00, 0.00, 0.00, 0.00
2018/07/11 13:48:36, 38.76, 39.00, 0.00, 0.00, 0.00, 0.00
2018/07/11 13:48:37, 38.79, 39.00, 0.00, 0.00, 0.00, 0.00
2018/07/11 13:48:38, 38.79, 38.99, 0.00, 0.00, 0.00, 0.00
2018/07/11 13:48:39, 38.79, 39.10, 0.00, 0.00, 0.00, 0.00
2018/07/11 13:48:40, 38.79, 39.20, 0.00, 0.00, 0.00, 0.00
2018/07/11 13:48:41, 38.77, 39.00, 0.00, 0.00, 0.00, 0.00
2018/07/11 13:48:42, 38.79, 39.30, 0.00, 0.00, 0.00, 0.00
2018/07/11 13:48:43, 38.79, 39.10, 0.00, 0.00, 0.00, 0.00
2018/07/11 13:48:44, 38.79, 39.10, 0.00, 0.00, 0.00, 0.00
2018/07/11 13:48:45, 38.76, 39.00, 0.00, 0.00, 0.00, 0.00
2018/07/11 13:48:46, 38.78, 39.20, 0.00, 0.00, 0.00, 0.00
2018/07/11 13:48:47, 38.77, 39.10, 0.00, 0.00, 0.00, 0.00
2018/07/11 13:48:48, 38.77, 39.40, 0.00, 0.00, 0.00, 0.00
2018/07/11 13:48:49, 38.79, 39.30, 0.00, 0.00, 0.00, 0.00
2018/07/11 13:48:50, 38.80, 39.30, 0.00, 0.00, 0.00, 0.00
2018/07/11 13:48:51, 38.77, 39.40, 0.00, 0.00, 0.00, 0.00
2018/07/11 13:48:52, 38.78, 39.40, 0.00, 0.00, 0.00, 0.00
2018/07/11 13:48:53, 38.78, 39.30, 0.00, 0.00, 0.00, 0.00
2018/07/11 13:48:54, 38.80, 39.10, 0.00, 0.00, 0.00, 0.00
2018/07/11 13:48:55, 38.79, 39.20, 0.00, 0.00, 0.00, 0.00
2018/07/11 13:48:56, 38.82, 39.20, 0.00, 0.00, 0.00, 0.00
2018/07/11 13:48:57, 38.78, 39.10, 0.00, 0.00, 0.00, 0.00
2018/07/11 13:48:58, 38.80, 39.30, 0.00, 0.00, 0.00, 0.00
2018/07/11 13:48:59, 38.79, 39.30, 0.00, 0.00, 0.00, 0.00
2018/07/11 13:49:00, 38.79, 39.30, 0.00, 0.00, 0.00, 0.00
2018/07/11 13:49:01, 38.81, 39.00, 0.00, 0.00, 0.00, 0.00
2018/07/11 13:49:02, 38.80, 39.20, 0.00, 0.00, 0.00, 0.00
2018/07/11 13:49:03, 38.82, 39.20, 0.00, 0.00, 0.00, 0.00
2018/07/11 13:49:04, 38.81, 39.20, 0.00, 0.00, 0.00, 0.00
2018/07/11 13:49:05, 38.81, 39.30, 0.00, 0.00, 0.00, 0.00
2018/07/11 13:49:06, 38.82, 39.30, 0.00, 0.00, 0.00, 0.00
2018/07/11 13:49:07, 38.81, 39.00, 0.00, 0.00, 0.00, 0.00
2018/07/11 13:49:08, 38.81, 39.20, 0.00, 0.00, 0.00, 0.00
2018/07/11 13:49:09, 38.83, 39.30, 0.00, 0.00, 0.00, 0.00
2018/07/11 13:49:10, 38.82, 39.30, 0.00, 0.00, 0.00, 0.00
2018/07/11 13:49:11, 38.82, 39.20, 0.00, 0.00, 0.00, 0.00
2018/07/11 13:49:12, 38.83, 39.50, 0.00, 0.00, 0.00, 0.00
2018/07/11 13:49:13, 38.84, 39.30, 0.00, 0.00, 0.00, 0.00
