2018/07/02 19:52:53, 38.39, 39.48, 32.98, 33.83, 31.87, 31.69
2018/07/02 19:52:54, 38.40, 39.46, 32.99, 33.83, 31.87, 31.71
2018/07/02 19:52:55, 38.37, 39.48, 33.00, 33.84, 31.87, 31.68
2018/07/02 19:52:56, 38.40, 39.48, 33.00, 33.83, 31.88, 31.68
2018/07/02 19:52:57, 38.40, 39.50, 33.00, 33.83, 31.89, 31.71
2018/07/02 19:52:58, 38.41, 39.47, 32.99, 33.84, 31.85, 31.70
2018/07/02 19:52:59, 38.41, 39.51, 32.99, 33.82, 31.87, 31.70
2018/07/02 19:53:00, 38.42, 39.51, 32.98, 33.82, 31.87, 31.71
2018/07/02 19:53:01, 38.41, 39.53, 32.99, 33.85, 31.87, 31.70
2018/07/02 19:53:02, 38.42, 39.53, 33.00, 33.84, 31.86, 31.69
2018/07/02 19:53:03, 122.80, 39.52, 33.00, 33.85, 31.89, 31.71
2018/07/02 19:53:04, 38.42, 39.54, 33.00, 33.85, 31.87, 31.70
2018/07/02 19:53:05, 38.40, 39.53, 32.99, 33.84, 31.87, 31.71
2018/07/02 19:53:06, 38.40, 39.54, 32.98, 33.82, 31.87, 31.70
2018/07/02 19:53:07, 38.39, 39.53, 32.96, 33.84, 31.87, 31.69
2018/07/02 19:53:08, 38.41, 39.53, 32.97, 33.84, 31.87, 31.71
2018/07/02 19:53:09, 38.39, 39.51, 32.97, 33.83, 31.88, 31.71
2018/07/02 19:53:10, 38.40, 39.51, 32.97, 33.84, 31.90, 31.71
2018/07/02 19:53:11, 38.41, 39.53, 32.96, 33.82, 31.87, 31.73
2018/07/02 19:53:12, 38.41, 39.54, 32.96, 33.84, 31.88, 31.70
2018/07/02 19:53:13, 38.41, 39.54, 32.97, 33.84, 31.88, 31.73
2018/07/02 19:53:14, 38.41, 39.54, 32.98, 33.84, 31.87, 31.73
2018/07/02 19:53:15, 38.42, 39.55, 32.98, 33.85, 31.88, 31.72
2018/07/02 19:53:16, 38.41, 39.56, 32.98, 33.85, 31.87, 31.71
2018/07/02 19:53:17, 38.41, 39.55, 32.97, 33.85, 31.89, 31.71
2018/07/02 19:53:18, 38.39, 39.55, 32.96, 33.83, 31.90, 31.71
2018/07/02 19:53:19, 38.42, 39.53, 32.95, 33.83, 31.89, 31.72
2018/07/02 19:53:20, 38.42, 39.52, 32.94, 33.83, 31.87, 31.73
2018/07/02 19:53:21, 38.43, 39.54, 32.95, 33.83, 31.90, 31.72
2018/07/02 19:53:20, 38.41, 39.58, 32.94, 33.83, 31.90, 31.71
2018/07/02 19:53:21, 38.42, 39.60, 32.96, 33.85, 31.88, 31.73
2018/07/02 19:53:22, 38.44, 39.61, 32.92, 33.86, 31.90, 31.73
2018/07/02 19:53:25, 38.41, 39.61, 32.95, 33.83, 31.91, 31.72
2018/07/02 19:53:26, 38.46, 39.66, 32.95, 33.84, 31.89, 31.71
2018/07/02 19:53:27, 38.44, 39.66, 32.93, 33.83, 31.89, 31.74
2018/07/02 19:53:28, 38.44, 39.67, 32.93, 33.84, 31.87, 31.74
2018/07/02 19:53:29, 38.43, 39.68, 32.92, 33.83, 31.89, 31.73
2018/07/02 19:53:30, 38.43, 39.68, 32.92, 33.83, 31.88, 31.74
2018/07/02 19:53:31, 38.44, 39.68, 32.92, 33.83, 31.90, 31.72
2018/07/02 19:53:32, 38.44, 39.65, 32.92, 33.84, 31.87, 31.75
2018/07/02 19:53:33, 38.42, 39.66, 32.92, 33.83, 31.91, 31.73
2018/07/02 19:53:34, 38.43, 39.64, 32.94, 33.83, 31.89, 31.73
2018/07/02 19:53:35, 38.44, 39.64, 32.93, 33.83, 31.90, 31.75
2018/07/02 19:53:36, 38.43, 39.64, 32.94, 33.82, 31.89, 31.74
2018/07/02 19:53:37, 38.43, 39.62, 32.92, 33.81, 31.90, 31.75
2018/07/02 19:53:38, 38.43, 39.65, 32.93, 33.83, 31.90, 31.74
2018/07/02 19:53:39, 38.42, 39.62, 32.94, 33.84, 31.89, 31.75
2018/07/02 19:53:40, 38.42, 39.66, 32.94, 33.82, 31.89, 31.73
2018/07/02 19:53:41, 38.43, 39.55, 32.93, 33.83, 31.90, 31.74
2018/07/02 19:53:42, 38.41, 39.60, 32.92, 33.83, 31.91, 31.75
2018/07/02 19:53:43, 38.43, 39.58, 32.94, 33.81, 31.91, 31.75
2018/07/02 19:53:44, 38.41, 39.58, 32.94, 33.83, 31.91, 31.76
2018/07/02 19:53:45, 38.40, 39.59, 32.93, 33.83, 31.90, 31.76
2018/07/02 19:53:46, 38.39, 39.63, 32.94, 33.82, 31.91, 31.75
2018/07/02 19:53:47, 38.40, 39.61, 32.94, 33.83, 31.90, 31.75
2018/07/02 19:53:48, 38.40, 39.62, 32.94, 33.81, 31.90, 31.77
2018/07/02 19:53:49, 38.40, 39.63, 32.94, 33.81, 31.90, 31.76
2018/07/02 19:53:50, 38.43, 39.61, 32.93, 33.82, 31.91, 31.75
2018/07/02 19:53:51, 38.42, 39.56, 32.92, 33.83, 31.91, 31.76
2018/07/02 19:53:52, 38.40, 39.60, 32.95, 33.82, 31.91, 31.75
2018/07/02 19:53:53, 38.39, 39.60, 32.94, 33.83, 31.90, 31.75
2018/07/02 19:53:54, 38.42, 39.57, 32.94, 33.84, 31.92, 31.78
2018/07/02 19:53:55, 38.38, 39.55, 32.94, 33.82, 31.91, 31.76
2018/07/02 19:53:56, 38.41, 39.57, 32.94, 33.82, 31.91, 31.76
2018/07/02 19:53:57, 38.39, 39.54, 32.94, 33.82, 31.92, 31.77
2018/07/02 19:53:58, 38.40, 39.56, 32.93, 33.83, 31.93, 31.77
2018/07/02 19:53:59, 38.41, 39.52, 32.94, 33.82, 31.92, 31.77
2018/07/02 19:54:00, 38.42, 39.52, 32.92, 33.81, 31.92, 31.77
2018/07/02 19:54:01, 38.45, 39.54, 32.94, 33.82, 31.92, 31.78
2018/07/02 19:54:02, 38.44, 39.60, 32.94, 33.83, 31.91, 31.76
2018/07/02 19:54:03, 38.44, 39.58, 32.94, 33.83, 31.92, 31.76
2018/07/02 19:54:04, 38.44, 39.57, 32.95, 33.81, 31.91, 31.78
2018/07/02 19:54:05, 38.43, 39.58, 32.94, 33.83, 31.92, 31.77
2018/07/02 19:54:06, 38.43, 39.57, 32.93, 33.83, 31.93, 31.79
2018/07/02 19:54:07, 38.45, 39.56, 32.93, 33.82, 31.92, 31.78
2018/07/02 19:54:08, 38.43, 39.61, 32.91, 33.83, 31.92, 31.78
2018/07/02 19:54:09, 38.45, 39.60, 32.90, 33.82, 31.92, 31.79
2018/07/02 19:54:10, 38.45, 39.94, 32.91, 33.82, 31.92, 31.79
2018/07/02 19:54:11, 38.44, 39.80, 32.91, 33.83, 31.93, 31.78
2018/07/02 19:54:12, 38.42, 39.69, 32.89, 33.82, 31.92, 31.79
2018/07/02 19:54:13, 38.45, 39.85, 32.88, 33.83, 31.92, 31.80
2018/07/02 19:54:14, 38.46, 39.94, 32.89, 33.82, 31.94, 31.79
2018/07/02 19:54:15, 38.44, 39.96, 32.88, 33.82, 31.93, 31.79
2018/07/02 19:54:16, 38.44, 39.90, 32.89, 33.83, 31.93, 31.79
2018/07/02 19:54:17, 38.44, 39.95, 32.88, 33.85, 31.93, 31.81
2018/07/02 19:54:18, 38.43, 39.93, 32.87, 33.84, 31.92, 31.79
2018/07/02 19:54:19, 38.43, 39.97, 32.87, 33.84, 31.92, 31.80
2018/07/02 19:54:20, 38.44, 39.97, 32.87, 33.83, 31.93, 31.80
2018/07/02 19:54:21, 38.46, 39.96, 32.86, 33.82, 31.93, 31.79
2018/07/02 19:54:22, 38.46, 39.95, 32.86, 33.82, 31.94, 31.80
2018/07/02 19:54:23, 38.45, 39.94, 32.86, 33.82, 31.94, 31.81
2018/07/02 19:54:24, 38.46, 39.94, 32.85, 33.84, 31.92, 31.81
2018/07/02 19:54:25, 38.45, 39.89, 32.85, 33.82, 31.93, 31.80
2018/07/02 19:54:26, 38.45, 39.88, 32.85, 33.82, 31.94, 31.81
2018/07/02 19:54:27, 38.46, 39.92, 32.83, 33.81, 31.94, 31.81
2018/07/02 19:54:28, 38.45, 39.91, 32.85, 33.84, 31.95, 31.80
2018/07/02 19:54:29, 38.44, 39.92, 32.84, 33.83, 31.96, 31.80
2018/07/02 19:54:30, 38.47, 39.91, 32.87, 33.84, 31.94, 31.82
2018/07/02 19:54:31, 38.47, 39.91, 32.85, 33.81, 31.94, 31.82
2018/07/02 19:54:32, 38.46, 39.89, 32.88, 33.83, 31.95, 31.80
2018/07/02 19:54:33, 38.48, 39.87, 32.87, 33.82, 31.94, 31.79
2018/07/02 19:54:34, 38.46, 39.85, 32.85, 33.83, 31.95, 31.83
2018/07/02 19:54:35, 38.48, 39.86, 32.88, 33.82, 31.95, 31.81
2018/07/02 19:54:36, 38.48, 39.87, 32.87, 33.81, 31.97, 31.82
2018/07/02 19:54:37, 38.47, 39.88, 32.86, 33.81, 31.94, 31.84
2018/07/02 19:54:38, 38.47, 39.86, 32.88, 33.82, 31.96, 31.82
2018/07/02 19:54:39, 38.47, 39.85, 32.87, 33.83, 31.96, 31.82
2018/07/02 19:54:40, 38.48, 39.88, 32.89, 33.82, 31.95, 31.82
2018/07/02 19:54:41, 38.47, 39.88, 32.88, 33.81, 31.96, 31.82
2018/07/02 19:54:42, 38.48, 39.86, 32.88, 33.80, 31.94, 31.82
2018/07/02 19:54:43, 38.49, 39.87, 32.87, 33.81, 31.96, 31.82
2018/07/02 19:54:44, 38.49, 39.81, 32.87, 33.82, 31.96, 31.83
2018/07/02 19:54:45, 38.52, 39.80, 32.88, 33.82, 31.96, 31.82
2018/07/02 19:54:46, 38.50, 39.74, 32.88, 33.82, 31.96, 31.83
2018/07/02 19:54:47, 38.53, 39.79, 32.89, 33.81, 31.96, 31.85
2018/07/02 19:54:48, 38.49, 39.79, 32.89, 33.81, 31.97, 31.83
2018/07/02 19:54:49, 38.53, 39.80, 32.87, 33.80, 31.95, 31.85
2018/07/02 19:54:50, 38.48, 39.81, 32.86, 33.80, 31.96, 31.82
2018/07/02 19:54:51, 38.50, 39.81, 32.86, 33.80, 31.96, 31.83
2018/07/02 19:54:52, 38.50, 39.80, 32.86, 33.79, 31.94, 31.84
2018/07/02 19:54:53, 38.51, 39.78, 32.85, 33.80, 31.96, 31.85
2018/07/02 19:54:54, 38.52, 39.78, 32.83, 33.79, 31.95, 31.83
2018/07/02 19:54:55, 38.53, 39.79, 32.85, 33.80, 31.97, 31.83
2018/07/02 19:54:56, 38.51, 39.78, 32.84, 33.78, 31.96, 31.83
2018/07/02 19:54:57, 38.52, 39.78, 32.85, 33.80, 31.95, 31.84
2018/07/02 19:54:58, 38.51, 39.78, 32.84, 33.79, 31.98, 31.85
2018/07/02 19:54:59, 38.51, 39.79, 32.85, 33.79, 31.96, 31.85
2018/07/02 19:55:00, 38.53, 39.78, 32.87, 33.78, 31.95, 31.84
2018/07/02 19:55:01, 38.54, 39.79, 32.86, 33.76, 31.97, 31.85
2018/07/02 19:55:02, 38.53, 39.78, 32.83, 33.80, 31.96, 31.85
2018/07/02 19:55:03, 38.51, 39.77, 32.83, 33.80, 31.95, 31.84
2018/07/02 19:55:04, 38.54, 39.78, 32.84, 33.77, 31.96, 31.87
2018/07/02 19:55:05, 38.52, 39.77, 32.83, 33.78, 31.97, 31.84
2018/07/02 19:55:06, 38.54, 39.75, 32.83, 33.77, 31.96, 31.84
2018/07/02 19:55:07, 38.51, 39.74, 32.83, 33.79, 31.95, 31.85
2018/07/02 19:55:08, 38.53, 39.75, 32.82, 33.78, 31.97, 31.86
2018/07/02 19:55:09, 38.51, 39.74, 32.84, 33.78, 31.96, 31.85
2018/07/02 19:55:10, 38.51, 39.71, 32.83, 33.78, 31.97, 31.85
2018/07/02 19:55:11, 38.53, 39.74, 32.82, 33.78, 31.96, 31.85
2018/07/02 19:55:12, 38.52, 39.74, 32.82, 33.78, 31.96, 31.85
2018/07/02 19:55:13, 38.52, 39.72, 32.84, 33.79, 31.96, 31.87
2018/07/02 19:55:14, 38.53, 39.73, 32.82, 33.78, 31.97, 31.85
2018/07/02 19:55:15, 38.53, 39.71, 32.83, 33.79, 31.98, 31.85
2018/07/02 19:55:16, 38.50, 39.71, 32.81, 33.80, 31.96, 31.87
2018/07/02 19:55:17, 38.51, 39.71, 32.82, 33.78, 31.96, 31.85
2018/07/02 19:55:18, 38.50, 39.72, 32.81, 33.79, 31.97, 31.85
2018/07/02 19:55:19, 38.49, 39.70, 32.82, 33.80, 31.96, 31.87
2018/07/02 19:55:20, 38.49, 39.69, 32.81, 33.78, 31.98, 31.86
2018/07/02 19:55:21, 38.51, 39.68, 32.82, 33.79, 31.98, 31.87
2018/07/02 19:55:22, 38.51, 39.68, 32.82, 33.78, 31.98, 31.87
2018/07/02 19:55:23, 38.49, 39.67, 32.82, 33.80, 31.97, 31.88
2018/07/02 19:55:24, 38.49, 39.67, 32.83, 33.79, 31.97, 31.87
2018/07/02 19:55:25, 38.48, 39.66, 32.82, 33.80, 31.98, 31.85
2018/07/02 19:55:26, 38.49, 39.64, 32.83, 33.79, 31.97, 31.87
2018/07/02 19:55:27, 38.49, 39.63, 32.83, 33.79, 31.97, 31.87
2018/07/02 19:55:28, 38.46, 39.63, 32.82, 33.80, 31.97, 31.88
2018/07/02 19:55:29, 38.49, 39.63, 32.81, 33.78, 31.98, 31.87
2018/07/02 19:55:30, 38.50, 39.65, 32.80, 33.81, 31.98, 31.87
2018/07/02 19:55:31, 38.48, 39.63, 32.80, 33.82, 31.99, 31.87
2018/07/02 19:55:32, 38.49, 39.63, 32.82, 33.80, 31.98, 31.88
2018/07/02 19:55:33, 38.48, 39.64, 32.81, 33.80, 31.98, 31.88
2018/07/02 19:55:34, 38.48, 39.61, 32.80, 33.81, 31.98, 31.87
2018/07/02 19:55:35, 38.49, 39.63, 32.80, 33.80, 31.99, 31.88
2018/07/02 19:55:36, 38.47, 39.63, 32.80, 33.81, 31.98, 31.87
2018/07/02 19:55:37, 38.49, 39.61, 32.80, 33.83, 31.99, 31.88
2018/07/02 19:55:38, 38.48, 39.60, 32.80, 33.82, 32.00, 31.88
2018/07/02 19:55:39, 38.48, 39.61, 32.81, 33.81, 31.98, 31.86
2018/07/02 19:55:40, 38.48, 39.62, 32.80, 33.84, 31.97, 31.87
2018/07/02 19:55:41, 38.48, 39.65, 32.81, 33.82, 31.98, 31.89
2018/07/02 19:55:42, 38.47, 39.62, 32.82, 33.82, 31.98, 31.87
2018/07/02 19:55:43, 38.48, 39.63, 32.81, 33.82, 32.00, 31.89
2018/07/02 19:55:44, 38.47, 39.62, 32.81, 33.83, 32.00, 31.89
2018/07/02 19:55:45, 38.47, 39.61, 32.82, 33.83, 31.98, 31.87
2018/07/02 19:55:46, 38.49, 39.59, 32.80, 33.83, 32.00, 31.89
2018/07/02 19:55:47, 38.49, 39.61, 32.82, 33.85, 32.00, 31.88
2018/07/02 19:55:48, 38.48, 39.61, 32.82, 33.83, 31.98, 31.90
2018/07/02 19:55:49, 39.48, 39.62, 32.81, 33.84, 31.99, 31.89
2018/07/02 19:55:50, 38.45, 39.65, 32.81, 33.83, 31.99, 31.89
2018/07/02 19:55:51, 38.48, 39.64, 32.81, 33.85, 31.99, 31.89
2018/07/02 19:55:52, 38.47, 39.65, 32.82, 33.84, 32.00, 31.90
2018/07/02 19:55:53, 38.47, 39.65, 32.83, 33.85, 31.98, 31.89
2018/07/02 19:55:54, 38.47, 39.65, 32.82, 33.84, 32.00, 31.88
2018/07/02 19:55:55, 38.48, 39.65, 32.82, 33.85, 31.99, 31.91
2018/07/02 19:55:56, 38.46, 39.65, 32.83, 33.85, 31.99, 31.89
2018/07/02 19:55:57, 38.48, 39.65, 32.83, 33.86, 31.99, 31.89
2018/07/02 19:55:58, 38.48, 39.65, 32.83, 33.86, 32.00, 31.89
2018/07/02 19:55:59, 38.46, 39.64, 32.84, 33.86, 32.00, 31.89
2018/07/02 19:56:00, 38.49, 39.66, 32.85, 33.85, 31.99, 31.90
2018/07/02 19:56:01, 38.49, 39.65, 32.85, 33.86, 32.00, 31.89
2018/07/02 19:56:02, 38.50, 39.63, 32.84, 33.88, 31.99, 31.90
2018/07/02 19:56:03, 38.48, 39.66, 32.84, 33.85, 32.10, 31.90
2018/07/02 19:56:04, 38.49, 39.65, 32.84, 33.86, 31.99, 31.91
2018/07/02 19:56:05, 38.49, 39.66, 32.84, 33.88, 31.99, 31.90
2018/07/02 19:56:06, 38.50, 39.64, 32.85, 33.88, 32.00, 31.90
2018/07/02 19:56:07, 38.50, 39.65, 32.84, 33.87, 32.00, 31.90
2018/07/02 19:56:08, 38.49, 39.66, 32.85, 33.88, 32.10, 31.91
2018/07/02 19:56:09, 38.48, 39.64, 32.85, 33.89, 32.00, 31.90
2018/07/02 19:56:10, 38.48, 39.64, 32.84, 33.87, 32.10, 31.92
2018/07/02 19:56:11, 38.48, 39.68, 32.85, 33.88, 32.00, 31.91
2018/07/02 19:56:12, 38.49, 39.66, 32.85, 33.89, 32.10, 31.92
2018/07/02 19:56:13, 38.49, 39.67, 32.86, 33.87, 32.00, 31.90
2018/07/02 19:56:14, 38.48, 39.65, 32.85, 33.88, 32.10, 31.92
2018/07/02 19:56:15, 38.49, 39.65, 32.85, 33.88, 32.20, 31.91
2018/07/02 19:56:16, 38.48, 39.66, 32.85, 33.89, 32.00, 31.91
2018/07/02 19:56:17, 38.48, 39.64, 32.82, 33.90, 32.10, 31.91
2018/07/02 19:56:18, 38.46, 39.64, 32.85, 33.89, 32.20, 31.91
2018/07/02 19:56:19, 38.46, 39.63, 32.86, 33.90, 32.00, 31.90
2018/07/02 19:56:20, 38.46, 39.63, 32.83, 33.89, 32.20, 31.90
2018/07/02 19:56:21, 38.47, 39.66, 32.85, 33.90, 32.10, 31.91
2018/07/02 19:56:22, 38.45, 39.65, 32.85, 33.90, 32.20, 31.90
2018/07/02 19:56:23, 38.47, 39.66, 32.86, 33.91, 32.20, 31.93
2018/07/02 19:56:24, 38.47, 39.64, 32.85, 33.90, 32.00, 31.90
2018/07/02 19:56:25, 38.47, 39.64, 32.86, 33.90, 32.20, 31.90
2018/07/02 19:56:26, 38.48, 39.62, 32.85, 33.89, 32.20, 31.90
2018/07/02 19:56:27, 38.47, 39.61, 32.85, 33.92, 32.10, 31.91
2018/07/02 19:56:28, 38.46, 39.65, 32.85, 33.90, 32.20, 31.92
2018/07/02 19:56:29, 38.45, 39.65, 32.85, 33.91, 32.30, 31.92
2018/07/02 19:56:30, 38.46, 39.63, 32.85, 33.92, 32.10, 31.92
2018/07/02 19:56:31, 38.43, 39.63, 32.84, 33.92, 32.20, 31.92
2018/07/02 19:56:32, 38.48, 39.61, 32.83, 33.91, 32.10, 31.91
2018/07/02 19:56:33, 38.45, 39.63, 32.85, 33.90, 32.20, 31.91
2018/07/02 19:56:34, 38.45, 39.62, 32.85, 33.91, 32.20, 31.92
2018/07/02 19:56:35, 38.44, 39.61, 32.84, 33.92, 32.10, 31.92
2018/07/02 19:56:36, 38.44, 39.57, 32.83, 33.92, 32.20, 31.92
2018/07/02 19:56:37, 38.47, 39.58, 32.83, 33.92, 32.10, 31.92
2018/07/02 19:56:38, 38.46, 39.62, 32.81, 33.91, 32.40, 31.92
2018/07/02 19:56:39, 38.47, 39.63, 32.83, 33.92, 32.30, 31.91
2018/07/02 19:56:40, 38.47, 39.63, 32.80, 33.92, 32.20, 31.92
2018/07/02 19:56:41, 38.44, 39.62, 32.79, 33.93, 32.30, 31.91
2018/07/02 19:56:42, 38.46, 39.62, 32.80, 33.92, 32.40, 31.92
2018/07/02 19:56:43, 38.46, 39.63, 32.79, 33.93, 32.30, 31.92
2018/07/02 19:56:44, 38.47, 39.62, 32.78, 33.93, 32.30, 31.91
2018/07/02 19:56:45, 38.47, 39.64, 32.78, 33.91, 32.30, 31.91
2018/07/02 19:56:46, 38.43, 39.62, 32.78, 33.93, 32.30, 31.92
2018/07/02 19:56:47, 38.45, 39.63, 32.76, 33.92, 32.20, 31.92
2018/07/02 19:56:48, 38.47, 39.64, 32.76, 33.92, 32.30, 31.93
2018/07/02 19:56:49, 38.43, 39.64, 32.76, 33.94, 32.30, 31.92
2018/07/02 19:56:50, 38.48, 39.62, 32.75, 33.92, 32.30, 31.94
2018/07/02 19:56:51, 38.46, 39.64, 32.74, 33.92, 32.50, 31.92
2018/07/02 19:56:52, 38.47, 39.64, 32.75, 33.94, 32.40, 31.91
2018/07/02 19:56:53, 38.47, 39.64, 32.73, 33.93, 32.30, 31.93
2018/07/02 19:56:54, 38.48, 39.64, 32.73, 33.93, 32.50, 31.94
2018/07/02 19:56:55, 38.45, 39.65, 32.75, 33.92, 32.30, 31.92
2018/07/02 19:56:56, 38.49, 39.63, 32.72, 33.92, 32.30, 31.94
2018/07/02 19:56:57, 38.47, 39.64, 32.73, 33.92, 32.40, 31.92
2018/07/02 19:56:58, 38.48, 39.67, 32.73, 33.92, 32.40, 31.94
2018/07/02 19:56:59, 38.48, 39.66, 32.73, 33.93, 32.40, 31.93
2018/07/02 19:57:00, 38.46, 39.64, 32.73, 33.94, 32.40, 31.92
2018/07/02 19:57:01, 38.48, 39.65, 32.73, 33.93, 32.30, 31.92
2018/07/02 19:57:02, 38.49, 39.66, 32.73, 33.94, 32.30, 31.92
2018/07/02 19:57:03, 38.48, 39.65, 32.73, 33.92, 32.30, 31.93
2018/07/02 19:57:04, 38.48, 39.66, 32.72, 33.92, 32.50, 31.93
2018/07/02 19:57:05, 38.47, 39.65, 32.72, 33.93, 32.60, 31.94
2018/07/02 19:57:06, 38.48, 39.64, 32.73, 33.92, 32.50, 31.94
2018/07/02 19:57:07, 38.47, 39.63, 32.69, 33.93, 32.50, 31.94
2018/07/02 19:57:08, 38.47, 39.65, 32.71, 33.93, 32.30, 31.93
2018/07/02 19:57:09, 38.48, 39.64, 32.73, 33.92, 32.50, 31.93
2018/07/02 19:57:10, 38.46, 39.63, 32.72, 33.92, 32.50, 31.93
2018/07/02 19:57:11, 38.47, 39.62, 32.72, 33.94, 32.50, 31.94
2018/07/02 19:57:12, 38.47, 39.59, 32.71, 33.93, 32.40, 31.94
2018/07/02 19:57:13, 38.46, 39.60, 32.71, 33.92, 32.50, 31.94
2018/07/02 19:57:14, 38.47, 39.59, 32.69, 33.93, 32.40, 31.95
2018/07/02 19:57:15, 38.47, 39.56, 32.71, 33.94, 32.50, 31.94
2018/07/02 19:57:16, 38.47, 39.59, 32.70, 33.93, 32.60, 31.93
2018/07/02 19:57:17, 38.46, 39.59, 32.72, 33.94, 32.50, 31.95
2018/07/02 19:57:18, 38.47, 39.57, 32.71, 33.93, 32.50, 31.94
2018/07/02 19:57:19, 38.44, 39.57, 32.68, 33.93, 32.50, 31.96
2018/07/02 19:57:20, 38.46, 39.57, 32.69, 33.94, 32.60, 31.95
2018/07/02 19:57:21, 38.46, 39.56, 32.69, 33.93, 32.50, 31.95
2018/07/02 19:57:22, 38.46, 39.56, 32.69, 33.94, 32.50, 31.94
2018/07/02 19:57:23, 38.46, 39.56, 32.69, 33.94, 32.50, 31.95
2018/07/02 19:57:24, 38.45, 39.55, 32.68, 33.94, 32.70, 31.94
2018/07/02 19:57:25, 38.46, 39.55, 32.69, 33.93, 32.70, 31.96
2018/07/02 19:57:26, 38.47, 39.54, 32.69, 33.95, 32.30, 31.94
2018/07/02 19:57:27, 38.46, 39.54, 32.67, 33.95, 32.50, 31.94
2018/07/02 19:57:28, 38.47, 39.53, 32.67, 33.95, 32.40, 31.95
2018/07/02 19:57:29, 38.46, 39.54, 32.67, 33.94, 32.60, 31.94
2018/07/02 19:57:30, 38.46, 39.52, 32.66, 33.96, 32.60, 31.93
2018/07/02 19:57:31, 38.45, 39.53, 32.68, 33.94, 32.70, 31.95
2018/07/02 19:57:32, 38.46, 39.52, 32.67, 33.95, 32.60, 31.96
2018/07/02 19:57:33, 38.45, 39.51, 32.67, 33.96, 32.50, 31.94
2018/07/02 19:57:34, 38.44, 39.50, 32.66, 33.95, 32.70, 31.95
2018/07/02 19:57:35, 38.44, 39.53, 32.67, 33.94, 32.50, 31.95
2018/07/02 19:57:36, 38.44, 39.51, 32.67, 33.95, 32.50, 31.96
2018/07/02 19:57:37, 38.45, 39.50, 32.68, 33.94, 32.50, 31.96
2018/07/02 19:57:38, 38.43, 39.49, 32.67, 33.94, 32.70, 31.95
2018/07/02 19:57:39, 38.44, 39.52, 32.67, 33.95, 32.70, 31.94
2018/07/02 19:57:40, 38.44, 39.51, 32.67, 33.96, 32.70, 31.97
2018/07/02 19:57:41, 38.44, 39.50, 32.66, 33.94, 32.70, 31.94
2018/07/02 19:57:42, 38.43, 39.50, 32.65, 33.96, 32.70, 31.97
2018/07/02 19:57:43, 38.41, 39.51, 32.64, 33.96, 32.80, 31.96
2018/07/02 19:57:44, 38.44, 39.50, 32.66, 33.97, 32.70, 31.97
2018/07/02 19:57:45, 38.43, 39.48, 32.65, 33.96, 32.70, 31.96
2018/07/02 19:57:46, 38.43, 39.47, 32.64, 33.94, 32.70, 31.97
2018/07/02 19:57:47, 38.43, 39.46, 32.64, 33.96, 32.60, 31.95
2018/07/02 19:57:48, 38.41, 39.47, 32.63, 33.96, 32.60, 31.97
2018/07/02 19:57:49, 38.41, 39.48, 32.62, 33.95, 32.60, 31.96
2018/07/02 19:57:50, 38.42, 39.47, 32.62, 33.94, 32.60, 31.95
2018/07/02 19:57:51, 38.46, 39.48, 32.62, 33.96, 32.80, 31.96
2018/07/02 19:57:52, 38.42, 39.46, 32.61, 33.96, 32.70, 31.95
2018/07/02 19:57:53, 38.42, 39.47, 32.62, 33.95, 32.70, 31.96
2018/07/02 19:57:54, 38.43, 39.45, 32.64, 33.94, 32.70, 31.96
2018/07/02 19:57:55, 38.40, 39.46, 32.62, 33.95, 32.50, 31.98
2018/07/02 19:57:56, 38.41, 39.46, 32.65, 33.95, 32.60, 31.96
2018/07/02 19:57:57, 38.42, 39.45, 32.64, 33.95, 32.70, 31.96
2018/07/02 19:57:58, 38.39, 39.46, 32.63, 33.97, 32.70, 31.98
2018/07/02 19:57:59, 38.41, 39.46, 32.64, 33.94, 32.70, 31.97
2018/07/02 19:58:00, 38.39, 39.45, 32.64, 33.97, 32.60, 31.96
2018/07/02 19:58:01, 38.40, 39.45, 32.63, 33.95, 32.60, 31.97
2018/07/02 19:58:02, 38.42, 39.46, 32.63, 33.94, 32.60, 31.98
2018/07/02 19:58:03, 38.42, 39.46, 32.64, 33.95, 32.60, 31.97
2018/07/02 19:58:04, 38.42, 39.45, 32.66, 33.96, 32.80, 31.95
2018/07/02 19:58:05, 38.43, 39.50, 32.63, 33.97, 32.80, 31.97
2018/07/02 19:58:06, 38.41, 39.48, 32.64, 33.96, 32.70, 31.98
2018/07/02 19:58:07, 38.40, 39.50, 32.64, 33.94, 32.80, 31.97
2018/07/02 19:58:08, 38.41, 39.49, 32.65, 33.95, 32.60, 31.97
2018/07/02 19:58:09, 38.40, 39.49, 32.64, 33.96, 32.50, 31.94
2018/07/02 19:58:10, 38.45, 39.51, 32.64, 33.93, 32.60, 31.96
2018/07/02 19:58:11, 38.43, 39.50, 32.65, 33.96, 32.60, 31.99
2018/07/02 19:58:12, 38.43, 39.48, 32.64, 33.97, 32.60, 31.97
2018/07/02 19:58:13, 38.43, 39.51, 32.65, 33.92, 32.60, 31.98
2018/07/02 19:58:14, 38.44, 39.51, 32.64, 33.94, 32.80, 31.95
2018/07/02 19:58:15, 38.43, 39.50, 32.64, 33.92, 32.60, 31.96
2018/07/02 19:58:16, 38.43, 39.50, 32.64, 33.94, 32.80, 31.99
2018/07/02 19:58:17, 38.43, 39.49, 32.60, 33.92, 32.70, 31.97
2018/07/02 19:58:18, 38.46, 39.48, 32.62, 33.92, 32.70, 31.98
2018/07/02 19:58:19, 38.44, 39.49, 32.63, 33.93, 32.40, 31.98
2018/07/02 19:58:20, 38.46, 39.49, 32.62, 33.92, 32.70, 31.96
2018/07/02 19:58:21, 38.46, 39.50, 32.65, 33.93, 32.70, 31.96
2018/07/02 19:58:22, 38.47, 39.50, 32.61, 33.91, 32.60, 31.97
2018/07/02 19:58:23, 38.46, 39.52, 32.62, 33.93, 32.60, 31.97
2018/07/02 19:58:24, 38.45, 39.51, 32.62, 33.91, 32.70, 31.97
2018/07/02 19:58:25, 38.46, 39.50, 32.61, 33.91, 32.50, 31.96
2018/07/02 19:58:26, 38.47, 39.50, 32.60, 33.89, 32.60, 31.97
2018/07/02 19:58:27, 38.47, 39.49, 32.60, 33.89, 32.60, 31.97
2018/07/02 19:58:28, 38.45, 39.51, 32.61, 33.89, 32.40, 31.98
2018/07/02 19:58:29, 38.47, 39.50, 32.61, 33.90, 32.50, 31.95
2018/07/02 19:58:30, 38.49, 39.51, 32.60, 33.87, 32.50, 31.95
2018/07/02 19:58:31, 38.46, 39.50, 32.61, 33.88, 32.50, 31.98
2018/07/02 19:58:32, 38.46, 39.47, 32.57, 33.89, 32.50, 31.97
2018/07/02 19:58:33, 38.49, 39.48, 32.59, 33.87, 32.50, 31.97
2018/07/02 19:58:34, 38.48, 39.49, 32.58, 33.86, 32.50, 31.96
2018/07/02 19:58:35, 38.45, 39.50, 32.57, 33.86, 32.40, 31.96
2018/07/02 19:58:36, 38.48, 39.49, 32.58, 33.84, 32.30, 31.96
2018/07/02 19:58:37, 38.48, 39.49, 32.59, 33.87, 32.40, 31.98
2018/07/02 19:58:38, 38.46, 39.49, 32.58, 33.84, 32.20, 31.96
2018/07/02 19:58:39, 38.49, 39.50, 32.56, 33.85, 32.50, 31.95
2018/07/02 19:58:40, 38.48, 39.50, 32.56, 33.85, 32.30, 31.97
2018/07/02 19:58:41, 38.47, 39.51, 32.56, 33.85, 32.30, 31.96
2018/07/02 19:58:42, 38.49, 39.50, 32.54, 33.83, 32.60, 31.96
2018/07/02 19:58:43, 38.48, 39.50, 32.55, 33.83, 32.40, 31.95
2018/07/02 19:58:44, 38.46, 39.52, 32.56, 33.82, 32.50, 31.96
2018/07/02 19:58:45, 38.49, 39.51, 32.54, 33.82, 32.50, 31.97
2018/07/02 19:58:46, 38.48, 39.51, 32.53, 33.80, 32.40, 31.95
2018/07/02 19:58:47, 38.50, 39.51, 32.52, 33.80, 32.40, 31.94
2018/07/02 19:58:48, 38.48, 39.51, 32.51, 33.80, 32.50, 31.96
2018/07/02 19:58:49, 38.48, 39.49, 32.51, 33.80, 32.40, 31.94
2018/07/02 19:58:50, 38.48, 39.50, 32.51, 33.82, 32.30, 31.94
2018/07/02 19:58:51, 38.48, 39.49, 32.49, 33.80, 32.30, 31.94
2018/07/02 19:58:52, 38.48, 39.49, 32.47, 33.79, 32.40, 31.94
2018/07/02 19:58:53, 38.49, 39.49, 32.46, 33.78, 32.40, 31.94
2018/07/02 19:58:54, 38.48, 39.47, 32.47, 33.76, 32.40, 31.94
2018/07/02 19:58:55, 38.49, 39.47, 32.47, 33.77, 32.40, 31.95
2018/07/02 19:58:56, 38.50, 39.46, 32.48, 33.78, 32.20, 31.94
2018/07/02 19:58:57, 38.48, 39.47, 32.49, 33.76, 32.30, 31.95
2018/07/02 19:58:58, 38.48, 39.47, 32.47, 33.78, 32.30, 31.93
2018/07/02 19:58:59, 38.49, 39.47, 32.46, 33.75, 32.40, 31.94
2018/07/02 19:59:00, 38.47, 39.48, 32.45, 33.78, 32.30, 31.93
2018/07/02 19:59:01, 38.50, 39.48, 32.46, 33.76, 32.30, 31.94
2018/07/02 19:59:02, 38.48, 39.47, 32.45, 33.73, 32.40, 31.92
2018/07/02 19:59:03, 38.49, 39.45, 32.44, 33.75, 32.30, 31.94
2018/07/02 19:59:04, 38.47, 39.48, 32.44, 33.74, 32.20, 31.94
2018/07/02 19:59:05, 38.50, 39.49, 32.43, 33.73, 32.30, 31.93
2018/07/02 19:59:06, 38.50, 39.46, 32.43, 33.73, 32.10, 31.94
2018/07/02 19:59:07, 38.51, 39.46, 32.41, 33.72, 32.10, 31.94
2018/07/02 19:59:08, 38.49, 39.47, 32.41, 33.71, 32.20, 31.92
2018/07/02 19:59:09, 38.48, 39.45, 32.41, 33.73, 32.20, 31.91
2018/07/02 19:59:10, 38.49, 39.47, 32.41, 33.71, 32.10, 31.93
2018/07/02 19:59:11, 38.47, 39.46, 32.42, 33.71, 32.00, 31.95
2018/07/02 19:59:12, 38.49, 39.44, 32.41, 33.70, 32.10, 31.92
2018/07/02 19:59:13, 38.48, 39.45, 32.39, 33.70, 32.10, 31.93
2018/07/02 19:59:14, 38.48, 39.46, 32.39, 33.70, 32.10, 31.93
2018/07/02 19:59:15, 38.49, 39.46, 32.38, 33.69, 32.10, 31.93
2018/07/02 19:59:16, 38.48, 39.44, 32.38, 33.70, 32.00, 31.92
2018/07/02 19:59:17, 38.49, 39.44, 32.38, 33.68, 32.10, 31.93
2018/07/02 19:59:18, 38.50, 39.44, 32.36, 33.69, 32.00, 31.93
2018/07/02 19:59:19, 38.49, 39.42, 32.37, 33.67, 31.99, 31.93
2018/07/02 19:59:20, 38.46, 39.45, 32.36, 33.67, 32.10, 31.92
2018/07/02 19:59:21, 38.47, 39.44, 32.36, 33.67, 32.10, 31.92
2018/07/02 19:59:22, 38.47, 39.43, 32.34, 33.64, 32.00, 31.92
2018/07/02 19:59:23, 38.49, 39.43, 32.35, 33.65, 32.10, 31.94
2018/07/02 19:59:24, 38.47, 39.45, 32.34, 33.66, 32.10, 31.92
2018/07/02 19:59:25, 38.48, 39.43, 32.35, 33.64, 32.00, 31.91
2018/07/02 19:59:26, 38.48, 39.42, 32.33, 33.64, 32.00, 31.92
2018/07/02 19:59:27, 38.47, 39.42, 32.30, 33.64, 31.99, 31.90
2018/07/02 19:59:28, 38.47, 39.42, 32.33, 33.63, 32.00, 31.91
2018/07/02 19:59:29, 38.48, 39.40, 32.34, 33.62, 31.99, 31.92
2018/07/02 19:59:30, 38.47, 39.41, 32.32, 33.60, 32.00, 31.92
2018/07/02 19:59:31, 38.47, 39.41, 32.31, 33.62, 32.00, 31.92
2018/07/02 19:59:32, 38.51, 39.43, 32.29, 33.60, 32.00, 31.91
2018/07/02 19:59:33, 38.45, 39.41, 32.31, 33.62, 31.98, 31.92
2018/07/02 19:59:34, 38.49, 39.41, 32.29, 33.62, 31.99, 31.90
2018/07/02 19:59:35, 38.47, 39.41, 32.30, 33.60, 32.00, 31.91
2018/07/02 19:59:36, 38.46, 39.43, 32.30, 33.60, 31.99, 31.91
2018/07/02 19:59:37, 38.45, 39.41, 32.28, 33.59, 31.98, 31.91
2018/07/02 19:59:38, 38.49, 39.40, 32.30, 33.60, 31.98, 31.90
2018/07/02 19:59:39, 38.47, 39.42, 32.28, 33.58, 32.00, 31.90
2018/07/02 19:59:40, 38.45, 39.41, 32.29, 33.58, 32.00, 31.91
2018/07/02 19:59:41, 38.49, 39.40, 32.27, 33.58, 31.98, 31.89
2018/07/02 19:59:42, 38.47, 39.39, 32.28, 33.57, 31.98, 31.91
2018/07/02 19:59:43, 38.47, 39.39, 32.26, 33.57, 31.98, 31.90
2018/07/02 19:59:44, 38.46, 39.39, 32.25, 33.55, 31.98, 31.90
2018/07/02 19:59:45, 38.50, 39.39, 32.26, 33.54, 31.98, 31.88
2018/07/02 19:59:46, 38.47, 39.38, 32.26, 33.56, 31.98, 31.90
2018/07/02 19:59:47, 38.48, 39.36, 32.24, 33.55, 31.98, 31.89
2018/07/02 19:59:48, 38.48, 39.37, 32.25, 33.55, 31.98, 31.89
2018/07/02 19:59:49, 38.46, 39.36, 32.25, 33.54, 31.98, 31.91
2018/07/02 19:59:50, 38.48, 39.36, 32.25, 33.53, 31.97, 31.90
2018/07/02 19:59:51, 38.47, 39.37, 32.24, 33.52, 31.98, 31.90
2018/07/02 19:59:52, 38.47, 39.37, 32.22, 33.51, 31.97, 31.89
2018/07/02 19:59:53, 38.48, 39.35, 32.23, 33.51, 31.96, 31.89
2018/07/02 19:59:54, 38.47, 39.36, 32.23, 33.51, 31.96, 31.89
2018/07/02 19:59:55, 38.48, 39.34, 32.22, 33.49, 31.97, 31.90
2018/07/02 19:59:56, 38.48, 39.33, 32.19, 33.51, 31.98, 31.90
2018/07/02 19:59:57, 38.48, 39.38, 32.21, 33.49, 31.97, 31.89
2018/07/02 19:59:58, 38.48, 39.38, 32.20, 33.50, 31.97, 31.89
2018/07/02 19:59:59, 38.49, 39.35, 32.19, 33.49, 31.96, 31.89
2018/07/02 20:00:00, 38.49, 39.38, 32.21, 33.49, 31.98, 31.89
2018/07/02 20:00:01, 38.45, 39.36, 32.19, 33.48, 31.96, 31.89
2018/07/02 20:00:02, 38.46, 39.37, 32.19, 33.50, 31.96, 31.89
2018/07/02 20:00:03, 38.48, 39.37, 32.18, 33.48, 31.97, 31.89
2018/07/02 20:00:04, 38.46, 39.37, 32.17, 33.47, 31.97, 31.88
2018/07/02 20:00:05, 38.49, 39.36, 32.17, 33.46, 31.97, 31.88
2018/07/02 20:00:06, 38.48, 39.36, 32.16, 33.45, 31.95, 31.89
2018/07/02 20:00:07, 38.48, 39.36, 32.16, 33.45, 31.97, 31.88
2018/07/02 20:00:08, 38.47, 39.35, 32.16, 33.46, 31.94, 31.87
2018/07/02 20:00:09, 38.46, 39.37, 32.16, 33.44, 31.94, 31.89
2018/07/02 20:00:10, 38.47, 39.37, 32.16, 33.44, 31.96, 31.89
2018/07/02 20:00:11, 38.47, 39.38, 32.14, 33.44, 31.95, 31.88
2018/07/02 20:00:12, 38.47, 39.38, 32.14, 33.42, 31.96, 31.88
2018/07/02 20:00:13, 38.48, 39.38, 32.14, 33.42, 31.95, 31.88
2018/07/02 20:00:14, 38.49, 39.38, 32.14, 33.42, 31.96, 31.89
2018/07/02 20:00:15, 38.46, 39.39, 32.12, 33.42, 31.96, 31.87
2018/07/02 20:00:16, 38.46, 39.40, 32.13, 33.40, 31.97, 31.88
2018/07/02 20:00:17, 38.47, 39.42, 32.12, 33.41, 31.94, 31.87
2018/07/02 20:00:18, 38.46, 39.41, 32.12, 33.39, 31.94, 31.87
2018/07/02 20:00:19, 38.46, 39.43, 32.12, 33.41, 31.95, 31.86
2018/07/02 20:00:20, 38.48, 39.43, 32.13, 33.38, 31.92, 31.89
2018/07/02 20:00:21, 38.49, 39.43, 32.12, 33.41, 31.95, 31.87
2018/07/02 20:00:22, 38.47, 39.44, 32.90, 33.38, 31.93, 31.87
2018/07/02 20:00:23, 38.49, 39.44, 32.10, 33.38, 31.94, 31.87
2018/07/02 20:00:24, 38.48, 39.43, 32.70, 33.39, 31.94, 31.86
2018/07/02 20:00:25, 38.48, 39.43, 32.60, 33.38, 31.95, 31.88
2018/07/02 20:00:26, 38.47, 39.43, 32.70, 33.40, 31.93, 31.87
2018/07/02 20:00:27, 38.48, 39.44, 32.50, 33.37, 31.94, 31.86
2018/07/02 20:00:28, 38.49, 39.44, 32.50, 33.36, 31.93, 31.87
2018/07/02 20:00:29, 38.49, 39.44, 32.50, 33.37, 31.94, 31.86
2018/07/02 20:00:30, 38.49, 39.43, 32.60, 33.35, 31.93, 31.87
2018/07/02 20:00:31, 38.49, 39.43, 32.50, 33.37, 31.94, 31.87
2018/07/02 20:00:32, 38.48, 39.44, 32.60, 33.34, 31.93, 31.85
2018/07/02 20:00:33, 38.48, 39.41, 32.30, 33.35, 31.92, 31.85
2018/07/02 20:00:34, 38.49, 39.43, 32.50, 33.36, 31.92, 31.86
2018/07/02 20:00:35, 38.48, 39.41, 32.50, 33.35, 31.92, 31.84
2018/07/02 20:00:36, 38.48, 39.41, 32.40, 33.37, 31.91, 31.85
2018/07/02 20:00:37, 38.48, 39.43, 32.30, 33.35, 31.93, 31.84
2018/07/02 20:00:38, 38.50, 39.42, 32.30, 33.33, 31.93, 31.85
2018/07/02 20:00:39, 38.48, 39.41, 32.20, 33.34, 31.92, 31.86
2018/07/02 20:00:40, 38.48, 39.40, 32.10, 33.35, 31.92, 31.85
2018/07/02 20:00:41, 38.47, 39.40, 32.20, 33.33, 31.92, 31.85
2018/07/02 20:00:42, 38.49, 39.41, 32.20, 33.33, 31.92, 31.84
2018/07/02 20:00:43, 38.50, 39.40, 32.00, 33.33, 31.91, 31.84
2018/07/02 20:00:44, 38.47, 39.39, 32.10, 33.32, 31.91, 31.85
2018/07/02 20:00:45, 38.48, 39.39, 31.98, 33.34, 31.89, 31.83
2018/07/02 20:00:46, 38.48, 39.39, 32.00, 33.32, 31.91, 31.84
2018/07/02 20:00:47, 38.49, 39.39, 31.98, 33.33, 31.89, 31.84
2018/07/02 20:00:48, 38.50, 39.38, 31.98, 33.34, 31.90, 31.85
2018/07/02 20:00:49, 38.47, 39.37, 31.97, 33.33, 31.89, 31.83
2018/07/02 20:00:50, 38.45, 39.33, 31.98, 33.32, 31.90, 31.84
2018/07/02 20:00:51, 38.47, 39.35, 31.97, 33.32, 31.91, 31.83
2018/07/02 20:00:52, 38.48, 39.34, 31.97, 33.33, 31.91, 31.84
2018/07/02 20:00:53, 38.49, 39.35, 31.96, 33.31, 31.91, 31.83
2018/07/02 20:00:54, 38.48, 39.34, 31.97, 33.30, 31.89, 31.83
2018/07/02 20:00:55, 38.46, 39.37, 31.96, 33.31, 31.91, 31.83
2018/07/02 20:00:56, 38.48, 39.37, 31.96, 33.32, 31.89, 31.82
2018/07/02 20:00:57, 38.49, 39.37, 31.96, 33.30, 31.87, 31.83
2018/07/02 20:00:58, 38.47, 39.37, 31.94, 33.28, 31.90, 31.83
2018/07/02 20:00:59, 38.49, 39.37, 31.93, 33.27, 31.88, 31.82
2018/07/02 20:01:00, 38.46, 39.38, 31.94, 33.28, 31.89, 31.82
2018/07/02 20:01:01, 38.48, 39.36, 31.94, 33.27, 31.89, 31.83
2018/07/02 20:01:02, 38.47, 39.37, 31.94, 33.26, 31.89, 31.81
2018/07/02 20:01:03, 38.50, 39.38, 31.92, 33.27, 31.86, 31.83
2018/07/02 20:01:04, 38.48, 39.38, 31.92, 33.26, 31.89, 31.83
2018/07/02 20:01:05, 38.46, 39.36, 31.94, 33.26, 31.86, 31.82
2018/07/02 20:01:06, 38.49, 39.37, 31.93, 33.24, 31.86, 31.82
2018/07/02 20:01:07, 38.50, 39.38, 31.93, 33.25, 31.87, 31.82
2018/07/02 20:01:08, 38.49, 39.38, 31.94, 33.24, 31.88, 31.82
2018/07/02 20:01:09, 38.49, 39.37, 31.92, 33.25, 31.87, 31.81
2018/07/02 20:01:10, 38.50, 39.38, 31.93, 33.23, 31.86, 31.82
2018/07/02 20:01:11, 38.49, 39.38, 31.94, 33.23, 31.87, 31.82
2018/07/02 20:01:12, 38.48, 39.38, 31.94, 33.21, 31.87, 31.81
2018/07/02 20:01:13, 38.50, 39.31, 31.92, 33.21, 31.87, 31.82
2018/07/02 20:01:14, 38.49, 39.32, 31.94, 33.23, 31.85, 31.80
2018/07/02 20:01:15, 38.48, 39.33, 31.92, 33.21, 31.87, 31.81
2018/07/02 20:01:16, 38.50, 39.34, 31.93, 33.19, 31.85, 31.81
2018/07/02 20:01:17, 38.48, 39.35, 31.94, 33.18, 31.85, 31.80
2018/07/02 20:01:18, 38.47, 39.34, 31.91, 33.19, 31.85, 31.82
2018/07/02 20:01:19, 38.50, 39.34, 31.94, 33.19, 31.85, 31.81
2018/07/02 20:01:20, 38.46, 39.34, 31.93, 33.18, 31.84, 31.80
2018/07/02 20:01:21, 38.46, 39.36, 31.94, 33.19, 31.85, 31.80
2018/07/02 20:01:22, 38.48, 39.36, 31.94, 33.17, 31.85, 31.82
2018/07/02 20:01:23, 38.48, 39.36, 31.94, 33.19, 31.86, 31.81
2018/07/02 20:01:24, 38.50, 39.32, 31.95, 33.18, 31.84, 31.81
2018/07/02 20:01:25, 38.49, 39.34, 31.92, 33.19, 31.84, 31.80
2018/07/02 20:01:26, 38.49, 39.34, 31.94, 33.17, 31.83, 31.80
2018/07/02 20:01:27, 38.50, 39.35, 31.94, 33.17, 31.85, 31.80
2018/07/02 20:01:28, 38.47, 39.31, 31.93, 33.17, 31.84, 31.80
2018/07/02 20:01:29, 38.48, 39.35, 31.94, 33.17, 31.84, 31.79
2018/07/02 20:01:30, 38.50, 39.33, 31.92, 33.17, 31.85, 31.80
2018/07/02 20:01:31, 38.49, 39.36, 31.92, 33.17, 31.83, 31.80
2018/07/02 20:01:32, 38.50, 39.36, 31.94, 33.17, 31.85, 31.79
2018/07/02 20:01:33, 38.50, 39.39, 31.92, 33.16, 31.82, 31.80
2018/07/02 20:01:34, 38.49, 39.39, 31.92, 33.16, 31.83, 31.78
2018/07/02 20:01:35, 38.50, 39.40, 31.93, 33.16, 31.83, 31.79
2018/07/02 20:01:36, 38.49, 39.41, 31.94, 33.16, 31.83, 31.78
2018/07/02 20:01:37, 38.51, 39.42, 31.92, 33.16, 31.82, 31.80
2018/07/02 20:01:38, 38.50, 39.42, 31.92, 33.16, 31.83, 31.79
2018/07/02 20:01:39, 38.50, 39.43, 31.92, 33.15, 31.83, 31.79
2018/07/02 20:01:40, 38.49, 39.41, 31.91, 33.15, 31.83, 31.78
2018/07/02 20:01:41, 38.46, 39.41, 31.93, 33.14, 31.81, 31.78
2018/07/02 20:01:42, 38.49, 39.43, 31.91, 33.16, 31.82, 31.78
2018/07/02 20:01:43, 38.46, 39.43, 31.92, 33.13, 31.82, 31.79
2018/07/02 20:01:44, 38.48, 39.44, 31.92, 33.14, 31.81, 31.77
2018/07/02 20:01:45, 38.50, 39.44, 31.90, 33.13, 31.82, 31.78
2018/07/02 20:01:46, 38.48, 39.45, 31.91, 33.14, 31.80, 31.76
2018/07/02 20:01:47, 38.49, 39.46, 31.89, 33.14, 31.78, 31.76
2018/07/02 20:01:48, 38.47, 39.45, 31.88, 33.13, 31.80, 31.77
2018/07/02 20:01:49, 38.48, 39.45, 31.89, 33.13, 31.78, 31.77
2018/07/02 20:01:50, 38.48, 39.48, 31.89, 33.13, 31.81, 31.78
2018/07/02 20:01:51, 38.48, 39.44, 31.88, 33.13, 31.78, 31.76
2018/07/02 20:01:52, 38.47, 39.45, 31.87, 33.11, 31.79, 31.77
2018/07/02 20:01:53, 38.47, 39.45, 31.88, 33.11, 31.80, 31.77
2018/07/02 20:01:54, 38.48, 39.45, 31.85, 33.10, 31.79, 31.77
2018/07/02 20:01:55, 38.47, 39.47, 31.85, 33.11, 31.80, 31.76
2018/07/02 20:01:56, 38.47, 39.46, 31.84, 33.12, 31.79, 31.76
2018/07/02 20:01:57, 38.47, 39.48, 31.85, 33.90, 31.78, 31.77
2018/07/02 20:01:58, 38.49, 39.47, 31.82, 33.10, 31.78, 31.77
2018/07/02 20:01:59, 38.50, 39.44, 31.83, 33.10, 31.79, 31.75
2018/07/02 20:02:00, 38.48, 39.45, 31.84, 33.90, 31.77, 31.75
2018/07/02 20:02:01, 38.46, 39.43, 31.84, 33.10, 31.78, 31.76
2018/07/02 20:02:02, 38.49, 39.45, 31.81, 33.90, 31.76, 31.77
2018/07/02 20:02:03, 38.49, 39.45, 31.83, 33.80, 31.77, 31.76
2018/07/02 20:02:04, 38.48, 39.45, 31.81, 33.80, 31.76, 31.76
2018/07/02 20:02:05, 38.47, 39.46, 31.83, 33.90, 31.76, 31.75
2018/07/02 20:02:06, 38.48, 39.46, 31.82, 33.80, 31.76, 31.74
2018/07/02 20:02:07, 38.48, 39.44, 31.82, 33.70, 31.76, 31.76
2018/07/02 20:02:08, 38.47, 39.47, 31.82, 33.70, 31.77, 31.75
2018/07/02 20:02:09, 38.48, 39.45, 31.82, 33.70, 31.76, 31.74
2018/07/02 20:02:10, 38.47, 39.47, 31.80, 33.70, 31.76, 31.74
2018/07/02 20:02:11, 38.47, 39.47, 31.79, 33.80, 31.76, 31.74
2018/07/02 20:02:12, 38.48, 39.44, 31.82, 33.80, 31.75, 31.76
2018/07/02 20:02:13, 38.49, 39.47, 31.78, 33.60, 31.76, 31.73
2018/07/02 20:02:14, 38.49, 39.48, 31.80, 33.50, 31.74, 31.75
2018/07/02 20:02:15, 38.48, 39.48, 31.79, 33.60, 31.75, 31.75
2018/07/02 20:02:16, 38.47, 39.48, 31.79, 33.60, 31.73, 31.74
2018/07/02 20:02:17, 38.47, 39.49, 31.78, 33.40, 31.73, 31.74
2018/07/02 20:02:18, 38.47, 39.48, 31.78, 33.50, 31.75, 31.74
2018/07/02 20:02:19, 38.47, 39.51, 31.79, 33.30, 31.74, 31.73
2018/07/02 20:02:20, 38.48, 39.50, 31.78, 33.50, 31.74, 31.73
2018/07/02 20:02:21, 38.49, 39.50, 31.77, 33.40, 31.73, 31.74
2018/07/02 20:02:22, 38.49, 39.52, 31.76, 33.40, 31.73, 31.74
2018/07/02 20:02:23, 38.48, 39.51, 31.78, 33.30, 31.73, 31.73
2018/07/02 20:02:24, 38.49, 39.50, 31.78, 33.10, 31.72, 31.73
2018/07/02 20:02:25, 38.47, 39.52, 31.77, 33.30, 31.74, 31.73
2018/07/02 20:02:26, 38.49, 39.50, 31.76, 33.10, 31.71, 31.75
2018/07/02 20:02:27, 38.47, 39.50, 31.75, 33.10, 31.72, 31.74
2018/07/02 20:02:28, 38.48, 39.50, 31.75, 33.30, 31.71, 31.71
2018/07/02 20:02:29, 38.48, 39.50, 31.76, 33.10, 31.70, 31.71
2018/07/02 20:02:30, 38.49, 39.50, 31.75, 33.10, 31.72, 31.72
2018/07/02 20:02:31, 38.47, 39.50, 31.75, 33.10, 31.71, 31.73
2018/07/02 20:02:32, 38.50, 39.51, 31.74, 33.10, 31.71, 31.72
2018/07/02 20:02:33, 38.47, 39.52, 31.75, 33.20, 31.72, 31.71
2018/07/02 20:02:34, 38.47, 39.52, 31.72, 33.10, 31.70, 31.72
2018/07/02 20:02:35, 38.48, 39.50, 31.74, 33.10, 31.71, 31.71
2018/07/02 20:02:36, 38.48, 39.52, 31.73, 32.99, 31.71, 31.73
2018/07/02 20:02:37, 38.45, 39.52, 31.73, 33.00, 31.71, 31.71
2018/07/02 20:02:38, 38.48, 39.51, 31.73, 33.00, 31.71, 31.72
2018/07/02 20:02:39, 38.49, 39.55, 31.73, 32.99, 31.70, 31.73
2018/07/02 20:02:40, 38.48, 39.54, 31.72, 32.99, 31.72, 31.71
2018/07/02 20:02:41, 38.49, 39.54, 31.72, 32.98, 31.71, 31.71
2018/07/02 20:02:42, 38.49, 39.56, 31.71, 32.98, 31.69, 31.70
2018/07/02 20:02:43, 38.47, 39.55, 31.70, 32.99, 31.70, 31.70
2018/07/02 20:02:44, 38.48, 39.57, 31.71, 32.97, 31.70, 31.71
2018/07/02 20:02:45, 38.48, 39.56, 31.69, 32.97, 31.69, 31.71
2018/07/02 20:02:46, 38.48, 39.56, 31.69, 32.98, 31.68, 31.69
2018/07/02 20:02:47, 38.49, 39.55, 31.66, 32.96, 31.71, 31.71
2018/07/02 20:02:48, 38.50, 39.53, 31.65, 32.98, 31.69, 31.70
2018/07/02 20:02:49, 38.47, 39.52, 31.67, 32.96, 31.69, 31.69
2018/07/02 20:02:50, 38.47, 39.53, 31.65, 32.97, 31.69, 31.71
2018/07/02 20:02:51, 38.47, 39.53, 31.66, 32.97, 31.68, 31.71
2018/07/02 20:02:52, 38.46, 39.53, 31.65, 32.95, 31.69, 31.69
2018/07/02 20:02:53, 38.48, 39.52, 31.65, 32.93, 31.69, 31.70
2018/07/02 20:02:54, 38.49, 39.52, 31.63, 32.95, 31.69, 31.70
2018/07/02 20:02:55, 38.48, 39.52, 31.64, 32.95, 31.69, 31.70
2018/07/02 20:02:56, 38.46, 39.51, 31.62, 32.92, 31.69, 31.71
2018/07/02 20:02:57, 38.48, 39.53, 31.62, 32.93, 31.69, 31.71
2018/07/02 20:02:58, 38.47, 39.53, 31.61, 32.93, 31.67, 31.71
2018/07/02 20:02:59, 38.48, 39.53, 31.61, 32.93, 31.68, 31.69
2018/07/02 20:03:00, 38.50, 39.52, 31.61, 32.91, 31.68, 31.68
2018/07/02 20:03:01, 38.50, 39.55, 31.60, 32.92, 31.67, 31.68
2018/07/02 20:03:02, 38.48, 39.56, 31.61, 32.92, 31.67, 31.69
2018/07/02 20:03:03, 38.49, 39.55, 31.60, 32.93, 31.67, 31.71
2018/07/02 20:03:04, 38.49, 39.51, 31.60, 32.92, 31.67, 31.69
2018/07/02 20:03:05, 38.51, 39.53, 31.58, 32.92, 31.66, 31.69
2018/07/02 20:03:06, 38.48, 39.54, 31.56, 32.90, 31.66, 31.67
2018/07/02 20:03:07, 38.49, 39.54, 31.57, 32.90, 31.67, 31.69
2018/07/02 20:03:08, 38.51, 39.52, 31.56, 32.91, 31.65, 31.68
2018/07/02 20:03:09, 38.51, 39.53, 31.56, 32.90, 31.68, 31.68
2018/07/02 20:03:10, 38.51, 39.53, 31.55, 32.89, 31.67, 31.69
2018/07/02 20:03:11, 38.48, 39.55, 31.55, 32.90, 31.67, 31.67
2018/07/02 20:03:12, 38.51, 39.54, 31.55, 32.89, 31.65, 31.69
2018/07/02 20:03:13, 38.52, 39.54, 31.55, 32.89, 31.66, 31.67
2018/07/02 20:03:14, 38.50, 39.55, 31.55, 32.89, 31.66, 31.69
2018/07/02 20:03:15, 38.51, 39.56, 31.53, 32.89, 31.67, 31.68
2018/07/02 20:03:16, 38.51, 39.55, 31.53, 32.91, 31.65, 31.67
2018/07/02 20:03:17, 38.50, 39.57, 31.52, 32.89, 31.66, 31.67
2018/07/02 20:03:18, 38.50, 39.57, 31.53, 32.89, 31.65, 31.68
2018/07/02 20:03:19, 38.50, 39.57, 31.53, 32.89, 31.64, 31.67
2018/07/02 20:03:20, 38.51, 39.57, 31.53, 32.87, 31.66, 31.67
2018/07/02 20:03:21, 38.51, 39.58, 31.51, 32.87, 31.66, 31.67
2018/07/02 20:03:22, 38.49, 39.58, 31.51, 32.87, 31.65, 31.68
2018/07/02 20:03:23, 38.51, 39.57, 31.52, 32.86, 31.63, 31.66
2018/07/02 20:03:24, 38.52, 39.58, 31.52, 32.86, 31.64, 31.67
2018/07/02 20:03:25, 38.51, 39.59, 31.52, 32.85, 31.66, 31.67
2018/07/02 20:03:26, 38.50, 39.59, 31.51, 32.86, 31.65, 31.67
2018/07/02 20:03:27, 38.51, 39.57, 31.52, 32.83, 31.65, 31.67
2018/07/02 20:03:28, 38.51, 39.57, 31.51, 32.83, 31.65, 31.65
2018/07/02 20:03:29, 38.52, 39.56, 31.53, 32.85, 31.64, 31.66
2018/07/02 20:03:30, 38.52, 39.59, 31.51, 32.83, 31.64, 31.66
2018/07/02 20:03:31, 38.49, 39.58, 31.53, 32.84, 31.64, 31.66
2018/07/02 20:03:32, 38.52, 39.58, 31.52, 32.82, 31.63, 31.66
2018/07/02 20:03:33, 38.51, 39.58, 31.52, 32.82, 31.64, 31.67
2018/07/02 20:03:34, 38.49, 39.59, 31.53, 32.82, 31.64, 31.67
2018/07/02 20:03:35, 38.52, 39.60, 31.53, 32.83, 31.63, 31.66
2018/07/02 20:03:36, 38.51, 39.58, 31.52, 32.84, 31.63, 31.67
2018/07/02 20:03:37, 38.51, 39.58, 31.52, 32.80, 31.65, 31.66
2018/07/02 20:03:38, 38.51, 39.59, 31.49, 32.79, 31.63, 31.66
2018/07/02 20:03:39, 38.51, 39.58, 31.52, 32.81, 31.62, 31.66
2018/07/02 20:03:40, 38.51, 39.57, 31.53, 32.81, 31.62, 31.65
2018/07/02 20:03:41, 38.50, 39.58, 31.51, 32.79, 31.60, 31.65
2018/07/02 20:03:42, 38.49, 39.57, 31.51, 32.81, 31.61, 31.65
2018/07/02 20:03:43, 38.51, 39.57, 31.52, 32.79, 31.62, 31.67
2018/07/02 20:03:44, 38.49, 39.58, 31.52, 32.80, 31.61, 31.66
2018/07/02 20:03:45, 38.51, 39.59, 31.51, 32.79, 31.61, 31.66
2018/07/02 20:03:46, 38.50, 39.58, 31.49, 32.77, 31.62, 31.66
2018/07/02 20:03:47, 38.52, 39.57, 31.50, 32.78, 31.60, 31.65
2018/07/02 20:03:48, 38.50, 39.57, 31.50, 32.76, 31.61, 31.66
2018/07/02 20:03:49, 38.48, 39.58, 31.51, 32.77, 31.61, 31.67
2018/07/02 20:03:50, 38.52, 39.58, 31.50, 32.77, 31.63, 31.67
2018/07/02 20:03:51, 38.50, 39.58, 31.48, 32.77, 31.62, 31.67
2018/07/02 20:03:52, 38.49, 39.57, 31.49, 32.78, 31.59, 31.67
2018/07/02 20:03:53, 38.50, 39.57, 31.48, 32.78, 31.60, 31.66
2018/07/02 20:03:54, 38.51, 39.56, 31.50, 32.75, 31.62, 31.66
2018/07/02 20:03:55, 38.51, 39.56, 31.49, 32.75, 31.59, 31.66
2018/07/02 20:03:56, 38.51, 39.56, 31.49, 32.74, 31.61, 31.64
2018/07/02 20:03:57, 38.51, 39.56, 31.48, 32.75, 31.60, 31.64
2018/07/02 20:03:58, 38.51, 39.57, 31.50, 32.74, 31.60, 31.64
2018/07/02 20:03:59, 38.53, 39.57, 31.49, 32.73, 31.61, 31.62
2018/07/02 20:04:00, 38.51, 39.56, 31.49, 32.74, 31.58, 31.63
2018/07/02 20:04:01, 38.51, 39.55, 31.48, 32.72, 31.60, 31.64
2018/07/02 20:04:02, 38.51, 39.56, 31.47, 32.73, 31.60, 31.64
2018/07/02 20:04:03, 38.53, 39.55, 31.47, 32.72, 31.59, 31.64
2018/07/02 20:04:04, 38.52, 39.56, 31.48, 32.72, 31.58, 31.64
2018/07/02 20:04:05, 38.52, 39.56, 31.46, 32.74, 31.59, 31.65
2018/07/02 20:04:06, 38.52, 39.56, 31.47, 32.71, 31.59, 31.63
2018/07/02 20:04:07, 38.51, 39.55, 31.45, 32.73, 31.60, 31.63
2018/07/02 20:04:08, 38.54, 39.57, 31.44, 32.72, 31.61, 31.63
2018/07/02 20:04:09, 38.52, 39.59, 31.46, 32.72, 31.57, 31.64
2018/07/02 20:04:10, 38.51, 39.57, 31.45, 32.72, 31.59, 31.62
2018/07/02 20:04:11, 38.53, 39.57, 31.45, 32.73, 31.58, 31.63
2018/07/02 20:04:12, 39.13, 39.57, 31.45, 32.70, 31.58, 31.64
2018/07/02 20:04:13, 38.54, 39.57, 31.44, 32.71, 31.58, 31.61
2018/07/02 20:04:14, 38.52, 39.59, 31.42, 32.70, 31.57, 31.64
2018/07/02 20:04:15, 38.52, 39.57, 31.42, 32.69, 31.58, 31.63
2018/07/02 20:04:16, 38.53, 39.60, 31.42, 32.69, 31.58, 31.63
2018/07/02 20:04:17, 38.54, 39.57, 31.43, 32.69, 31.58, 31.63
2018/07/02 20:04:18, 38.53, 39.57, 31.41, 32.68, 31.60, 31.64
2018/07/02 20:04:19, 38.53, 39.58, 31.41, 32.68, 31.58, 31.64
2018/07/02 20:04:20, 38.55, 39.59, 31.40, 32.68, 31.57, 31.63
2018/07/02 20:04:21, 38.54, 39.58, 31.42, 32.66, 31.56, 31.63
2018/07/02 20:04:22, 38.52, 39.59, 31.39, 32.65, 31.57, 31.64
2018/07/02 20:04:23, 38.55, 39.58, 31.39, 32.65, 31.58, 31.63
2018/07/02 20:04:24, 38.52, 39.60, 31.40, 32.66, 31.57, 31.63
2018/07/02 20:04:25, 38.70, 39.61, 31.38, 32.64, 31.57, 31.64
2018/07/02 20:04:26, 38.52, 39.61, 31.39, 32.63, 31.56, 31.62
2018/07/02 20:04:27, 38.55, 39.62, 31.38, 32.64, 31.57, 31.64
2018/07/02 20:04:28, 38.54, 39.57, 31.36, 32.61, 31.57, 31.64
2018/07/02 20:04:29, 38.54, 39.58, 31.37, 32.63, 31.57, 31.61
2018/07/02 20:04:30, 38.54, 39.62, 31.37, 32.62, 31.56, 31.64
2018/07/02 20:04:31, 38.53, 39.62, 31.38, 32.60, 31.58, 31.63
2018/07/02 20:04:32, 38.53, 39.60, 31.36, 32.60, 31.55, 31.63
2018/07/02 20:04:33, 38.53, 39.62, 31.36, 32.60, 31.56, 31.63
2018/07/02 20:04:34, 38.53, 39.61, 31.36, 32.61, 31.56, 31.62
2018/07/02 20:04:35, 38.55, 39.61, 31.33, 32.58, 31.56, 31.62
2018/07/02 20:04:36, 38.56, 39.60, 31.33, 32.57, 31.56, 31.62
2018/07/02 20:04:37, 38.54, 39.61, 31.36, 32.57, 31.57, 31.61
2018/07/02 20:04:38, 38.54, 39.61, 31.35, 32.58, 31.56, 31.60
2018/07/02 20:04:39, 38.53, 39.61, 31.33, 32.58, 31.55, 31.62
2018/07/02 20:04:40, 38.53, 39.61, 31.33, 32.55, 31.56, 31.61
2018/07/02 20:04:41, 38.53, 39.64, 31.34, 32.56, 31.56, 31.62
2018/07/02 20:04:42, 38.56, 39.61, 31.34, 32.55, 31.56, 31.61
2018/07/02 20:04:43, 38.54, 39.62, 31.34, 32.55, 31.55, 31.60
2018/07/02 20:04:44, 38.57, 39.61, 31.32, 32.53, 31.55, 31.60
2018/07/02 20:04:45, 38.53, 39.59, 31.33, 32.54, 31.56, 31.63
2018/07/02 20:04:46, 38.56, 39.61, 31.32, 32.53, 31.56, 31.62
2018/07/02 20:04:47, 38.53, 39.61, 31.29, 32.53, 31.54, 31.60
2018/07/02 20:04:48, 38.53, 39.62, 31.30, 32.52, 31.56, 31.61
2018/07/02 20:04:49, 38.55, 39.62, 31.29, 32.49, 31.55, 31.59
2018/07/02 20:04:50, 38.54, 39.61, 31.29, 32.51, 31.56, 31.62
2018/07/02 20:04:51, 38.55, 39.62, 31.30, 32.50, 31.55, 31.62
2018/07/02 20:04:52, 38.53, 39.61, 31.30, 32.50, 31.55, 31.58
2018/07/02 20:04:53, 38.54, 39.62, 31.29, 32.49, 31.54, 31.60
2018/07/02 20:04:54, 38.55, 39.62, 31.30, 32.50, 31.54, 31.60
2018/07/02 20:04:55, 38.52, 39.61, 31.30, 32.49, 31.54, 31.60
2018/07/02 20:04:56, 38.56, 39.58, 31.30, 32.46, 31.55, 31.61
2018/07/02 20:04:57, 38.55, 39.59, 31.28, 32.47, 31.55, 31.60
2018/07/02 20:04:58, 38.54, 39.60, 31.28, 32.46, 31.53, 31.60
2018/07/02 20:04:59, 39.13, 39.60, 31.26, 32.45, 31.53, 31.60
2018/07/02 20:05:00, 38.54, 39.59, 31.28, 32.46, 31.53, 31.61
2018/07/02 20:05:01, 38.56, 39.60, 31.28, 32.46, 31.54, 31.60
2018/07/02 20:05:02, 38.55, 39.61, 31.26, 32.46, 31.52, 31.61
2018/07/02 20:05:03, 38.56, 39.62, 31.28, 32.44, 31.53, 31.60
2018/07/02 20:05:04, 38.56, 39.61, 31.26, 32.44, 31.54, 31.60
2018/07/02 20:05:05, 38.53, 39.63, 31.25, 32.45, 31.53, 31.60
2018/07/02 20:05:06, 38.54, 39.62, 31.24, 32.42, 31.55, 31.58
2018/07/02 20:05:07, 38.54, 39.61, 31.24, 32.43, 31.53, 31.60
2018/07/02 20:05:08, 38.53, 39.64, 31.24, 32.41, 31.53, 31.60
2018/07/02 20:05:09, 38.53, 39.63, 31.23, 32.41, 31.53, 31.60
2018/07/02 20:05:10, 38.55, 39.63, 31.18, 32.41, 31.54, 31.59
2018/07/02 20:05:11, 38.54, 39.59, 31.15, 32.39, 31.53, 31.58
2018/07/02 20:05:12, -22.00, 39.59, 31.13, 32.39, 31.52, 31.60
2018/07/02 20:05:13, 38.55, 39.60, 31.13, 32.40, 31.54, 31.59
2018/07/02 20:05:14, 38.55, 39.63, 31.14, 32.37, 31.53, 31.61
2018/07/02 20:05:15, 38.54, 39.62, 31.12, 32.35, 31.53, 31.59
2018/07/02 20:05:16, 38.55, 39.65, 31.12, 32.36, 31.53, 31.60
2018/07/02 20:05:17, 38.52, 39.66, 31.12, 32.36, 31.53, 31.60
2018/07/02 20:05:18, 38.54, 39.63, 31.11, 32.34, 31.54, 31.60
2018/07/02 20:05:19, 38.54, 39.64, 31.12, 32.34, 31.53, 31.57
2018/07/02 20:05:20, 38.56, 39.65, 31.10, 32.33, 31.53, 31.60
2018/07/02 20:05:21, 38.56, 39.65, 31.10, 32.32, 31.52, 31.60
2018/07/02 20:05:22, 38.56, 39.64, 31.70, 32.30, 31.53, 31.59
2018/07/02 20:05:23, 38.55, 39.65, 31.80, 32.30, 31.54, 31.60
2018/07/02 20:05:24, 38.54, 39.63, 31.70, 32.30, 31.53, 31.59
2018/07/02 20:05:25, 38.53, 39.64, 31.80, 32.29, 31.54, 31.58
2018/07/02 20:05:26, 38.53, 39.66, 31.50, 32.28, 31.54, 31.59
2018/07/02 20:05:27, 38.55, 39.64, 31.50, 32.26, 31.53, 31.60
2018/07/02 20:05:28, 38.55, 39.64, 31.40, 32.26, 31.55, 31.59
2018/07/02 20:05:29, 38.55, 39.64, 31.40, 32.26, 31.54, 31.61
2018/07/02 20:05:30, 38.55, 39.63, 31.20, 32.25, 31.53, 31.60
2018/07/02 20:05:31, 38.54, 39.64, 31.30, 32.26, 31.52, 31.60
2018/07/02 20:05:32, 38.52, 39.63, 31.10, 32.22, 31.53, 31.60
2018/07/02 20:05:33, 38.52, 39.61, 31.50, 32.23, 31.53, 31.58
2018/07/02 20:05:34, 38.54, 39.60, 31.20, 32.23, 31.53, 31.60
2018/07/02 20:05:35, 38.56, 39.61, 31.20, 32.22, 31.55, 31.60
2018/07/02 20:05:36, 38.55, 39.65, 31.30, 32.21, 31.53, 31.59
2018/07/02 20:05:37, 38.56, 39.65, 31.10, 32.20, 31.54, 31.60
2018/07/02 20:05:38, 38.56, 39.64, 31.00, 32.19, 31.53, 31.60
2018/07/02 20:05:39, 38.54, 39.64, 31.00, 32.19, 31.55, 31.60
2018/07/02 20:05:40, 38.54, 39.65, 31.00, 32.18, 31.55, 31.61
2018/07/02 20:05:41, 38.55, 39.64, 31.10, 32.18, 31.54, 31.61
2018/07/02 20:05:42, 38.56, 39.66, 31.10, 32.17, 31.55, 31.60
2018/07/02 20:05:43, 38.55, 39.64, 30.97, 32.16, 31.55, 31.59
2018/07/02 20:05:44, 38.54, 39.62, 30.97, 32.16, 31.56, 31.61
2018/07/02 20:05:45, 38.54, 39.63, 30.96, 32.16, 31.54, 31.61
2018/07/02 20:05:46, 38.54, 39.63, 30.96, 32.16, 31.54, 31.62
2018/07/02 20:05:47, 38.55, 39.64, 30.97, 32.15, 31.56, 31.60
2018/07/02 20:05:48, 38.53, 39.64, 30.98, 32.14, 31.57, 31.62
2018/07/02 20:05:49, 38.54, 39.66, 30.93, 32.14, 31.54, 31.62
2018/07/02 20:05:50, 38.54, 39.64, 30.94, 32.13, 31.55, 31.62
2018/07/02 20:05:51, 38.54, 39.68, 30.94, 32.12, 31.57, 31.61
2018/07/02 20:05:52, 38.53, 39.64, 30.94, 32.12, 31.56, 31.61
2018/07/02 20:05:53, 38.52, 39.64, 30.95, 32.12, 31.56, 31.61
2018/07/02 20:05:54, 38.55, 39.65, 30.94, 32.12, 31.57, 31.60
2018/07/02 20:05:55, 38.54, 39.67, 30.94, 32.11, 31.55, 31.60
2018/07/02 20:05:56, 38.53, 39.66, 30.93, 32.90, 31.55, 31.61
2018/07/02 20:05:57, 38.56, 39.65, 30.93, 32.80, 31.56, 31.62
2018/07/02 20:05:58, 38.54, 39.69, 30.93, 32.80, 31.57, 31.62
2018/07/02 20:05:59, 38.54, 39.65, 30.92, 32.70, 31.57, 31.61
2018/07/02 20:06:00, 38.54, 39.68, 30.91, 32.70, 31.57, 31.62
2018/07/02 20:06:01, 38.53, 39.69, 30.89, 32.70, 31.56, 31.62
2018/07/02 20:06:02, 38.51, 39.67, 30.87, 32.60, 31.56, 31.61
2018/07/02 20:06:03, 38.54, 39.69, 30.83, 32.10, 31.58, 31.62
2018/07/02 20:06:04, 38.53, 39.68, 30.80, 32.00, 31.56, 31.63
2018/07/02 20:06:05, 38.53, 39.67, 30.80, 31.98, 31.57, 31.64
2018/07/02 20:06:06, 38.54, 39.68, 30.80, 31.94, 31.59, 31.63
2018/07/02 20:06:07, 38.51, 39.67, 30.79, 31.91, 31.57, 31.63
2018/07/02 20:06:08, 38.53, 39.66, 30.75, 31.88, 31.57, 31.63
2018/07/02 20:06:09, 38.52, 39.65, 30.76, 31.89, 31.59, 31.65
2018/07/02 20:06:10, 38.53, 39.68, 30.76, 31.87, 31.60, 31.63
2018/07/02 20:06:11, 38.56, 39.69, 30.72, 31.85, 31.58, 31.64
2018/07/02 20:06:12, 38.51, 39.71, 30.75, 31.88, 31.58, 31.63
2018/07/02 20:06:13, 38.55, 39.70, 30.76, 31.85, 31.59, 31.64
2018/07/02 20:06:14, 38.53, 39.71, 30.79, 31.85, 31.59, 31.65
2018/07/02 20:06:15, 38.53, 39.70, 30.76, 31.82, 31.61, 31.64
2018/07/02 20:06:16, 38.54, 39.70, 30.71, 31.81, 31.60, 31.64
2018/07/02 20:06:17, 38.54, 39.72, 30.68, 31.82, 31.60, 31.65
2018/07/02 20:06:18, 38.54, 39.72, 30.67, 31.79, 31.60, 31.66
2018/07/02 20:06:19, 38.53, 39.73, 30.67, 31.78, 31.59, 31.66
2018/07/02 20:06:20, 38.55, 39.72, 30.66, 31.74, 31.60, 31.66
2018/07/02 20:06:21, 38.53, 39.72, 30.64, 31.71, 31.61, 31.64
2018/07/02 20:06:22, 38.54, 39.74, 30.65, 31.73, 31.60, 31.67
2018/07/02 20:06:23, 38.53, 39.77, 30.63, 31.70, 31.62, 31.66
2018/07/02 20:06:24, 38.53, 39.76, 30.61, 31.67, 31.62, 31.66
2018/07/02 20:06:25, 38.52, 39.75, 30.62, 31.67, 31.60, 31.67
2018/07/02 20:06:26, 38.55, 39.76, 30.58, 31.66, 31.60, 31.67
2018/07/02 20:06:27, 38.54, 39.77, 30.57, 31.64, 31.64, 31.66
2018/07/02 20:06:28, 38.55, 39.79, 30.56, 31.62, 31.62, 31.67
2018/07/02 20:06:29, 38.55, 39.77, 30.55, 31.60, 31.64, 31.68
2018/07/02 20:06:30, 38.55, 39.79, 30.56, 31.60, 31.60, 31.68
2018/07/02 20:06:31, 38.56, 39.79, 30.55, 31.57, 31.61, 31.68
2018/07/02 20:06:32, 38.56, 39.79, 30.52, 31.55, 31.63, 31.67
2018/07/02 20:06:33, 38.55, 39.79, 30.49, 31.55, 31.65, 31.67
2018/07/02 20:06:34, 38.54, 39.78, 30.49, 31.51, 31.64, 31.69
2018/07/02 20:06:35, 38.56, 39.78, 30.46, 31.49, 31.64, 31.68
2018/07/02 20:06:36, 38.53, 39.79, 30.44, 31.44, 31.64, 31.70
2018/07/02 20:06:37, 38.56, 39.80, 30.44, 31.45, 31.64, 31.68
2018/07/02 20:06:38, 38.56, 39.80, 30.46, 31.41, 31.63, 31.68
2018/07/02 20:06:39, 38.53, 39.81, 30.43, 31.42, 31.65, 31.70
2018/07/02 20:06:40, 38.53, 39.79, 30.54, 31.60, 31.66, 31.68
2018/07/02 20:06:41, 38.57, 39.79, 30.55, 31.64, 31.66, 31.67
2018/07/02 20:06:42, 38.56, 39.79, 30.55, 31.66, 31.65, 31.69
2018/07/02 20:06:43, 38.57, 39.83, 30.52, 31.67, 31.65, 31.71
2018/07/02 20:06:44, 38.57, 39.82, 30.55, 31.68, 31.66, 31.71
2018/07/02 20:06:45, 38.56, 39.81, 30.52, 31.70, 31.65, 31.71
2018/07/02 20:06:46, 38.57, 39.83, 30.53, 31.69, 31.68, 31.70
2018/07/02 20:06:47, 38.55, 39.85, 30.57, 31.70, 31.67, 31.71
2018/07/02 20:06:48, 38.54, 39.81, 30.57, 31.70, 31.67, 31.71
2018/07/02 20:06:49, 38.54, 39.80, 30.57, 31.69, 31.68, 31.71
2018/07/02 20:06:50, 38.56, 39.83, 30.57, 31.69, 31.68, 31.73
2018/07/02 20:06:51, 38.56, 39.81, 30.58, 31.70, 31.67, 31.71
2018/07/02 20:06:52, 38.57, 39.80, 30.58, 31.69, 31.67, 31.73
2018/07/02 20:06:53, 38.56, 39.84, 30.58, 31.71, 31.69, 31.73
2018/07/02 20:06:54, 38.56, 39.83, 30.57, 31.70, 31.70, 31.72
2018/07/02 20:06:55, 38.56, 39.80, 30.57, 31.71, 31.71, 31.74
2018/07/02 20:06:56, 38.55, 39.80, 30.57, 31.69, 31.70, 31.73
2018/07/02 20:06:57, 38.58, 39.82, 30.57, 31.69, 31.71, 31.72
2018/07/02 20:06:58, 38.55, 39.86, 30.56, 31.69, 31.70, 31.73
2018/07/02 20:06:59, 38.55, 39.84, 30.53, 31.69, 31.71, 31.73
2018/07/02 20:07:00, 38.57, 39.84, 30.50, 31.69, 31.72, 31.73
2018/07/02 20:07:01, 38.55, 39.84, 30.47, 31.69, 31.71, 31.75
2018/07/02 20:07:02, 38.55, 39.87, 30.48, 31.68, 31.71, 31.76
2018/07/02 20:07:03, 38.56, 39.84, 30.45, 31.69, 31.72, 31.74
2018/07/02 20:07:04, 38.53, 39.87, 30.47, 31.65, 31.72, 31.74
2018/07/02 20:07:05, 38.56, 39.83, 30.43, 31.66, 31.73, 31.75
2018/07/02 20:07:06, 38.55, 39.86, 30.42, 31.67, 31.73, 31.77
2018/07/02 20:07:07, 38.56, 39.87, 30.41, 31.66, 31.73, 31.75
2018/07/02 20:07:08, 38.56, 39.85, 30.41, 31.67, 31.72, 31.76
2018/07/02 20:07:09, 38.57, 39.86, 30.39, 31.67, 31.74, 31.76
2018/07/02 20:07:10, 38.56, 39.87, 30.42, 31.66, 31.75, 31.76
2018/07/02 20:07:11, 38.56, 39.88, 30.41, 31.66, 31.75, 31.75
2018/07/02 20:07:12, 38.56, 39.88, 30.38, 31.65, 31.74, 31.77
2018/07/02 20:07:13, 38.56, 39.88, 30.35, 31.65, 31.75, 31.77
2018/07/02 20:07:14, 38.56, 39.87, 30.36, 31.66, 31.75, 31.78
2018/07/02 20:07:15, 38.57, 39.89, 30.38, 31.65, 31.76, 31.77
2018/07/02 20:07:16, 38.55, 39.87, 30.38, 31.65, 31.77, 31.77
2018/07/02 20:07:17, 38.55, 39.88, 30.35, 31.64, 31.77, 31.77
2018/07/02 20:07:18, 38.58, 39.88, 30.35, 31.64, 31.77, 31.78
2018/07/02 20:07:19, 38.56, 39.89, 30.35, 31.65, 31.77, 31.78
2018/07/02 20:07:20, 38.55, 39.91, 30.35, 31.64, 31.79, 31.78
2018/07/02 20:07:21, 38.57, 39.90, 30.33, 31.62, 31.78, 31.78
2018/07/02 20:07:22, 38.55, 39.88, 30.32, 31.63, 31.78, 31.79
2018/07/02 20:07:23, 38.57, 39.87, 30.31, 31.63, 31.80, 31.77
2018/07/02 20:07:24, 38.57, 39.86, 30.33, 31.62, 31.82, 31.78
2018/07/02 20:07:25, 38.57, 39.89, 30.34, 31.62, 31.82, 31.76
2018/07/02 20:07:26, 38.54, 39.89, 30.35, 31.62, 31.79, 31.79
2018/07/02 20:07:27, 38.56, 39.89, 30.34, 31.61, 31.81, 31.80
2018/07/02 20:07:28, 38.57, 39.90, 30.34, 31.61, 31.82, 31.80
2018/07/02 20:07:29, 38.57, 39.89, 30.37, 31.61, 31.82, 31.80
2018/07/02 20:07:30, 38.58, 39.93, 30.35, 31.60, 31.80, 31.80
2018/07/02 20:07:31, 38.57, 39.92, 30.36, 31.61, 31.82, 31.81
2018/07/02 20:07:32, 38.57, 39.92, 30.35, 31.58, 31.82, 31.82
2018/07/02 20:07:33, 38.56, 39.92, 30.35, 31.59, 31.84, 31.79
2018/07/02 20:07:34, 38.58, 39.92, 30.38, 31.59, 31.83, 31.81
2018/07/02 20:07:35, 38.56, 39.90, 30.36, 31.58, 31.83, 31.81
2018/07/02 20:07:36, 38.56, 39.91, 30.37, 31.57, 31.83, 31.82
2018/07/02 20:07:37, 38.57, 39.89, 30.35, 31.58, 31.83, 31.82
2018/07/02 20:07:38, 38.57, 39.90, 30.33, 31.57, 31.84, 31.82
2018/07/02 20:07:39, 38.57, 39.91, 30.33, 31.57, 31.84, 31.83
2018/07/02 20:07:40, 38.57, 39.91, 30.30, 31.55, 31.85, 31.83
2018/07/02 20:07:41, 38.59, 39.90, 30.31, 31.55, 31.84, 31.81
2018/07/02 20:07:42, 38.57, 39.91, 30.29, 31.55, 31.87, 31.82
2018/07/02 20:07:43, 38.58, 39.87, 30.27, 31.53, 31.85, 31.83
2018/07/02 20:07:44, 38.59, 39.88, 30.26, 31.55, 31.87, 31.82
2018/07/02 20:07:45, 38.56, 39.89, 30.28, 31.53, 31.88, 31.84
2018/07/02 20:07:46, 38.58, 39.89, 30.29, 31.52, 31.87, 31.82
2018/07/02 20:07:47, 38.57, 39.88, 30.26, 31.51, 31.87, 31.85
2018/07/02 20:07:48, 38.59, 39.88, 30.26, 31.52, 31.88, 31.84
2018/07/02 20:07:49, 38.57, 39.90, 30.28, 31.53, 31.88, 31.83
2018/07/02 20:07:50, 38.58, 39.88, 30.27, 31.50, 31.90, 31.86
2018/07/02 20:07:51, 38.55, 39.86, 30.29, 31.50, 31.89, 31.85
2018/07/02 20:07:52, 38.59, 39.87, 30.26, 31.50, 31.88, 31.83
2018/07/02 20:07:53, 38.58, 39.87, 30.25, 31.49, 31.90, 31.85
2018/07/02 20:07:54, 38.56, 39.88, 30.26, 31.50, 31.90, 31.86
2018/07/02 20:07:55, 38.59, 39.90, 30.23, 31.49, 31.91, 31.85
2018/07/02 20:07:56, 38.56, 39.87, 30.23, 31.47, 31.92, 31.85
2018/07/02 20:07:57, 38.55, 39.88, 30.23, 31.48, 31.91, 31.86
2018/07/02 20:07:58, 38.57, 39.87, 30.21, 31.47, 31.93, 31.86
2018/07/02 20:07:59, 38.58, 39.87, 30.18, 31.48, 31.92, 31.87
2018/07/02 20:08:00, 38.58, 39.88, 30.19, 31.45, 31.93, 31.87
2018/07/02 20:08:01, 38.57, 39.89, 30.16, 31.45, 31.92, 31.87
2018/07/02 20:08:02, 38.58, 39.85, 30.23, 31.42, 31.92, 31.87
2018/07/02 20:08:03, 38.57, 39.88, 30.25, 31.44, 31.93, 31.86
2018/07/02 20:08:04, 38.57, 39.87, 30.29, 31.44, 31.92, 31.87
2018/07/02 20:08:05, 38.59, 39.90, 30.29, 31.44, 31.93, 31.87
2018/07/02 20:08:06, 38.59, 39.85, 30.30, 31.43, 31.94, 31.88
2018/07/02 20:08:07, 38.57, 39.82, 30.33, 31.42, 31.94, 31.87
2018/07/02 20:08:08, 38.60, 39.80, 30.33, 31.41, 31.95, 31.89
2018/07/02 20:08:09, 38.56, 39.84, 30.34, 31.42, 31.94, 31.87
2018/07/02 20:08:10, 38.60, 39.81, 30.33, 31.41, 31.93, 31.89
2018/07/02 20:08:11, 38.58, 39.81, 30.35, 31.41, 31.93, 31.88
2018/07/02 20:08:12, 38.59, 39.83, 30.35, 31.43, 31.93, 31.89
2018/07/02 20:08:13, 38.59, 39.84, 30.36, 31.42, 31.94, 31.89
2018/07/02 20:08:14, 38.60, 39.82, 30.36, 31.42, 31.94, 31.88
2018/07/02 20:08:15, 38.58, 39.84, 30.37, 31.43, 31.95, 31.88
2018/07/02 20:08:16, 38.60, 39.84, 30.36, 31.41, 31.96, 31.89
2018/07/02 20:08:17, 38.58, 39.82, 30.40, 31.42, 31.97, 31.88
2018/07/02 20:08:18, 38.60, 39.82, 30.39, 31.42, 31.96, 31.88
2018/07/02 20:08:19, 38.59, 39.82, 30.39, 31.41, 31.96, 31.90
2018/07/02 20:08:20, 38.60, 39.82, 30.38, 31.41, 31.97, 31.91
2018/07/02 20:08:21, 38.59, 39.83, 30.40, 31.42, 31.97, 31.89
2018/07/02 20:08:22, 38.58, 39.82, 30.40, 31.43, 31.98, 31.88
2018/07/02 20:08:23, 38.60, 39.81, 30.41, 31.42, 31.98, 31.89
2018/07/02 20:08:24, 38.58, 39.84, 30.40, 31.41, 31.96, 31.90
2018/07/02 20:08:25, 38.61, 39.85, 30.42, 31.43, 31.97, 31.88
2018/07/02 20:08:26, 38.57, 39.85, 30.42, 31.44, 31.97, 31.89
2018/07/02 20:08:27, 38.57, 39.84, 30.43, 31.42, 31.97, 31.92
2018/07/02 20:08:28, 38.58, 39.82, 30.42, 31.43, 31.98, 31.91
2018/07/02 20:08:29, 38.59, 39.83, 30.42, 31.44, 31.98, 31.89
2018/07/02 20:08:30, 38.60, 39.85, 30.42, 31.45, 32.00, 31.91
2018/07/02 20:08:31, 38.60, 39.83, 30.44, 31.44, 31.99, 31.92
2018/07/02 20:08:32, 38.58, 39.81, 30.43, 31.44, 31.99, 31.89
2018/07/02 20:08:33, 38.58, 39.82, 30.44, 31.44, 32.00, 31.91
2018/07/02 20:08:34, 38.60, 39.82, 30.43, 31.45, 32.30, 31.90
2018/07/02 20:08:35, 38.58, 39.81, 30.45, 31.46, 32.10, 31.91
2018/07/02 20:08:36, 38.59, 39.83, 30.45, 31.44, 32.00, 31.90
2018/07/02 20:08:37, 38.59, 39.84, 30.44, 31.46, 32.10, 31.91
2018/07/02 20:08:38, 38.59, 39.82, 30.45, 31.45, 32.30, 31.92
2018/07/02 20:08:39, 38.58, 39.82, 30.43, 31.45, 32.00, 31.91
2018/07/02 20:08:40, 38.59, 39.82, 30.44, 31.46, 32.30, 31.93
2018/07/02 20:08:41, 38.60, 39.83, 30.46, 31.46, 32.30, 31.91
2018/07/02 20:08:42, 38.60, 39.82, 30.45, 31.46, 32.60, 31.94
2018/07/02 20:08:43, 38.59, 39.82, 30.45, 31.44, 32.50, 31.94
2018/07/02 20:08:44, 38.61, 39.83, 30.45, 31.45, 32.50, 31.94
2018/07/02 20:08:45, 38.60, 39.81, 30.46, 31.45, 32.50, 31.95
2018/07/02 20:08:46, 38.60, 39.83, 30.45, 31.46, 32.70, 31.94
2018/07/02 20:08:47, 38.60, 39.83, 30.46, 31.46, 32.70, 31.94
2018/07/02 20:08:48, 38.60, 39.86, 30.47, 31.44, 32.80, 31.95
2018/07/02 20:08:49, 38.58, 39.85, 30.46, 31.46, 32.10, 31.96
2018/07/02 20:08:50, 38.60, 39.84, 30.46, 31.45, 32.80, 31.95
2018/07/02 20:08:51, 38.60, 39.84, 30.47, 31.45, 32.90, 31.96
2018/07/02 20:08:52, 38.61, 39.87, 30.46, 31.46, 32.10, 31.97
2018/07/02 20:08:53, 38.62, 39.87, 30.46, 31.46, 32.12, 31.98
2018/07/02 20:08:54, 38.61, 39.87, 30.46, 31.44, 32.12, 31.99
2018/07/02 20:08:55, 38.62, 39.86, 30.45, 31.44, 32.12, 31.98
2018/07/02 20:08:56, 38.60, 39.84, 30.46, 31.45, 32.13, 31.98
2018/07/02 20:08:57, 38.61, 39.83, 30.44, 31.44, 32.13, 32.10
2018/07/02 20:08:58, 38.61, 39.87, 30.45, 31.44, 32.17, 32.10
2018/07/02 20:08:59, 38.63, 39.85, 30.45, 31.43, 32.16, 32.00
2018/07/02 20:09:00, 38.62, 39.86, 30.45, 31.42, 32.17, 32.20
2018/07/02 20:09:01, 38.63, 39.85, 30.45, 31.43, 32.17, 32.10
2018/07/02 20:09:02, 38.65, 39.86, 30.46, 31.44, 32.17, 32.30
2018/07/02 20:09:03, 38.63, 39.85, 30.46, 31.44, 32.19, 32.30
2018/07/02 20:09:04, 38.63, 39.85, 30.46, 31.43, 32.20, 32.50
2018/07/02 20:09:05, 38.64, 39.82, 30.45, 31.43, 32.21, 32.70
2018/07/02 20:09:06, 38.62, 39.79, 30.43, 31.43, 32.22, 32.70
2018/07/02 20:09:07, 38.62, 39.82, 30.44, 31.41, 32.23, 32.50
2018/07/02 20:09:08, 38.63, 39.83, 30.44, 31.41, 32.24, 32.80
2018/07/02 20:09:09, 38.62, 39.81, 30.44, 31.42, 32.23, 32.90
2018/07/02 20:09:10, 38.63, 39.83, 30.45, 31.40, 32.25, 32.10
2018/07/02 20:09:11, 38.64, 39.81, 30.44, 31.42, 32.26, 32.10
2018/07/02 20:09:12, 38.65, 39.81, 30.43, 31.40, 32.27, 32.11
2018/07/02 20:09:13, 38.65, 39.79, 30.44, 31.39, 32.27, 32.10
2018/07/02 20:09:14, 38.66, 39.82, 30.43, 31.39, 32.28, 32.11
2018/07/02 20:09:15, 38.63, 39.82, 30.44, 31.40, 32.29, 32.13
2018/07/02 20:09:16, 38.64, 39.80, 30.43, 31.39, 32.32, 32.14
2018/07/02 20:09:17, 38.64, 39.79, 30.44, 31.41, 32.30, 32.16
2018/07/02 20:09:18, 38.65, 39.79, 30.42, 31.38, 32.32, 32.17
2018/07/02 20:09:19, 38.66, 39.78, 30.44, 31.39, 32.32, 32.16
2018/07/02 20:09:20, 38.67, 39.78, 30.42, 31.37, 32.34, 32.18
2018/07/02 20:09:21, 38.66, 125.00, 30.43, 31.38, 32.34, 32.18
2018/07/02 20:09:22, 38.66, 39.79, 30.42, 31.39, 32.37, 32.19
2018/07/02 20:09:23, 38.67, 39.78, 30.42, 31.37, 32.37, 32.18
2018/07/02 20:09:24, 38.68, 39.80, 30.43, 31.37, 32.38, 32.21
2018/07/02 20:09:25, 38.68, 39.77, 30.41, 31.37, 32.39, 32.20
2018/07/02 20:09:26, 38.68, 39.77, 30.42, 31.37, 32.39, 32.21
2018/07/02 20:09:27, 38.68, 39.79, 30.41, 31.35, 32.40, 32.23
2018/07/02 20:09:28, 38.68, 39.81, 30.42, 31.36, 32.41, 32.22
2018/07/02 20:09:29, 38.69, 39.79, 30.41, 31.35, 32.43, 32.24
2018/07/02 20:09:30, 38.69, 39.82, 30.40, 31.36, 32.43, 32.25
2018/07/02 20:09:31, 38.70, 39.81, 30.41, 31.34, 32.45, 32.26
2018/07/02 20:09:32, 38.71, 39.81, 30.41, 31.35, 32.47, 32.27
2018/07/02 20:09:33, 38.70, 39.83, 30.40, 31.35, 32.46, 32.28
2018/07/02 20:09:34, 38.72, 39.83, 30.40, 31.35, 32.48, 32.30
2018/07/02 20:09:35, 38.71, 39.83, 30.40, 31.34, 32.49, 32.29
2018/07/02 20:09:36, 38.71, 39.85, 30.40, 31.33, 32.49, 32.30
2018/07/02 20:09:37, 38.69, 39.86, 30.40, 31.33, 32.50, 32.33
2018/07/02 20:09:38, 38.72, 39.87, 30.39, 31.33, 32.53, 32.32
2018/07/02 20:09:39, 38.72, 39.84, 30.38, 31.32, 32.53, 32.32
2018/07/02 20:09:40, 38.70, 39.85, 30.40, 31.32, 32.54, 32.33
2018/07/02 20:09:41, 38.74, 39.84, 30.40, 31.30, 32.55, 32.33
2018/07/02 20:09:42, 38.71, 39.85, 30.37, 31.30, 32.55, 32.35
2018/07/02 20:09:43, 38.74, 39.85, 30.38, 31.30, 32.58, 32.36
2018/07/02 20:09:44, 38.74, 39.86, 30.37, 31.30, 32.57, 32.38
2018/07/02 20:09:45, 38.74, 39.84, 30.37, 31.29, 32.58, 32.38
2018/07/02 20:09:46, 38.73, 39.85, 30.37, 31.28, 32.58, 32.39
2018/07/02 20:09:47, 38.74, 39.85, 30.37, 31.29, 32.60, 32.40
2018/07/02 20:09:48, 38.76, 39.88, 30.34, 31.28, 32.62, 32.41
2018/07/02 20:09:49, 38.75, 39.90, 30.35, 31.29, 32.62, 32.41
2018/07/02 20:09:50, 38.75, 39.88, 30.34, 31.29, 32.62, 32.42
2018/07/02 20:09:51, 38.75, 39.88, 30.34, 31.28, 32.63, 32.44
2018/07/02 20:09:52, 38.77, 39.87, 30.35, 31.28, 32.63, 32.44
2018/07/02 20:09:53, 38.76, 39.86, 30.35, 31.27, 32.66, 32.44
2018/07/02 20:09:54, 38.77, 39.88, 30.33, 31.29, 32.68, 32.45
2018/07/02 20:09:55, 38.77, 39.86, 30.36, 31.29, 32.67, 32.46
2018/07/02 20:09:56, 38.77, 39.83, 30.35, 31.28, 32.67, 32.45
2018/07/02 20:09:57, 38.76, 39.85, 30.35, 31.26, 32.67, 32.48
2018/07/02 20:09:58, 38.78, 39.86, 30.35, 31.30, 32.67, 32.48
2018/07/02 20:09:59, 38.77, 39.88, 30.34, 31.28, 32.69, 32.48
2018/07/02 20:10:00, 39.15, 39.89, 30.35, 31.27, 32.71, 32.49
2018/07/02 20:10:01, 38.78, 39.87, 30.33, 31.26, 32.71, 32.50
2018/07/02 20:10:02, 39.49, 39.85, 30.35, 31.27, 32.71, 32.50
2018/07/02 20:10:03, 38.77, 39.86, 30.33, 31.27, 32.73, 32.51
2018/07/02 20:10:04, 38.78, 39.87, 30.34, 31.27, 32.73, 32.50
2018/07/02 20:10:05, 38.78, 39.87, 30.33, 31.27, 32.73, 32.53
2018/07/02 20:10:06, 38.78, 39.87, 30.34, 31.25, 32.75, 32.54
2018/07/02 20:10:07, 38.79, 39.87, 30.35, 31.26, 32.75, 32.55
2018/07/02 20:10:08, 38.79, 39.88, 30.33, 31.25, 32.77, 32.54
2018/07/02 20:10:09, 38.78, 39.86, 30.33, 31.26, 32.75, 32.56
2018/07/02 20:10:10, 38.79, 39.88, 30.34, 31.25, 32.78, 32.56
2018/07/02 20:10:11, 38.79, 39.87, 30.33, 31.27, 32.76, 32.57
2018/07/02 20:10:12, 38.78, 39.87, 30.33, 31.24, 32.78, 32.56
2018/07/02 20:10:13, 38.77, 39.86, 30.34, 31.25, 32.78, 32.57
2018/07/02 20:10:14, 38.79, 39.85, 30.35, 31.24, 32.80, 32.57
2018/07/02 20:10:15, 38.80, 39.85, 30.34, 31.26, 32.81, 32.58
2018/07/02 20:10:16, 38.80, 39.88, 30.34, 31.25, 32.80, 32.58
2018/07/02 20:10:17, 38.80, 39.86, 30.35, 31.25, 32.80, 32.60
2018/07/02 20:10:18, 38.79, 39.83, 30.34, 31.24, 32.82, 32.62
2018/07/02 20:10:19, 38.80, 39.85, 30.34, 31.25, 32.83, 32.61
2018/07/02 20:10:20, 38.80, 39.83, 30.33, 31.24, 32.82, 32.63
2018/07/02 20:10:21, 38.81, 39.83, 30.34, 31.23, 32.83, 32.61
2018/07/02 20:10:22, 38.79, 39.85, 30.33, 31.23, 32.83, 32.62
2018/07/02 20:10:23, 38.82, 39.84, 30.34, 31.24, 32.85, 32.63
2018/07/02 20:10:24, 38.81, 39.85, 30.33, 31.23, 32.86, 32.62
2018/07/02 20:10:25, 38.80, 39.85, 30.33, 31.24, 32.86, 32.66
2018/07/02 20:10:26, 38.81, 39.82, 30.33, 31.23, 32.87, 32.67
2018/07/02 20:10:27, 38.81, 39.80, 30.33, 31.22, 32.87, 32.65
2018/07/02 20:10:28, 38.82, 39.80, 30.34, 31.23, 32.88, 32.67
2018/07/02 20:10:29, 38.80, 39.80, 30.34, 31.24, 32.90, 32.67
2018/07/02 20:10:30, 38.80, 39.81, 30.34, 31.24, 32.88, 32.68
2018/07/02 20:10:31, 38.81, 39.81, 30.33, 31.24, 32.89, 32.69
2018/07/02 20:10:32, 38.80, 39.83, 30.32, 31.23, 32.89, 32.69
2018/07/02 20:10:33, 38.80, 39.80, 30.34, 31.22, 32.89, 32.69
2018/07/02 20:10:34, 38.80, 39.81, 30.33, 31.22, 32.90, 32.69
2018/07/02 20:10:35, 38.82, 39.80, 30.34, 31.22, 32.91, 32.71
2018/07/02 20:10:36, 38.82, 39.80, 30.35, 31.21, 32.91, 32.72
2018/07/02 20:10:37, 38.81, 39.81, 30.34, 31.21, 32.94, 32.72
2018/07/02 20:10:38, 38.82, 39.79, 30.34, 31.23, 32.93, 32.73
2018/07/02 20:10:39, 38.81, 39.77, 30.35, 31.23, 32.94, 32.73
2018/07/02 20:10:40, 38.81, 39.81, 30.34, 31.21, 32.95, 32.73
2018/07/02 20:10:41, 38.81, 39.81, 30.34, 31.19, 32.94, 32.75
2018/07/02 20:10:42, 38.80, 39.80, 30.32, 31.21, 32.96, 32.75
2018/07/02 20:10:43, 38.79, 39.80, 30.33, 31.21, 32.96, 32.76
2018/07/02 20:10:44, 38.80, 39.79, 30.34, 31.21, 32.97, 32.76
2018/07/02 20:10:45, 38.80, 39.77, 30.35, 31.21, 32.98, 32.76
2018/07/02 20:10:46, 38.81, 39.79, 30.36, 31.21, 32.99, 32.79
2018/07/02 20:10:47, 38.80, 39.77, 30.35, 31.19, 32.99, 32.79
2018/07/02 20:10:48, 38.82, 39.79, 30.33, 31.19, 33.00, 32.78
2018/07/02 20:10:49, 38.80, 39.79, 30.33, 31.18, 33.00, 32.80
2018/07/02 20:10:50, 38.81, 39.81, 30.37, 31.19, 33.20, 32.79
2018/07/02 20:10:51, 38.82, 39.79, 30.35, 31.18, 33.20, 32.80
2018/07/02 20:10:52, 38.81, 39.78, 30.34, 31.18, 33.10, 32.81
2018/07/02 20:10:53, 38.82, 39.81, 30.34, 31.19, 33.30, 32.82
2018/07/02 20:10:54, 38.83, 39.79, 30.35, 31.19, 33.40, 32.83
2018/07/02 20:10:55, 38.81, 39.79, 30.36, 31.19, 33.40, 32.82
2018/07/02 20:10:56, 38.83, 39.81, 30.33, 31.17, 33.40, 32.82
2018/07/02 20:10:57, 38.80, 39.80, 30.35, 31.19, 33.50, 32.83
2018/07/02 20:10:58, 38.81, 39.80, 30.33, 31.17, 33.50, 32.84
2018/07/02 20:10:59, 38.82, 39.79, 30.35, 31.17, 33.60, 32.83
2018/07/02 20:11:00, 38.82, 39.81, 30.33, 31.18, 33.70, 32.85
2018/07/02 20:11:01, 38.81, 39.81, 30.35, 31.17, 33.80, 32.84
2018/07/02 20:11:02, 38.81, 39.82, 30.34, 31.17, 33.70, 32.86
2018/07/02 20:11:03, 38.80, 39.81, 30.34, 31.18, 33.60, 32.86
2018/07/02 20:11:04, 38.80, 39.81, 30.34, 31.18, 33.80, 32.88
2018/07/02 20:11:05, 38.82, 39.81, 30.36, 31.17, 33.80, 32.86
2018/07/02 20:11:06, 38.81, 39.82, 30.36, 31.18, 33.90, 32.89
2018/07/02 20:11:07, 38.83, 39.82, 30.33, 31.17, 33.80, 32.87
2018/07/02 20:11:08, 38.82, 39.80, 30.37, 31.18, 33.10, 32.89
2018/07/02 20:11:09, 38.80, 39.82, 30.36, 31.19, 33.11, 32.90
2018/07/02 20:11:10, 38.83, 39.83, 30.36, 31.21, 33.11, 32.90
2018/07/02 20:11:11, 38.81, 39.81, 30.36, 31.19, 33.11, 32.90
2018/07/02 20:11:12, 38.83, 39.82, 30.35, 31.19, 33.12, 32.92
2018/07/02 20:11:13, 38.82, 39.83, 30.35, 31.17, 33.14, 32.94
2018/07/02 20:11:14, 38.82, 39.83, 30.35, 31.18, 33.13, 32.92
2018/07/02 20:11:15, 38.82, 39.82, 30.37, 31.18, 33.14, 32.94
2018/07/02 20:11:16, 38.81, 39.80, 30.35, 31.18, 33.15, 32.96
2018/07/02 20:11:17, 38.83, 39.80, 30.35, 31.20, 33.16, 32.94
2018/07/02 20:11:18, 38.83, 39.81, 30.36, 31.18, 33.16, 32.94
2018/07/02 20:11:19, 38.82, 39.79, 30.35, 31.20, 33.16, 32.94
2018/07/02 20:11:20, 38.83, 39.80, 30.38, 31.18, 33.16, 32.96
2018/07/02 20:11:21, 38.84, 39.80, 30.35, 31.18, 33.16, 32.96
2018/07/02 20:11:22, 38.81, 39.81, 30.35, 31.17, 33.17, 32.98
2018/07/02 20:11:23, 38.83, 39.82, 30.36, 31.17, 33.16, 32.96
2018/07/02 20:11:24, 38.82, 39.82, 30.35, 31.19, 33.17, 32.99
2018/07/02 20:11:25, 38.82, 39.80, 30.37, 31.17, 33.19, 33.00
2018/07/02 20:11:26, 38.83, 39.79, 30.36, 31.20, 33.19, 32.98
2018/07/02 20:11:27, 38.84, 39.82, 30.36, 31.18, 33.19, 33.00
2018/07/02 20:11:28, 38.82, 39.83, 30.37, 31.18, 33.18, 32.99
2018/07/02 20:11:29, 38.83, 39.81, 30.35, 31.19, 33.19, 33.00
2018/07/02 20:11:30, 38.84, 39.80, 30.37, 31.18, 33.19, 33.00
2018/07/02 20:11:31, 38.81, 39.82, 30.37, 31.18, 33.21, 33.20
2018/07/02 20:11:32, 38.82, 39.80, 30.36, 31.19, 33.20, 33.20
2018/07/02 20:11:33, 38.83, 39.81, 30.36, 31.19, 33.21, 33.30
2018/07/02 20:11:34, 38.84, 39.81, 30.38, 31.20, 33.22, 33.20
2018/07/02 20:11:35, 38.99, 39.81, 30.36, 31.19, 33.23, 33.10
2018/07/02 20:11:36, 38.84, 39.83, 30.39, 31.19, 33.21, 33.40
2018/07/02 20:11:37, 38.82, 39.82, 30.37, 31.20, 33.25, 33.40
2018/07/02 20:11:38, 38.85, 39.79, 30.37, 31.19, 33.24, 33.50
2018/07/02 20:11:39, 38.82, 39.81, 30.37, 31.20, 33.24, 33.50
2018/07/02 20:11:40, 38.83, 39.80, 30.37, 31.21, 33.23, 33.40
2018/07/02 20:11:41, 38.83, 39.80, 30.36, 31.19, 33.23, 33.70
2018/07/02 20:11:42, 38.84, 39.82, 30.36, 31.21, 33.24, 33.50
2018/07/02 20:11:43, 38.82, 39.81, 30.37, 31.21, 33.25, 33.60
2018/07/02 20:11:44, 38.83, 39.82, 30.37, 31.21, 33.26, 33.70
2018/07/02 20:11:45, 38.84, 39.81, 30.37, 31.20, 33.27, 33.80
2018/07/02 20:11:46, 38.82, 39.79, 30.38, 31.21, 33.27, 33.80
2018/07/02 20:11:47, 38.82, 39.80, 30.38, 31.21, 33.28, 33.80
2018/07/02 20:11:48, 38.82, 39.79, 30.38, 31.21, 33.28, 33.80
2018/07/02 20:11:49, 38.84, 39.81, 30.38, 31.21, 33.26, 33.10
2018/07/02 20:11:50, 38.84, 39.79, 30.38, 31.21, 33.27, 33.90
2018/07/02 20:11:51, 38.82, 39.79, 30.38, 31.21, 33.30, 33.10
2018/07/02 20:11:52, 38.84, 39.80, 30.38, 31.21, 33.29, 33.90
2018/07/02 20:11:53, 38.84, 39.79, 30.37, 31.21, 33.29, 33.10
2018/07/02 20:11:54, 38.83, 39.78, 30.38, 31.20, 33.30, 33.11
2018/07/02 20:11:55, 38.86, 39.79, 30.39, 31.23, 33.31, 33.11
2018/07/02 20:11:56, 38.83, 39.77, 30.38, 31.23, 33.31, 33.12
2018/07/02 20:11:57, 38.85, 39.79, 30.37, 31.21, 33.32, 33.13
2018/07/02 20:11:58, 38.83, 39.77, 30.38, 31.23, 33.31, 33.12
2018/07/02 20:11:59, 38.83, 39.75, 30.39, 31.22, 33.31, 33.13
2018/07/02 20:12:00, 38.85, 39.76, 30.38, 31.21, 33.33, 33.15
2018/07/02 20:12:01, 38.85, 39.76, 30.37, 31.21, 33.32, 33.15
2018/07/02 20:12:02, 38.83, 39.75, 30.38, 31.21, 33.34, 33.16
2018/07/02 20:12:03, 38.83, 39.74, 30.39, 31.23, 33.33, 33.15
2018/07/02 20:12:04, 38.84, 39.76, 30.39, 31.21, 33.34, 33.16
2018/07/02 20:12:05, 38.84, 39.75, 30.39, 31.23, 33.33, 33.16
2018/07/02 20:12:06, 38.82, 39.77, 30.37, 31.24, 33.37, 33.16
2018/07/02 20:12:07, 38.82, 39.77, 30.39, 31.23, 33.35, 33.16
2018/07/02 20:12:08, 38.82, 39.78, 30.39, 31.23, 33.35, 33.18
2018/07/02 20:12:09, 38.83, 39.74, 30.39, 31.23, 33.36, 33.16
2018/07/02 20:12:10, 38.84, 39.74, 30.38, 31.23, 33.36, 33.19
2018/07/02 20:12:11, 38.82, 39.74, 30.38, 31.24, 33.36, 33.17
2018/07/02 20:12:12, 38.84, 39.74, 30.38, 31.23, 33.36, 33.17
2018/07/02 20:12:13, 38.83, 39.75, 30.38, 31.24, 33.39, 33.19
2018/07/02 20:12:14, 38.84, 39.74, 30.39, 31.23, 33.38, 33.18
2018/07/02 20:12:15, 38.85, 39.74, 30.39, 31.23, 33.38, 33.20
2018/07/02 20:12:16, 38.84, 39.75, 30.39, 31.24, 33.38, 33.20
2018/07/02 20:12:17, 38.83, 39.73, 30.37, 31.25, 33.40, 33.19
2018/07/02 20:12:18, 38.84, 39.74, 30.40, 31.25, 33.39, 33.19
2018/07/02 20:12:19, 38.84, 39.74, 30.40, 31.25, 33.41, 33.21
2018/07/02 20:12:20, 38.84, 39.76, 30.39, 31.24, 33.41, 33.19
2018/07/02 20:12:21, 38.83, 39.76, 30.40, 31.23, 33.41, 33.21
2018/07/02 20:12:22, 38.83, 39.74, 30.41, 31.23, 33.40, 33.21
2018/07/02 20:12:23, 38.84, 39.76, 30.39, 31.26, 33.42, 33.21
2018/07/02 20:12:24, 38.84, 39.77, 30.39, 31.25, 33.41, 33.21
2018/07/02 20:12:25, 38.84, 39.75, 30.40, 31.25, 33.40, 33.22
2018/07/02 20:12:26, 38.85, 39.77, 30.39, 31.25, 33.42, 33.22
2018/07/02 20:12:27, 38.86, 39.76, 30.40, 31.26, 33.42, 33.23
2018/07/02 20:12:28, 38.84, 39.75, 30.40, 31.25, 33.41, 33.22
2018/07/02 20:12:29, 38.85, 39.75, 30.39, 31.25, 33.42, 33.22
2018/07/02 20:12:30, 38.84, 39.74, 30.39, 31.26, 33.43, 33.23
2018/07/02 20:12:31, 38.83, 39.75, 30.41, 31.26, 33.44, 33.23
2018/07/02 20:12:32, 38.84, 39.74, 30.39, 31.25, 33.44, 33.23
2018/07/02 20:12:33, 38.85, 39.73, 30.40, 31.25, 33.44, 33.24
2018/07/02 20:12:34, 38.83, 39.75, 30.41, 31.27, 33.44, 33.24
2018/07/02 20:12:35, 38.84, 39.75, 30.41, 31.27, 33.44, 33.25
2018/07/02 20:12:36, 38.84, 39.76, 30.41, 31.27, 33.44, 33.23
2018/07/02 20:12:37, 38.84, 39.77, 30.42, 31.28, 33.46, 33.26
2018/07/02 20:12:38, 38.84, 39.75, 30.40, 31.28, 33.45, 33.23
2018/07/02 20:12:39, 38.84, 39.75, 30.42, 31.28, 33.46, 33.24
2018/07/02 20:12:40, 38.86, 39.74, 30.41, 31.27, 33.45, 33.25
2018/07/02 20:12:41, 38.94, 39.76, 30.41, 31.28, 33.46, 33.26
2018/07/02 20:12:42, 38.84, 39.75, 30.42, 31.28, 33.47, 33.26
2018/07/02 20:12:43, 38.82, 39.75, 30.41, 31.28, 33.47, 33.27
2018/07/02 20:12:44, 38.84, 39.74, 30.40, 31.28, 33.47, 33.26
2018/07/02 20:12:45, 38.84, 39.72, 30.40, 31.28, 33.48, 33.26
2018/07/02 20:12:46, 38.84, 39.71, 30.41, 31.26, 33.45, 33.26
2018/07/02 20:12:47, 38.84, 39.70, 30.41, 31.29, 33.49, 33.28
2018/07/02 20:12:48, 38.84, 39.69, 30.43, 31.27, 33.49, 33.28
2018/07/02 20:12:49, 38.85, 39.70, 30.41, 31.29, 33.48, 33.28
2018/07/02 20:12:50, 38.82, 39.70, 30.42, 31.30, 33.49, 33.27
2018/07/02 20:12:51, 38.85, 39.69, 30.40, 31.30, 33.49, 33.29
2018/07/02 20:12:52, 38.84, 39.71, 30.43, 31.29, 33.51, 33.28
2018/07/02 20:12:53, 38.84, 39.72, 30.42, 31.30, 33.50, 33.29
2018/07/02 20:12:54, 38.84, 39.71, 30.43, 31.29, 33.50, 33.30
2018/07/02 20:12:55, 38.85, 39.73, 30.41, 31.31, 33.50, 33.28
2018/07/02 20:12:56, 38.85, 39.74, 30.42, 31.28, 33.51, 33.28
2018/07/02 20:12:57, 38.85, 39.72, 30.41, 31.30, 33.51, 33.28
2018/07/02 20:12:58, 38.87, 39.72, 30.43, 31.30, 33.51, 33.28
2018/07/02 20:12:59, 38.84, 39.69, 30.42, 31.30, 33.53, 33.29
2018/07/02 20:13:00, 38.85, 39.72, 30.42, 31.32, 33.50, 33.31
2018/07/02 20:13:01, 38.83, 39.71, 30.41, 31.30, 33.52, 33.31
2018/07/02 20:13:02, 38.84, 39.73, 30.41, 31.31, 33.53, 33.30
2018/07/02 20:13:03, 38.84, 39.75, 30.42, 31.30, 33.53, 33.31
2018/07/02 20:13:04, 38.82, 39.74, 30.42, 31.30, 33.53, 33.30
2018/07/02 20:13:05, 38.84, 39.73, 30.43, 31.32, 33.52, 33.30
2018/07/02 20:13:06, 38.83, 39.77, 30.44, 31.29, 33.55, 33.32
2018/07/02 20:13:07, 38.83, 39.74, 30.41, 31.32, 33.53, 33.32
2018/07/02 20:13:08, 38.84, 39.77, 30.42, 31.30, 33.55, 33.33
2018/07/02 20:13:09, 38.85, 39.78, 30.42, 31.32, 33.54, 33.31
2018/07/02 20:13:10, 38.85, 39.78, 30.40, 31.30, 33.54, 33.32
2018/07/02 20:13:11, 38.84, 39.77, 30.42, 31.31, 33.57, 33.33
2018/07/02 20:13:12, 38.84, 39.78, 30.42, 31.30, 33.55, 33.32
2018/07/02 20:13:13, 38.83, 39.80, 30.43, 31.30, 33.56, 33.33
2018/07/02 20:13:14, 38.83, 39.76, 30.42, 31.31, 33.55, 33.33
2018/07/02 20:13:15, 38.85, 39.75, 30.41, 31.30, 33.57, 33.33
2018/07/02 20:13:16, 38.85, 39.77, 30.42, 31.30, 33.56, 33.33
2018/07/02 20:13:17, 38.83, 39.76, 30.42, 31.30, 33.55, 33.34
2018/07/02 20:13:18, 38.83, 39.78, 30.42, 31.31, 33.57, 33.33
2018/07/02 20:13:19, 38.85, 39.79, 30.42, 31.32, 33.58, 33.34
2018/07/02 20:13:20, 38.86, 39.79, 30.44, 31.32, 33.57, 33.36
2018/07/02 20:13:21, 38.87, 39.80, 30.43, 31.32, 33.55, 33.35
2018/07/02 20:13:22, 38.83, 39.78, 30.41, 31.31, 33.56, 33.35
2018/07/02 20:13:23, 38.84, 39.76, 30.41, 31.31, 33.58, 33.35
2018/07/02 20:13:24, 38.84, 39.79, 30.42, 31.31, 33.58, 33.36
2018/07/02 20:13:25, 38.84, 39.79, 30.42, 31.32, 33.58, 33.35
2018/07/02 20:13:26, 38.86, 39.77, 30.44, 31.32, 33.58, 33.35
2018/07/02 20:13:27, 38.84, 39.78, 30.41, 31.30, 33.59, 33.37
2018/07/02 20:13:28, 38.84, 39.77, 30.42, 31.31, 33.57, 33.36
2018/07/02 20:13:29, 38.85, 39.79, 30.42, 31.31, 33.59, 33.37
2018/07/02 20:13:30, 38.84, 39.79, 30.43, 31.32, 33.59, 33.36
2018/07/02 20:13:31, 38.84, 39.80, 30.42, 31.31, 33.60, 33.37
2018/07/02 20:13:32, 38.85, 39.80, 30.43, 31.32, 33.60, 33.38
2018/07/02 20:13:33, 38.85, 39.80, 30.41, 31.33, 33.60, 33.38
2018/07/02 20:13:34, 38.83, 39.81, 30.42, 31.31, 33.61, 33.37
2018/07/02 20:13:35, 38.85, 39.80, 30.43, 31.32, 33.61, 33.37
2018/07/02 20:13:36, 38.84, 39.80, 30.42, 31.31, 33.61, 33.37
2018/07/02 20:13:37, 38.84, 39.77, 30.42, 31.32, 33.60, 33.37
2018/07/02 20:13:38, 38.86, 39.76, 30.43, 31.31, 33.60, 33.38
2018/07/02 20:13:39, 38.87, 39.78, 30.43, 31.33, 33.60, 33.39
2018/07/02 20:13:40, 38.86, 39.78, 30.42, 31.33, 33.61, 33.38
2018/07/02 20:13:41, 38.85, 39.76, 30.43, 31.34, 33.62, 33.39
2018/07/02 20:13:42, 38.84, 39.74, 30.42, 31.32, 33.61, 33.39
2018/07/02 20:13:43, 38.87, 39.78, 30.41, 31.33, 33.63, 33.40
2018/07/02 20:13:44, 38.84, 39.79, 30.43, 31.32, 33.60, 33.38
2018/07/02 20:13:45, 38.86, 39.76, 30.41, 31.32, 33.62, 33.39
2018/07/02 20:13:46, 38.86, 39.76, 30.42, 31.33, 33.61, 33.39
2018/07/02 20:13:47, 38.84, 39.77, 30.43, 31.32, 33.61, 33.39
2018/07/02 20:13:48, 38.84, 39.76, 30.41, 31.32, 33.64, 33.41
2018/07/02 20:13:49, 38.86, 39.76, 30.41, 31.33, 33.63, 33.39
2018/07/02 20:13:50, 38.86, 39.74, 30.41, 31.33, 33.62, 33.41
2018/07/02 20:13:51, 38.87, 39.75, 30.41, 31.33, 33.63, 33.39
2018/07/02 20:13:52, 38.83, 39.76, 30.43, 31.33, 33.64, 33.40
2018/07/02 20:13:53, 38.86, 39.77, 30.42, 31.33, 33.65, 33.39
2018/07/02 20:13:54, 38.84, 39.74, 30.43, 31.32, 33.64, 33.39
2018/07/02 20:13:55, 38.86, 39.76, 30.43, 31.31, 33.63, 33.40
2018/07/02 20:13:56, 38.86, 39.75, 30.42, 31.31, 33.65, 33.41
2018/07/02 20:13:57, 38.86, 39.75, 30.43, 31.32, 33.65, 33.41
2018/07/02 20:13:58, 38.86, 39.73, 30.41, 31.33, 33.64, 33.41
2018/07/02 20:13:59, 38.85, 39.73, 30.42, 31.33, 33.64, 33.41
2018/07/02 20:14:00, 38.86, 39.74, 30.43, 31.33, 33.64, 33.42
2018/07/02 20:14:01, 38.84, 39.72, 30.44, 31.34, 33.65, 33.42
2018/07/02 20:14:02, 38.87, 39.74, 30.43, 31.35, 33.64, 33.42
2018/07/02 20:14:03, 38.86, 39.73, 30.42, 31.33, 33.66, 33.40
2018/07/02 20:14:04, 38.86, 39.73, 30.42, 31.33, 33.67, 33.41
2018/07/02 20:14:05, 38.86, 39.73, 30.42, 31.35, 33.66, 33.42
2018/07/02 20:14:06, 38.87, 39.75, 30.42, 31.34, 33.66, 33.41
2018/07/02 20:14:07, 38.87, 39.73, 30.42, 31.33, 33.67, 33.42
2018/07/02 20:14:08, 38.86, 39.74, 30.42, 31.33, 33.69, 33.43
2018/07/02 20:14:09, 38.86, 39.76, 30.42, 31.33, 33.67, 33.42
2018/07/02 20:14:10, 38.86, 39.75, 30.43, 31.32, 33.67, 33.41
2018/07/02 20:14:11, 38.86, 39.75, 30.43, 31.35, 33.66, 33.42
2018/07/02 20:14:12, 38.86, 39.75, 30.43, 31.34, 33.66, 33.42
2018/07/02 20:14:13, 38.84, 39.74, 30.43, 31.35, 33.68, 33.42
2018/07/02 20:14:14, 38.85, 39.73, 30.43, 31.35, 33.68, 33.43
2018/07/02 20:14:15, 38.87, 39.74, 30.42, 31.34, 33.69, 33.42
2018/07/02 20:14:16, 38.85, 39.74, 30.44, 31.34, 33.69, 33.42
2018/07/02 20:14:17, 38.85, 39.74, 30.41, 31.34, 33.69, 33.43
2018/07/02 20:14:18, 38.86, 39.75, 30.43, 31.34, 33.69, 33.43
2018/07/02 20:14:19, 38.87, 39.74, 30.44, 31.34, 33.69, 33.42
2018/07/02 20:14:20, 38.85, 39.74, 30.43, 31.33, 33.68, 33.42
2018/07/02 20:14:21, 38.87, 39.74, 30.42, 31.33, 33.69, 33.43
2018/07/02 20:14:22, 38.86, 39.73, 30.44, 31.34, 33.69, 33.41
2018/07/02 20:14:23, 38.88, 39.74, 30.41, 31.34, 33.69, 33.43
2018/07/02 20:14:24, 38.88, 39.74, 30.42, 31.33, 33.69, 33.41
2018/07/02 20:14:25, 38.84, 39.73, 30.42, 31.34, 33.70, 33.42
2018/07/02 20:14:26, 38.85, 39.73, 30.43, 31.35, 33.71, 33.43
2018/07/02 20:14:27, 38.87, 39.71, 30.42, 31.35, 33.69, 33.43
2018/07/02 20:14:28, 38.88, 39.70, 30.43, 31.35, 33.69, 33.43
2018/07/02 20:14:29, 38.84, 39.69, 30.42, 31.34, 33.70, 33.42
2018/07/02 20:14:30, 38.86, 39.70, 30.43, 31.35, 33.70, 33.42
2018/07/02 20:14:31, 38.88, 39.70, 30.44, 31.35, 33.70, 33.43
2018/07/02 20:14:32, 38.86, 39.73, 30.44, 31.32, 33.70, 33.42
2018/07/02 20:14:33, 38.86, 39.71, 30.44, 31.35, 33.71, 33.42
2018/07/02 20:14:34, 38.85, 39.71, 30.42, 31.35, 33.73, 33.44
2018/07/02 20:14:35, 38.86, 39.71, 30.44, 31.33, 33.72, 33.45
2018/07/02 20:14:36, 38.86, 39.71, 30.43, 31.34, 33.71, 33.42
2018/07/02 20:14:37, 38.85, 39.70, 30.44, 31.34, 33.72, 33.43
2018/07/02 20:14:38, 38.87, 39.68, 30.43, 31.34, 33.71, 33.44
2018/07/02 20:14:39, 38.85, 39.70, 30.44, 31.35, 33.71, 33.45
2018/07/02 20:14:40, 38.87, 39.70, 30.43, 31.34, 33.73, 33.44
2018/07/02 20:14:41, 38.87, 39.70, 30.44, 31.35, 33.71, 33.44
2018/07/02 20:14:42, 38.86, 39.71, 30.44, 31.34, 33.72, 33.43
2018/07/02 20:14:43, 38.85, 39.71, 30.44, 31.35, 33.71, 33.42
2018/07/02 20:14:44, 38.86, 39.70, 30.44, 31.34, 33.72, 33.43
2018/07/02 20:14:45, 38.87, 39.69, 30.43, 31.35, 33.73, 33.42
2018/07/02 20:14:46, 38.85, 39.72, 30.45, 31.35, 33.72, 33.44
2018/07/02 20:14:47, 38.86, 39.71, 30.45, 31.36, 33.72, 33.44
2018/07/02 20:14:48, 38.86, 39.71, 30.43, 31.35, 33.74, 33.42
2018/07/02 20:14:49, 38.86, 39.69, 30.43, 31.35, 33.73, 33.44
2018/07/02 20:14:50, 38.85, 39.68, 30.44, 31.36, 33.75, 33.43
2018/07/02 20:14:51, 38.86, 39.68, 30.44, 31.37, 33.73, 33.45
2018/07/02 20:14:52, 38.87, 39.70, 30.44, 31.35, 33.74, 33.44
2018/07/02 20:14:53, 38.86, 39.70, 30.44, 31.35, 33.73, 33.42
2018/07/02 20:14:54, 38.87, 39.69, 30.43, 31.34, 33.74, 33.44
2018/07/02 20:14:55, 38.89, 39.69, 30.43, 31.33, 33.74, 33.44
2018/07/02 20:14:56, 38.86, 39.69, 30.44, 31.34, 33.75, 33.46
2018/07/02 20:14:57, 38.88, 39.70, 30.42, 31.33, 33.76, 33.44
2018/07/02 20:14:58, 38.86, 39.68, 30.42, 31.34, 33.74, 33.43
2018/07/02 20:14:59, 38.85, 39.68, 30.42, 31.33, 33.75, 33.42
2018/07/02 20:15:00, 38.86, 39.66, 30.43, 31.32, 33.74, 33.44
2018/07/02 20:15:01, 38.87, 39.68, 30.41, 31.32, 33.73, 33.44
2018/07/02 20:15:02, 38.87, 39.68, 30.43, 31.32, 33.73, 33.44
2018/07/02 20:15:03, 38.87, 39.68, 30.41, 31.31, 33.76, 33.42
2018/07/02 20:15:04, 38.87, 39.68, 30.41, 31.31, 33.73, 33.44
2018/07/02 20:15:05, 38.85, 39.69, 30.42, 31.31, 33.75, 33.44
2018/07/02 20:15:06, 38.84, 39.68, 30.43, 31.32, 33.75, 33.44
2018/07/02 20:15:07, 38.88, 39.67, 30.41, 31.31, 33.76, 33.45
2018/07/02 20:15:08, 38.87, 39.66, 30.43, 31.30, 33.75, 33.43
2018/07/02 20:15:09, 38.87, 39.66, 30.43, 31.31, 33.76, 33.42
2018/07/02 20:15:10, 38.88, 39.66, 30.41, 31.30, 33.75, 33.43
2018/07/02 20:15:11, 38.86, 39.67, 30.43, 31.30, 33.75, 33.44
2018/07/02 20:15:12, 38.88, 39.67, 30.42, 31.30, 33.77, 33.45
2018/07/02 20:15:13, 38.87, 39.67, 30.44, 31.28, 33.76, 33.45
2018/07/02 20:15:14, 38.86, 39.65, 30.43, 31.27, 33.77, 33.44
2018/07/02 20:15:15, 38.88, 39.66, 30.43, 31.29, 33.75, 33.43
2018/07/02 20:15:16, 38.86, 39.65, 30.43, 31.28, 33.76, 33.43
2018/07/02 20:15:17, 38.86, 39.64, 30.42, 31.27, 33.76, 33.44
2018/07/02 20:15:18, 38.88, 39.64, 30.42, 31.28, 33.76, 33.44
2018/07/02 20:15:19, 38.85, 39.66, 30.43, 31.28, 33.78, 33.44
2018/07/02 20:15:20, 38.85, 39.67, 30.43, 31.28, 33.77, 33.44
2018/07/02 20:15:21, 38.87, 39.65, 30.44, 31.26, 33.77, 33.46
2018/07/02 20:15:22, 38.88, 39.66, 30.44, 31.26, 33.76, 33.45
2018/07/02 20:15:23, 38.86, 39.66, 30.44, 31.27, 33.76, 33.44
2018/07/02 20:15:24, 38.87, 39.66, 30.42, 31.26, 33.78, 33.46
2018/07/02 20:15:25, 38.87, 39.66, 30.43, 31.26, 33.76, 33.44
2018/07/02 20:15:26, 38.85, 39.66, 30.44, 31.26, 33.78, 33.47
2018/07/02 20:15:27, 38.84, 39.66, 30.44, 31.27, 33.78, 33.45
2018/07/02 20:15:28, 38.86, 39.66, 30.43, 31.25, 33.78, 33.47
2018/07/02 20:15:29, 38.87, 39.66, 30.43, 31.25, 33.78, 33.47
2018/07/02 20:15:30, 38.84, 39.67, 30.44, 31.26, 33.78, 33.44
2018/07/02 20:15:31, 38.88, 39.66, 30.42, 31.26, 33.78, 33.46
2018/07/02 20:15:32, 38.87, 39.66, 30.44, 31.26, 33.76, 33.44
2018/07/02 20:15:33, 38.85, 39.66, 30.45, 31.26, 33.78, 33.44
2018/07/02 20:15:34, 38.89, 39.66, 30.44, 31.25, 33.79, 33.46
2018/07/02 20:15:35, 38.85, 39.66, 30.44, 31.24, 33.79, 33.47
2018/07/02 20:15:36, 38.87, 39.67, 30.46, 31.25, 33.80, 33.47
2018/07/02 20:15:37, 38.88, 39.66, 30.46, 31.26, 33.79, 33.48
2018/07/02 20:15:38, 38.88, 39.67, 30.45, 31.26, 33.80, 33.47
2018/07/02 20:15:39, 38.88, 39.66, 30.46, 31.25, 33.80, 33.46
2018/07/02 20:15:40, 38.88, 39.66, 30.45, 31.26, 33.79, 33.46
2018/07/02 20:15:41, 38.87, 39.67, 30.46, 31.26, 33.80, 33.46
2018/07/02 20:15:42, 38.89, 39.65, 30.45, 31.28, 33.79, 33.47
2018/07/02 20:15:43, 38.89, 39.67, 30.46, 31.26, 33.79, 33.46
2018/07/02 20:15:44, 38.87, 39.67, 30.46, 31.27, 33.79, 33.47
2018/07/02 20:15:45, 38.90, 39.67, 30.47, 31.28, 33.80, 33.48
2018/07/02 20:15:46, 38.88, 39.67, 30.46, 31.27, 33.78, 33.46
2018/07/02 20:15:47, 38.88, 39.65, 30.48, 31.26, 33.79, 33.45
2018/07/02 20:15:48, 38.88, 39.66, 30.47, 31.26, 33.80, 33.48
2018/07/02 20:15:49, 38.89, 39.66, 30.46, 31.28, 33.81, 33.48
2018/07/02 20:15:50, 38.86, 39.64, 30.46, 31.28, 33.82, 33.46
2018/07/02 20:15:51, 38.87, 39.65, 30.47, 31.27, 33.80, 33.48
2018/07/02 20:15:52, 38.90, 39.65, 30.47, 31.27, 33.79, 33.47
2018/07/02 20:15:53, 38.87, 39.67, 30.48, 31.26, 33.81, 33.48
2018/07/02 20:15:54, 38.88, 39.67, 30.48, 31.28, 33.82, 33.47
2018/07/02 20:15:55, 38.89, 39.67, 30.48, 31.30, 33.80, 33.48
2018/07/02 20:15:56, 38.90, 39.67, 30.48, 31.29, 33.81, 33.47
2018/07/02 20:15:57, 38.91, 39.67, 30.48, 31.29, 33.80, 33.48
2018/07/02 20:15:58, 38.88, 39.67, 30.49, 31.30, 33.82, 33.47
2018/07/02 20:15:59, 38.91, 39.66, 30.48, 31.28, 33.83, 33.47
2018/07/02 20:16:00, 38.89, 39.65, 30.46, 31.30, 33.82, 33.49
2018/07/02 20:16:01, 38.90, 39.67, 30.49, 31.29, 33.82, 33.48
2018/07/02 20:16:02, 38.90, 39.68, 30.47, 31.29, 33.80, 33.47
2018/07/02 20:16:03, 38.91, 39.67, 30.48, 31.30, 33.82, 33.48
2018/07/02 20:16:04, 38.90, 39.66, 30.50, 31.29, 33.83, 33.48
2018/07/02 20:16:05, 38.90, 39.68, 30.49, 31.30, 33.83, 33.49
2018/07/02 20:16:06, 38.87, 39.66, 30.50, 31.29, 33.82, 33.48
2018/07/02 20:16:07, 38.87, 39.67, 30.49, 31.30, 33.83, 33.48
2018/07/02 20:16:08, 38.89, 39.67, 30.50, 31.31, 33.82, 33.47
2018/07/02 20:16:09, 38.87, 39.67, 30.50, 31.30, 33.83, 33.47
2018/07/02 20:16:10, 38.87, 39.68, 30.49, 31.31, 33.82, 33.47
2018/07/02 20:16:11, 38.89, 39.66, 30.50, 31.32, 33.83, 33.48
2018/07/02 20:16:12, 38.88, 39.67, 30.50, 31.32, 33.82, 33.47
2018/07/02 20:16:13, 38.89, 39.69, 30.49, 31.31, 33.84, 33.49
2018/07/02 20:16:14, 38.89, 39.67, 30.49, 31.32, 33.83, 33.48
2018/07/02 20:16:15, 38.89, 39.67, 30.50, 31.32, 33.83, 33.47
2018/07/02 20:16:16, 38.90, 39.66, 30.50, 31.32, 33.84, 33.47
2018/07/02 20:16:17, 38.87, 39.66, 30.50, 31.32, 33.83, 33.48
2018/07/02 20:16:18, 38.85, 39.64, 30.49, 31.32, 33.83, 33.47
2018/07/02 20:16:19, 38.89, 39.65, 30.50, 31.32, 33.83, 33.47
2018/07/02 20:16:20, 38.90, 39.65, 30.51, 31.32, 33.85, 33.48
2018/07/02 20:16:21, 38.90, 39.66, 30.50, 31.31, 33.82, 33.49
